mode: atomic
github.com/gofiber/fiber/v3/internal/loggertest/loggertest.go:21.68,28.20 5 0
github.com/gofiber/fiber/v3/internal/loggertest/loggertest.go:28.20,31.3 2 0
github.com/gofiber/fiber/v3/internal/loggertest/loggertest.go:33.2,33.13 1 0
github.com/gofiber/fiber/v3/internal/contextvalue/contextvalue.go:23.43,26.29 1 0
github.com/gofiber/fiber/v3/internal/contextvalue/contextvalue.go:27.28,29.17 2 0
github.com/gofiber/fiber/v3/internal/contextvalue/contextvalue.go:30.23,32.17 2 0
github.com/gofiber/fiber/v3/internal/contextvalue/contextvalue.go:33.20,35.17 2 0
github.com/gofiber/fiber/v3/internal/contextvalue/contextvalue.go:36.25,38.17 2 0
github.com/gofiber/fiber/v3/internal/contextvalue/contextvalue.go:39.24,41.17 2 0
github.com/gofiber/fiber/v3/internal/contextvalue/contextvalue.go:42.10,44.21 2 0
github.com/gofiber/fiber/v3/addon/retry/config.go:47.45,48.22 1 9
github.com/gofiber/fiber/v3/addon/retry/config.go:48.22,50.3 1 3
github.com/gofiber/fiber/v3/addon/retry/config.go:51.2,52.30 2 6
github.com/gofiber/fiber/v3/addon/retry/config.go:52.30,54.3 1 2
github.com/gofiber/fiber/v3/addon/retry/config.go:55.2,55.29 1 6
github.com/gofiber/fiber/v3/addon/retry/config.go:55.29,57.3 1 5
github.com/gofiber/fiber/v3/addon/retry/config.go:58.2,58.25 1 6
github.com/gofiber/fiber/v3/addon/retry/config.go:58.25,60.3 1 5
github.com/gofiber/fiber/v3/addon/retry/config.go:61.2,61.28 1 6
github.com/gofiber/fiber/v3/addon/retry/config.go:61.28,63.3 1 5
github.com/gofiber/fiber/v3/addon/retry/config.go:64.2,64.30 1 6
github.com/gofiber/fiber/v3/addon/retry/config.go:64.30,66.3 1 3
github.com/gofiber/fiber/v3/addon/retry/config.go:67.2,67.12 1 6
github.com/gofiber/fiber/v3/addon/retry/exponential_backoff.go:29.66,38.2 2 3
github.com/gofiber/fiber/v3/addon/retry/exponential_backoff.go:43.58,44.28 1 4
github.com/gofiber/fiber/v3/addon/retry/exponential_backoff.go:44.28,46.3 1 3
github.com/gofiber/fiber/v3/addon/retry/exponential_backoff.go:47.2,48.39 2 4
github.com/gofiber/fiber/v3/addon/retry/exponential_backoff.go:48.39,50.17 2 8
github.com/gofiber/fiber/v3/addon/retry/exponential_backoff.go:50.17,52.4 1 2
github.com/gofiber/fiber/v3/addon/retry/exponential_backoff.go:53.3,53.28 1 6
github.com/gofiber/fiber/v3/addon/retry/exponential_backoff.go:53.28,56.4 2 4
github.com/gofiber/fiber/v3/addon/retry/exponential_backoff.go:58.2,58.12 1 2
github.com/gofiber/fiber/v3/addon/retry/exponential_backoff.go:62.51,65.16 2 23
github.com/gofiber/fiber/v3/addon/retry/exponential_backoff.go:65.16,67.3 1 1
github.com/gofiber/fiber/v3/addon/retry/exponential_backoff.go:68.2,70.27 3 22
github.com/gofiber/fiber/v3/addon/retry/exponential_backoff.go:70.27,73.3 2 13
github.com/gofiber/fiber/v3/addon/retry/exponential_backoff.go:74.2,74.10 1 9
github.com/gofiber/fiber/v3/internal/logtemplate/errors.go:26.42,28.18 2 2
github.com/gofiber/fiber/v3/internal/logtemplate/errors.go:28.18,30.3 1 1
github.com/gofiber/fiber/v3/internal/logtemplate/errors.go:31.2,31.12 1 2
github.com/gofiber/fiber/v3/internal/logtemplate/errors.go:34.40,36.2 1 3
github.com/gofiber/fiber/v3/internal/logtemplate/template.go:45.98,55.6 8 7
github.com/gofiber/fiber/v3/internal/logtemplate/template.go:55.6,57.13 2 11
github.com/gofiber/fiber/v3/internal/logtemplate/template.go:57.13,58.9 1 3
github.com/gofiber/fiber/v3/internal/logtemplate/template.go:61.3,66.13 5 8
github.com/gofiber/fiber/v3/internal/logtemplate/template.go:66.13,69.9 3 1
github.com/gofiber/fiber/v3/internal/logtemplate/template.go:72.3,73.17 2 7
github.com/gofiber/fiber/v3/internal/logtemplate/template.go:73.17,75.11 2 2
github.com/gofiber/fiber/v3/internal/logtemplate/template.go:75.11,77.5 1 1
github.com/gofiber/fiber/v3/internal/logtemplate/template.go:78.4,79.66 2 1
github.com/gofiber/fiber/v3/internal/logtemplate/template.go:80.9,80.56 1 5
github.com/gofiber/fiber/v3/internal/logtemplate/template.go:80.56,83.4 2 3
github.com/gofiber/fiber/v3/internal/logtemplate/template.go:83.9,87.86 2 2
github.com/gofiber/fiber/v3/internal/logtemplate/template.go:87.86,89.5 1 1
github.com/gofiber/fiber/v3/internal/logtemplate/template.go:90.4,90.22 1 2
github.com/gofiber/fiber/v3/internal/logtemplate/template.go:93.3,93.20 1 4
github.com/gofiber/fiber/v3/internal/logtemplate/template.go:96.2,102.8 3 4
github.com/gofiber/fiber/v3/internal/logtemplate/template.go:106.60,107.14 1 1
github.com/gofiber/fiber/v3/internal/logtemplate/template.go:107.14,109.3 1 1
github.com/gofiber/fiber/v3/internal/logtemplate/template.go:110.2,110.34 1 0
github.com/gofiber/fiber/v3/internal/logtemplate/template.go:114.71,115.14 1 5
github.com/gofiber/fiber/v3/internal/logtemplate/template.go:115.14,117.3 1 1
github.com/gofiber/fiber/v3/internal/logtemplate/template.go:118.2,118.68 1 4
github.com/gofiber/fiber/v3/internal/logtemplate/template.go:122.112,123.39 1 5
github.com/gofiber/fiber/v3/internal/logtemplate/template.go:123.39,125.3 1 1
github.com/gofiber/fiber/v3/internal/logtemplate/template.go:127.2,127.31 1 4
github.com/gofiber/fiber/v3/internal/logtemplate/template.go:127.31,128.10 1 13
github.com/gofiber/fiber/v3/internal/logtemplate/template.go:129.18,130.57 1 9
github.com/gofiber/fiber/v3/internal/logtemplate/template.go:130.57,132.5 1 0
github.com/gofiber/fiber/v3/internal/logtemplate/template.go:133.29,134.55 1 3
github.com/gofiber/fiber/v3/internal/logtemplate/template.go:134.55,136.5 1 1
github.com/gofiber/fiber/v3/internal/logtemplate/template.go:137.11,138.86 1 1
github.com/gofiber/fiber/v3/internal/logtemplate/template.go:138.86,140.5 1 0
github.com/gofiber/fiber/v3/internal/logtemplate/template.go:144.2,144.12 1 3
github.com/gofiber/fiber/v3/internal/tlstest/tls.go:22.76,44.16 3 0
github.com/gofiber/fiber/v3/internal/tlstest/tls.go:44.16,46.3 1 0
github.com/gofiber/fiber/v3/internal/tlstest/tls.go:49.2,50.16 2 0
github.com/gofiber/fiber/v3/internal/tlstest/tls.go:50.16,52.3 1 0
github.com/gofiber/fiber/v3/internal/tlstest/tls.go:55.2,59.17 2 0
github.com/gofiber/fiber/v3/internal/tlstest/tls.go:59.17,61.3 1 0
github.com/gofiber/fiber/v3/internal/tlstest/tls.go:63.2,67.17 2 0
github.com/gofiber/fiber/v3/internal/tlstest/tls.go:67.17,69.3 1 0
github.com/gofiber/fiber/v3/internal/tlstest/tls.go:72.2,91.16 3 0
github.com/gofiber/fiber/v3/internal/tlstest/tls.go:91.16,93.3 1 0
github.com/gofiber/fiber/v3/internal/tlstest/tls.go:95.2,96.16 2 0
github.com/gofiber/fiber/v3/internal/tlstest/tls.go:96.16,98.3 1 0
github.com/gofiber/fiber/v3/internal/tlstest/tls.go:100.2,104.17 2 0
github.com/gofiber/fiber/v3/internal/tlstest/tls.go:104.17,106.3 1 0
github.com/gofiber/fiber/v3/internal/tlstest/tls.go:108.2,112.17 2 0
github.com/gofiber/fiber/v3/internal/tlstest/tls.go:112.17,114.3 1 0
github.com/gofiber/fiber/v3/internal/tlstest/tls.go:116.2,117.16 2 0
github.com/gofiber/fiber/v3/internal/tlstest/tls.go:117.16,119.3 1 0
github.com/gofiber/fiber/v3/internal/tlstest/tls.go:121.2,127.59 3 0
github.com/gofiber/fiber/v3/internal/tlstest/tls.go:127.59,129.3 1 0
github.com/gofiber/fiber/v3/internal/tlstest/tls.go:130.2,135.42 2 0
github.com/gofiber/fiber/v3/binder/binder.go:29.18,31.3 1 1
github.com/gofiber/fiber/v3/binder/binder.go:35.18,37.3 1 1
github.com/gofiber/fiber/v3/binder/binder.go:41.18,43.3 1 1
github.com/gofiber/fiber/v3/binder/binder.go:47.18,49.3 1 1
github.com/gofiber/fiber/v3/binder/binder.go:53.18,55.3 1 1
github.com/gofiber/fiber/v3/binder/binder.go:59.18,61.3 1 1
github.com/gofiber/fiber/v3/binder/binder.go:65.18,67.3 1 1
github.com/gofiber/fiber/v3/binder/binder.go:71.18,73.3 1 1
github.com/gofiber/fiber/v3/binder/binder.go:77.18,79.3 1 1
github.com/gofiber/fiber/v3/binder/binder.go:83.18,85.3 1 1
github.com/gofiber/fiber/v3/binder/binder.go:90.47,92.9 2 10
github.com/gofiber/fiber/v3/binder/binder.go:92.9,93.30 1 1
github.com/gofiber/fiber/v3/binder/binder.go:96.2,96.15 1 9
github.com/gofiber/fiber/v3/binder/binder.go:100.53,102.2 1 1
github.com/gofiber/fiber/v3/binder/cbor.go:15.35,17.2 1 1
github.com/gofiber/fiber/v3/binder/cbor.go:20.56,22.2 1 1
github.com/gofiber/fiber/v3/binder/cbor.go:25.31,27.2 1 1
github.com/gofiber/fiber/v3/binder/cbor.go:35.54,37.2 1 1
github.com/gofiber/fiber/v3/binder/cbor.go:41.56,43.2 1 1
github.com/gofiber/fiber/v3/binder/cookie.go:14.37,16.2 1 7
github.com/gofiber/fiber/v3/binder/cookie.go:19.68,23.45 3 2
github.com/gofiber/fiber/v3/binder/cookie.go:23.45,26.93 3 4
github.com/gofiber/fiber/v3/binder/cookie.go:26.93,28.4 1 0
github.com/gofiber/fiber/v3/binder/cookie.go:31.2,31.35 1 2
github.com/gofiber/fiber/v3/binder/cookie.go:35.33,37.2 1 1
github.com/gofiber/fiber/v3/binder/form.go:15.19,17.4 1 16
github.com/gofiber/fiber/v3/binder/form.go:20.19,22.4 1 2
github.com/gofiber/fiber/v3/binder/form.go:37.35,39.2 1 53
github.com/gofiber/fiber/v3/binder/form.go:42.66,44.84 1 19
github.com/gofiber/fiber/v3/binder/form.go:44.84,46.3 1 7
github.com/gofiber/fiber/v3/binder/form.go:48.2,51.45 3 12
github.com/gofiber/fiber/v3/binder/form.go:51.45,54.92 3 23
github.com/gofiber/fiber/v3/binder/form.go:54.92,56.4 1 1
github.com/gofiber/fiber/v3/binder/form.go:59.2,59.35 1 11
github.com/gofiber/fiber/v3/binder/form.go:63.75,65.16 2 7
github.com/gofiber/fiber/v3/binder/form.go:65.16,67.3 1 2
github.com/gofiber/fiber/v3/binder/form.go:69.2,72.47 3 5
github.com/gofiber/fiber/v3/binder/form.go:72.47,74.17 2 10
github.com/gofiber/fiber/v3/binder/form.go:74.17,76.4 1 1
github.com/gofiber/fiber/v3/binder/form.go:79.2,82.46 3 4
github.com/gofiber/fiber/v3/binder/form.go:82.46,84.17 2 4
github.com/gofiber/fiber/v3/binder/form.go:84.17,86.4 1 1
github.com/gofiber/fiber/v3/binder/form.go:89.2,89.42 1 3
github.com/gofiber/fiber/v3/binder/form.go:93.31,96.2 2 1
github.com/gofiber/fiber/v3/binder/form.go:98.43,100.9 2 36
github.com/gofiber/fiber/v3/binder/form.go:100.9,102.3 1 0
github.com/gofiber/fiber/v3/binder/form.go:103.2,103.10 1 36
github.com/gofiber/fiber/v3/binder/form.go:106.44,107.37 1 37
github.com/gofiber/fiber/v3/binder/form.go:107.37,109.3 1 1
github.com/gofiber/fiber/v3/binder/form.go:111.2,112.20 2 36
github.com/gofiber/fiber/v3/binder/form.go:115.64,117.9 2 4
github.com/gofiber/fiber/v3/binder/form.go:117.9,119.3 1 0
github.com/gofiber/fiber/v3/binder/form.go:120.2,120.10 1 4
github.com/gofiber/fiber/v3/binder/form.go:123.65,126.2 2 4
github.com/gofiber/fiber/v3/binder/form.go:128.42,130.2 1 36
github.com/gofiber/fiber/v3/binder/form.go:132.63,134.2 1 4
github.com/gofiber/fiber/v3/binder/header.go:14.37,16.2 1 8
github.com/gofiber/fiber/v3/binder/header.go:19.68,23.41 3 2
github.com/gofiber/fiber/v3/binder/header.go:23.41,26.93 3 5
github.com/gofiber/fiber/v3/binder/header.go:26.93,28.4 1 0
github.com/gofiber/fiber/v3/binder/header.go:31.2,31.35 1 2
github.com/gofiber/fiber/v3/binder/header.go:35.33,37.2 1 1
github.com/gofiber/fiber/v3/binder/json.go:13.35,15.2 1 1
github.com/gofiber/fiber/v3/binder/json.go:18.56,20.2 1 5
github.com/gofiber/fiber/v3/binder/json.go:23.31,25.2 1 1
github.com/gofiber/fiber/v3/binder/mapping.go:40.44,43.17 3 70
github.com/gofiber/fiber/v3/binder/mapping.go:43.17,45.69 2 0
github.com/gofiber/fiber/v3/binder/mapping.go:47.2,49.13 2 70
github.com/gofiber/fiber/v3/binder/mapping.go:53.50,57.27 3 31
github.com/gofiber/fiber/v3/binder/mapping.go:57.27,58.52 1 186
github.com/gofiber/fiber/v3/binder/mapping.go:58.52,60.4 1 45
github.com/gofiber/fiber/v3/binder/mapping.go:64.52,67.36 3 46
github.com/gofiber/fiber/v3/binder/mapping.go:67.36,69.3 1 1
github.com/gofiber/fiber/v3/binder/mapping.go:70.2,70.44 1 46
github.com/gofiber/fiber/v3/binder/mapping.go:70.44,72.3 1 2
github.com/gofiber/fiber/v3/binder/mapping.go:73.2,74.16 2 46
github.com/gofiber/fiber/v3/binder/mapping.go:77.13,81.27 3 1
github.com/gofiber/fiber/v3/binder/mapping.go:81.27,82.52 1 6
github.com/gofiber/fiber/v3/binder/mapping.go:82.52,87.4 1 0
github.com/gofiber/fiber/v3/binder/mapping.go:92.115,96.38 2 35
github.com/gofiber/fiber/v3/binder/mapping.go:96.38,98.3 1 35
github.com/gofiber/fiber/v3/binder/mapping.go:101.2,101.82 1 35
github.com/gofiber/fiber/v3/binder/mapping.go:101.82,103.3 1 4
github.com/gofiber/fiber/v3/binder/mapping.go:106.2,106.53 1 31
github.com/gofiber/fiber/v3/binder/mapping.go:110.123,119.66 5 58
github.com/gofiber/fiber/v3/binder/mapping.go:119.66,121.3 1 6
github.com/gofiber/fiber/v3/binder/mapping.go:123.2,123.12 1 52
github.com/gofiber/fiber/v3/binder/mapping.go:128.71,129.23 1 16
github.com/gofiber/fiber/v3/binder/mapping.go:129.23,131.3 1 0
github.com/gofiber/fiber/v3/binder/mapping.go:133.2,133.59 1 16
github.com/gofiber/fiber/v3/binder/mapping.go:133.59,135.3 1 0
github.com/gofiber/fiber/v3/binder/mapping.go:137.2,137.82 1 16
github.com/gofiber/fiber/v3/binder/mapping.go:137.82,139.3 1 0
github.com/gofiber/fiber/v3/binder/mapping.go:141.2,141.20 1 16
github.com/gofiber/fiber/v3/binder/mapping.go:141.20,142.23 1 6
github.com/gofiber/fiber/v3/binder/mapping.go:142.23,144.4 1 1
github.com/gofiber/fiber/v3/binder/mapping.go:145.3,145.45 1 5
github.com/gofiber/fiber/v3/binder/mapping.go:148.2,148.37 1 15
github.com/gofiber/fiber/v3/binder/mapping.go:149.21,151.10 2 5
github.com/gofiber/fiber/v3/binder/mapping.go:151.10,153.4 1 1
github.com/gofiber/fiber/v3/binder/mapping.go:155.3,155.26 1 4
github.com/gofiber/fiber/v3/binder/mapping.go:156.22,158.10 2 7
github.com/gofiber/fiber/v3/binder/mapping.go:158.10,160.4 1 0
github.com/gofiber/fiber/v3/binder/mapping.go:162.3,162.26 1 7
github.com/gofiber/fiber/v3/binder/mapping.go:162.26,163.19 1 12
github.com/gofiber/fiber/v3/binder/mapping.go:163.19,165.13 2 2
github.com/gofiber/fiber/v3/binder/mapping.go:167.4,167.27 1 10
github.com/gofiber/fiber/v3/binder/mapping.go:169.10,174.13 1 3
github.com/gofiber/fiber/v3/binder/mapping.go:177.2,177.12 1 11
github.com/gofiber/fiber/v3/binder/mapping.go:180.57,187.27 5 26
github.com/gofiber/fiber/v3/binder/mapping.go:187.27,188.15 1 278
github.com/gofiber/fiber/v3/binder/mapping.go:188.15,190.47 2 36
github.com/gofiber/fiber/v3/binder/mapping.go:190.47,191.45 1 29
github.com/gofiber/fiber/v3/binder/mapping.go:191.45,193.6 1 0
github.com/gofiber/fiber/v3/binder/mapping.go:195.4,195.12 1 36
github.com/gofiber/fiber/v3/binder/mapping.go:198.3,198.15 1 242
github.com/gofiber/fiber/v3/binder/mapping.go:198.15,200.29 2 29
github.com/gofiber/fiber/v3/binder/mapping.go:200.29,202.5 1 1
github.com/gofiber/fiber/v3/binder/mapping.go:203.4,203.12 1 28
github.com/gofiber/fiber/v3/binder/mapping.go:206.3,206.41 1 213
github.com/gofiber/fiber/v3/binder/mapping.go:206.41,208.4 1 0
github.com/gofiber/fiber/v3/binder/mapping.go:211.2,211.27 1 25
github.com/gofiber/fiber/v3/binder/mapping.go:211.27,213.3 1 8
github.com/gofiber/fiber/v3/binder/mapping.go:215.2,215.25 1 17
github.com/gofiber/fiber/v3/binder/mapping.go:218.42,220.2 1 30
github.com/gofiber/fiber/v3/binder/mapping.go:222.46,223.14 1 53
github.com/gofiber/fiber/v3/binder/mapping.go:223.14,225.3 1 0
github.com/gofiber/fiber/v3/binder/mapping.go:226.2,226.24 1 53
github.com/gofiber/fiber/v3/binder/mapping.go:229.64,230.14 1 37
github.com/gofiber/fiber/v3/binder/mapping.go:230.14,232.3 1 0
github.com/gofiber/fiber/v3/binder/mapping.go:234.2,235.16 2 37
github.com/gofiber/fiber/v3/binder/mapping.go:235.16,237.3 1 7
github.com/gofiber/fiber/v3/binder/mapping.go:237.8,237.61 1 30
github.com/gofiber/fiber/v3/binder/mapping.go:237.61,239.3 1 0
github.com/gofiber/fiber/v3/binder/mapping.go:241.2,241.35 1 37
github.com/gofiber/fiber/v3/binder/mapping.go:249.46,250.34 1 47
github.com/gofiber/fiber/v3/binder/mapping.go:250.34,252.3 1 8
github.com/gofiber/fiber/v3/binder/mapping.go:254.2,254.10 1 47
github.com/gofiber/fiber/v3/binder/mapping.go:266.47,267.18 1 37
github.com/gofiber/fiber/v3/binder/mapping.go:268.21,269.27 1 3
github.com/gofiber/fiber/v3/binder/mapping.go:270.25,271.31 1 2
github.com/gofiber/fiber/v3/binder/mapping.go:272.21,273.27 1 2
github.com/gofiber/fiber/v3/binder/mapping.go:274.19,275.25 1 3
github.com/gofiber/fiber/v3/binder/mapping.go:276.18,277.24 1 1
github.com/gofiber/fiber/v3/binder/mapping.go:278.20,279.26 1 24
github.com/gofiber/fiber/v3/binder/mapping.go:282.2,282.41 1 2
github.com/gofiber/fiber/v3/binder/mapping.go:285.64,291.36 2 15
github.com/gofiber/fiber/v3/binder/mapping.go:291.36,293.22 2 38
github.com/gofiber/fiber/v3/binder/mapping.go:293.22,294.12 1 1
github.com/gofiber/fiber/v3/binder/mapping.go:296.3,299.41 3 37
github.com/gofiber/fiber/v3/binder/mapping.go:299.41,300.46 1 6
github.com/gofiber/fiber/v3/binder/mapping.go:300.46,302.25 2 15
github.com/gofiber/fiber/v3/binder/mapping.go:302.25,303.14 1 5
github.com/gofiber/fiber/v3/binder/mapping.go:305.5,306.53 2 10
github.com/gofiber/fiber/v3/binder/mapping.go:311.2,311.13 1 15
github.com/gofiber/fiber/v3/binder/mapping.go:314.76,318.25 3 30
github.com/gofiber/fiber/v3/binder/mapping.go:318.25,320.3 1 1
github.com/gofiber/fiber/v3/binder/mapping.go:322.2,322.34 1 29
github.com/gofiber/fiber/v3/binder/mapping.go:322.34,324.3 1 1
github.com/gofiber/fiber/v3/binder/mapping.go:326.2,328.9 3 28
github.com/gofiber/fiber/v3/binder/mapping.go:328.9,331.3 2 14
github.com/gofiber/fiber/v3/binder/mapping.go:333.2,334.9 2 28
github.com/gofiber/fiber/v3/binder/mapping.go:334.9,336.3 1 1
github.com/gofiber/fiber/v3/binder/mapping.go:338.2,338.47 1 27
github.com/gofiber/fiber/v3/binder/mapping.go:338.47,340.3 1 16
github.com/gofiber/fiber/v3/binder/mapping.go:341.2,341.41 1 11
github.com/gofiber/fiber/v3/binder/mapping.go:341.41,343.3 1 9
github.com/gofiber/fiber/v3/binder/mapping.go:345.2,345.14 1 2
github.com/gofiber/fiber/v3/binder/mapping.go:349.41,350.50 1 23
github.com/gofiber/fiber/v3/binder/mapping.go:350.50,352.3 1 9
github.com/gofiber/fiber/v3/binder/mapping.go:353.2,353.16 1 14
github.com/gofiber/fiber/v3/binder/mapping.go:356.151,358.64 2 85
github.com/gofiber/fiber/v3/binder/mapping.go:358.64,360.17 2 17
github.com/gofiber/fiber/v3/binder/mapping.go:360.17,362.4 1 6
github.com/gofiber/fiber/v3/binder/mapping.go:365.2,365.32 1 79
github.com/gofiber/fiber/v3/binder/mapping.go:366.14,368.10 2 60
github.com/gofiber/fiber/v3/binder/mapping.go:368.10,370.4 1 1
github.com/gofiber/fiber/v3/binder/mapping.go:372.3,372.66 1 59
github.com/gofiber/fiber/v3/binder/mapping.go:373.16,375.10 2 9
github.com/gofiber/fiber/v3/binder/mapping.go:375.10,377.4 1 0
github.com/gofiber/fiber/v3/binder/mapping.go:379.3,379.25 1 9
github.com/gofiber/fiber/v3/binder/mapping.go:379.25,381.4 1 10
github.com/gofiber/fiber/v3/binder/mapping.go:382.31,383.25 1 5
github.com/gofiber/fiber/v3/binder/mapping.go:383.25,385.11 2 7
github.com/gofiber/fiber/v3/binder/mapping.go:385.11,387.5 1 1
github.com/gofiber/fiber/v3/binder/mapping.go:388.4,388.39 1 6
github.com/gofiber/fiber/v3/binder/mapping.go:390.10,391.57 1 5
github.com/gofiber/fiber/v3/binder/mapping.go:394.2,394.12 1 72
github.com/gofiber/fiber/v3/binder/mapping.go:397.114,398.112 1 71
github.com/gofiber/fiber/v3/binder/mapping.go:398.112,399.47 1 10
github.com/gofiber/fiber/v3/binder/mapping.go:399.47,401.4 1 23
github.com/gofiber/fiber/v3/binder/mapping.go:402.8,404.3 1 61
github.com/gofiber/fiber/v3/binder/msgpack.go:17.38,19.2 1 1
github.com/gofiber/fiber/v3/binder/msgpack.go:22.59,24.2 1 1
github.com/gofiber/fiber/v3/binder/msgpack.go:27.34,29.2 1 1
github.com/gofiber/fiber/v3/binder/msgpack.go:33.57,35.2 1 1
github.com/gofiber/fiber/v3/binder/msgpack.go:39.59,41.2 1 1
github.com/gofiber/fiber/v3/binder/query.go:14.36,16.2 1 31
github.com/gofiber/fiber/v3/binder/query.go:19.70,24.35 4 10
github.com/gofiber/fiber/v3/binder/query.go:24.35,27.92 3 21
github.com/gofiber/fiber/v3/binder/query.go:27.92,29.4 1 1
github.com/gofiber/fiber/v3/binder/query.go:32.2,32.35 1 9
github.com/gofiber/fiber/v3/binder/query.go:36.32,38.2 1 1
github.com/gofiber/fiber/v3/binder/resp_header.go:14.41,16.2 1 9
github.com/gofiber/fiber/v3/binder/resp_header.go:19.74,23.42 3 2
github.com/gofiber/fiber/v3/binder/resp_header.go:23.42,26.93 3 6
github.com/gofiber/fiber/v3/binder/resp_header.go:26.93,28.4 1 0
github.com/gofiber/fiber/v3/binder/resp_header.go:31.2,31.35 1 2
github.com/gofiber/fiber/v3/binder/resp_header.go:35.37,37.2 1 1
github.com/gofiber/fiber/v3/binder/uri.go:7.34,9.2 1 2
github.com/gofiber/fiber/v3/binder/uri.go:12.119,14.31 2 1
github.com/gofiber/fiber/v3/binder/uri.go:14.31,16.3 1 3
github.com/gofiber/fiber/v3/binder/uri.go:18.2,18.35 1 1
github.com/gofiber/fiber/v3/binder/uri.go:22.29,24.2 0 1
github.com/gofiber/fiber/v3/binder/xml.go:15.34,17.2 1 1
github.com/gofiber/fiber/v3/binder/xml.go:20.55,21.48 1 2
github.com/gofiber/fiber/v3/binder/xml.go:21.48,23.3 1 1
github.com/gofiber/fiber/v3/binder/xml.go:25.2,25.12 1 1
github.com/gofiber/fiber/v3/binder/xml.go:29.30,31.2 1 1
github.com/gofiber/fiber/v3/extractors/extractors.go:115.50,117.46 1 38
github.com/gofiber/fiber/v3/extractors/extractors.go:117.46,119.24 2 36
github.com/gofiber/fiber/v3/extractors/extractors.go:119.24,121.5 1 2
github.com/gofiber/fiber/v3/extractors/extractors.go:124.4,124.24 1 34
github.com/gofiber/fiber/v3/extractors/extractors.go:124.24,126.93 2 33
github.com/gofiber/fiber/v3/extractors/extractors.go:126.93,128.6 1 3
github.com/gofiber/fiber/v3/extractors/extractors.go:129.5,130.37 2 30
github.com/gofiber/fiber/v3/extractors/extractors.go:130.37,132.6 1 5
github.com/gofiber/fiber/v3/extractors/extractors.go:135.5,136.20 2 25
github.com/gofiber/fiber/v3/extractors/extractors.go:136.20,138.6 1 0
github.com/gofiber/fiber/v3/extractors/extractors.go:140.5,140.31 1 25
github.com/gofiber/fiber/v3/extractors/extractors.go:140.31,142.6 1 16
github.com/gofiber/fiber/v3/extractors/extractors.go:144.5,144.22 1 9
github.com/gofiber/fiber/v3/extractors/extractors.go:147.4,147.26 1 1
github.com/gofiber/fiber/v3/extractors/extractors.go:180.39,182.46 1 4
github.com/gofiber/fiber/v3/extractors/extractors.go:182.46,184.19 2 2
github.com/gofiber/fiber/v3/extractors/extractors.go:184.19,186.5 1 1
github.com/gofiber/fiber/v3/extractors/extractors.go:187.4,187.21 1 1
github.com/gofiber/fiber/v3/extractors/extractors.go:220.40,222.46 1 4
github.com/gofiber/fiber/v3/extractors/extractors.go:222.46,224.19 2 3
github.com/gofiber/fiber/v3/extractors/extractors.go:224.19,226.5 1 1
github.com/gofiber/fiber/v3/extractors/extractors.go:227.4,228.18 2 2
github.com/gofiber/fiber/v3/extractors/extractors.go:228.18,230.5 1 0
github.com/gofiber/fiber/v3/extractors/extractors.go:231.4,231.30 1 2
github.com/gofiber/fiber/v3/extractors/extractors.go:263.39,265.46 1 4
github.com/gofiber/fiber/v3/extractors/extractors.go:265.46,267.19 2 3
github.com/gofiber/fiber/v3/extractors/extractors.go:267.19,269.5 1 1
github.com/gofiber/fiber/v3/extractors/extractors.go:270.4,270.21 1 2
github.com/gofiber/fiber/v3/extractors/extractors.go:302.42,304.46 1 8
github.com/gofiber/fiber/v3/extractors/extractors.go:304.46,306.19 2 5
github.com/gofiber/fiber/v3/extractors/extractors.go:306.19,308.5 1 3
github.com/gofiber/fiber/v3/extractors/extractors.go:309.4,309.21 1 2
github.com/gofiber/fiber/v3/extractors/extractors.go:343.40,345.46 1 10
github.com/gofiber/fiber/v3/extractors/extractors.go:345.46,347.19 2 6
github.com/gofiber/fiber/v3/extractors/extractors.go:347.19,349.5 1 2
github.com/gofiber/fiber/v3/extractors/extractors.go:350.4,350.21 1 4
github.com/gofiber/fiber/v3/extractors/extractors.go:406.75,407.15 1 5
github.com/gofiber/fiber/v3/extractors/extractors.go:407.15,408.40 1 1
github.com/gofiber/fiber/v3/extractors/extractors.go:408.40,408.66 1 1
github.com/gofiber/fiber/v3/extractors/extractors.go:410.2,414.3 1 5
github.com/gofiber/fiber/v3/extractors/extractors.go:462.47,463.26 1 14
github.com/gofiber/fiber/v3/extractors/extractors.go:463.26,465.45 1 1
github.com/gofiber/fiber/v3/extractors/extractors.go:465.45,467.5 1 1
github.com/gofiber/fiber/v3/extractors/extractors.go:475.2,479.46 3 13
github.com/gofiber/fiber/v3/extractors/extractors.go:479.46,482.41 2 11
github.com/gofiber/fiber/v3/extractors/extractors.go:482.41,483.33 1 21
github.com/gofiber/fiber/v3/extractors/extractors.go:483.33,484.14 1 1
github.com/gofiber/fiber/v3/extractors/extractors.go:486.5,487.30 2 20
github.com/gofiber/fiber/v3/extractors/extractors.go:487.30,489.6 1 6
github.com/gofiber/fiber/v3/extractors/extractors.go:490.5,490.19 1 14
github.com/gofiber/fiber/v3/extractors/extractors.go:490.19,492.6 1 13
github.com/gofiber/fiber/v3/extractors/extractors.go:494.4,494.22 1 5
github.com/gofiber/fiber/v3/extractors/extractors.go:494.22,496.5 1 4
github.com/gofiber/fiber/v3/extractors/extractors.go:497.4,497.26 1 1
github.com/gofiber/fiber/v3/extractors/extractors.go:506.40,507.17 1 44
github.com/gofiber/fiber/v3/extractors/extractors.go:507.17,509.3 1 1
github.com/gofiber/fiber/v3/extractors/extractors.go:510.2,511.34 2 43
github.com/gofiber/fiber/v3/extractors/extractors.go:511.34,513.10 2 281
github.com/gofiber/fiber/v3/extractors/extractors.go:517.73,518.22 1 247
github.com/gofiber/fiber/v3/extractors/extractors.go:518.22,520.5 1 4
github.com/gofiber/fiber/v3/extractors/extractors.go:521.17,522.14 1 17
github.com/gofiber/fiber/v3/extractors/extractors.go:522.14,524.5 1 2
github.com/gofiber/fiber/v3/extractors/extractors.go:525.4,525.25 1 15
github.com/gofiber/fiber/v3/extractors/extractors.go:526.11,527.16 1 17
github.com/gofiber/fiber/v3/extractors/extractors.go:530.2,530.13 1 20
github.com/gofiber/fiber/v3/internal/redact/redact.go:25.34,26.17 1 5
github.com/gofiber/fiber/v3/internal/redact/redact.go:26.17,28.3 1 1
github.com/gofiber/fiber/v3/internal/redact/redact.go:29.2,29.28 1 4
github.com/gofiber/fiber/v3/internal/redact/redact.go:29.28,31.3 1 2
github.com/gofiber/fiber/v3/internal/redact/redact.go:32.2,32.36 1 2
github.com/gofiber/fiber/v3/log/context.go:96.53,97.53 1 1634
github.com/gofiber/fiber/v3/log/context.go:97.53,99.3 1 1
github.com/gofiber/fiber/v3/log/context.go:101.2,112.25 7 1633
github.com/gofiber/fiber/v3/log/context.go:112.25,115.17 3 1609
github.com/gofiber/fiber/v3/log/context.go:115.17,117.4 1 2
github.com/gofiber/fiber/v3/log/context.go:120.2,123.12 4 1631
github.com/gofiber/fiber/v3/log/context.go:127.51,128.51 1 25
github.com/gofiber/fiber/v3/log/context.go:128.51,129.13 1 1
github.com/gofiber/fiber/v3/log/context.go:137.62,138.28 1 1606
github.com/gofiber/fiber/v3/log/context.go:138.28,140.3 1 3
github.com/gofiber/fiber/v3/log/context.go:141.2,141.28 1 1603
github.com/gofiber/fiber/v3/log/context.go:141.28,143.3 1 1
github.com/gofiber/fiber/v3/log/context.go:145.2,152.25 6 1602
github.com/gofiber/fiber/v3/log/context.go:152.25,155.17 3 1600
github.com/gofiber/fiber/v3/log/context.go:155.17,157.4 1 0
github.com/gofiber/fiber/v3/log/context.go:160.2,162.12 3 1602
github.com/gofiber/fiber/v3/log/context.go:166.60,167.52 1 1
github.com/gofiber/fiber/v3/log/context.go:167.52,168.13 1 1
github.com/gofiber/fiber/v3/log/context.go:177.55,187.2 1 7
github.com/gofiber/fiber/v3/log/context.go:189.101,190.51 1 12
github.com/gofiber/fiber/v3/log/context.go:191.14,192.35 1 3
github.com/gofiber/fiber/v3/log/context.go:193.14,194.41 1 5
github.com/gofiber/fiber/v3/log/context.go:195.11,196.16 1 1
github.com/gofiber/fiber/v3/log/context.go:197.10,203.17 3 3
github.com/gofiber/fiber/v3/log/context.go:203.17,205.4 1 1
github.com/gofiber/fiber/v3/log/context.go:206.3,206.16 1 2
github.com/gofiber/fiber/v3/log/context.go:214.59,215.30 1 3
github.com/gofiber/fiber/v3/log/context.go:215.30,217.3 1 2
github.com/gofiber/fiber/v3/log/context.go:218.2,219.22 2 1
github.com/gofiber/fiber/v3/log/context.go:219.22,220.23 1 7
github.com/gofiber/fiber/v3/log/context.go:220.23,222.4 1 2
github.com/gofiber/fiber/v3/log/context.go:222.9,224.4 1 5
github.com/gofiber/fiber/v3/log/context.go:226.2,226.31 1 1
github.com/gofiber/fiber/v3/log/context.go:229.65,230.36 1 10
github.com/gofiber/fiber/v3/log/context.go:230.36,232.3 1 7
github.com/gofiber/fiber/v3/log/context.go:233.2,234.30 2 3
github.com/gofiber/fiber/v3/log/context.go:234.30,236.23 2 25
github.com/gofiber/fiber/v3/log/context.go:236.23,238.4 1 5
github.com/gofiber/fiber/v3/log/context.go:238.9,240.4 1 20
github.com/gofiber/fiber/v3/log/context.go:242.2,242.31 1 3
github.com/gofiber/fiber/v3/log/context.go:245.42,247.2 1 3
github.com/gofiber/fiber/v3/log/context.go:249.48,250.48 1 10
github.com/gofiber/fiber/v3/log/context.go:250.48,252.3 1 53
github.com/gofiber/fiber/v3/log/context.go:260.33,261.15 1 95
github.com/gofiber/fiber/v3/log/context.go:261.15,263.3 1 1
github.com/gofiber/fiber/v3/log/context.go:264.2,264.30 1 94
github.com/gofiber/fiber/v3/log/context.go:267.78,269.2 1 6
github.com/gofiber/fiber/v3/log/context.go:271.37,273.9 2 14
github.com/gofiber/fiber/v3/log/context.go:273.9,275.3 1 3
github.com/gofiber/fiber/v3/log/context.go:276.2,276.14 1 11
github.com/gofiber/fiber/v3/log/default.go:39.52,40.18 1 19
github.com/gofiber/fiber/v3/log/default.go:40.18,42.3 1 2
github.com/gofiber/fiber/v3/log/default.go:43.2,43.49 1 17
github.com/gofiber/fiber/v3/log/default.go:45.47,46.17 1 7
github.com/gofiber/fiber/v3/log/default.go:46.17,48.4 1 4
github.com/gofiber/fiber/v3/log/default.go:49.10,49.10 0 10
github.com/gofiber/fiber/v3/log/default.go:53.2,53.50 1 13
github.com/gofiber/fiber/v3/log/default.go:58.61,59.18 1 13
github.com/gofiber/fiber/v3/log/default.go:59.18,61.3 1 0
github.com/gofiber/fiber/v3/log/default.go:62.2,69.22 7 13
github.com/gofiber/fiber/v3/log/default.go:69.22,70.22 1 1
github.com/gofiber/fiber/v3/log/default.go:73.2,75.22 3 12
github.com/gofiber/fiber/v3/log/default.go:75.22,77.3 1 0
github.com/gofiber/fiber/v3/log/default.go:82.77,83.18 1 12
github.com/gofiber/fiber/v3/log/default.go:83.18,85.3 1 0
github.com/gofiber/fiber/v3/log/default.go:86.2,91.22 5 12
github.com/gofiber/fiber/v3/log/default.go:91.22,93.3 1 12
github.com/gofiber/fiber/v3/log/default.go:93.8,95.3 1 0
github.com/gofiber/fiber/v3/log/default.go:97.2,98.22 2 12
github.com/gofiber/fiber/v3/log/default.go:98.22,99.22 1 2
github.com/gofiber/fiber/v3/log/default.go:101.2,103.22 3 10
github.com/gofiber/fiber/v3/log/default.go:103.22,105.3 1 0
github.com/gofiber/fiber/v3/log/default.go:110.83,111.18 1 13
github.com/gofiber/fiber/v3/log/default.go:111.18,113.3 1 0
github.com/gofiber/fiber/v3/log/default.go:114.2,120.18 5 13
github.com/gofiber/fiber/v3/log/default.go:120.18,122.3 1 9
github.com/gofiber/fiber/v3/log/default.go:124.2,124.28 1 13
github.com/gofiber/fiber/v3/log/default.go:124.28,125.36 1 13
github.com/gofiber/fiber/v3/log/default.go:125.36,127.4 1 1
github.com/gofiber/fiber/v3/log/default.go:129.3,129.46 1 13
github.com/gofiber/fiber/v3/log/default.go:129.46,130.29 1 25
github.com/gofiber/fiber/v3/log/default.go:130.29,132.5 1 21
github.com/gofiber/fiber/v3/log/default.go:133.4,133.42 1 25
github.com/gofiber/fiber/v3/log/default.go:134.16,135.25 1 21
github.com/gofiber/fiber/v3/log/default.go:136.12,137.32 1 4
github.com/gofiber/fiber/v3/log/default.go:139.4,140.55 2 25
github.com/gofiber/fiber/v3/log/default.go:144.2,145.22 2 13
github.com/gofiber/fiber/v3/log/default.go:145.22,146.22 1 1
github.com/gofiber/fiber/v3/log/default.go:148.2,150.22 3 12
github.com/gofiber/fiber/v3/log/default.go:150.22,152.3 1 0
github.com/gofiber/fiber/v3/log/default.go:156.41,158.2 1 1
github.com/gofiber/fiber/v3/log/default.go:161.41,163.2 1 1
github.com/gofiber/fiber/v3/log/default.go:166.40,168.2 1 8
github.com/gofiber/fiber/v3/log/default.go:171.40,173.2 1 1
github.com/gofiber/fiber/v3/log/default.go:176.41,178.2 1 1
github.com/gofiber/fiber/v3/log/default.go:181.41,183.2 1 0
github.com/gofiber/fiber/v3/log/default.go:186.41,188.2 1 1
github.com/gofiber/fiber/v3/log/default.go:191.57,193.2 1 2
github.com/gofiber/fiber/v3/log/default.go:196.57,198.2 1 2
github.com/gofiber/fiber/v3/log/default.go:201.56,203.2 1 2
github.com/gofiber/fiber/v3/log/default.go:206.56,208.2 1 2
github.com/gofiber/fiber/v3/log/default.go:211.57,213.2 1 2
github.com/gofiber/fiber/v3/log/default.go:216.57,218.2 1 0
github.com/gofiber/fiber/v3/log/default.go:221.57,223.2 1 2
github.com/gofiber/fiber/v3/log/default.go:226.66,228.2 1 2
github.com/gofiber/fiber/v3/log/default.go:231.66,233.2 1 1
github.com/gofiber/fiber/v3/log/default.go:236.65,238.2 1 2
github.com/gofiber/fiber/v3/log/default.go:241.65,243.2 1 1
github.com/gofiber/fiber/v3/log/default.go:246.66,248.2 1 1
github.com/gofiber/fiber/v3/log/default.go:251.66,253.2 1 0
github.com/gofiber/fiber/v3/log/default.go:256.66,258.2 1 1
github.com/gofiber/fiber/v3/log/default.go:266.50,267.17 1 38
github.com/gofiber/fiber/v3/log/default.go:267.17,269.3 1 28
github.com/gofiber/fiber/v3/log/default.go:271.2,272.17 2 10
github.com/gofiber/fiber/v3/log/default.go:272.17,274.3 1 7
github.com/gofiber/fiber/v3/log/default.go:276.2,279.75 3 3
github.com/gofiber/fiber/v3/log/default.go:279.75,288.3 4 2
github.com/gofiber/fiber/v3/log/default.go:290.2,290.35 1 1
github.com/gofiber/fiber/v3/log/default.go:294.59,301.2 1 11
github.com/gofiber/fiber/v3/log/default.go:304.47,306.2 1 13
github.com/gofiber/fiber/v3/log/default.go:309.53,311.2 1 14
github.com/gofiber/fiber/v3/log/default.go:314.46,316.2 1 2
github.com/gofiber/fiber/v3/log/default.go:319.42,320.40 1 1
github.com/gofiber/fiber/v3/log/default.go:320.40,322.3 1 1
github.com/gofiber/fiber/v3/log/default.go:324.2,324.12 1 0
github.com/gofiber/fiber/v3/log/fiberlog.go:8.22,10.2 1 0
github.com/gofiber/fiber/v3/log/fiberlog.go:13.22,15.2 1 1
github.com/gofiber/fiber/v3/log/fiberlog.go:18.21,20.2 1 1
github.com/gofiber/fiber/v3/log/fiberlog.go:23.21,25.2 1 3
github.com/gofiber/fiber/v3/log/fiberlog.go:28.22,30.2 1 1
github.com/gofiber/fiber/v3/log/fiberlog.go:33.22,35.2 1 1
github.com/gofiber/fiber/v3/log/fiberlog.go:38.22,40.2 1 1
github.com/gofiber/fiber/v3/log/fiberlog.go:43.38,45.2 1 0
github.com/gofiber/fiber/v3/log/fiberlog.go:48.38,50.2 1 1
github.com/gofiber/fiber/v3/log/fiberlog.go:53.37,55.2 1 1
github.com/gofiber/fiber/v3/log/fiberlog.go:58.37,60.2 1 1
github.com/gofiber/fiber/v3/log/fiberlog.go:63.38,65.2 1 1
github.com/gofiber/fiber/v3/log/fiberlog.go:68.38,70.2 1 1
github.com/gofiber/fiber/v3/log/fiberlog.go:73.38,75.2 1 1
github.com/gofiber/fiber/v3/log/fiberlog.go:79.47,81.2 1 1
github.com/gofiber/fiber/v3/log/fiberlog.go:85.47,87.2 1 1
github.com/gofiber/fiber/v3/log/fiberlog.go:91.46,93.2 1 1
github.com/gofiber/fiber/v3/log/fiberlog.go:97.46,99.2 1 1
github.com/gofiber/fiber/v3/log/fiberlog.go:103.47,105.2 1 1
github.com/gofiber/fiber/v3/log/fiberlog.go:109.47,111.2 1 0
github.com/gofiber/fiber/v3/log/fiberlog.go:115.47,117.2 1 1
github.com/gofiber/fiber/v3/log/fiberlog.go:121.40,123.2 1 11
github.com/gofiber/fiber/v3/log/fiberlog.go:128.39,130.2 1 2
github.com/gofiber/fiber/v3/log/fiberlog.go:133.29,135.2 1 14
github.com/gofiber/fiber/v3/log/fiberlog.go:140.25,142.2 1 5
github.com/gofiber/fiber/v3/log/log.go:115.35,116.42 1 53
github.com/gofiber/fiber/v3/log/log.go:116.42,118.3 1 52
github.com/gofiber/fiber/v3/log/log.go:119.2,119.34 1 1
github.com/gofiber/fiber/v3/internal/memory/memory.go:40.21,47.2 4 1
github.com/gofiber/fiber/v3/internal/memory/memory.go:54.39,58.49 4 108
github.com/gofiber/fiber/v3/internal/memory/memory.go:58.49,60.3 1 5
github.com/gofiber/fiber/v3/internal/memory/memory.go:63.2,63.31 1 103
github.com/gofiber/fiber/v3/internal/memory/memory.go:63.31,65.3 1 103
github.com/gofiber/fiber/v3/internal/memory/memory.go:67.2,67.12 1 0
github.com/gofiber/fiber/v3/internal/memory/memory.go:76.63,78.13 2 5
github.com/gofiber/fiber/v3/internal/memory/memory.go:78.13,80.3 1 1
github.com/gofiber/fiber/v3/internal/memory/memory.go:83.2,86.31 2 5
github.com/gofiber/fiber/v3/internal/memory/memory.go:86.31,88.3 1 5
github.com/gofiber/fiber/v3/internal/memory/memory.go:90.2,93.15 4 5
github.com/gofiber/fiber/v3/internal/memory/memory.go:97.38,101.2 3 1
github.com/gofiber/fiber/v3/internal/memory/memory.go:104.27,109.2 4 1
github.com/gofiber/fiber/v3/internal/memory/memory.go:111.43,116.21 4 1
github.com/gofiber/fiber/v3/internal/memory/memory.go:116.21,120.30 4 1
github.com/gofiber/fiber/v3/internal/memory/memory.go:120.30,121.29 1 1
github.com/gofiber/fiber/v3/internal/memory/memory.go:121.29,123.5 1 0
github.com/gofiber/fiber/v3/internal/memory/memory.go:125.3,127.24 2 1
github.com/gofiber/fiber/v3/internal/memory/memory.go:127.24,129.12 1 1
github.com/gofiber/fiber/v3/internal/memory/memory.go:132.3,135.26 2 0
github.com/gofiber/fiber/v3/internal/memory/memory.go:135.26,137.29 2 0
github.com/gofiber/fiber/v3/internal/memory/memory.go:137.29,139.5 1 0
github.com/gofiber/fiber/v3/internal/memory/memory.go:141.3,141.16 1 0
github.com/gofiber/fiber/v3/middleware/adaptor/adaptor.go:25.47,26.2 0 0
github.com/gofiber/fiber/v3/middleware/adaptor/adaptor.go:29.18,31.3 1 11
github.com/gofiber/fiber/v3/middleware/adaptor/adaptor.go:41.18,43.3 1 4
github.com/gofiber/fiber/v3/middleware/adaptor/adaptor.go:52.56,54.2 1 4
github.com/gofiber/fiber/v3/middleware/adaptor/adaptor.go:57.48,59.33 2 12
github.com/gofiber/fiber/v3/middleware/adaptor/adaptor.go:59.33,62.3 2 12
github.com/gofiber/fiber/v3/middleware/adaptor/adaptor.go:66.59,68.33 2 1
github.com/gofiber/fiber/v3/middleware/adaptor/adaptor.go:68.33,75.3 3 1
github.com/gofiber/fiber/v3/middleware/adaptor/adaptor.go:79.75,80.14 1 4
github.com/gofiber/fiber/v3/middleware/adaptor/adaptor.go:80.14,82.3 1 1
github.com/gofiber/fiber/v3/middleware/adaptor/adaptor.go:84.2,85.17 2 3
github.com/gofiber/fiber/v3/middleware/adaptor/adaptor.go:90.73,92.88 2 2
github.com/gofiber/fiber/v3/middleware/adaptor/adaptor.go:92.88,94.3 1 1
github.com/gofiber/fiber/v3/middleware/adaptor/adaptor.go:95.2,95.18 1 1
github.com/gofiber/fiber/v3/middleware/adaptor/adaptor.go:102.78,103.27 1 29
github.com/gofiber/fiber/v3/middleware/adaptor/adaptor.go:103.27,105.3 1 1
github.com/gofiber/fiber/v3/middleware/adaptor/adaptor.go:107.2,108.18 2 28
github.com/gofiber/fiber/v3/middleware/adaptor/adaptor.go:108.18,110.3 1 1
github.com/gofiber/fiber/v3/middleware/adaptor/adaptor.go:112.2,112.34 1 27
github.com/gofiber/fiber/v3/middleware/adaptor/adaptor.go:112.34,113.16 1 25
github.com/gofiber/fiber/v3/middleware/adaptor/adaptor.go:113.16,115.4 1 1
github.com/gofiber/fiber/v3/middleware/adaptor/adaptor.go:116.3,116.15 1 24
github.com/gofiber/fiber/v3/middleware/adaptor/adaptor.go:118.2,119.32 2 26
github.com/gofiber/fiber/v3/middleware/adaptor/adaptor.go:119.32,121.3 1 2
github.com/gofiber/fiber/v3/middleware/adaptor/adaptor.go:123.2,123.18 1 24
github.com/gofiber/fiber/v3/middleware/adaptor/adaptor.go:123.18,127.3 3 3
github.com/gofiber/fiber/v3/middleware/adaptor/adaptor.go:128.2,132.48 4 24
github.com/gofiber/fiber/v3/middleware/adaptor/adaptor.go:132.48,136.36 3 54
github.com/gofiber/fiber/v3/middleware/adaptor/adaptor.go:136.36,137.9 1 6
github.com/gofiber/fiber/v3/middleware/adaptor/adaptor.go:141.3,141.35 1 48
github.com/gofiber/fiber/v3/middleware/adaptor/adaptor.go:141.35,144.4 1 33
github.com/gofiber/fiber/v3/middleware/adaptor/adaptor.go:146.3,146.28 1 48
github.com/gofiber/fiber/v3/middleware/adaptor/adaptor.go:147.18,148.71 1 13
github.com/gofiber/fiber/v3/middleware/adaptor/adaptor.go:149.14,150.38 1 12
github.com/gofiber/fiber/v3/middleware/adaptor/adaptor.go:151.14,152.22 1 12
github.com/gofiber/fiber/v3/middleware/adaptor/adaptor.go:152.22,155.5 2 12
github.com/gofiber/fiber/v3/middleware/adaptor/adaptor.go:156.11,157.12 1 11
github.com/gofiber/fiber/v3/middleware/adaptor/adaptor.go:163.71,164.33 1 3
github.com/gofiber/fiber/v3/middleware/adaptor/adaptor.go:164.33,166.80 2 8
github.com/gofiber/fiber/v3/middleware/adaptor/adaptor.go:166.80,175.35 7 6
github.com/gofiber/fiber/v3/middleware/adaptor/adaptor.go:175.35,176.27 1 12
github.com/gofiber/fiber/v3/middleware/adaptor/adaptor.go:176.27,178.6 1 12
github.com/gofiber/fiber/v3/middleware/adaptor/adaptor.go:180.4,180.58 1 6
github.com/gofiber/fiber/v3/middleware/adaptor/adaptor.go:183.3,183.57 1 8
github.com/gofiber/fiber/v3/middleware/adaptor/adaptor.go:183.57,185.4 1 0
github.com/gofiber/fiber/v3/middleware/adaptor/adaptor.go:187.3,187.11 1 8
github.com/gofiber/fiber/v3/middleware/adaptor/adaptor.go:187.11,189.4 1 6
github.com/gofiber/fiber/v3/middleware/adaptor/adaptor.go:190.3,190.13 1 2
github.com/gofiber/fiber/v3/middleware/adaptor/adaptor.go:195.49,197.2 1 1
github.com/gofiber/fiber/v3/middleware/adaptor/adaptor.go:200.57,202.2 1 12
github.com/gofiber/fiber/v3/middleware/adaptor/adaptor.go:205.48,207.2 1 8
github.com/gofiber/fiber/v3/middleware/adaptor/adaptor.go:209.41,211.2 1 12
github.com/gofiber/fiber/v3/middleware/adaptor/adaptor.go:213.76,214.75 1 22
github.com/gofiber/fiber/v3/middleware/adaptor/adaptor.go:214.75,216.3 1 3
github.com/gofiber/fiber/v3/middleware/adaptor/adaptor.go:219.2,219.22 1 19
github.com/gofiber/fiber/v3/middleware/adaptor/adaptor.go:219.22,221.3 1 4
github.com/gofiber/fiber/v3/middleware/adaptor/adaptor.go:223.2,224.16 2 15
github.com/gofiber/fiber/v3/middleware/adaptor/adaptor.go:224.16,226.3 1 8
github.com/gofiber/fiber/v3/middleware/adaptor/adaptor.go:228.2,229.92 2 7
github.com/gofiber/fiber/v3/middleware/adaptor/adaptor.go:229.92,230.28 1 5
github.com/gofiber/fiber/v3/middleware/adaptor/adaptor.go:230.28,232.4 1 1
github.com/gofiber/fiber/v3/middleware/adaptor/adaptor.go:233.3,235.18 3 4
github.com/gofiber/fiber/v3/middleware/adaptor/adaptor.go:235.18,237.4 1 1
github.com/gofiber/fiber/v3/middleware/adaptor/adaptor.go:238.3,238.23 1 3
github.com/gofiber/fiber/v3/middleware/adaptor/adaptor.go:240.2,240.66 1 2
github.com/gofiber/fiber/v3/middleware/adaptor/adaptor.go:243.71,244.54 1 20
github.com/gofiber/fiber/v3/middleware/adaptor/adaptor.go:244.54,250.20 4 20
github.com/gofiber/fiber/v3/middleware/adaptor/adaptor.go:250.20,251.37 1 19
github.com/gofiber/fiber/v3/middleware/adaptor/adaptor.go:251.37,254.5 2 3
github.com/gofiber/fiber/v3/middleware/adaptor/adaptor.go:255.4,256.29 2 16
github.com/gofiber/fiber/v3/middleware/adaptor/adaptor.go:256.29,258.5 1 16
github.com/gofiber/fiber/v3/middleware/adaptor/adaptor.go:259.4,261.18 3 16
github.com/gofiber/fiber/v3/middleware/adaptor/adaptor.go:261.18,264.5 2 1
github.com/gofiber/fiber/v3/middleware/adaptor/adaptor.go:266.4,266.23 1 15
github.com/gofiber/fiber/v3/middleware/adaptor/adaptor.go:266.23,269.5 2 1
github.com/gofiber/fiber/v3/middleware/adaptor/adaptor.go:271.4,271.39 1 14
github.com/gofiber/fiber/v3/middleware/adaptor/adaptor.go:273.3,278.34 5 15
github.com/gofiber/fiber/v3/middleware/adaptor/adaptor.go:278.34,279.26 1 14
github.com/gofiber/fiber/v3/middleware/adaptor/adaptor.go:279.26,281.5 1 14
github.com/gofiber/fiber/v3/middleware/adaptor/adaptor.go:284.3,285.17 2 15
github.com/gofiber/fiber/v3/middleware/adaptor/adaptor.go:285.17,287.4 1 4
github.com/gofiber/fiber/v3/middleware/adaptor/adaptor.go:290.3,296.17 6 15
github.com/gofiber/fiber/v3/middleware/adaptor/adaptor.go:296.17,303.18 4 10
github.com/gofiber/fiber/v3/middleware/adaptor/adaptor.go:303.18,305.5 1 1
github.com/gofiber/fiber/v3/middleware/adaptor/adaptor.go:306.9,309.4 1 5
github.com/gofiber/fiber/v3/middleware/adaptor/adaptor.go:312.3,312.48 1 15
github.com/gofiber/fiber/v3/middleware/adaptor/adaptor.go:312.48,314.4 1 27
github.com/gofiber/fiber/v3/middleware/adaptor/adaptor.go:315.3,320.31 4 15
github.com/gofiber/fiber/v3/middleware/adaptor/adaptor.go:320.31,323.4 2 11
github.com/gofiber/fiber/v3/middleware/adaptor/adaptor.go:325.3,325.16 1 4
github.com/gofiber/fiber/v3/middleware/adaptor/adaptor.go:325.16,327.4 1 3
github.com/gofiber/fiber/v3/middleware/adaptor/adaptor.go:331.3,332.10 2 4
github.com/gofiber/fiber/v3/middleware/adaptor/adaptor.go:332.10,333.71 1 0
github.com/gofiber/fiber/v3/middleware/adaptor/adaptor.go:335.3,338.7 3 4
github.com/gofiber/fiber/v3/middleware/adaptor/adaptor.go:338.7,340.13 2 8
github.com/gofiber/fiber/v3/middleware/adaptor/adaptor.go:340.13,341.57 1 5
github.com/gofiber/fiber/v3/middleware/adaptor/adaptor.go:341.57,342.11 1 1
github.com/gofiber/fiber/v3/middleware/adaptor/adaptor.go:344.5,344.20 1 4
github.com/gofiber/fiber/v3/middleware/adaptor/adaptor.go:347.4,347.18 1 6
github.com/gofiber/fiber/v3/middleware/adaptor/adaptor.go:347.18,348.10 1 2
github.com/gofiber/fiber/v3/middleware/basicauth/basicauth.go:31.42,40.33 4 34
github.com/gofiber/fiber/v3/middleware/basicauth/basicauth.go:40.33,42.37 1 48
github.com/gofiber/fiber/v3/middleware/basicauth/basicauth.go:42.37,44.4 1 1
github.com/gofiber/fiber/v3/middleware/basicauth/basicauth.go:47.3,48.20 2 47
github.com/gofiber/fiber/v3/middleware/basicauth/basicauth.go:48.20,50.4 1 4
github.com/gofiber/fiber/v3/middleware/basicauth/basicauth.go:51.3,51.37 1 43
github.com/gofiber/fiber/v3/middleware/basicauth/basicauth.go:51.37,53.4 1 1
github.com/gofiber/fiber/v3/middleware/basicauth/basicauth.go:54.3,54.42 1 42
github.com/gofiber/fiber/v3/middleware/basicauth/basicauth.go:54.42,56.4 1 7
github.com/gofiber/fiber/v3/middleware/basicauth/basicauth.go:57.3,58.17 2 35
github.com/gofiber/fiber/v3/middleware/basicauth/basicauth.go:58.17,60.4 1 0
github.com/gofiber/fiber/v3/middleware/basicauth/basicauth.go:61.3,61.93 1 35
github.com/gofiber/fiber/v3/middleware/basicauth/basicauth.go:61.93,63.4 1 1
github.com/gofiber/fiber/v3/middleware/basicauth/basicauth.go:64.3,65.56 2 34
github.com/gofiber/fiber/v3/middleware/basicauth/basicauth.go:65.56,67.4 1 3
github.com/gofiber/fiber/v3/middleware/basicauth/basicauth.go:68.3,69.53 2 31
github.com/gofiber/fiber/v3/middleware/basicauth/basicauth.go:69.53,71.4 1 2
github.com/gofiber/fiber/v3/middleware/basicauth/basicauth.go:74.3,75.17 2 29
github.com/gofiber/fiber/v3/middleware/basicauth/basicauth.go:75.17,76.29 1 2
github.com/gofiber/fiber/v3/middleware/basicauth/basicauth.go:76.29,78.5 1 2
github.com/gofiber/fiber/v3/middleware/basicauth/basicauth.go:79.4,79.18 1 2
github.com/gofiber/fiber/v3/middleware/basicauth/basicauth.go:79.18,81.5 1 1
github.com/gofiber/fiber/v3/middleware/basicauth/basicauth.go:83.3,83.23 1 28
github.com/gofiber/fiber/v3/middleware/basicauth/basicauth.go:83.23,85.4 1 3
github.com/gofiber/fiber/v3/middleware/basicauth/basicauth.go:86.3,86.30 1 25
github.com/gofiber/fiber/v3/middleware/basicauth/basicauth.go:86.30,88.4 1 1
github.com/gofiber/fiber/v3/middleware/basicauth/basicauth.go:91.3,92.33 2 25
github.com/gofiber/fiber/v3/middleware/basicauth/basicauth.go:92.33,94.4 1 1
github.com/gofiber/fiber/v3/middleware/basicauth/basicauth.go:94.9,96.4 1 24
github.com/gofiber/fiber/v3/middleware/basicauth/basicauth.go:100.3,101.13 2 25
github.com/gofiber/fiber/v3/middleware/basicauth/basicauth.go:101.13,103.4 1 1
github.com/gofiber/fiber/v3/middleware/basicauth/basicauth.go:105.3,105.53 1 24
github.com/gofiber/fiber/v3/middleware/basicauth/basicauth.go:105.53,107.4 1 2
github.com/gofiber/fiber/v3/middleware/basicauth/basicauth.go:109.3,109.44 1 22
github.com/gofiber/fiber/v3/middleware/basicauth/basicauth.go:109.44,112.4 2 17
github.com/gofiber/fiber/v3/middleware/basicauth/basicauth.go:115.3,115.29 1 5
github.com/gofiber/fiber/v3/middleware/basicauth/basicauth.go:130.31,132.2 1 1
github.com/gofiber/fiber/v3/middleware/basicauth/basicauth.go:134.33,136.2 1 47
github.com/gofiber/fiber/v3/middleware/basicauth/basicauth.go:138.48,139.48 1 42
github.com/gofiber/fiber/v3/middleware/basicauth/basicauth.go:139.48,141.3 1 700
github.com/gofiber/fiber/v3/middleware/basicauth/basicauth.go:147.42,148.74 1 8
github.com/gofiber/fiber/v3/middleware/basicauth/basicauth.go:148.74,150.3 1 8
github.com/gofiber/fiber/v3/middleware/basicauth/basicauth.go:152.2,152.11 1 0
github.com/gofiber/fiber/v3/middleware/basicauth/config.go:114.45,116.21 1 34
github.com/gofiber/fiber/v3/middleware/basicauth/config.go:116.21,118.3 1 0
github.com/gofiber/fiber/v3/middleware/basicauth/config.go:121.2,124.21 2 34
github.com/gofiber/fiber/v3/middleware/basicauth/config.go:124.21,126.3 1 33
github.com/gofiber/fiber/v3/middleware/basicauth/config.go:128.2,128.22 1 34
github.com/gofiber/fiber/v3/middleware/basicauth/config.go:128.22,130.3 1 9
github.com/gofiber/fiber/v3/middleware/basicauth/config.go:132.2,132.21 1 34
github.com/gofiber/fiber/v3/middleware/basicauth/config.go:132.21,134.3 1 34
github.com/gofiber/fiber/v3/middleware/basicauth/config.go:136.2,136.9 1 34
github.com/gofiber/fiber/v3/middleware/basicauth/config.go:137.25,138.38 1 28
github.com/gofiber/fiber/v3/middleware/basicauth/config.go:139.45,140.24 1 5
github.com/gofiber/fiber/v3/middleware/basicauth/config.go:141.10,142.44 1 1
github.com/gofiber/fiber/v3/middleware/basicauth/config.go:145.2,145.26 1 33
github.com/gofiber/fiber/v3/middleware/basicauth/config.go:145.26,147.3 1 31
github.com/gofiber/fiber/v3/middleware/basicauth/config.go:149.2,149.27 1 33
github.com/gofiber/fiber/v3/middleware/basicauth/config.go:149.27,151.17 2 29
github.com/gofiber/fiber/v3/middleware/basicauth/config.go:151.17,152.14 1 0
github.com/gofiber/fiber/v3/middleware/basicauth/config.go:154.3,154.62 1 29
github.com/gofiber/fiber/v3/middleware/basicauth/config.go:154.62,156.11 2 20
github.com/gofiber/fiber/v3/middleware/basicauth/config.go:156.11,158.5 1 1
github.com/gofiber/fiber/v3/middleware/basicauth/config.go:159.4,160.20 2 20
github.com/gofiber/fiber/v3/middleware/basicauth/config.go:164.2,164.29 1 33
github.com/gofiber/fiber/v3/middleware/basicauth/config.go:164.29,165.46 1 33
github.com/gofiber/fiber/v3/middleware/basicauth/config.go:165.46,167.25 2 10
github.com/gofiber/fiber/v3/middleware/basicauth/config.go:167.25,169.5 1 10
github.com/gofiber/fiber/v3/middleware/basicauth/config.go:170.4,173.49 4 10
github.com/gofiber/fiber/v3/middleware/basicauth/config.go:177.2,177.27 1 33
github.com/gofiber/fiber/v3/middleware/basicauth/config.go:177.27,178.44 1 33
github.com/gofiber/fiber/v3/middleware/basicauth/config.go:178.44,180.4 1 19
github.com/gofiber/fiber/v3/middleware/basicauth/config.go:182.2,182.12 1 33
github.com/gofiber/fiber/v3/middleware/basicauth/config.go:198.87,202.26 4 31
github.com/gofiber/fiber/v3/middleware/basicauth/config.go:202.26,204.3 1 29
github.com/gofiber/fiber/v3/middleware/basicauth/config.go:205.2,208.28 3 31
github.com/gofiber/fiber/v3/middleware/basicauth/config.go:208.28,211.17 3 29
github.com/gofiber/fiber/v3/middleware/basicauth/config.go:211.17,213.4 1 0
github.com/gofiber/fiber/v3/middleware/basicauth/config.go:214.3,217.41 3 29
github.com/gofiber/fiber/v3/middleware/basicauth/config.go:217.41,220.4 2 26
github.com/gofiber/fiber/v3/middleware/basicauth/config.go:223.2,223.36 1 31
github.com/gofiber/fiber/v3/middleware/basicauth/config.go:228.44,231.2 2 2
github.com/gofiber/fiber/v3/middleware/basicauth/config.go:235.57,236.9 1 29
github.com/gofiber/fiber/v3/middleware/basicauth/config.go:237.34,239.17 2 4
github.com/gofiber/fiber/v3/middleware/basicauth/config.go:239.17,241.4 1 0
github.com/gofiber/fiber/v3/middleware/basicauth/config.go:242.3,242.73 1 4
github.com/gofiber/fiber/v3/middleware/basicauth/config.go:243.40,244.61 1 3
github.com/gofiber/fiber/v3/middleware/basicauth/config.go:245.10,246.61 1 22
github.com/gofiber/fiber/v3/middleware/basicauth/config.go:252.67,253.36 1 29
github.com/gofiber/fiber/v3/middleware/basicauth/config.go:253.36,255.3 1 29
github.com/gofiber/fiber/v3/middleware/basicauth/config.go:257.2,257.28 1 0
github.com/gofiber/fiber/v3/middleware/basicauth/config.go:260.62,261.9 1 34
github.com/gofiber/fiber/v3/middleware/basicauth/config.go:262.34,264.30 2 5
github.com/gofiber/fiber/v3/middleware/basicauth/config.go:264.30,266.4 1 9
github.com/gofiber/fiber/v3/middleware/basicauth/config.go:267.40,269.17 2 4
github.com/gofiber/fiber/v3/middleware/basicauth/config.go:269.17,271.4 1 0
github.com/gofiber/fiber/v3/middleware/basicauth/config.go:272.3,272.30 1 4
github.com/gofiber/fiber/v3/middleware/basicauth/config.go:272.30,275.4 2 4
github.com/gofiber/fiber/v3/middleware/basicauth/config.go:276.40,278.17 2 21
github.com/gofiber/fiber/v3/middleware/basicauth/config.go:278.17,280.4 1 0
github.com/gofiber/fiber/v3/middleware/basicauth/config.go:281.3,281.30 1 21
github.com/gofiber/fiber/v3/middleware/basicauth/config.go:281.30,284.4 2 14
github.com/gofiber/fiber/v3/middleware/basicauth/config.go:285.10,287.42 2 4
github.com/gofiber/fiber/v3/middleware/basicauth/config.go:287.42,288.63 1 1
github.com/gofiber/fiber/v3/middleware/basicauth/config.go:288.63,290.5 1 0
github.com/gofiber/fiber/v3/middleware/basicauth/config.go:291.4,291.29 1 1
github.com/gofiber/fiber/v3/middleware/basicauth/config.go:291.29,293.5 1 0
github.com/gofiber/fiber/v3/middleware/basicauth/config.go:295.3,295.30 1 4
github.com/gofiber/fiber/v3/middleware/basicauth/config.go:295.30,298.4 2 6
github.com/gofiber/fiber/v3/middleware/cors/cors.go:17.83,18.31 1 15
github.com/gofiber/fiber/v3/middleware/cors/cors.go:18.31,20.3 1 1
github.com/gofiber/fiber/v3/middleware/cors/cors.go:22.2,23.34 2 14
github.com/gofiber/fiber/v3/middleware/cors/cors.go:27.42,32.21 2 79
github.com/gofiber/fiber/v3/middleware/cors/cors.go:32.21,36.33 2 75
github.com/gofiber/fiber/v3/middleware/cors/cors.go:36.33,38.4 1 74
github.com/gofiber/fiber/v3/middleware/cors/cors.go:41.2,43.41 2 79
github.com/gofiber/fiber/v3/middleware/cors/cors.go:43.41,44.19 1 9
github.com/gofiber/fiber/v3/middleware/cors/cors.go:44.19,46.4 1 8
github.com/gofiber/fiber/v3/middleware/cors/cors.go:47.3,47.15 1 1
github.com/gofiber/fiber/v3/middleware/cors/cors.go:51.2,51.62 1 79
github.com/gofiber/fiber/v3/middleware/cors/cors.go:51.62,53.3 1 6
github.com/gofiber/fiber/v3/middleware/cors/cors.go:57.2,62.42 4 79
github.com/gofiber/fiber/v3/middleware/cors/cors.go:62.42,63.20 1 63
github.com/gofiber/fiber/v3/middleware/cors/cors.go:63.20,65.9 2 7
github.com/gofiber/fiber/v3/middleware/cors/cors.go:68.3,69.73 2 56
github.com/gofiber/fiber/v3/middleware/cors/cors.go:69.73,72.16 3 10
github.com/gofiber/fiber/v3/middleware/cors/cors.go:72.16,73.88 1 1
github.com/gofiber/fiber/v3/middleware/cors/cors.go:75.4,76.11 2 9
github.com/gofiber/fiber/v3/middleware/cors/cors.go:76.11,77.90 1 0
github.com/gofiber/fiber/v3/middleware/cors/cors.go:79.4,80.49 2 9
github.com/gofiber/fiber/v3/middleware/cors/cors.go:81.9,83.16 2 46
github.com/gofiber/fiber/v3/middleware/cors/cors.go:83.16,84.88 1 8
github.com/gofiber/fiber/v3/middleware/cors/cors.go:86.4,86.47 1 38
github.com/gofiber/fiber/v3/middleware/cors/cors.go:91.2,91.45 1 70
github.com/gofiber/fiber/v3/middleware/cors/cors.go:91.45,92.212 1 2
github.com/gofiber/fiber/v3/middleware/cors/cors.go:96.2,96.52 1 68
github.com/gofiber/fiber/v3/middleware/cors/cors.go:96.52,98.3 1 1
github.com/gofiber/fiber/v3/middleware/cors/cors.go:101.2,104.33 2 68
github.com/gofiber/fiber/v3/middleware/cors/cors.go:104.33,106.37 1 103
github.com/gofiber/fiber/v3/middleware/cors/cors.go:106.37,108.4 1 1
github.com/gofiber/fiber/v3/middleware/cors/cors.go:111.3,115.25 3 102
github.com/gofiber/fiber/v3/middleware/cors/cors.go:115.25,118.24 1 7
github.com/gofiber/fiber/v3/middleware/cors/cors.go:118.24,120.5 1 1
github.com/gofiber/fiber/v3/middleware/cors/cors.go:122.4,122.19 1 7
github.com/gofiber/fiber/v3/middleware/cors/cors.go:126.3,126.95 1 95
github.com/gofiber/fiber/v3/middleware/cors/cors.go:126.95,133.4 2 3
github.com/gofiber/fiber/v3/middleware/cors/cors.go:136.3,139.22 2 92
github.com/gofiber/fiber/v3/middleware/cors/cors.go:139.22,141.4 1 35
github.com/gofiber/fiber/v3/middleware/cors/cors.go:141.9,143.47 1 57
github.com/gofiber/fiber/v3/middleware/cors/cors.go:143.47,145.5 1 18
github.com/gofiber/fiber/v3/middleware/cors/cors.go:148.4,148.25 1 57
github.com/gofiber/fiber/v3/middleware/cors/cors.go:148.25,149.45 1 39
github.com/gofiber/fiber/v3/middleware/cors/cors.go:149.45,150.37 1 12
github.com/gofiber/fiber/v3/middleware/cors/cors.go:150.37,152.12 2 8
github.com/gofiber/fiber/v3/middleware/cors/cors.go:161.3,161.96 1 92
github.com/gofiber/fiber/v3/middleware/cors/cors.go:161.96,163.42 2 15
github.com/gofiber/fiber/v3/middleware/cors/cors.go:163.42,165.5 1 6
github.com/gofiber/fiber/v3/middleware/cors/cors.go:170.3,170.40 1 92
github.com/gofiber/fiber/v3/middleware/cors/cors.go:170.40,171.24 1 19
github.com/gofiber/fiber/v3/middleware/cors/cors.go:171.24,174.5 1 8
github.com/gofiber/fiber/v3/middleware/cors/cors.go:175.4,176.19 2 19
github.com/gofiber/fiber/v3/middleware/cors/cors.go:185.3,187.97 3 73
github.com/gofiber/fiber/v3/middleware/cors/cors.go:187.97,190.4 2 1
github.com/gofiber/fiber/v3/middleware/cors/cors.go:191.3,196.32 3 73
github.com/gofiber/fiber/v3/middleware/cors/cors.go:196.32,198.4 1 73
github.com/gofiber/fiber/v3/middleware/cors/cors.go:199.3,199.32 1 73
github.com/gofiber/fiber/v3/middleware/cors/cors.go:199.32,201.4 1 3
github.com/gofiber/fiber/v3/middleware/cors/cors.go:201.9,203.15 2 70
github.com/gofiber/fiber/v3/middleware/cors/cors.go:203.15,205.5 1 6
github.com/gofiber/fiber/v3/middleware/cors/cors.go:209.3,209.45 1 73
github.com/gofiber/fiber/v3/middleware/cors/cors.go:214.69,215.16 1 92
github.com/gofiber/fiber/v3/middleware/cors/cors.go:215.16,217.3 1 0
github.com/gofiber/fiber/v3/middleware/cors/cors.go:219.2,219.26 1 92
github.com/gofiber/fiber/v3/middleware/cors/cors.go:219.26,221.25 1 6
github.com/gofiber/fiber/v3/middleware/cors/cors.go:221.25,224.4 2 0
github.com/gofiber/fiber/v3/middleware/cors/cors.go:224.9,224.31 1 6
github.com/gofiber/fiber/v3/middleware/cors/cors.go:224.31,227.4 2 4
github.com/gofiber/fiber/v3/middleware/cors/cors.go:228.8,228.30 1 86
github.com/gofiber/fiber/v3/middleware/cors/cors.go:228.30,231.3 1 63
github.com/gofiber/fiber/v3/middleware/cors/cors.go:234.2,234.32 1 92
github.com/gofiber/fiber/v3/middleware/cors/cors.go:234.32,236.3 1 5
github.com/gofiber/fiber/v3/middleware/cors/cors.go:240.80,244.34 2 73
github.com/gofiber/fiber/v3/middleware/cors/cors.go:244.34,246.3 1 2
github.com/gofiber/fiber/v3/middleware/cors/cors.go:246.8,246.41 1 71
github.com/gofiber/fiber/v3/middleware/cors/cors.go:246.41,248.3 1 1
github.com/gofiber/fiber/v3/middleware/cors/utils.go:11.47,15.2 3 10
github.com/gofiber/fiber/v3/middleware/cors/utils.go:18.43,20.65 1 14
github.com/gofiber/fiber/v3/middleware/cors/utils.go:20.65,22.3 1 2
github.com/gofiber/fiber/v3/middleware/cors/utils.go:22.8,22.71 1 12
github.com/gofiber/fiber/v3/middleware/cors/utils.go:22.71,24.3 1 8
github.com/gofiber/fiber/v3/middleware/cors/utils.go:27.2,27.36 1 14
github.com/gofiber/fiber/v3/middleware/cors/utils.go:27.36,28.57 1 13
github.com/gofiber/fiber/v3/middleware/cors/utils.go:28.57,30.4 1 3
github.com/gofiber/fiber/v3/middleware/cors/utils.go:33.2,33.14 1 14
github.com/gofiber/fiber/v3/middleware/cors/utils.go:40.69,42.16 2 96
github.com/gofiber/fiber/v3/middleware/cors/utils.go:42.16,44.3 1 2
github.com/gofiber/fiber/v3/middleware/cors/utils.go:49.2,49.52 1 94
github.com/gofiber/fiber/v3/middleware/cors/utils.go:49.52,51.3 1 6
github.com/gofiber/fiber/v3/middleware/cors/utils.go:55.2,59.31 1 88
github.com/gofiber/fiber/v3/middleware/cors/utils.go:59.31,61.3 1 26
github.com/gofiber/fiber/v3/middleware/cors/utils.go:65.2,65.106 1 62
github.com/gofiber/fiber/v3/middleware/cors/utils.go:74.41,76.44 1 23
github.com/gofiber/fiber/v3/middleware/cors/utils.go:76.44,78.3 1 4
github.com/gofiber/fiber/v3/middleware/cors/utils.go:80.2,80.72 1 19
github.com/gofiber/fiber/v3/middleware/cors/utils.go:80.72,82.3 1 5
github.com/gofiber/fiber/v3/middleware/cors/utils.go:87.2,88.39 2 14
github.com/gofiber/fiber/v3/middleware/cors/utils.go:88.39,90.3 1 0
github.com/gofiber/fiber/v3/middleware/cors/utils.go:91.2,91.34 1 14
github.com/gofiber/fiber/v3/middleware/cors/utils.go:91.34,93.3 1 2
github.com/gofiber/fiber/v3/middleware/cors/utils.go:97.2,98.77 2 12
github.com/gofiber/fiber/v3/middleware/cors/utils.go:98.77,100.3 1 2
github.com/gofiber/fiber/v3/middleware/cors/utils.go:102.2,102.13 1 10
github.com/gofiber/fiber/v3/client/client.go:78.75,80.2 1 227
github.com/gofiber/fiber/v3/client/client.go:84.105,86.2 1 2
github.com/gofiber/fiber/v3/client/client.go:90.103,92.2 1 2
github.com/gofiber/fiber/v3/client/client.go:95.102,97.2 1 5
github.com/gofiber/fiber/v3/client/client.go:100.41,102.2 1 2
github.com/gofiber/fiber/v3/client/client.go:104.49,106.2 1 14
github.com/gofiber/fiber/v3/client/client.go:108.53,110.2 1 11
github.com/gofiber/fiber/v3/client/client.go:112.52,114.2 1 90
github.com/gofiber/fiber/v3/client/client.go:117.52,118.62 1 8
github.com/gofiber/fiber/v3/client/client.go:118.62,120.3 1 4
github.com/gofiber/fiber/v3/client/client.go:121.2,121.12 1 4
github.com/gofiber/fiber/v3/client/client.go:125.52,126.58 1 12
github.com/gofiber/fiber/v3/client/client.go:126.58,128.3 1 6
github.com/gofiber/fiber/v3/client/client.go:129.2,129.12 1 6
github.com/gofiber/fiber/v3/client/client.go:133.48,134.56 1 10
github.com/gofiber/fiber/v3/client/client.go:134.56,136.3 1 5
github.com/gofiber/fiber/v3/client/client.go:137.2,137.12 1 5
github.com/gofiber/fiber/v3/client/client.go:141.31,143.2 1 3
github.com/gofiber/fiber/v3/client/client.go:146.46,148.2 1 3
github.com/gofiber/fiber/v3/client/client.go:151.59,157.2 4 7
github.com/gofiber/fiber/v3/client/client.go:160.48,162.2 1 2
github.com/gofiber/fiber/v3/client/client.go:165.61,171.2 4 4
github.com/gofiber/fiber/v3/client/client.go:174.50,176.2 1 2
github.com/gofiber/fiber/v3/client/client.go:179.62,182.2 2 2
github.com/gofiber/fiber/v3/client/client.go:185.54,187.2 1 2
github.com/gofiber/fiber/v3/client/client.go:190.66,193.2 2 2
github.com/gofiber/fiber/v3/client/client.go:196.48,198.2 1 2
github.com/gofiber/fiber/v3/client/client.go:201.60,204.2 2 2
github.com/gofiber/fiber/v3/client/client.go:207.52,209.2 1 2
github.com/gofiber/fiber/v3/client/client.go:212.64,215.2 2 2
github.com/gofiber/fiber/v3/client/client.go:218.50,220.2 1 2
github.com/gofiber/fiber/v3/client/client.go:223.62,226.2 2 2
github.com/gofiber/fiber/v3/client/client.go:229.54,231.2 1 2
github.com/gofiber/fiber/v3/client/client.go:234.66,237.2 2 1
github.com/gofiber/fiber/v3/client/client.go:241.42,245.45 3 14
github.com/gofiber/fiber/v3/client/client.go:245.45,247.3 1 8
github.com/gofiber/fiber/v3/client/client.go:248.2,250.12 3 6
github.com/gofiber/fiber/v3/client/client.go:254.59,260.2 4 5
github.com/gofiber/fiber/v3/client/client.go:263.68,267.2 3 1
github.com/gofiber/fiber/v3/client/client.go:270.58,273.16 3 3
github.com/gofiber/fiber/v3/client/client.go:273.16,275.3 1 1
github.com/gofiber/fiber/v3/client/client.go:276.2,276.15 1 2
github.com/gofiber/fiber/v3/client/client.go:276.15,277.48 1 2
github.com/gofiber/fiber/v3/client/client.go:277.48,279.4 1 0
github.com/gofiber/fiber/v3/client/client.go:282.2,283.16 2 2
github.com/gofiber/fiber/v3/client/client.go:283.16,285.3 1 0
github.com/gofiber/fiber/v3/client/client.go:287.2,288.27 2 2
github.com/gofiber/fiber/v3/client/client.go:288.27,290.3 1 2
github.com/gofiber/fiber/v3/client/client.go:292.2,292.45 1 2
github.com/gofiber/fiber/v3/client/client.go:292.45,294.3 1 1
github.com/gofiber/fiber/v3/client/client.go:296.2,296.10 1 1
github.com/gofiber/fiber/v3/client/client.go:300.67,303.27 2 2
github.com/gofiber/fiber/v3/client/client.go:303.27,305.3 1 2
github.com/gofiber/fiber/v3/client/client.go:307.2,307.53 1 2
github.com/gofiber/fiber/v3/client/client.go:307.53,309.3 1 1
github.com/gofiber/fiber/v3/client/client.go:311.2,311.10 1 1
github.com/gofiber/fiber/v3/client/client.go:315.53,325.16 5 4
github.com/gofiber/fiber/v3/client/client.go:325.16,327.3 1 1
github.com/gofiber/fiber/v3/client/client.go:328.2,329.12 2 3
github.com/gofiber/fiber/v3/client/client.go:333.45,335.2 1 230
github.com/gofiber/fiber/v3/client/client.go:338.62,344.2 4 5
github.com/gofiber/fiber/v3/client/client.go:347.35,349.2 1 2
github.com/gofiber/fiber/v3/client/client.go:352.49,355.2 2 9
github.com/gofiber/fiber/v3/client/client.go:358.46,360.2 1 7
github.com/gofiber/fiber/v3/client/client.go:363.53,366.2 2 6
github.com/gofiber/fiber/v3/client/client.go:369.53,372.2 2 7
github.com/gofiber/fiber/v3/client/client.go:375.60,378.2 2 2
github.com/gofiber/fiber/v3/client/client.go:383.58,386.2 2 4
github.com/gofiber/fiber/v3/client/client.go:389.45,392.24 3 18
github.com/gofiber/fiber/v3/client/client.go:392.24,394.3 1 20
github.com/gofiber/fiber/v3/client/client.go:396.2,396.12 1 18
github.com/gofiber/fiber/v3/client/client.go:401.52,404.2 2 4
github.com/gofiber/fiber/v3/client/client.go:407.52,410.2 2 7
github.com/gofiber/fiber/v3/client/client.go:413.59,416.2 2 1
github.com/gofiber/fiber/v3/client/client.go:419.57,422.2 2 3
github.com/gofiber/fiber/v3/client/client.go:425.53,428.2 2 1
github.com/gofiber/fiber/v3/client/client.go:431.51,432.24 1 1
github.com/gofiber/fiber/v3/client/client.go:432.24,434.3 1 2
github.com/gofiber/fiber/v3/client/client.go:435.2,435.10 1 1
github.com/gofiber/fiber/v3/client/client.go:439.50,442.2 2 8
github.com/gofiber/fiber/v3/client/client.go:445.47,448.2 2 4
github.com/gofiber/fiber/v3/client/client.go:451.48,453.2 1 239
github.com/gofiber/fiber/v3/client/client.go:456.66,459.2 2 2
github.com/gofiber/fiber/v3/client/client.go:462.47,463.35 1 12
github.com/gofiber/fiber/v3/client/client.go:463.35,465.3 1 11
github.com/gofiber/fiber/v3/client/client.go:466.2,466.11 1 1
github.com/gofiber/fiber/v3/client/client.go:470.56,473.2 2 6
github.com/gofiber/fiber/v3/client/client.go:476.61,479.2 2 4
github.com/gofiber/fiber/v3/client/client.go:482.57,485.2 2 1
github.com/gofiber/fiber/v3/client/client.go:488.55,491.2 2 1
github.com/gofiber/fiber/v3/client/client.go:494.44,495.38 1 12
github.com/gofiber/fiber/v3/client/client.go:495.38,497.3 1 11
github.com/gofiber/fiber/v3/client/client.go:498.2,498.11 1 1
github.com/gofiber/fiber/v3/client/client.go:502.53,505.2 2 5
github.com/gofiber/fiber/v3/client/client.go:508.58,511.2 2 7
github.com/gofiber/fiber/v3/client/client.go:514.54,517.2 2 1
github.com/gofiber/fiber/v3/client/client.go:520.52,523.2 2 3
github.com/gofiber/fiber/v3/client/client.go:526.54,529.2 2 3
github.com/gofiber/fiber/v3/client/client.go:532.34,535.2 2 2
github.com/gofiber/fiber/v3/client/client.go:538.41,541.2 2 1
github.com/gofiber/fiber/v3/client/client.go:544.44,546.2 1 6
github.com/gofiber/fiber/v3/client/client.go:552.61,555.2 2 11
github.com/gofiber/fiber/v3/client/client.go:558.61,561.2 2 6
github.com/gofiber/fiber/v3/client/client.go:564.68,568.2 3 50
github.com/gofiber/fiber/v3/client/client.go:571.69,575.2 3 10
github.com/gofiber/fiber/v3/client/client.go:578.69,582.2 3 2
github.com/gofiber/fiber/v3/client/client.go:585.68,589.2 3 10
github.com/gofiber/fiber/v3/client/client.go:592.71,596.2 3 10
github.com/gofiber/fiber/v3/client/client.go:599.72,603.2 3 10
github.com/gofiber/fiber/v3/client/client.go:606.70,610.2 3 10
github.com/gofiber/fiber/v3/client/client.go:613.79,617.2 3 25
github.com/gofiber/fiber/v3/client/client.go:620.58,626.2 4 87
github.com/gofiber/fiber/v3/client/client.go:629.61,635.2 4 3
github.com/gofiber/fiber/v3/client/client.go:638.44,640.2 1 2
github.com/gofiber/fiber/v3/client/client.go:645.26,655.24 9 3
github.com/gofiber/fiber/v3/client/client.go:655.24,658.3 2 1
github.com/gofiber/fiber/v3/client/client.go:660.2,663.18 4 3
github.com/gofiber/fiber/v3/client/client.go:686.57,687.22 1 141
github.com/gofiber/fiber/v3/client/client.go:687.22,689.3 1 85
github.com/gofiber/fiber/v3/client/client.go:690.2,692.20 2 56
github.com/gofiber/fiber/v3/client/client.go:692.20,694.3 1 1
github.com/gofiber/fiber/v3/client/client.go:696.2,696.25 1 56
github.com/gofiber/fiber/v3/client/client.go:696.25,698.3 1 1
github.com/gofiber/fiber/v3/client/client.go:700.2,700.23 1 56
github.com/gofiber/fiber/v3/client/client.go:700.23,702.3 1 1
github.com/gofiber/fiber/v3/client/client.go:704.2,704.23 1 56
github.com/gofiber/fiber/v3/client/client.go:704.23,706.3 1 1
github.com/gofiber/fiber/v3/client/client.go:708.2,708.22 1 56
github.com/gofiber/fiber/v3/client/client.go:708.22,710.3 1 1
github.com/gofiber/fiber/v3/client/client.go:712.2,712.23 1 56
github.com/gofiber/fiber/v3/client/client.go:712.23,714.3 1 1
github.com/gofiber/fiber/v3/client/client.go:716.2,716.26 1 56
github.com/gofiber/fiber/v3/client/client.go:716.26,718.3 1 1
github.com/gofiber/fiber/v3/client/client.go:720.2,720.22 1 56
github.com/gofiber/fiber/v3/client/client.go:720.22,722.3 1 1
github.com/gofiber/fiber/v3/client/client.go:724.2,724.27 1 56
github.com/gofiber/fiber/v3/client/client.go:724.27,726.3 1 3
github.com/gofiber/fiber/v3/client/client.go:728.2,728.32 1 56
github.com/gofiber/fiber/v3/client/client.go:728.32,730.3 1 0
github.com/gofiber/fiber/v3/client/client.go:732.2,732.21 1 56
github.com/gofiber/fiber/v3/client/client.go:732.21,733.31 1 4
github.com/gofiber/fiber/v3/client/client.go:734.15,735.21 1 1
github.com/gofiber/fiber/v3/client/client.go:736.15,737.29 1 1
github.com/gofiber/fiber/v3/client/client.go:738.11,739.25 1 2
github.com/gofiber/fiber/v3/client/client.go:741.3,741.9 1 4
github.com/gofiber/fiber/v3/client/client.go:744.2,744.25 1 52
github.com/gofiber/fiber/v3/client/client.go:744.25,747.3 2 40
github.com/gofiber/fiber/v3/client/client.go:749.2,749.24 1 12
github.com/gofiber/fiber/v3/client/client.go:749.24,752.3 2 1
github.com/gofiber/fiber/v3/client/client.go:761.13,763.2 1 1
github.com/gofiber/fiber/v3/client/client.go:766.20,771.2 1 220
github.com/gofiber/fiber/v3/client/client.go:774.48,775.14 1 222
github.com/gofiber/fiber/v3/client/client.go:775.14,776.43 1 1
github.com/gofiber/fiber/v3/client/client.go:778.2,778.49 1 221
github.com/gofiber/fiber/v3/client/client.go:782.56,783.14 1 9
github.com/gofiber/fiber/v3/client/client.go:783.14,784.47 1 1
github.com/gofiber/fiber/v3/client/client.go:786.2,786.45 1 8
github.com/gofiber/fiber/v3/client/client.go:790.52,791.14 1 9
github.com/gofiber/fiber/v3/client/client.go:791.14,792.45 1 1
github.com/gofiber/fiber/v3/client/client.go:794.2,794.43 1 8
github.com/gofiber/fiber/v3/client/client.go:797.55,821.2 1 237
github.com/gofiber/fiber/v3/client/client.go:824.18,826.2 1 44043
github.com/gofiber/fiber/v3/client/client.go:829.32,835.16 4 4001
github.com/gofiber/fiber/v3/client/client.go:835.16,840.3 3 4001
github.com/gofiber/fiber/v3/client/client.go:844.56,846.2 1 9
github.com/gofiber/fiber/v3/client/client.go:849.57,851.2 1 5
github.com/gofiber/fiber/v3/client/client.go:854.57,856.2 1 1
github.com/gofiber/fiber/v3/client/client.go:859.56,861.2 1 5
github.com/gofiber/fiber/v3/client/client.go:864.59,866.2 1 5
github.com/gofiber/fiber/v3/client/client.go:869.60,871.2 1 5
github.com/gofiber/fiber/v3/client/client.go:874.58,876.2 1 5
github.com/gofiber/fiber/v3/client/cookiejar.go:19.18,21.3 1 6
github.com/gofiber/fiber/v3/client/cookiejar.go:25.36,27.9 2 6
github.com/gofiber/fiber/v3/client/cookiejar.go:27.9,28.35 1 0
github.com/gofiber/fiber/v3/client/cookiejar.go:31.2,31.12 1 6
github.com/gofiber/fiber/v3/client/cookiejar.go:35.37,38.2 2 5
github.com/gofiber/fiber/v3/client/cookiejar.go:69.64,70.16 1 39
github.com/gofiber/fiber/v3/client/cookiejar.go:70.16,72.3 1 0
github.com/gofiber/fiber/v3/client/cookiejar.go:74.2,75.60 2 39
github.com/gofiber/fiber/v3/client/cookiejar.go:79.90,80.27 1 44
github.com/gofiber/fiber/v3/client/cookiejar.go:80.27,82.3 1 0
github.com/gofiber/fiber/v3/client/cookiejar.go:84.2,91.16 3 44
github.com/gofiber/fiber/v3/client/cookiejar.go:91.16,93.3 1 43
github.com/gofiber/fiber/v3/client/cookiejar.go:94.2,94.52 1 44
github.com/gofiber/fiber/v3/client/cookiejar.go:98.71,106.28 6 5
github.com/gofiber/fiber/v3/client/cookiejar.go:106.28,109.82 2 8
github.com/gofiber/fiber/v3/client/cookiejar.go:109.82,111.12 2 0
github.com/gofiber/fiber/v3/client/cookiejar.go:113.3,113.26 1 8
github.com/gofiber/fiber/v3/client/cookiejar.go:115.2,118.26 3 5
github.com/gofiber/fiber/v3/client/cookiejar.go:118.26,120.3 1 8
github.com/gofiber/fiber/v3/client/cookiejar.go:121.2,121.12 1 5
github.com/gofiber/fiber/v3/client/cookiejar.go:127.98,135.46 6 44
github.com/gofiber/fiber/v3/client/cookiejar.go:135.46,136.24 1 44
github.com/gofiber/fiber/v3/client/cookiejar.go:136.24,137.12 1 0
github.com/gofiber/fiber/v3/client/cookiejar.go:139.3,139.33 1 44
github.com/gofiber/fiber/v3/client/cookiejar.go:139.33,140.12 1 6
github.com/gofiber/fiber/v3/client/cookiejar.go:143.3,144.30 2 38
github.com/gofiber/fiber/v3/client/cookiejar.go:144.30,146.83 2 60
github.com/gofiber/fiber/v3/client/cookiejar.go:146.83,148.13 2 1
github.com/gofiber/fiber/v3/client/cookiejar.go:150.4,152.39 2 59
github.com/gofiber/fiber/v3/client/cookiejar.go:152.39,153.13 1 7
github.com/gofiber/fiber/v3/client/cookiejar.go:155.4,155.34 1 52
github.com/gofiber/fiber/v3/client/cookiejar.go:155.34,156.13 1 10
github.com/gofiber/fiber/v3/client/cookiejar.go:158.4,158.29 1 42
github.com/gofiber/fiber/v3/client/cookiejar.go:158.29,159.13 1 1
github.com/gofiber/fiber/v3/client/cookiejar.go:161.4,163.33 3 41
github.com/gofiber/fiber/v3/client/cookiejar.go:165.3,165.32 1 38
github.com/gofiber/fiber/v3/client/cookiejar.go:168.2,168.16 1 44
github.com/gofiber/fiber/v3/client/cookiejar.go:175.74,176.16 1 17
github.com/gofiber/fiber/v3/client/cookiejar.go:176.16,178.3 1 0
github.com/gofiber/fiber/v3/client/cookiejar.go:179.2,179.38 1 17
github.com/gofiber/fiber/v3/client/cookiejar.go:186.74,188.57 2 34
github.com/gofiber/fiber/v3/client/cookiejar.go:188.57,190.3 1 1
github.com/gofiber/fiber/v3/client/cookiejar.go:191.2,197.27 5 34
github.com/gofiber/fiber/v3/client/cookiejar.go:197.27,199.3 1 21
github.com/gofiber/fiber/v3/client/cookiejar.go:201.2,201.33 1 34
github.com/gofiber/fiber/v3/client/cookiejar.go:201.33,207.18 6 38
github.com/gofiber/fiber/v3/client/cookiejar.go:207.18,209.24 2 5
github.com/gofiber/fiber/v3/client/cookiejar.go:209.24,210.13 1 2
github.com/gofiber/fiber/v3/client/cookiejar.go:212.4,213.19 2 3
github.com/gofiber/fiber/v3/client/cookiejar.go:213.19,216.5 2 3
github.com/gofiber/fiber/v3/client/cookiejar.go:219.3,222.22 3 36
github.com/gofiber/fiber/v3/client/cookiejar.go:222.22,225.4 2 33
github.com/gofiber/fiber/v3/client/cookiejar.go:225.9,226.31 1 3
github.com/gofiber/fiber/v3/client/cookiejar.go:226.31,227.42 1 4
github.com/gofiber/fiber/v3/client/cookiejar.go:227.42,229.11 2 3
github.com/gofiber/fiber/v3/client/cookiejar.go:233.3,235.36 3 36
github.com/gofiber/fiber/v3/client/cookiejar.go:242.59,248.2 4 16
github.com/gofiber/fiber/v3/client/cookiejar.go:253.71,259.2 4 0
github.com/gofiber/fiber/v3/client/cookiejar.go:262.62,266.33 4 5
github.com/gofiber/fiber/v3/client/cookiejar.go:266.33,269.3 2 9
github.com/gofiber/fiber/v3/client/cookiejar.go:273.84,275.57 2 16
github.com/gofiber/fiber/v3/client/cookiejar.go:275.57,277.3 1 0
github.com/gofiber/fiber/v3/client/cookiejar.go:278.2,284.27 5 16
github.com/gofiber/fiber/v3/client/cookiejar.go:284.27,286.3 1 11
github.com/gofiber/fiber/v3/client/cookiejar.go:288.2,289.46 2 16
github.com/gofiber/fiber/v3/client/cookiejar.go:289.46,297.17 7 16
github.com/gofiber/fiber/v3/client/cookiejar.go:297.17,299.4 1 7
github.com/gofiber/fiber/v3/client/cookiejar.go:299.9,302.24 3 9
github.com/gofiber/fiber/v3/client/cookiejar.go:302.24,304.13 2 4
github.com/gofiber/fiber/v3/client/cookiejar.go:306.4,307.18 2 5
github.com/gofiber/fiber/v3/client/cookiejar.go:307.18,309.5 1 4
github.com/gofiber/fiber/v3/client/cookiejar.go:309.10,312.5 2 1
github.com/gofiber/fiber/v3/client/cookiejar.go:315.3,317.15 3 12
github.com/gofiber/fiber/v3/client/cookiejar.go:317.15,320.4 2 11
github.com/gofiber/fiber/v3/client/cookiejar.go:320.9,321.27 1 1
github.com/gofiber/fiber/v3/client/cookiejar.go:321.27,322.31 1 1
github.com/gofiber/fiber/v3/client/cookiejar.go:322.31,324.11 2 1
github.com/gofiber/fiber/v3/client/cookiejar.go:329.3,330.80 2 12
github.com/gofiber/fiber/v3/client/cookiejar.go:330.80,332.4 1 11
github.com/gofiber/fiber/v3/client/cookiejar.go:332.9,334.30 2 1
github.com/gofiber/fiber/v3/client/cookiejar.go:334.30,335.22 1 3
github.com/gofiber/fiber/v3/client/cookiejar.go:335.22,337.6 1 2
github.com/gofiber/fiber/v3/client/cookiejar.go:339.4,340.29 2 1
github.com/gofiber/fiber/v3/client/cookiejar.go:342.3,342.30 1 12
github.com/gofiber/fiber/v3/client/cookiejar.go:348.32,358.2 1 6
github.com/gofiber/fiber/v3/client/cookiejar.go:361.90,362.29 1 48
github.com/gofiber/fiber/v3/client/cookiejar.go:362.29,364.32 2 23
github.com/gofiber/fiber/v3/client/cookiejar.go:364.32,365.33 1 4
github.com/gofiber/fiber/v3/client/cookiejar.go:365.33,367.5 1 4
github.com/gofiber/fiber/v3/client/cookiejar.go:370.2,370.12 1 44
github.com/gofiber/fiber/v3/client/cookiejar.go:375.49,376.23 1 56
github.com/gofiber/fiber/v3/client/cookiejar.go:376.23,378.3 1 3
github.com/gofiber/fiber/v3/client/cookiejar.go:379.2,379.26 1 56
github.com/gofiber/fiber/v3/client/cookiejar.go:379.26,381.3 1 38
github.com/gofiber/fiber/v3/client/cookiejar.go:382.2,382.38 1 56
github.com/gofiber/fiber/v3/client/cookiejar.go:382.38,384.3 1 40
github.com/gofiber/fiber/v3/client/cookiejar.go:385.2,385.43 1 16
github.com/gofiber/fiber/v3/client/cookiejar.go:385.43,387.3 1 9
github.com/gofiber/fiber/v3/client/cookiejar.go:388.2,388.42 1 7
github.com/gofiber/fiber/v3/client/cookiejar.go:388.42,390.3 1 4
github.com/gofiber/fiber/v3/client/cookiejar.go:391.2,391.74 1 3
github.com/gofiber/fiber/v3/client/cookiejar.go:395.44,398.20 2 50
github.com/gofiber/fiber/v3/client/cookiejar.go:398.20,400.3 1 29
github.com/gofiber/fiber/v3/client/cookiejar.go:401.2,401.44 1 21
github.com/gofiber/fiber/v3/client/cookiejar.go:409.69,410.36 1 14
github.com/gofiber/fiber/v3/client/cookiejar.go:410.36,412.3 1 2
github.com/gofiber/fiber/v3/client/cookiejar.go:414.2,414.20 1 12
github.com/gofiber/fiber/v3/client/cookiejar.go:414.20,415.58 1 2
github.com/gofiber/fiber/v3/client/cookiejar.go:415.58,417.4 1 2
github.com/gofiber/fiber/v3/client/cookiejar.go:418.3,418.60 1 0
github.com/gofiber/fiber/v3/client/cookiejar.go:421.2,421.108 1 10
github.com/gofiber/fiber/v3/client/cookiejar.go:421.108,423.3 1 6
github.com/gofiber/fiber/v3/client/cookiejar.go:425.2,425.59 1 4
github.com/gofiber/fiber/v3/client/cookiejar.go:428.36,429.66 1 21
github.com/gofiber/fiber/v3/client/cookiejar.go:429.66,431.3 1 0
github.com/gofiber/fiber/v3/client/cookiejar.go:433.2,433.33 1 21
github.com/gofiber/fiber/v3/client/cookiejar.go:436.47,440.2 2 8
github.com/gofiber/fiber/v3/client/core.go:38.53,39.40 1 3
github.com/gofiber/fiber/v3/client/core.go:39.40,41.3 1 1
github.com/gofiber/fiber/v3/client/core.go:42.2,43.11 2 2
github.com/gofiber/fiber/v3/client/core.go:43.11,45.3 1 1
github.com/gofiber/fiber/v3/client/core.go:46.2,46.51 1 2
github.com/gofiber/fiber/v3/client/core.go:57.46,62.16 4 228
github.com/gofiber/fiber/v3/client/core.go:62.16,64.3 1 224
github.com/gofiber/fiber/v3/client/core.go:66.2,71.3 1 4
github.com/gofiber/fiber/v3/client/core.go:76.46,82.12 4 228
github.com/gofiber/fiber/v3/client/core.go:82.12,91.16 6 228
github.com/gofiber/fiber/v3/client/core.go:91.16,92.20 1 228
github.com/gofiber/fiber/v3/client/core.go:92.20,94.5 1 228
github.com/gofiber/fiber/v3/client/core.go:97.3,98.16 2 228
github.com/gofiber/fiber/v3/client/core.go:98.16,99.32 1 228
github.com/gofiber/fiber/v3/client/core.go:99.32,100.20 1 1
github.com/gofiber/fiber/v3/client/core.go:100.20,102.6 1 0
github.com/gofiber/fiber/v3/client/core.go:103.5,103.49 1 1
github.com/gofiber/fiber/v3/client/core.go:107.3,108.69 2 228
github.com/gofiber/fiber/v3/client/core.go:108.69,110.4 1 1
github.com/gofiber/fiber/v3/client/core.go:112.3,113.17 2 228
github.com/gofiber/fiber/v3/client/core.go:113.17,115.63 1 4
github.com/gofiber/fiber/v3/client/core.go:115.63,116.136 1 8
github.com/gofiber/fiber/v3/client/core.go:116.136,118.6 1 1
github.com/gofiber/fiber/v3/client/core.go:119.5,119.36 1 7
github.com/gofiber/fiber/v3/client/core.go:121.9,122.135 1 224
github.com/gofiber/fiber/v3/client/core.go:122.135,124.5 1 4
github.com/gofiber/fiber/v3/client/core.go:124.10,126.5 1 220
github.com/gofiber/fiber/v3/client/core.go:129.3,129.17 1 227
github.com/gofiber/fiber/v3/client/core.go:129.17,132.4 2 5
github.com/gofiber/fiber/v3/client/core.go:134.3,147.19 5 222
github.com/gofiber/fiber/v3/client/core.go:150.2,150.9 1 228
github.com/gofiber/fiber/v3/client/core.go:151.24,152.18 1 5
github.com/gofiber/fiber/v3/client/core.go:153.26,154.19 1 218
github.com/gofiber/fiber/v3/client/core.go:155.22,156.13 1 5
github.com/gofiber/fiber/v3/client/core.go:156.13,157.11 1 5
[...]
github.com/gofiber/fiber/v3/middleware/limiter/manager.go:104.3,104.70 1 167
github.com/gofiber/fiber/v3/middleware/limiter/manager.go:104.70,107.4 2 3
github.com/gofiber/fiber/v3/middleware/limiter/manager.go:108.3,109.13 2 164
github.com/gofiber/fiber/v3/middleware/limiter/manager.go:112.2,113.12 2 135
github.com/gofiber/fiber/v3/middleware/limiter/manager.go:116.45,117.24 1 5
github.com/gofiber/fiber/v3/middleware/limiter/manager.go:117.24,119.3 1 3
github.com/gofiber/fiber/v3/middleware/limiter/manager.go:120.2,120.12 1 2
github.com/gofiber/fiber/v3/middleware/limiter/manager_msgp.go:10.55,15.16 5 1
github.com/gofiber/fiber/v3/middleware/limiter/manager_msgp.go:15.16,18.3 2 0
github.com/gofiber/fiber/v3/middleware/limiter/manager_msgp.go:19.2,19.17 1 1
github.com/gofiber/fiber/v3/middleware/limiter/manager_msgp.go:19.17,22.17 3 3
github.com/gofiber/fiber/v3/middleware/limiter/manager_msgp.go:22.17,25.4 2 0
github.com/gofiber/fiber/v3/middleware/limiter/manager_msgp.go:26.3,26.35 1 3
github.com/gofiber/fiber/v3/middleware/limiter/manager_msgp.go:27.19,29.18 2 1
github.com/gofiber/fiber/v3/middleware/limiter/manager_msgp.go:29.18,32.5 2 0
github.com/gofiber/fiber/v3/middleware/limiter/manager_msgp.go:33.19,35.18 2 1
github.com/gofiber/fiber/v3/middleware/limiter/manager_msgp.go:35.18,38.5 2 0
github.com/gofiber/fiber/v3/middleware/limiter/manager_msgp.go:39.14,41.18 2 1
github.com/gofiber/fiber/v3/middleware/limiter/manager_msgp.go:41.18,44.5 2 0
github.com/gofiber/fiber/v3/middleware/limiter/manager_msgp.go:45.11,47.18 2 0
github.com/gofiber/fiber/v3/middleware/limiter/manager_msgp.go:47.18,50.5 2 0
github.com/gofiber/fiber/v3/middleware/limiter/manager_msgp.go:53.2,53.8 1 1
github.com/gofiber/fiber/v3/middleware/limiter/manager_msgp.go:57.54,61.16 2 2
github.com/gofiber/fiber/v3/middleware/limiter/manager_msgp.go:61.16,63.3 1 0
github.com/gofiber/fiber/v3/middleware/limiter/manager_msgp.go:64.2,65.16 2 2
github.com/gofiber/fiber/v3/middleware/limiter/manager_msgp.go:65.16,68.3 2 0
github.com/gofiber/fiber/v3/middleware/limiter/manager_msgp.go:70.2,71.16 2 2
github.com/gofiber/fiber/v3/middleware/limiter/manager_msgp.go:71.16,73.3 1 0
github.com/gofiber/fiber/v3/middleware/limiter/manager_msgp.go:74.2,75.16 2 2
github.com/gofiber/fiber/v3/middleware/limiter/manager_msgp.go:75.16,78.3 2 0
github.com/gofiber/fiber/v3/middleware/limiter/manager_msgp.go:80.2,81.16 2 2
github.com/gofiber/fiber/v3/middleware/limiter/manager_msgp.go:81.16,83.3 1 0
github.com/gofiber/fiber/v3/middleware/limiter/manager_msgp.go:84.2,85.16 2 2
github.com/gofiber/fiber/v3/middleware/limiter/manager_msgp.go:85.16,88.3 2 0
github.com/gofiber/fiber/v3/middleware/limiter/manager_msgp.go:89.2,89.8 1 2
github.com/gofiber/fiber/v3/middleware/limiter/manager_msgp.go:93.58,106.2 8 168
github.com/gofiber/fiber/v3/middleware/limiter/manager_msgp.go:109.63,114.16 5 140
github.com/gofiber/fiber/v3/middleware/limiter/manager_msgp.go:114.16,117.3 2 0
github.com/gofiber/fiber/v3/middleware/limiter/manager_msgp.go:118.2,118.17 1 140
github.com/gofiber/fiber/v3/middleware/limiter/manager_msgp.go:118.17,121.17 3 420
github.com/gofiber/fiber/v3/middleware/limiter/manager_msgp.go:121.17,124.4 2 0
github.com/gofiber/fiber/v3/middleware/limiter/manager_msgp.go:125.3,125.35 1 420
github.com/gofiber/fiber/v3/middleware/limiter/manager_msgp.go:126.19,128.18 2 140
github.com/gofiber/fiber/v3/middleware/limiter/manager_msgp.go:128.18,131.5 2 0
github.com/gofiber/fiber/v3/middleware/limiter/manager_msgp.go:132.19,134.18 2 140
github.com/gofiber/fiber/v3/middleware/limiter/manager_msgp.go:134.18,137.5 2 0
github.com/gofiber/fiber/v3/middleware/limiter/manager_msgp.go:138.14,140.18 2 140
github.com/gofiber/fiber/v3/middleware/limiter/manager_msgp.go:140.18,143.5 2 0
github.com/gofiber/fiber/v3/middleware/limiter/manager_msgp.go:144.11,146.18 2 0
github.com/gofiber/fiber/v3/middleware/limiter/manager_msgp.go:146.18,149.5 2 0
github.com/gofiber/fiber/v3/middleware/limiter/manager_msgp.go:152.2,153.8 2 140
github.com/gofiber/fiber/v3/middleware/limiter/manager_msgp.go:157.33,160.2 2 169
github.com/gofiber/fiber/v3/middleware/idempotency/config.go:59.31,62.3 1 130
github.com/gofiber/fiber/v3/middleware/idempotency/config.go:67.42,68.35 1 123
github.com/gofiber/fiber/v3/middleware/idempotency/config.go:68.35,70.4 1 2
github.com/gofiber/fiber/v3/middleware/idempotency/config.go:72.3,72.13 1 121
github.com/gofiber/fiber/v3/middleware/idempotency/config.go:84.45,86.21 1 14
github.com/gofiber/fiber/v3/middleware/idempotency/config.go:86.21,95.3 4 2
github.com/gofiber/fiber/v3/middleware/idempotency/config.go:98.2,102.21 2 12
github.com/gofiber/fiber/v3/middleware/idempotency/config.go:102.21,104.3 1 11
github.com/gofiber/fiber/v3/middleware/idempotency/config.go:106.2,106.37 1 12
github.com/gofiber/fiber/v3/middleware/idempotency/config.go:106.37,108.3 1 10
github.com/gofiber/fiber/v3/middleware/idempotency/config.go:110.2,110.25 1 12
github.com/gofiber/fiber/v3/middleware/idempotency/config.go:110.25,112.3 1 11
github.com/gofiber/fiber/v3/middleware/idempotency/config.go:113.2,113.34 1 12
github.com/gofiber/fiber/v3/middleware/idempotency/config.go:113.34,115.3 1 12
github.com/gofiber/fiber/v3/middleware/idempotency/config.go:117.2,117.73 1 12
github.com/gofiber/fiber/v3/middleware/idempotency/config.go:117.73,119.3 1 1
github.com/gofiber/fiber/v3/middleware/idempotency/config.go:121.2,121.21 1 12
github.com/gofiber/fiber/v3/middleware/idempotency/config.go:121.21,123.3 1 2
github.com/gofiber/fiber/v3/middleware/idempotency/config.go:125.2,125.24 1 12
github.com/gofiber/fiber/v3/middleware/idempotency/config.go:125.24,129.3 1 2
github.com/gofiber/fiber/v3/middleware/idempotency/config.go:131.2,131.12 1 12
github.com/gofiber/fiber/v3/middleware/idempotency/idempotency.go:29.36,31.2 1 115
github.com/gofiber/fiber/v3/middleware/idempotency/idempotency.go:35.38,37.34 2 14
github.com/gofiber/fiber/v3/middleware/idempotency/idempotency.go:37.34,39.3 1 6
github.com/gofiber/fiber/v3/middleware/idempotency/idempotency.go:40.2,40.19 1 8
github.com/gofiber/fiber/v3/middleware/idempotency/idempotency.go:45.42,51.37 3 12
github.com/gofiber/fiber/v3/middleware/idempotency/idempotency.go:51.37,52.17 1 1
github.com/gofiber/fiber/v3/middleware/idempotency/idempotency.go:52.17,54.4 1 1
github.com/gofiber/fiber/v3/middleware/idempotency/idempotency.go:55.3,55.13 1 0
github.com/gofiber/fiber/v3/middleware/idempotency/idempotency.go:58.2,59.44 2 12
github.com/gofiber/fiber/v3/middleware/idempotency/idempotency.go:59.44,63.3 1 1
github.com/gofiber/fiber/v3/middleware/idempotency/idempotency.go:65.2,65.74 1 12
github.com/gofiber/fiber/v3/middleware/idempotency/idempotency.go:65.74,66.65 1 231
github.com/gofiber/fiber/v3/middleware/idempotency/idempotency.go:66.65,68.4 1 2
github.com/gofiber/fiber/v3/middleware/idempotency/idempotency.go:68.9,68.24 1 229
github.com/gofiber/fiber/v3/middleware/idempotency/idempotency.go:68.24,70.51 2 106
github.com/gofiber/fiber/v3/middleware/idempotency/idempotency.go:70.51,72.5 1 1
github.com/gofiber/fiber/v3/middleware/idempotency/idempotency.go:74.4,76.42 2 105
github.com/gofiber/fiber/v3/middleware/idempotency/idempotency.go:76.42,77.30 1 105
github.com/gofiber/fiber/v3/middleware/idempotency/idempotency.go:77.30,79.6 1 105
github.com/gofiber/fiber/v3/middleware/idempotency/idempotency.go:82.4,82.26 1 105
github.com/gofiber/fiber/v3/middleware/idempotency/idempotency.go:82.26,83.44 1 105
github.com/gofiber/fiber/v3/middleware/idempotency/idempotency.go:83.44,85.6 1 0
github.com/gofiber/fiber/v3/middleware/idempotency/idempotency.go:88.4,90.20 2 105
github.com/gofiber/fiber/v3/middleware/idempotency/idempotency.go:93.3,93.20 1 123
github.com/gofiber/fiber/v3/middleware/idempotency/idempotency.go:96.2,96.33 1 12
github.com/gofiber/fiber/v3/middleware/idempotency/idempotency.go:96.33,98.37 1 130
github.com/gofiber/fiber/v3/middleware/idempotency/idempotency.go:98.37,100.4 1 6
github.com/gofiber/fiber/v3/middleware/idempotency/idempotency.go:103.3,103.33 1 124
github.com/gofiber/fiber/v3/middleware/idempotency/idempotency.go:103.33,105.4 1 3
github.com/gofiber/fiber/v3/middleware/idempotency/idempotency.go:108.3,109.52 2 121
github.com/gofiber/fiber/v3/middleware/idempotency/idempotency.go:109.52,111.4 1 1
github.com/gofiber/fiber/v3/middleware/idempotency/idempotency.go:114.3,114.62 1 120
github.com/gofiber/fiber/v3/middleware/idempotency/idempotency.go:114.62,116.4 1 2
github.com/gofiber/fiber/v3/middleware/idempotency/idempotency.go:116.9,116.16 1 118
github.com/gofiber/fiber/v3/middleware/idempotency/idempotency.go:116.16,118.4 1 6
github.com/gofiber/fiber/v3/middleware/idempotency/idempotency.go:120.3,120.44 1 112
github.com/gofiber/fiber/v3/middleware/idempotency/idempotency.go:120.44,122.4 1 1
github.com/gofiber/fiber/v3/middleware/idempotency/idempotency.go:123.3,123.16 1 111
github.com/gofiber/fiber/v3/middleware/idempotency/idempotency.go:123.16,124.47 1 111
github.com/gofiber/fiber/v3/middleware/idempotency/idempotency.go:124.47,126.5 1 1
github.com/gofiber/fiber/v3/middleware/idempotency/idempotency.go:130.3,130.62 1 111
github.com/gofiber/fiber/v3/middleware/idempotency/idempotency.go:130.62,132.4 1 1
github.com/gofiber/fiber/v3/middleware/idempotency/idempotency.go:132.9,132.16 1 110
github.com/gofiber/fiber/v3/middleware/idempotency/idempotency.go:132.16,134.4 1 99
github.com/gofiber/fiber/v3/middleware/idempotency/idempotency.go:137.3,137.34 1 11
github.com/gofiber/fiber/v3/middleware/idempotency/idempotency.go:137.34,140.4 1 2
github.com/gofiber/fiber/v3/middleware/idempotency/idempotency.go:143.3,147.3 2 9
github.com/gofiber/fiber/v3/middleware/idempotency/idempotency.go:147.3,149.55 2 9
github.com/gofiber/fiber/v3/middleware/idempotency/idempotency.go:149.55,151.5 1 0
github.com/gofiber/fiber/v3/middleware/idempotency/idempotency.go:153.4,153.38 1 9
github.com/gofiber/fiber/v3/middleware/idempotency/idempotency.go:153.38,156.5 1 8
github.com/gofiber/fiber/v3/middleware/idempotency/idempotency.go:156.10,159.28 2 1
github.com/gofiber/fiber/v3/middleware/idempotency/idempotency.go:159.28,160.70 1 3
github.com/gofiber/fiber/v3/middleware/idempotency/idempotency.go:160.70,162.7 1 1
github.com/gofiber/fiber/v3/middleware/idempotency/idempotency.go:168.3,169.17 2 9
github.com/gofiber/fiber/v3/middleware/idempotency/idempotency.go:169.17,171.4 1 0
github.com/gofiber/fiber/v3/middleware/idempotency/idempotency.go:174.3,174.78 1 9
github.com/gofiber/fiber/v3/middleware/idempotency/idempotency.go:174.78,176.4 1 1
github.com/gofiber/fiber/v3/middleware/idempotency/idempotency.go:178.3,180.13 2 8
github.com/gofiber/fiber/v3/middleware/idempotency/locker.go:26.45,28.19 2 110
github.com/gofiber/fiber/v3/middleware/idempotency/locker.go:28.19,30.3 1 1
github.com/gofiber/fiber/v3/middleware/idempotency/locker.go:31.2,32.9 2 110
github.com/gofiber/fiber/v3/middleware/idempotency/locker.go:32.9,35.3 2 10
github.com/gofiber/fiber/v3/middleware/idempotency/locker.go:36.2,41.12 4 110
github.com/gofiber/fiber/v3/middleware/idempotency/locker.go:45.47,48.9 3 111
github.com/gofiber/fiber/v3/middleware/idempotency/locker.go:48.9,52.3 2 2
github.com/gofiber/fiber/v3/middleware/idempotency/locker.go:53.2,59.22 5 109
github.com/gofiber/fiber/v3/middleware/idempotency/locker.go:59.22,63.3 1 9
github.com/gofiber/fiber/v3/middleware/idempotency/locker.go:64.2,66.12 2 109
github.com/gofiber/fiber/v3/middleware/idempotency/locker.go:70.34,74.2 1 5
github.com/gofiber/fiber/v3/middleware/idempotency/response_msgp.go:10.59,15.16 5 1
github.com/gofiber/fiber/v3/middleware/idempotency/response_msgp.go:15.16,18.3 2 0
github.com/gofiber/fiber/v3/middleware/idempotency/response_msgp.go:19.2,19.17 1 1
github.com/gofiber/fiber/v3/middleware/idempotency/response_msgp.go:19.17,22.17 3 3
github.com/gofiber/fiber/v3/middleware/idempotency/response_msgp.go:22.17,25.4 2 0
github.com/gofiber/fiber/v3/middleware/idempotency/response_msgp.go:26.3,26.35 1 3
github.com/gofiber/fiber/v3/middleware/idempotency/response_msgp.go:27.13,30.18 3 1
github.com/gofiber/fiber/v3/middleware/idempotency/response_msgp.go:30.18,33.5 2 0
github.com/gofiber/fiber/v3/middleware/idempotency/response_msgp.go:34.4,34.21 1 1
github.com/gofiber/fiber/v3/middleware/idempotency/response_msgp.go:34.21,37.5 2 0
github.com/gofiber/fiber/v3/middleware/idempotency/response_msgp.go:38.4,38.24 1 1
github.com/gofiber/fiber/v3/middleware/idempotency/response_msgp.go:38.24,40.5 1 1
github.com/gofiber/fiber/v3/middleware/idempotency/response_msgp.go:40.10,40.33 1 0
github.com/gofiber/fiber/v3/middleware/idempotency/response_msgp.go:40.33,42.5 1 0
github.com/gofiber/fiber/v3/middleware/idempotency/response_msgp.go:43.4,43.19 1 1
github.com/gofiber/fiber/v3/middleware/idempotency/response_msgp.go:43.19,47.19 4 0
github.com/gofiber/fiber/v3/middleware/idempotency/response_msgp.go:47.19,50.6 2 0
github.com/gofiber/fiber/v3/middleware/idempotency/response_msgp.go:51.5,54.19 4 0
github.com/gofiber/fiber/v3/middleware/idempotency/response_msgp.go:54.19,57.6 2 0
github.com/gofiber/fiber/v3/middleware/idempotency/response_msgp.go:58.5,58.22 1 0
github.com/gofiber/fiber/v3/middleware/idempotency/response_msgp.go:58.22,61.6 2 0
github.com/gofiber/fiber/v3/middleware/idempotency/response_msgp.go:62.5,62.35 1 0
github.com/gofiber/fiber/v3/middleware/idempotency/response_msgp.go:62.35,64.6 1 0
github.com/gofiber/fiber/v3/middleware/idempotency/response_msgp.go:64.11,66.6 1 0
github.com/gofiber/fiber/v3/middleware/idempotency/response_msgp.go:67.5,67.32 1 0
github.com/gofiber/fiber/v3/middleware/idempotency/response_msgp.go:67.32,69.20 2 0
github.com/gofiber/fiber/v3/middleware/idempotency/response_msgp.go:69.20,72.7 2 0
github.com/gofiber/fiber/v3/middleware/idempotency/response_msgp.go:74.5,74.31 1 0
github.com/gofiber/fiber/v3/middleware/idempotency/response_msgp.go:76.12,78.18 2 1
github.com/gofiber/fiber/v3/middleware/idempotency/response_msgp.go:78.18,81.5 2 0
github.com/gofiber/fiber/v3/middleware/idempotency/response_msgp.go:82.13,84.18 2 1
github.com/gofiber/fiber/v3/middleware/idempotency/response_msgp.go:84.18,87.5 2 0
github.com/gofiber/fiber/v3/middleware/idempotency/response_msgp.go:88.11,90.18 2 0
github.com/gofiber/fiber/v3/middleware/idempotency/response_msgp.go:90.18,93.5 2 0
github.com/gofiber/fiber/v3/middleware/idempotency/response_msgp.go:96.2,96.8 1 1
github.com/gofiber/fiber/v3/middleware/idempotency/response_msgp.go:100.59,104.16 2 2
github.com/gofiber/fiber/v3/middleware/idempotency/response_msgp.go:104.16,106.3 1 0
github.com/gofiber/fiber/v3/middleware/idempotency/response_msgp.go:107.2,108.16 2 2
github.com/gofiber/fiber/v3/middleware/idempotency/response_msgp.go:108.16,111.3 2 0
github.com/gofiber/fiber/v3/middleware/idempotency/response_msgp.go:112.2,112.40 1 2
github.com/gofiber/fiber/v3/middleware/idempotency/response_msgp.go:112.40,114.17 2 0
github.com/gofiber/fiber/v3/middleware/idempotency/response_msgp.go:114.17,117.4 2 0
github.com/gofiber/fiber/v3/middleware/idempotency/response_msgp.go:118.3,119.17 2 0
github.com/gofiber/fiber/v3/middleware/idempotency/response_msgp.go:119.17,122.4 2 0
github.com/gofiber/fiber/v3/middleware/idempotency/response_msgp.go:123.3,123.30 1 0
github.com/gofiber/fiber/v3/middleware/idempotency/response_msgp.go:123.30,125.18 2 0
github.com/gofiber/fiber/v3/middleware/idempotency/response_msgp.go:125.18,128.5 2 0
github.com/gofiber/fiber/v3/middleware/idempotency/response_msgp.go:132.2,133.16 2 2
github.com/gofiber/fiber/v3/middleware/idempotency/response_msgp.go:133.16,135.3 1 0
github.com/gofiber/fiber/v3/middleware/idempotency/response_msgp.go:136.2,137.16 2 2
github.com/gofiber/fiber/v3/middleware/idempotency/response_msgp.go:137.16,140.3 2 0
github.com/gofiber/fiber/v3/middleware/idempotency/response_msgp.go:142.2,143.16 2 2
github.com/gofiber/fiber/v3/middleware/idempotency/response_msgp.go:143.16,145.3 1 0
github.com/gofiber/fiber/v3/middleware/idempotency/response_msgp.go:146.2,147.16 2 2
github.com/gofiber/fiber/v3/middleware/idempotency/response_msgp.go:147.16,150.3 2 0
github.com/gofiber/fiber/v3/middleware/idempotency/response_msgp.go:151.2,151.8 1 2
github.com/gofiber/fiber/v3/middleware/idempotency/response_msgp.go:155.63,161.40 4 10
github.com/gofiber/fiber/v3/middleware/idempotency/response_msgp.go:161.40,164.30 3 9
github.com/gofiber/fiber/v3/middleware/idempotency/response_msgp.go:164.30,166.4 1 9
github.com/gofiber/fiber/v3/middleware/idempotency/response_msgp.go:169.2,174.8 5 10
github.com/gofiber/fiber/v3/middleware/idempotency/response_msgp.go:178.67,183.16 5 107
github.com/gofiber/fiber/v3/middleware/idempotency/response_msgp.go:183.16,186.3 2 1
github.com/gofiber/fiber/v3/middleware/idempotency/response_msgp.go:187.2,187.17 1 106
github.com/gofiber/fiber/v3/middleware/idempotency/response_msgp.go:187.17,190.17 3 318
github.com/gofiber/fiber/v3/middleware/idempotency/response_msgp.go:190.17,193.4 2 0
github.com/gofiber/fiber/v3/middleware/idempotency/response_msgp.go:194.3,194.35 1 318
github.com/gofiber/fiber/v3/middleware/idempotency/response_msgp.go:195.13,198.18 3 106
github.com/gofiber/fiber/v3/middleware/idempotency/response_msgp.go:198.18,201.5 2 0
github.com/gofiber/fiber/v3/middleware/idempotency/response_msgp.go:202.4,202.21 1 106
github.com/gofiber/fiber/v3/middleware/idempotency/response_msgp.go:202.21,205.5 2 0
github.com/gofiber/fiber/v3/middleware/idempotency/response_msgp.go:206.4,206.24 1 106
github.com/gofiber/fiber/v3/middleware/idempotency/response_msgp.go:206.24,208.5 1 106
github.com/gofiber/fiber/v3/middleware/idempotency/response_msgp.go:208.10,208.33 1 0
github.com/gofiber/fiber/v3/middleware/idempotency/response_msgp.go:208.33,210.5 1 0
github.com/gofiber/fiber/v3/middleware/idempotency/response_msgp.go:211.4,211.19 1 106
github.com/gofiber/fiber/v3/middleware/idempotency/response_msgp.go:211.19,216.19 5 105
github.com/gofiber/fiber/v3/middleware/idempotency/response_msgp.go:216.19,219.6 2 0
github.com/gofiber/fiber/v3/middleware/idempotency/response_msgp.go:220.5,222.19 3 105
github.com/gofiber/fiber/v3/middleware/idempotency/response_msgp.go:222.19,225.6 2 0
github.com/gofiber/fiber/v3/middleware/idempotency/response_msgp.go:226.5,226.22 1 105
github.com/gofiber/fiber/v3/middleware/idempotency/response_msgp.go:226.22,229.6 2 0
github.com/gofiber/fiber/v3/middleware/idempotency/response_msgp.go:230.5,230.35 1 105
github.com/gofiber/fiber/v3/middleware/idempotency/response_msgp.go:230.35,232.6 1 0
github.com/gofiber/fiber/v3/middleware/idempotency/response_msgp.go:232.11,234.6 1 105
github.com/gofiber/fiber/v3/middleware/idempotency/response_msgp.go:235.5,235.32 1 105
github.com/gofiber/fiber/v3/middleware/idempotency/response_msgp.go:235.32,237.20 2 105
github.com/gofiber/fiber/v3/middleware/idempotency/response_msgp.go:237.20,240.7 2 0
github.com/gofiber/fiber/v3/middleware/idempotency/response_msgp.go:242.5,242.31 1 105
github.com/gofiber/fiber/v3/middleware/idempotency/response_msgp.go:244.12,246.18 2 106
github.com/gofiber/fiber/v3/middleware/idempotency/response_msgp.go:246.18,249.5 2 0
github.com/gofiber/fiber/v3/middleware/idempotency/response_msgp.go:250.13,252.18 2 106
github.com/gofiber/fiber/v3/middleware/idempotency/response_msgp.go:252.18,255.5 2 0
github.com/gofiber/fiber/v3/middleware/idempotency/response_msgp.go:256.11,258.18 2 0
github.com/gofiber/fiber/v3/middleware/idempotency/response_msgp.go:258.18,261.5 2 0
github.com/gofiber/fiber/v3/middleware/idempotency/response_msgp.go:264.2,265.8 2 106
github.com/gofiber/fiber/v3/middleware/idempotency/response_msgp.go:269.38,271.22 2 11
github.com/gofiber/fiber/v3/middleware/idempotency/response_msgp.go:271.22,272.41 1 9
github.com/gofiber/fiber/v3/middleware/idempotency/response_msgp.go:272.41,275.31 3 9
github.com/gofiber/fiber/v3/middleware/idempotency/response_msgp.go:275.31,277.5 1 9
github.com/gofiber/fiber/v3/middleware/idempotency/response_msgp.go:280.2,281.8 2 11
