mode: atomic
github.com/gofiber/fiber/methods.go:12.46,14.2 1 0
github.com/gofiber/fiber/methods.go:18.42,20.2 1 0
github.com/gofiber/fiber/methods.go:24.43,26.2 1 0
github.com/gofiber/fiber/methods.go:29.45,31.2 1 0
github.com/gofiber/fiber/methods.go:35.43,37.2 1 0
github.com/gofiber/fiber/methods.go:40.44,42.2 1 0
github.com/gofiber/fiber/methods.go:46.46,48.2 1 0
github.com/gofiber/fiber/methods.go:52.44,54.2 1 0
github.com/gofiber/fiber/methods.go:58.42,60.2 1 7
github.com/gofiber/fiber/methods.go:63.42,65.2 1 0
github.com/gofiber/fiber/methods.go:68.42,70.2 1 0
github.com/gofiber/fiber/response.go:23.56,24.22 1 1
github.com/gofiber/fiber/response.go:28.2,29.24 2 1
github.com/gofiber/fiber/response.go:36.2,36.19 1 1
github.com/gofiber/fiber/response.go:24.22,26.3 1 0
github.com/gofiber/fiber/response.go:29.24,30.14 1 2
github.com/gofiber/fiber/response.go:30.14,32.4 1 1
github.com/gofiber/fiber/response.go:32.9,34.4 1 1
github.com/gofiber/fiber/response.go:40.44,41.19 1 0
github.com/gofiber/fiber/response.go:47.2,47.58 1 0
github.com/gofiber/fiber/response.go:41.19,46.3 4 0
github.com/gofiber/fiber/response.go:51.45,52.19 1 0
github.com/gofiber/fiber/response.go:59.2,59.63 1 0
github.com/gofiber/fiber/response.go:52.19,53.23 1 0
github.com/gofiber/fiber/response.go:56.3,56.9 1 0
github.com/gofiber/fiber/response.go:53.23,55.4 1 0
github.com/gofiber/fiber/response.go:59.63,61.3 1 0
github.com/gofiber/fiber/response.go:65.67,71.22 4 0
github.com/gofiber/fiber/response.go:111.2,111.46 1 0
github.com/gofiber/fiber/response.go:71.22,72.35 1 0
github.com/gofiber/fiber/response.go:73.16,74.22 1 0
github.com/gofiber/fiber/response.go:77.4,77.22 1 0
github.com/gofiber/fiber/response.go:80.4,80.24 1 0
github.com/gofiber/fiber/response.go:83.4,83.22 1 0
github.com/gofiber/fiber/response.go:86.4,86.20 1 0
github.com/gofiber/fiber/response.go:89.4,89.18 1 0
github.com/gofiber/fiber/response.go:92.4,92.26 1 0
github.com/gofiber/fiber/response.go:106.11,107.51 1 0
github.com/gofiber/fiber/response.go:74.22,76.5 1 0
github.com/gofiber/fiber/response.go:77.22,79.5 1 0
github.com/gofiber/fiber/response.go:80.24,82.5 1 0
github.com/gofiber/fiber/response.go:83.22,85.5 1 0
github.com/gofiber/fiber/response.go:86.20,88.5 1 0
github.com/gofiber/fiber/response.go:89.18,91.5 1 0
github.com/gofiber/fiber/response.go:92.26,94.47 2 0
github.com/gofiber/fiber/response.go:104.5,104.31 1 0
github.com/gofiber/fiber/response.go:94.47,96.6 1 0
github.com/gofiber/fiber/response.go:96.11,96.57 1 0
github.com/gofiber/fiber/response.go:96.57,98.6 1 0
github.com/gofiber/fiber/response.go:98.11,98.55 1 0
github.com/gofiber/fiber/response.go:98.55,100.6 1 0
github.com/gofiber/fiber/response.go:115.55,118.19 2 0
github.com/gofiber/fiber/response.go:122.2,123.20 2 0
github.com/gofiber/fiber/response.go:118.19,120.3 1 0
github.com/gofiber/fiber/response.go:127.24,129.2 0 0
github.com/gofiber/fiber/response.go:132.45,137.22 3 0
github.com/gofiber/fiber/response.go:137.22,138.32 1 0
github.com/gofiber/fiber/response.go:146.3,146.17 1 0
github.com/gofiber/fiber/response.go:139.15,140.14 1 0
github.com/gofiber/fiber/response.go:141.15,142.25 1 0
github.com/gofiber/fiber/response.go:143.11,144.33 1 0
github.com/gofiber/fiber/response.go:147.15,148.41 1 0
github.com/gofiber/fiber/response.go:149.15,150.41 1 0
github.com/gofiber/fiber/response.go:153.11,154.24 1 0
github.com/gofiber/fiber/response.go:150.41,152.5 1 0
github.com/gofiber/fiber/response.go:160.32,162.2 0 0
github.com/gofiber/fiber/response.go:165.43,168.2 2 0
github.com/gofiber/fiber/response.go:171.43,173.16 2 0
github.com/gofiber/fiber/response.go:177.2,180.12 3 0
github.com/gofiber/fiber/response.go:173.16,175.3 1 0
github.com/gofiber/fiber/response.go:184.39,187.2 2 0
github.com/gofiber/fiber/response.go:190.39,193.2 2 0
github.com/gofiber/fiber/response.go:196.58,199.2 2 0
github.com/gofiber/fiber/response.go:202.58,204.16 2 0
github.com/gofiber/fiber/response.go:208.2,209.17 2 0
github.com/gofiber/fiber/response.go:212.2,218.12 5 0
github.com/gofiber/fiber/response.go:204.16,206.3 1 0
github.com/gofiber/fiber/response.go:209.17,211.3 1 0
github.com/gofiber/fiber/response.go:222.40,225.2 2 0
github.com/gofiber/fiber/response.go:228.40,231.2 2 0
github.com/gofiber/fiber/response.go:234.39,236.25 2 0
github.com/gofiber/fiber/response.go:244.2,244.19 1 0
github.com/gofiber/fiber/response.go:236.25,237.15 1 0
github.com/gofiber/fiber/response.go:237.15,239.4 1 0
github.com/gofiber/fiber/response.go:239.9,241.4 1 0
github.com/gofiber/fiber/response.go:244.19,247.3 2 0
github.com/gofiber/fiber/response.go:251.39,253.2 1 0
github.com/gofiber/fiber/response.go:256.24,261.2 4 0
github.com/gofiber/fiber/response.go:264.54,266.21 2 0
github.com/gofiber/fiber/response.go:270.2,271.43 2 0
github.com/gofiber/fiber/response.go:266.21,268.3 1 0
github.com/gofiber/fiber/response.go:275.27,277.2 0 0
github.com/gofiber/fiber/response.go:280.43,281.20 1 0
github.com/gofiber/fiber/response.go:285.2,285.32 1 0
github.com/gofiber/fiber/response.go:281.20,283.3 1 0
github.com/gofiber/fiber/response.go:286.14,287.44 1 0
github.com/gofiber/fiber/response.go:288.14,289.55 1 0
github.com/gofiber/fiber/response.go:290.10,291.63 1 0
github.com/gofiber/fiber/response.go:296.40,298.2 1 0
github.com/gofiber/fiber/response.go:301.53,303.31 1 0
github.com/gofiber/fiber/response.go:308.2,308.40 1 0
github.com/gofiber/fiber/response.go:303.31,306.3 2 0
github.com/gofiber/fiber/response.go:315.40,319.44 2 0
github.com/gofiber/fiber/response.go:319.44,321.16 2 0
github.com/gofiber/fiber/response.go:321.16,323.4 1 0
github.com/gofiber/fiber/response.go:328.41,330.2 1 0
github.com/gofiber/fiber/response.go:333.45,335.2 1 1
github.com/gofiber/fiber/response.go:338.41,341.2 2 0
github.com/gofiber/fiber/response.go:344.39,347.2 2 0
github.com/gofiber/fiber/response.go:350.40,351.22 1 0
github.com/gofiber/fiber/response.go:355.2,356.31 2 0
github.com/gofiber/fiber/response.go:362.2,362.36 1 0
github.com/gofiber/fiber/response.go:351.22,353.3 1 0
github.com/gofiber/fiber/response.go:356.31,357.37 1 0
github.com/gofiber/fiber/response.go:357.37,359.4 1 0
github.com/gofiber/fiber/response.go:366.44,367.22 1 0
github.com/gofiber/fiber/response.go:367.22,368.33 1 0
github.com/gofiber/fiber/response.go:369.15,370.48 1 0
github.com/gofiber/fiber/response.go:371.15,372.59 1 0
github.com/gofiber/fiber/response.go:373.11,374.67 1 0
github.com/gofiber/fiber/response.go:380.42,383.2 2 0
github.com/gofiber/fiber/response.go:386.42,388.16 2 0
github.com/gofiber/fiber/response.go:392.2,395.12 3 0
github.com/gofiber/fiber/response.go:388.16,390.3 1 0
github.com/gofiber/fiber/static.go:17.40,24.20 5 0
github.com/gofiber/fiber/static.go:35.2,35.37 1 0
github.com/gofiber/fiber/static.go:40.2,41.16 2 0
github.com/gofiber/fiber/static.go:46.2,49.29 2 0
github.com/gofiber/fiber/static.go:24.20,26.3 1 0
github.com/gofiber/fiber/static.go:26.8,26.27 1 0
github.com/gofiber/fiber/static.go:26.27,29.23 3 0
github.com/gofiber/fiber/static.go:29.23,31.4 1 0
github.com/gofiber/fiber/static.go:35.37,37.3 1 0
github.com/gofiber/fiber/static.go:41.16,43.3 1 0
github.com/gofiber/fiber/static.go:49.29,51.45 1 0
github.com/gofiber/fiber/static.go:57.3,63.88 3 0
github.com/gofiber/fiber/static.go:70.3,70.91 1 0
github.com/gofiber/fiber/static.go:51.45,52.12 1 0
github.com/gofiber/fiber/static.go:63.88,64.94 1 0
github.com/gofiber/fiber/static.go:64.94,66.5 1 0
github.com/gofiber/fiber/static.go:70.91,72.4 1 0
github.com/gofiber/fiber/utils.go:26.47,29.29 3 7
github.com/gofiber/fiber/utils.go:38.2,38.15 1 7
github.com/gofiber/fiber/utils.go:29.29,30.14 1 14
github.com/gofiber/fiber/utils.go:30.14,31.12 1 14
github.com/gofiber/fiber/utils.go:32.9,32.25 1 0
github.com/gofiber/fiber/utils.go:32.25,34.4 1 0
github.com/gofiber/fiber/utils.go:34.9,34.25 1 0
github.com/gofiber/fiber/utils.go:34.25,36.4 1 0
github.com/gofiber/fiber/utils.go:41.52,44.29 3 0
github.com/gofiber/fiber/utils.go:60.2,62.19 3 0
github.com/gofiber/fiber/utils.go:44.29,45.14 1 0
github.com/gofiber/fiber/utils.go:48.3,48.18 1 0
github.com/gofiber/fiber/utils.go:45.14,46.12 1 0
github.com/gofiber/fiber/utils.go:48.18,49.32 1 0
github.com/gofiber/fiber/utils.go:49.32,51.5 1 0
github.com/gofiber/fiber/utils.go:51.10,53.5 1 0
github.com/gofiber/fiber/utils.go:54.9,54.25 1 0
github.com/gofiber/fiber/utils.go:54.25,56.4 1 0
github.com/gofiber/fiber/utils.go:56.9,58.4 1 0
github.com/gofiber/fiber/utils.go:65.68,66.81 1 0
github.com/gofiber/fiber/utils.go:74.2,74.26 1 0
github.com/gofiber/fiber/utils.go:66.81,67.20 1 0
github.com/gofiber/fiber/utils.go:72.3,72.13 1 0
github.com/gofiber/fiber/utils.go:67.20,69.4 1 0
github.com/gofiber/fiber/utils.go:69.9,71.4 1 0
github.com/gofiber/fiber/utils.go:77.40,78.19 1 2
github.com/gofiber/fiber/utils.go:81.2,82.16 2 2
github.com/gofiber/fiber/utils.go:85.2,85.13 1 2
github.com/gofiber/fiber/utils.go:78.19,80.3 1 1
github.com/gofiber/fiber/utils.go:82.16,84.3 1 0
github.com/gofiber/fiber/utils.go:88.41,90.2 1 0
github.com/gofiber/fiber/utils.go:95.33,97.2 1 33
github.com/gofiber/fiber/utils.go:102.36,108.2 4 2
github.com/gofiber/fiber/utils.go:111.57,139.12 5 7
github.com/gofiber/fiber/utils.go:143.2,143.9 1 7
github.com/gofiber/fiber/utils.go:152.2,153.16 2 7
github.com/gofiber/fiber/utils.go:156.2,157.16 2 7
github.com/gofiber/fiber/utils.go:160.2,160.29 1 7
github.com/gofiber/fiber/utils.go:139.12,141.3 1 7
github.com/gofiber/fiber/utils.go:144.19,145.17 1 7
github.com/gofiber/fiber/utils.go:148.44,149.35 1 0
github.com/gofiber/fiber/utils.go:145.17,147.4 1 0
github.com/gofiber/fiber/utils.go:153.16,155.3 1 0
github.com/gofiber/fiber/utils.go:157.16,159.3 1 0
github.com/gofiber/fiber/utils.go:170.37,172.2 1 14
github.com/gofiber/fiber/utils.go:174.51,176.2 1 21
github.com/gofiber/fiber/utils.go:178.52,180.2 1 7
github.com/gofiber/fiber/utils.go:182.45,186.2 1 0
github.com/gofiber/fiber/utils.go:188.44,190.2 1 0
github.com/gofiber/fiber/utils.go:192.58,194.2 1 0
github.com/gofiber/fiber/utils.go:196.59,198.2 1 0
github.com/gofiber/fiber/application.go:71.19,99.2 2 7
github.com/gofiber/fiber/context.go:39.26,41.3 1 4
github.com/gofiber/fiber/context.go:45.49,49.2 3 7
github.com/gofiber/fiber/context.go:52.27,59.2 6 7
github.com/gofiber/fiber/listen.go:25.60,27.31 2 0
github.com/gofiber/fiber/listen.go:39.2,64.39 2 0
github.com/gofiber/fiber/listen.go:73.2,73.14 1 0
github.com/gofiber/fiber/listen.go:77.2,78.16 2 0
github.com/gofiber/fiber/listen.go:83.2,83.18 1 0
github.com/gofiber/fiber/listen.go:89.2,89.41 1 0
github.com/gofiber/fiber/listen.go:28.11,29.33 1 0
github.com/gofiber/fiber/listen.go:30.14,31.34 1 0
github.com/gofiber/fiber/listen.go:34.3,34.13 1 0
github.com/gofiber/fiber/listen.go:35.10,36.66 1 0
github.com/gofiber/fiber/listen.go:31.34,33.4 1 0
github.com/gofiber/fiber/listen.go:64.39,65.27 1 0
github.com/gofiber/fiber/listen.go:69.3,69.34 1 0
github.com/gofiber/fiber/listen.go:65.27,68.4 2 0
github.com/gofiber/fiber/listen.go:73.14,75.3 1 0
github.com/gofiber/fiber/listen.go:78.16,80.3 1 0
github.com/gofiber/fiber/listen.go:83.18,84.61 1 0
github.com/gofiber/fiber/listen.go:84.61,86.4 1 0
github.com/gofiber/fiber/listen.go:89.41,91.3 1 0
github.com/gofiber/fiber/listen.go:95.78,97.14 1 0
github.com/gofiber/fiber/listen.go:122.2,125.16 3 0
github.com/gofiber/fiber/listen.go:130.2,130.18 1 0
github.com/gofiber/fiber/listen.go:136.2,136.41 1 0
github.com/gofiber/fiber/listen.go:97.14,102.25 2 0
github.com/gofiber/fiber/listen.go:111.3,111.32 1 0
github.com/gofiber/fiber/listen.go:118.3,118.13 1 0
github.com/gofiber/fiber/listen.go:102.25,106.44 4 0
github.com/gofiber/fiber/listen.go:106.44,108.5 1 0
github.com/gofiber/fiber/listen.go:111.32,112.39 1 0
github.com/gofiber/fiber/listen.go:112.39,114.5 1 0
github.com/gofiber/fiber/listen.go:125.16,127.3 1 0
github.com/gofiber/fiber/listen.go:130.18,131.61 1 0
github.com/gofiber/fiber/listen.go:131.61,133.4 1 0
github.com/gofiber/fiber/listen.go:136.41,138.3 1 0
github.com/gofiber/fiber/request.go:21.50,22.22 1 2
github.com/gofiber/fiber/request.go:25.2,26.13 2 2
github.com/gofiber/fiber/request.go:30.2,31.31 2 2
github.com/gofiber/fiber/request.go:55.2,55.11 1 0
github.com/gofiber/fiber/request.go:22.22,24.3 1 0
github.com/gofiber/fiber/request.go:26.13,28.3 1 0
github.com/gofiber/fiber/request.go:31.31,38.30 2 2
github.com/gofiber/fiber/request.go:38.30,40.38 2 5
github.com/gofiber/fiber/request.go:44.4,44.41 1 4
github.com/gofiber/fiber/request.go:48.4,48.36 1 3
github.com/gofiber/fiber/request.go:40.38,42.5 1 1
github.com/gofiber/fiber/request.go:44.41,46.5 1 1
github.com/gofiber/fiber/request.go:48.36,49.65 1 0
github.com/gofiber/fiber/request.go:49.65,51.6 1 0
github.com/gofiber/fiber/request.go:59.58,60.22 1 2
github.com/gofiber/fiber/request.go:64.2,65.13 2 2
github.com/gofiber/fiber/request.go:69.2,70.31 2 2
github.com/gofiber/fiber/request.go:81.2,81.11 1 0
github.com/gofiber/fiber/request.go:60.22,62.3 1 0
github.com/gofiber/fiber/request.go:65.13,67.3 1 0
github.com/gofiber/fiber/request.go:70.31,71.30 1 2
github.com/gofiber/fiber/request.go:71.30,73.36 2 3
github.com/gofiber/fiber/request.go:76.4,76.38 1 3
github.com/gofiber/fiber/request.go:73.36,75.5 1 0
github.com/gofiber/fiber/request.go:76.38,78.5 1 2
github.com/gofiber/fiber/request.go:85.59,86.22 1 2
github.com/gofiber/fiber/request.go:90.2,91.13 2 2
github.com/gofiber/fiber/request.go:95.2,96.31 2 2
github.com/gofiber/fiber/request.go:107.2,107.11 1 0
github.com/gofiber/fiber/request.go:86.22,88.3 1 0
github.com/gofiber/fiber/request.go:91.13,93.3 1 0
github.com/gofiber/fiber/request.go:96.31,97.30 1 2
github.com/gofiber/fiber/request.go:97.30,99.36 2 5
github.com/gofiber/fiber/request.go:102.4,102.38 1 4
github.com/gofiber/fiber/request.go:99.36,101.5 1 1
github.com/gofiber/fiber/request.go:102.38,104.5 1 1
github.com/gofiber/fiber/request.go:111.59,112.22 1 2
github.com/gofiber/fiber/request.go:115.2,116.13 2 2
github.com/gofiber/fiber/request.go:120.2,121.31 2 2
github.com/gofiber/fiber/request.go:132.2,132.11 1 0
github.com/gofiber/fiber/request.go:112.22,114.3 1 0
github.com/gofiber/fiber/request.go:116.13,118.3 1 0
github.com/gofiber/fiber/request.go:121.31,122.30 1 2
github.com/gofiber/fiber/request.go:122.30,124.36 2 4
github.com/gofiber/fiber/request.go:127.4,127.38 1 4
github.com/gofiber/fiber/request.go:124.36,126.5 1 0
github.com/gofiber/fiber/request.go:127.38,129.5 1 2
github.com/gofiber/fiber/request.go:136.34,138.2 1 1
github.com/gofiber/fiber/request.go:141.58,143.16 2 1
github.com/gofiber/fiber/request.go:147.2,150.79 2 1
github.com/gofiber/fiber/request.go:154.2,155.16 2 1
github.com/gofiber/fiber/request.go:159.2,161.11 3 1
github.com/gofiber/fiber/request.go:165.2,165.31 1 1
github.com/gofiber/fiber/request.go:143.16,145.3 1 0
github.com/gofiber/fiber/request.go:150.79,152.3 1 0
github.com/gofiber/fiber/request.go:155.16,157.3 1 0
github.com/gofiber/fiber/request.go:161.11,163.3 1 0
github.com/gofiber/fiber/request.go:169.50,170.20 1 0
github.com/gofiber/fiber/request.go:174.2,174.20 1 0
github.com/gofiber/fiber/request.go:186.2,186.11 1 0
github.com/gofiber/fiber/request.go:170.20,172.3 1 0
github.com/gofiber/fiber/request.go:174.20,175.32 1 0
github.com/gofiber/fiber/request.go:176.15,177.63 1 0
github.com/gofiber/fiber/request.go:178.29,179.70 1 0
github.com/gofiber/fiber/request.go:182.11,183.49 1 0
github.com/gofiber/fiber/request.go:179.70,181.5 1 0
github.com/gofiber/fiber/request.go:190.53,191.20 1 0
github.com/gofiber/fiber/request.go:195.2,195.31 1 0
github.com/gofiber/fiber/request.go:208.2,208.11 1 0
github.com/gofiber/fiber/request.go:191.20,193.3 1 0
github.com/gofiber/fiber/request.go:196.14,197.60 1 0
github.com/gofiber/fiber/request.go:198.14,199.65 1 0
github.com/gofiber/fiber/request.go:200.28,201.64 1 0
github.com/gofiber/fiber/request.go:204.10,205.40 1 0
github.com/gofiber/fiber/request.go:201.64,203.4 1 0
github.com/gofiber/fiber/request.go:212.69,214.2 1 0
github.com/gofiber/fiber/request.go:217.46,219.2 1 0
github.com/gofiber/fiber/request.go:222.30,224.2 1 0
github.com/gofiber/fiber/request.go:227.40,228.23 1 10
github.com/gofiber/fiber/request.go:231.2,231.57 1 10
github.com/gofiber/fiber/request.go:228.23,230.3 1 0
github.com/gofiber/fiber/request.go:235.35,237.2 1 1
github.com/gofiber/fiber/request.go:240.29,243.2 2 0
github.com/gofiber/fiber/request.go:246.29,248.2 1 0
github.com/gofiber/fiber/request.go:251.32,254.2 2 0
github.com/gofiber/fiber/request.go:257.32,259.21 2 0
github.com/gofiber/fiber/request.go:262.2,262.12 1 0
github.com/gofiber/fiber/request.go:259.21,261.3 1 0
github.com/gofiber/fiber/request.go:266.37,267.19 1 0
github.com/gofiber/fiber/request.go:271.2,272.19 2 0
github.com/gofiber/fiber/request.go:279.2,279.14 1 0
github.com/gofiber/fiber/request.go:267.19,269.3 1 0
github.com/gofiber/fiber/request.go:272.19,273.29 1 0
github.com/gofiber/fiber/request.go:273.29,274.19 1 0
github.com/gofiber/fiber/request.go:274.19,276.5 1 0
github.com/gofiber/fiber/request.go:283.68,284.19 1 0
github.com/gofiber/fiber/request.go:288.2,289.12 2 0
github.com/gofiber/fiber/request.go:284.19,286.3 1 0
github.com/gofiber/fiber/request.go:293.33,295.2 1 7
github.com/gofiber/fiber/request.go:298.58,300.2 1 0
github.com/gofiber/fiber/request.go:303.38,306.2 2 0
github.com/gofiber/fiber/request.go:309.38,311.2 1 0
github.com/gofiber/fiber/request.go:314.43,315.23 1 0
github.com/gofiber/fiber/request.go:319.2,319.40 1 0
github.com/gofiber/fiber/request.go:324.2,324.11 1 0
github.com/gofiber/fiber/request.go:315.23,317.3 1 0
github.com/gofiber/fiber/request.go:319.40,320.30 1 0
github.com/gofiber/fiber/request.go:320.30,322.4 1 0
github.com/gofiber/fiber/request.go:328.31,330.2 1 7
github.com/gofiber/fiber/request.go:333.35,334.26 1 1
github.com/gofiber/fiber/request.go:337.2,337.15 1 1
github.com/gofiber/fiber/request.go:334.26,336.3 1 0
github.com/gofiber/fiber/request.go:341.42,343.2 1 0
github.com/gofiber/fiber/request.go:346.26,348.2 0 0
github.com/gofiber/fiber/request.go:351.32,353.2 1 0
github.com/gofiber/fiber/request.go:356.71,358.2 1 0
github.com/gofiber/fiber/request.go:361.31,363.2 1 0
github.com/gofiber/fiber/request.go:366.34,368.2 0 0
github.com/gofiber/fiber/request.go:371.30,373.2 1 0
github.com/gofiber/fiber/request.go:376.46,380.2 3 0
github.com/gofiber/fiber/request.go:383.28,386.2 2 0
github.com/gofiber/fiber/request.go:389.28,391.2 1 0
github.com/gofiber/fiber/router.go:37.62,42.32 2 7
github.com/gofiber/fiber/router.go:47.2,51.20 3 7
github.com/gofiber/fiber/router.go:69.2,69.45 1 7
github.com/gofiber/fiber/router.go:74.2,74.28 1 7
github.com/gofiber/fiber/router.go:79.2,79.47 1 7
github.com/gofiber/fiber/router.go:85.2,88.33 2 7
github.com/gofiber/fiber/router.go:94.2,95.16 2 0
github.com/gofiber/fiber/router.go:100.2,100.91 1 0
github.com/gofiber/fiber/router.go:42.32,44.3 1 0
github.com/gofiber/fiber/router.go:51.20,61.3 1 0
github.com/gofiber/fiber/router.go:61.8,61.26 1 7
github.com/gofiber/fiber/router.go:61.26,64.39 3 7
github.com/gofiber/fiber/router.go:64.39,66.4 1 0
github.com/gofiber/fiber/router.go:69.45,71.3 1 0
github.com/gofiber/fiber/router.go:74.28,76.3 1 0
github.com/gofiber/fiber/router.go:79.47,82.3 2 0
github.com/gofiber/fiber/router.go:88.33,91.3 2 7
github.com/gofiber/fiber/router.go:95.16,97.3 1 0
github.com/gofiber/fiber/router.go:104.52,115.33 5 7
github.com/gofiber/fiber/router.go:197.2,197.12 1 7
github.com/gofiber/fiber/router.go:203.2,203.17 1 7
github.com/gofiber/fiber/router.go:115.33,117.52 1 7
github.com/gofiber/fiber/router.go:122.3,122.43 1 7
github.com/gofiber/fiber/router.go:147.3,147.59 1 0
github.com/gofiber/fiber/router.go:159.3,159.25 1 0
github.com/gofiber/fiber/router.go:164.3,164.37 1 0
github.com/gofiber/fiber/router.go:169.3,169.28 1 0
github.com/gofiber/fiber/router.go:179.3,188.16 4 0
github.com/gofiber/fiber/router.go:193.3,193.19 1 0
github.com/gofiber/fiber/router.go:117.52,118.12 1 0
github.com/gofiber/fiber/router.go:122.43,125.22 1 7
github.com/gofiber/fiber/router.go:130.4,136.17 4 7
github.com/gofiber/fiber/router.go:140.4,142.12 2 0
github.com/gofiber/fiber/router.go:125.22,129.5 3 0
github.com/gofiber/fiber/router.go:136.17,137.10 1 7
github.com/gofiber/fiber/router.go:147.59,151.17 4 0
github.com/gofiber/fiber/router.go:154.4,155.12 2 0
github.com/gofiber/fiber/router.go:151.17,152.10 1 0
github.com/gofiber/fiber/router.go:159.25,160.12 1 0
github.com/gofiber/fiber/router.go:164.37,165.12 1 0
github.com/gofiber/fiber/router.go:169.28,172.47 2 0
github.com/gofiber/fiber/router.go:172.47,176.5 2 0
github.com/gofiber/fiber/router.go:188.16,189.9 1 0
github.com/gofiber/fiber/router.go:197.12,200.3 1 0
