?   	github.com/gofiber/fiber/v2/internal/go-ole	[no test files]
?   	github.com/gofiber/fiber/v2/internal/tlstest	[no test files]
?   	github.com/gofiber/fiber/v2/internal/gopsutil/common	[no test files]
?   	github.com/gofiber/fiber/v2/internal/gopsutil/cpu	[no test files]
?   	github.com/gofiber/fiber/v2/internal/gopsutil/load	[no test files]
?   	github.com/gofiber/fiber/v2/internal/gopsutil/mem	[no test files]
?   	github.com/gofiber/fiber/v2/internal/gopsutil/net	[no test files]
?   	github.com/gofiber/fiber/v2/internal/gopsutil/process	[no test files]
?   	github.com/gofiber/fiber/v2/internal/schema	[no test files]
?   	github.com/gofiber/fiber/v2/internal/template/html	[no test files]
?   	github.com/gofiber/fiber/v2/internal/template/utils	[no test files]
?   	github.com/gofiber/fiber/v2/internal/go-ole/oleutil	[no test files]
=== RUN   Test_App_MethodNotAllowed
=== PAUSE Test_App_MethodNotAllowed
=== RUN   Test_App_Custom_Middleware_404_Should_Not_SetMethodNotAllowed
=== PAUSE Test_App_Custom_Middleware_404_Should_Not_SetMethodNotAllowed
=== RUN   Test_App_ServerErrorHandler_SmallReadBuffer
=== PAUSE Test_App_ServerErrorHandler_SmallReadBuffer
=== RUN   Test_App_Errors
=== PAUSE Test_App_Errors
=== RUN   Test_App_ErrorHandler_Custom
=== PAUSE Test_App_ErrorHandler_Custom
=== RUN   Test_App_ErrorHandler_HandlerStack
=== PAUSE Test_App_ErrorHandler_HandlerStack
=== RUN   Test_App_ErrorHandler_RouteStack
=== PAUSE Test_App_ErrorHandler_RouteStack
=== RUN   Test_App_serverErrorHandler_Internal_Error
=== PAUSE Test_App_serverErrorHandler_Internal_Error
=== RUN   Test_App_Nested_Params
=== PAUSE Test_App_Nested_Params
=== RUN   Test_App_Use_Params
=== PAUSE Test_App_Use_Params
=== RUN   Test_App_Use_UnescapedPath
=== PAUSE Test_App_Use_UnescapedPath
=== RUN   Test_App_Use_CaseSensitive
=== PAUSE Test_App_Use_CaseSensitive
=== RUN   Test_App_Not_Use_StrictRouting
=== PAUSE Test_App_Not_Use_StrictRouting
=== RUN   Test_App_Use_MultiplePrefix
=== PAUSE Test_App_Use_MultiplePrefix
=== RUN   Test_App_Use_StrictRouting
=== PAUSE Test_App_Use_StrictRouting
=== RUN   Test_App_Add_Method_Test
=== PAUSE Test_App_Add_Method_Test
=== RUN   Test_App_GETOnly
=== PAUSE Test_App_GETOnly
=== RUN   Test_App_Use_Params_Group
=== PAUSE Test_App_Use_Params_Group
=== RUN   Test_App_Chaining
=== PAUSE Test_App_Chaining
=== RUN   Test_App_Order
=== PAUSE Test_App_Order
=== RUN   Test_App_Methods
=== PAUSE Test_App_Methods
=== RUN   Test_App_Route_Naming
=== PAUSE Test_App_Route_Naming
=== RUN   Test_App_New
=== PAUSE Test_App_New
=== RUN   Test_App_Config
=== PAUSE Test_App_Config
=== RUN   Test_App_Shutdown
=== PAUSE Test_App_Shutdown
=== RUN   Test_App_ShutdownWithTimeout
=== PAUSE Test_App_ShutdownWithTimeout
=== RUN   Test_App_Static_Index_Default
=== PAUSE Test_App_Static_Index_Default
=== RUN   Test_App_Static_Direct
=== PAUSE Test_App_Static_Direct
=== RUN   Test_App_Static_MaxAge
=== PAUSE Test_App_Static_MaxAge
=== RUN   Test_App_Static_Custom_CacheControl
=== PAUSE Test_App_Static_Custom_CacheControl
=== RUN   Test_App_Static_Download
=== PAUSE Test_App_Static_Download
=== RUN   Test_App_Static_Group
=== PAUSE Test_App_Static_Group
=== RUN   Test_App_Static_Wildcard
=== PAUSE Test_App_Static_Wildcard
=== RUN   Test_App_Static_Prefix_Wildcard
=== PAUSE Test_App_Static_Prefix_Wildcard
=== RUN   Test_App_Static_Prefix
=== PAUSE Test_App_Static_Prefix
=== RUN   Test_App_Static_Trailing_Slash
=== PAUSE Test_App_Static_Trailing_Slash
=== RUN   Test_App_Static_Next
=== PAUSE Test_App_Static_Next
=== RUN   Test_App_Mixed_Routes_WithSameLen
=== PAUSE Test_App_Mixed_Routes_WithSameLen
=== RUN   Test_App_Group_Invalid
=== PAUSE Test_App_Group_Invalid
=== RUN   Test_App_Group
=== PAUSE Test_App_Group
=== RUN   Test_App_Route
=== PAUSE Test_App_Route
=== RUN   Test_App_Deep_Group
=== PAUSE Test_App_Deep_Group
=== RUN   Test_App_Next_Method
=== PAUSE Test_App_Next_Method
=== RUN   Test_NewError
=== PAUSE Test_NewError
=== RUN   Test_Test_Timeout
=== PAUSE Test_Test_Timeout
=== RUN   Test_Test_DumpError
=== PAUSE Test_Test_DumpError
=== RUN   Test_App_Handler
=== PAUSE Test_App_Handler
=== RUN   Test_App_Init_Error_View
=== PAUSE Test_App_Init_Error_View
=== RUN   Test_App_Stack
=== PAUSE Test_App_Stack
=== RUN   Test_App_HandlersCount
=== PAUSE Test_App_HandlersCount
=== RUN   Test_App_ReadTimeout
=== PAUSE Test_App_ReadTimeout
=== RUN   Test_App_BadRequest
=== PAUSE Test_App_BadRequest
=== RUN   Test_App_SmallReadBuffer
=== PAUSE Test_App_SmallReadBuffer
=== RUN   Test_App_Server
=== PAUSE Test_App_Server
=== RUN   Test_App_Error_In_Fasthttp_Server
=== PAUSE Test_App_Error_In_Fasthttp_Server
=== RUN   Test_App_New_Test_Parallel
=== PAUSE Test_App_New_Test_Parallel
=== RUN   Test_App_ReadBodyStream
=== PAUSE Test_App_ReadBodyStream
=== RUN   Test_App_DisablePreParseMultipartForm
=== PAUSE Test_App_DisablePreParseMultipartForm
=== RUN   Test_App_Test_no_timeout_infinitely
=== PAUSE Test_App_Test_no_timeout_infinitely
=== RUN   Test_App_SetTLSHandler
=== PAUSE Test_App_SetTLSHandler
=== RUN   Test_App_AddCustomRequestMethod
=== PAUSE Test_App_AddCustomRequestMethod
=== RUN   TestApp_GetRoutes
=== PAUSE TestApp_GetRoutes
=== RUN   Test_Client_Invalid_URL
=== PAUSE Test_Client_Invalid_URL
=== RUN   Test_Client_Unsupported_Protocol
=== PAUSE Test_Client_Unsupported_Protocol
=== RUN   Test_Client_Get
=== PAUSE Test_Client_Get
=== RUN   Test_Client_Head
=== PAUSE Test_Client_Head
=== RUN   Test_Client_Post
=== PAUSE Test_Client_Post
=== RUN   Test_Client_Put
=== PAUSE Test_Client_Put
=== RUN   Test_Client_Patch
=== PAUSE Test_Client_Patch
=== RUN   Test_Client_Delete
=== PAUSE Test_Client_Delete
=== RUN   Test_Client_UserAgent
=== PAUSE Test_Client_UserAgent
=== RUN   Test_Client_Agent_Set_Or_Add_Headers
=== PAUSE Test_Client_Agent_Set_Or_Add_Headers
=== RUN   Test_Client_Agent_Connection_Close
=== PAUSE Test_Client_Agent_Connection_Close
=== RUN   Test_Client_Agent_UserAgent
=== PAUSE Test_Client_Agent_UserAgent
=== RUN   Test_Client_Agent_Cookie
=== PAUSE Test_Client_Agent_Cookie
=== RUN   Test_Client_Agent_Referer
=== PAUSE Test_Client_Agent_Referer
=== RUN   Test_Client_Agent_ContentType
=== PAUSE Test_Client_Agent_ContentType
=== RUN   Test_Client_Agent_Host
=== PAUSE Test_Client_Agent_Host
=== RUN   Test_Client_Agent_QueryString
=== PAUSE Test_Client_Agent_QueryString
=== RUN   Test_Client_Agent_BasicAuth
=== PAUSE Test_Client_Agent_BasicAuth
=== RUN   Test_Client_Agent_BodyString
=== PAUSE Test_Client_Agent_BodyString
=== RUN   Test_Client_Agent_Body
=== PAUSE Test_Client_Agent_Body
=== RUN   Test_Client_Agent_BodyStream
=== PAUSE Test_Client_Agent_BodyStream
=== RUN   Test_Client_Agent_Custom_Response
=== PAUSE Test_Client_Agent_Custom_Response
=== RUN   Test_Client_Agent_Dest
=== PAUSE Test_Client_Agent_Dest
=== RUN   Test_Client_Agent_RetryIf
=== PAUSE Test_Client_Agent_RetryIf
=== RUN   Test_Client_Agent_Json
=== PAUSE Test_Client_Agent_Json
=== RUN   Test_Client_Agent_Json_Error
=== PAUSE Test_Client_Agent_Json_Error
=== RUN   Test_Client_Agent_XML
=== PAUSE Test_Client_Agent_XML
=== RUN   Test_Client_Agent_XML_Error
=== PAUSE Test_Client_Agent_XML_Error
=== RUN   Test_Client_Agent_Form
=== PAUSE Test_Client_Agent_Form
=== RUN   Test_Client_Agent_MultipartForm
=== PAUSE Test_Client_Agent_MultipartForm
=== RUN   Test_Client_Agent_MultipartForm_Errors
=== PAUSE Test_Client_Agent_MultipartForm_Errors
=== RUN   Test_Client_Agent_MultipartForm_SendFiles
=== PAUSE Test_Client_Agent_MultipartForm_SendFiles
=== RUN   Test_Client_Agent_Multipart_Random_Boundary
=== PAUSE Test_Client_Agent_Multipart_Random_Boundary
=== RUN   Test_Client_Agent_Multipart_Invalid_Boundary
=== PAUSE Test_Client_Agent_Multipart_Invalid_Boundary
=== RUN   Test_Client_Agent_SendFile_Error
=== PAUSE Test_Client_Agent_SendFile_Error
=== RUN   Test_Client_Debug
=== PAUSE Test_Client_Debug
=== RUN   Test_Client_Agent_Timeout
=== PAUSE Test_Client_Agent_Timeout
=== RUN   Test_Client_Agent_Reuse
=== PAUSE Test_Client_Agent_Reuse
=== RUN   Test_Client_Agent_InsecureSkipVerify
=== PAUSE Test_Client_Agent_InsecureSkipVerify
=== RUN   Test_Client_Agent_TLS
=== PAUSE Test_Client_Agent_TLS
=== RUN   Test_Client_Agent_MaxRedirectsCount
=== PAUSE Test_Client_Agent_MaxRedirectsCount
=== RUN   Test_Client_Agent_Struct
=== PAUSE Test_Client_Agent_Struct
=== RUN   Test_Client_Agent_Parse
=== PAUSE Test_Client_Agent_Parse
=== RUN   Test_Ctx_Accepts
=== PAUSE Test_Ctx_Accepts
=== RUN   Test_Ctx_Accepts_EmptyAccept
=== PAUSE Test_Ctx_Accepts_EmptyAccept
=== RUN   Test_Ctx_Accepts_Wildcard
=== PAUSE Test_Ctx_Accepts_Wildcard
=== RUN   Test_Ctx_AcceptsCharsets
=== PAUSE Test_Ctx_AcceptsCharsets
=== RUN   Test_Ctx_AcceptsEncodings
=== PAUSE Test_Ctx_AcceptsEncodings
=== RUN   Test_Ctx_AcceptsLanguages
=== PAUSE Test_Ctx_AcceptsLanguages
=== RUN   Test_Ctx_App
=== PAUSE Test_Ctx_App
=== RUN   Test_Ctx_Append
=== PAUSE Test_Ctx_Append
=== RUN   Test_Ctx_Attachment
=== PAUSE Test_Ctx_Attachment
=== RUN   Test_Ctx_BaseURL
=== PAUSE Test_Ctx_BaseURL
=== RUN   Test_Ctx_Body
=== PAUSE Test_Ctx_Body
=== RUN   Test_Ctx_Body_With_Compression
=== PAUSE Test_Ctx_Body_With_Compression
=== RUN   Test_Ctx_BodyParser
=== PAUSE Test_Ctx_BodyParser
=== RUN   Test_Ctx_ParamParser
=== PAUSE Test_Ctx_ParamParser
=== RUN   Test_Ctx_BodyParser_WithSetParserDecoder
=== PAUSE Test_Ctx_BodyParser_WithSetParserDecoder
=== RUN   Test_Ctx_Context
=== PAUSE Test_Ctx_Context
=== RUN   Test_Ctx_UserContext
=== RUN   Test_Ctx_UserContext/Nil_Context
=== RUN   Test_Ctx_UserContext/ValueContext
--- PASS: Test_Ctx_UserContext (0.00s)
    --- PASS: Test_Ctx_UserContext/Nil_Context (0.00s)
    --- PASS: Test_Ctx_UserContext/ValueContext (0.00s)
=== RUN   Test_Ctx_SetUserContext
=== PAUSE Test_Ctx_SetUserContext
=== RUN   Test_Ctx_UserContext_Multiple_Requests
=== PAUSE Test_Ctx_UserContext_Multiple_Requests
=== RUN   Test_Ctx_Cookie
=== PAUSE Test_Ctx_Cookie
=== RUN   Test_Ctx_Cookies
=== PAUSE Test_Ctx_Cookies
=== RUN   Test_Ctx_Format
=== PAUSE Test_Ctx_Format
=== RUN   Test_Ctx_FormFile
=== PAUSE Test_Ctx_FormFile
=== RUN   Test_Ctx_FormValue
=== PAUSE Test_Ctx_FormValue
=== RUN   Test_Ctx_Fresh
=== PAUSE Test_Ctx_Fresh
=== RUN   Test_Ctx_Get
=== PAUSE Test_Ctx_Get
=== RUN   Test_Ctx_IsProxyTrusted
=== PAUSE Test_Ctx_IsProxyTrusted
=== RUN   Test_Ctx_Hostname
=== PAUSE Test_Ctx_Hostname
=== RUN   Test_Ctx_Hostname_UntrustedProxy
=== PAUSE Test_Ctx_Hostname_UntrustedProxy
=== RUN   Test_Ctx_Hostname_TrustedProxy
=== PAUSE Test_Ctx_Hostname_TrustedProxy
=== RUN   Test_Ctx_Hostname_TrustedProxy_Multiple
=== PAUSE Test_Ctx_Hostname_TrustedProxy_Multiple
=== RUN   Test_Ctx_Hostname_TrustedProxyRange
=== PAUSE Test_Ctx_Hostname_TrustedProxyRange
=== RUN   Test_Ctx_Hostname_UntrustedProxyRange
=== PAUSE Test_Ctx_Hostname_UntrustedProxyRange
=== RUN   Test_Ctx_Port
=== PAUSE Test_Ctx_Port
=== RUN   Test_Ctx_PortInHandler
=== PAUSE Test_Ctx_PortInHandler
=== RUN   Test_Ctx_IP
=== PAUSE Test_Ctx_IP
=== RUN   Test_Ctx_IP_ProxyHeader
=== PAUSE Test_Ctx_IP_ProxyHeader
=== RUN   Test_Ctx_IP_ProxyHeader_With_IP_Validation
=== PAUSE Test_Ctx_IP_ProxyHeader_With_IP_Validation
=== RUN   Test_Ctx_IP_UntrustedProxy
=== PAUSE Test_Ctx_IP_UntrustedProxy
=== RUN   Test_Ctx_IP_TrustedProxy
=== PAUSE Test_Ctx_IP_TrustedProxy
=== RUN   Test_Ctx_IPs
=== PAUSE Test_Ctx_IPs
=== RUN   Test_Ctx_IPs_With_IP_Validation
=== PAUSE Test_Ctx_IPs_With_IP_Validation
=== RUN   Test_Ctx_Is
=== PAUSE Test_Ctx_Is
=== RUN   Test_Ctx_Locals
=== PAUSE Test_Ctx_Locals
=== RUN   Test_Ctx_Method
=== PAUSE Test_Ctx_Method
=== RUN   Test_Ctx_ClientHelloInfo
=== PAUSE Test_Ctx_ClientHelloInfo
=== RUN   Test_Ctx_InvalidMethod
=== PAUSE Test_Ctx_InvalidMethod
=== RUN   Test_Ctx_MultipartForm
=== PAUSE Test_Ctx_MultipartForm
=== RUN   Test_Ctx_OriginalURL
=== PAUSE Test_Ctx_OriginalURL
=== RUN   Test_Ctx_Params
=== PAUSE Test_Ctx_Params
=== RUN   Test_Ctx_Params_Case_Sensitive
=== PAUSE Test_Ctx_Params_Case_Sensitive
=== RUN   Test_Ctx_AllParams
=== PAUSE Test_Ctx_AllParams
=== RUN   Test_Ctx_Path
=== PAUSE Test_Ctx_Path
=== RUN   Test_Ctx_Protocol
=== PAUSE Test_Ctx_Protocol
=== RUN   Test_Ctx_Protocol_TrustedProxy
=== PAUSE Test_Ctx_Protocol_TrustedProxy
=== RUN   Test_Ctx_Protocol_TrustedProxyRange
=== PAUSE Test_Ctx_Protocol_TrustedProxyRange
=== RUN   Test_Ctx_Protocol_UntrustedProxyRange
=== PAUSE Test_Ctx_Protocol_UntrustedProxyRange
=== RUN   Test_Ctx_Protocol_UnTrustedProxy
=== PAUSE Test_Ctx_Protocol_UnTrustedProxy
=== RUN   Test_Ctx_Query
=== PAUSE Test_Ctx_Query
=== RUN   Test_Ctx_QueryInt
=== PAUSE Test_Ctx_QueryInt
=== RUN   Test_Ctx_QueryBool
=== PAUSE Test_Ctx_QueryBool
=== RUN   Test_Ctx_QueryFloat
=== PAUSE Test_Ctx_QueryFloat
=== RUN   Test_Ctx_Range
=== PAUSE Test_Ctx_Range
=== RUN   Test_Ctx_Route
=== PAUSE Test_Ctx_Route
=== RUN   Test_Ctx_RouteNormalized
=== PAUSE Test_Ctx_RouteNormalized
=== RUN   Test_Ctx_SaveFile
=== PAUSE Test_Ctx_SaveFile
=== RUN   Test_Ctx_SaveFileToStorage
=== PAUSE Test_Ctx_SaveFileToStorage
=== RUN   Test_Ctx_Secure
=== PAUSE Test_Ctx_Secure
=== RUN   Test_Ctx_Stale
=== PAUSE Test_Ctx_Stale
=== RUN   Test_Ctx_Subdomains
=== PAUSE Test_Ctx_Subdomains
=== RUN   Test_Ctx_ClearCookie
=== PAUSE Test_Ctx_ClearCookie
=== RUN   Test_Ctx_Download
=== PAUSE Test_Ctx_Download
=== RUN   Test_Ctx_SendFile
=== PAUSE Test_Ctx_SendFile
=== RUN   Test_Ctx_SendFile_404
=== PAUSE Test_Ctx_SendFile_404
=== RUN   Test_Ctx_SendFile_Immutable
=== PAUSE Test_Ctx_SendFile_Immutable
=== RUN   Test_Ctx_SendFile_RestoreOriginalURL
=== PAUSE Test_Ctx_SendFile_RestoreOriginalURL
=== RUN   Test_Ctx_JSON
=== PAUSE Test_Ctx_JSON
=== RUN   Test_Ctx_JSONP
=== PAUSE Test_Ctx_JSONP
=== RUN   Test_Ctx_XML
=== PAUSE Test_Ctx_XML
=== RUN   Test_Ctx_Links
=== PAUSE Test_Ctx_Links
=== RUN   Test_Ctx_Location
=== PAUSE Test_Ctx_Location
=== RUN   Test_Ctx_Next
=== PAUSE Test_Ctx_Next
=== RUN   Test_Ctx_Next_Error
=== PAUSE Test_Ctx_Next_Error
=== RUN   Test_Ctx_Redirect
=== PAUSE Test_Ctx_Redirect
=== RUN   Test_Ctx_RedirectToRouteWithParams
=== PAUSE Test_Ctx_RedirectToRouteWithParams
=== RUN   Test_Ctx_RedirectToRouteWithQueries
=== PAUSE Test_Ctx_RedirectToRouteWithQueries
=== RUN   Test_Ctx_RedirectToRouteWithOptionalParams
=== PAUSE Test_Ctx_RedirectToRouteWithOptionalParams
=== RUN   Test_Ctx_RedirectToRouteWithOptionalParamsWithoutValue
=== PAUSE Test_Ctx_RedirectToRouteWithOptionalParamsWithoutValue
=== RUN   Test_Ctx_RedirectToRouteWithGreedyParameters
=== PAUSE Test_Ctx_RedirectToRouteWithGreedyParameters
=== RUN   Test_Ctx_RedirectBack
=== PAUSE Test_Ctx_RedirectBack
=== RUN   Test_Ctx_RedirectBackWithReferer
=== PAUSE Test_Ctx_RedirectBackWithReferer
=== RUN   Test_Ctx_Render
=== PAUSE Test_Ctx_Render
=== RUN   Test_Ctx_RenderWithoutLocals
=== PAUSE Test_Ctx_RenderWithoutLocals
=== RUN   Test_Ctx_RenderWithLocals
=== PAUSE Test_Ctx_RenderWithLocals
=== RUN   Test_Ctx_RenderWithBind
=== PAUSE Test_Ctx_RenderWithBind
=== RUN   Test_Ctx_RenderWithOverwrittenBind
=== PAUSE Test_Ctx_RenderWithOverwrittenBind
=== RUN   Test_Ctx_RenderWithBindLocals
=== PAUSE Test_Ctx_RenderWithBindLocals
=== RUN   Test_Ctx_RenderWithLocalsAndBinding
=== PAUSE Test_Ctx_RenderWithLocalsAndBinding
=== RUN   Test_Ctx_RestartRouting
=== PAUSE Test_Ctx_RestartRouting
=== RUN   Test_Ctx_RestartRoutingWithChangedPath
=== PAUSE Test_Ctx_RestartRoutingWithChangedPath
=== RUN   Test_Ctx_RestartRoutingWithChangedPathAndCatchAll
=== PAUSE Test_Ctx_RestartRoutingWithChangedPathAndCatchAll
=== RUN   Test_Ctx_Render_Engine
=== PAUSE Test_Ctx_Render_Engine
=== RUN   Test_Ctx_Render_Engine_With_View_Layout
=== PAUSE Test_Ctx_Render_Engine_With_View_Layout
=== RUN   Test_Ctx_Get_Location_From_Route_name
=== PAUSE Test_Ctx_Get_Location_From_Route_name
=== RUN   Test_Ctx_Get_Location_From_Route_name_Optional_greedy
=== PAUSE Test_Ctx_Get_Location_From_Route_name_Optional_greedy
=== RUN   Test_Ctx_Get_Location_From_Route_name_Optional_greedy_one_param
=== PAUSE Test_Ctx_Get_Location_From_Route_name_Optional_greedy_one_param
=== RUN   Test_Ctx_Render_Engine_Error
=== PAUSE Test_Ctx_Render_Engine_Error
=== RUN   Test_Ctx_Render_Go_Template
=== PAUSE Test_Ctx_Render_Go_Template
=== RUN   Test_Ctx_Send
=== PAUSE Test_Ctx_Send
=== RUN   Test_Ctx_SendStatus
=== PAUSE Test_Ctx_SendStatus
=== RUN   Test_Ctx_SendString
=== PAUSE Test_Ctx_SendString
=== RUN   Test_Ctx_SendStream
=== PAUSE Test_Ctx_SendStream
=== RUN   Test_Ctx_Set
=== PAUSE Test_Ctx_Set
=== RUN   Test_Ctx_Set_Splitter
=== PAUSE Test_Ctx_Set_Splitter
=== RUN   Test_Ctx_Status
=== PAUSE Test_Ctx_Status
=== RUN   Test_Ctx_Type
=== PAUSE Test_Ctx_Type
=== RUN   Test_Ctx_Vary
=== PAUSE Test_Ctx_Vary
=== RUN   Test_Ctx_Write
=== PAUSE Test_Ctx_Write
=== RUN   Test_Ctx_Writef
=== PAUSE Test_Ctx_Writef
=== RUN   Test_Ctx_WriteString
=== PAUSE Test_Ctx_WriteString
=== RUN   Test_Ctx_XHR
=== PAUSE Test_Ctx_XHR
=== RUN   Test_Ctx_QueryParser
=== PAUSE Test_Ctx_QueryParser
=== RUN   Test_Ctx_QueryParser_WithSetParserDecoder
=== PAUSE Test_Ctx_QueryParser_WithSetParserDecoder
=== RUN   Test_Ctx_QueryParser_Schema
=== PAUSE Test_Ctx_QueryParser_Schema
=== RUN   Test_Ctx_ReqHeaderParser
=== PAUSE Test_Ctx_ReqHeaderParser
=== RUN   Test_Ctx_ReqHeaderParser_WithSetParserDecoder
=== PAUSE Test_Ctx_ReqHeaderParser_WithSetParserDecoder
=== RUN   Test_Ctx_ReqHeaderParser_Schema
=== PAUSE Test_Ctx_ReqHeaderParser_Schema
=== RUN   Test_Ctx_EqualFieldType
=== PAUSE Test_Ctx_EqualFieldType
=== RUN   Test_Ctx_BodyStreamWriter
=== PAUSE Test_Ctx_BodyStreamWriter
=== RUN   Test_Ctx_String
=== PAUSE Test_Ctx_String
=== RUN   TestCtx_ParamsInt
=== PAUSE TestCtx_ParamsInt
=== RUN   Test_Ctx_GetRespHeader
=== PAUSE Test_Ctx_GetRespHeader
=== RUN   Test_Ctx_GetRespHeaders
=== PAUSE Test_Ctx_GetRespHeaders
=== RUN   Test_Ctx_GetReqHeaders
=== PAUSE Test_Ctx_GetReqHeaders
=== RUN   Test_Ctx_IsFromLocal
=== PAUSE Test_Ctx_IsFromLocal
=== RUN   Test_Ctx_RepeatParserWithSameStruct
=== PAUSE Test_Ctx_RepeatParserWithSameStruct
=== RUN   TestConversionError
=== PAUSE TestConversionError
=== RUN   TestUnknownKeyError
=== PAUSE TestUnknownKeyError
=== RUN   TestEmptyFieldError
=== PAUSE TestEmptyFieldError
=== RUN   TestMultiError
=== PAUSE TestMultiError
=== RUN   TestInvalidUnmarshalError
=== PAUSE TestInvalidUnmarshalError
=== RUN   TestMarshalerError
=== PAUSE TestMarshalerError
=== RUN   TestSyntaxError
=== PAUSE TestSyntaxError
=== RUN   TestUnmarshalTypeError
=== PAUSE TestUnmarshalTypeError
=== RUN   TestUnsupportedTypeError
=== PAUSE TestUnsupportedTypeError
=== RUN   TestUnsupportedValeError
=== PAUSE TestUnsupportedValeError
=== RUN   Test_Utils_ETag
=== PAUSE Test_Utils_ETag
=== RUN   Test_Utils_ETag_Weak
=== PAUSE Test_Utils_ETag_Weak
=== RUN   Test_Utils_UniqueRouteStack
=== PAUSE Test_Utils_UniqueRouteStack
=== RUN   Test_Utils_getGroupPath
=== PAUSE Test_Utils_getGroupPath
=== RUN   Test_Utils_Parse_Address
=== PAUSE Test_Utils_Parse_Address
=== RUN   Test_Utils_GetOffset
=== PAUSE Test_Utils_GetOffset
=== RUN   Test_Utils_TestConn_Deadline
=== PAUSE Test_Utils_TestConn_Deadline
=== RUN   Test_Utils_IsNoCache
=== PAUSE Test_Utils_IsNoCache
=== RUN   Test_Hook_OnRoute
=== PAUSE Test_Hook_OnRoute
=== RUN   Test_Hook_OnRoute_Mount
=== PAUSE Test_Hook_OnRoute_Mount
=== RUN   Test_Hook_OnName
=== PAUSE Test_Hook_OnName
=== RUN   Test_Hook_OnName_Error
=== PAUSE Test_Hook_OnName_Error
=== RUN   Test_Hook_OnGroup
=== PAUSE Test_Hook_OnGroup
=== RUN   Test_Hook_OnGroup_Mount
=== PAUSE Test_Hook_OnGroup_Mount
=== RUN   Test_Hook_OnGroupName
=== PAUSE Test_Hook_OnGroupName
=== RUN   Test_Hook_OnGroupName_Error
=== PAUSE Test_Hook_OnGroupName_Error
=== RUN   Test_Hook_OnShutdown
=== PAUSE Test_Hook_OnShutdown
=== RUN   Test_Hook_OnListen
=== PAUSE Test_Hook_OnListen
=== RUN   Test_Hook_OnHook
go version go1.20.1 linux/amd64
go version go1.20.1 linux/amd64
go version go1.20.1 linux/amd64
go version go1.20.1 linux/amd64
go version go1.20.1 linux/amd64
go version go1.20.1 linux/amd64
go version go1.20.1 linux/amd64
go version go1.20.1 linux/amd64
go version go1.20.1 linux/amd64
go version go1.20.1 linux/amd64
go version go1.20.1 linux/amd64
go version go1.20.1 linux/amd64

 ┌───────────────────────────────────────────────────┐ 
 │                   Fiber v2.42.0                   │ 
 │               http://127.0.0.1:3000               │ 
 │       (bound on host 0.0.0.0 and port 3000)       │ 
 │                                                   │ 
 │ Handlers ............. 0  Processes ........... 1 │ 
 │ Prefork ....... Disabled  PID ............ 155173 │ 
 └───────────────────────────────────────────────────┘ 

--- PASS: Test_Hook_OnHook (0.02s)
=== RUN   Test_Hook_OnMount
=== PAUSE Test_Hook_OnMount
=== RUN   Test_App_Listen
=== PAUSE Test_App_Listen
=== RUN   Test_App_Listen_Prefork
go version go1.20.1 linux/amd64
go version go1.20.1 linux/amd64
go version go1.20.1 linux/amd64
go version go1.20.1 linux/amd64
go version go1.20.1 linux/amd64
go version go1.20.1 linux/amd64
go version go1.20.1 linux/amd64
go version go1.20.1 linux/amd64
go version go1.20.1 linux/amd64
go version go1.20.1 linux/amd64
go version go1.20.1 linux/amd64
go version go1.20.1 linux/amd64
go version go1.20.1 linux/amd64
go version go1.20.1 linux/amd64
go version go1.20.1 linux/amd64
--- PASS: Test_App_Listen_Prefork (0.02s)
=== RUN   Test_App_ListenTLS
=== PAUSE Test_App_ListenTLS
=== RUN   Test_App_ListenTLS_Prefork
go version go1.20.1 linux/amd64
go version go1.20.1 linux/amd64
go version go1.20.1 linux/amd64
go version go1.20.1 linux/amd64
go version go1.20.1 linux/amd64
go version go1.20.1 linux/amd64
go version go1.20.1 linux/amd64
go version go1.20.1 linux/amd64
go version go1.20.1 linux/amd64
go version go1.20.1 linux/amd64
--- PASS: Test_App_ListenTLS_Prefork (0.02s)
=== RUN   Test_App_ListenMutualTLS
=== PAUSE Test_App_ListenMutualTLS
=== RUN   Test_App_ListenMutualTLS_Prefork
go version go1.20.1 linux/amd64
go version go1.20.1 linux/amd64
go version go1.20.1 linux/amd64
go version go1.20.1 linux/amd64
go version go1.20.1 linux/amd64
go version go1.20.1 linux/amd64
go version go1.20.1 linux/amd64
--- PASS: Test_App_ListenMutualTLS_Prefork (0.01s)
=== RUN   Test_App_Listener
=== PAUSE Test_App_Listener
=== RUN   Test_App_Listener_TLS_Listener
=== PAUSE Test_App_Listener_TLS_Listener
=== RUN   Test_App_ListenTLSWithCertificate
=== PAUSE Test_App_ListenTLSWithCertificate
=== RUN   Test_App_ListenTLSWithCertificate_Prefork
go version go1.20.1 linux/amd64
go version go1.20.1 linux/amd64
go version go1.20.1 linux/amd64
go version go1.20.1 linux/amd64
go version go1.20.1 linux/amd64
go version go1.20.1 linux/amd64
go version go1.20.1 linux/amd64
go version go1.20.1 linux/amd64
go version go1.20.1 linux/amd64
go version go1.20.1 linux/amd64
--- PASS: Test_App_ListenTLSWithCertificate_Prefork (0.01s)
=== RUN   Test_App_ListenMutualTLSWithCertificate
=== PAUSE Test_App_ListenMutualTLSWithCertificate
=== RUN   Test_App_ListenMutualTLSWithCertificate_Prefork
go version go1.20.1 linux/amd64
go version go1.20.1 linux/amd64
go version go1.20.1 linux/amd64
go version go1.20.1 linux/amd64
go version go1.20.1 linux/amd64
--- PASS: Test_App_ListenMutualTLSWithCertificate_Prefork (0.01s)
=== RUN   Test_App_Master_Process_Show_Startup_Message
=== PAUSE Test_App_Master_Process_Show_Startup_Message
=== RUN   Test_App_Master_Process_Show_Startup_MessageWithAppName
=== PAUSE Test_App_Master_Process_Show_Startup_MessageWithAppName
=== RUN   Test_App_Master_Process_Show_Startup_MessageWithAppNameNonAscii
=== PAUSE Test_App_Master_Process_Show_Startup_MessageWithAppNameNonAscii
=== RUN   Test_App_print_Route
=== PAUSE Test_App_print_Route
=== RUN   Test_App_print_Route_with_group
=== PAUSE Test_App_print_Route_with_group
=== RUN   Test_App_Mount
=== PAUSE Test_App_Mount
=== RUN   Test_App_Mount_RootPath_Nested
=== PAUSE Test_App_Mount_RootPath_Nested
=== RUN   Test_App_Mount_Nested
=== PAUSE Test_App_Mount_Nested
=== RUN   Test_App_MountPath
=== PAUSE Test_App_MountPath
=== RUN   Test_App_ErrorHandler_GroupMount
=== PAUSE Test_App_ErrorHandler_GroupMount
=== RUN   Test_App_ErrorHandler_GroupMountRootLevel
=== PAUSE Test_App_ErrorHandler_GroupMountRootLevel
=== RUN   Test_App_Group_Mount
=== PAUSE Test_App_Group_Mount
=== RUN   Test_App_UseParentErrorHandler
=== PAUSE Test_App_UseParentErrorHandler
=== RUN   Test_App_UseMountedErrorHandler
=== PAUSE Test_App_UseMountedErrorHandler
=== RUN   Test_App_UseMountedErrorHandlerRootLevel
=== PAUSE Test_App_UseMountedErrorHandlerRootLevel
=== RUN   Test_App_UseMountedErrorHandlerForBestPrefixMatch
=== PAUSE Test_App_UseMountedErrorHandlerForBestPrefixMatch
=== RUN   Test_Ctx_Render_Mount
=== PAUSE Test_Ctx_Render_Mount
=== RUN   Test_Ctx_Render_Mount_ParentOrSubHasViews
=== PAUSE Test_Ctx_Render_Mount_ParentOrSubHasViews
=== RUN   Test_Ctx_Render_MountGroup
=== PAUSE Test_Ctx_Render_MountGroup
=== RUN   Test_Path_parseRoute
=== PAUSE Test_Path_parseRoute
=== RUN   Test_Path_matchParams
=== PAUSE Test_Path_matchParams
=== RUN   Test_RoutePatternMatch
=== PAUSE Test_RoutePatternMatch
=== RUN   Test_Utils_GetTrimmedParam
=== PAUSE Test_Utils_GetTrimmedParam
=== RUN   Test_Utils_RemoveEscapeChar
=== PAUSE Test_Utils_RemoveEscapeChar
=== RUN   Test_App_Prefork_Child_Process
--- PASS: Test_App_Prefork_Child_Process (2.12s)
=== RUN   Test_App_Prefork_Master_Process

 ┌───────────────────────────────────────────────────┐ 
 │                   Fiber v2.42.0                   │ 
 │               http://127.0.0.1:3000               │ 
 │       (bound on host 0.0.0.0 and port 3000)       │ 
 │                                                   │ 
 │ Handlers ............. 0  Processes ........... 1 │ 
 │ Prefork ....... Disabled  PID ............ 155173 │ 
 └───────────────────────────────────────────────────┘ 

go version go1.20.1 linux/amd64
--- PASS: Test_App_Prefork_Master_Process (0.00s)
=== RUN   Test_App_Prefork_Child_Process_Never_Show_Startup_Message
--- PASS: Test_App_Prefork_Child_Process_Never_Show_Startup_Message (0.00s)
=== RUN   Test_Route_Match_SameLength
=== PAUSE Test_Route_Match_SameLength
=== RUN   Test_Route_Match_Star
=== PAUSE Test_Route_Match_Star
=== RUN   Test_Route_Match_Root
=== PAUSE Test_Route_Match_Root
=== RUN   Test_Route_Match_Parser
=== PAUSE Test_Route_Match_Parser
=== RUN   Test_Route_Match_Middleware
=== PAUSE Test_Route_Match_Middleware
=== RUN   Test_Route_Match_UnescapedPath
=== PAUSE Test_Route_Match_UnescapedPath
=== RUN   Test_Route_Match_WithEscapeChar
=== PAUSE Test_Route_Match_WithEscapeChar
=== RUN   Test_Route_Match_Middleware_HasPrefix
=== PAUSE Test_Route_Match_Middleware_HasPrefix
=== RUN   Test_Route_Match_Middleware_Root
=== PAUSE Test_Route_Match_Middleware_Root
=== RUN   Test_Router_Register_Missing_Handler
=== PAUSE Test_Router_Register_Missing_Handler
=== RUN   Test_Ensure_Router_Interface_Implementation
=== PAUSE Test_Ensure_Router_Interface_Implementation
=== RUN   Test_Router_Handler_SetETag
=== PAUSE Test_Router_Handler_SetETag
=== RUN   Test_Router_Handler_Catch_Error
=== PAUSE Test_Router_Handler_Catch_Error
=== RUN   Test_Route_Static_Root
=== PAUSE Test_Route_Static_Root
=== RUN   Test_Route_Static_HasPrefix
=== PAUSE Test_Route_Static_HasPrefix
=== CONT  Test_Utils_ETag
=== RUN   Test_Utils_ETag/Not_Status_OK
=== CONT  Test_App_Custom_Middleware_404_Should_Not_SetMethodNotAllowed
=== CONT  Test_Ctx_Next
=== CONT  Test_Ctx_Next_Error
=== CONT  Test_Ctx_Links
--- PASS: Test_Ctx_Links (0.00s)
=== CONT  Test_Ctx_Location
--- PASS: Test_Ctx_Location (0.00s)
=== CONT  Test_Ctx_XML
--- PASS: Test_Ctx_XML (0.00s)
=== CONT  Test_Ctx_JSONP
--- PASS: Test_Ctx_JSONP (0.00s)
=== CONT  Test_Ctx_SendFile_RestoreOriginalURL
=== CONT  Test_Ctx_SendFile_Immutable
=== RUN   Test_Ctx_SendFile_Immutable//relativeWithDot
=== CONT  Test_Ctx_JSON
--- PASS: Test_Ctx_JSON (0.00s)
=== CONT  Test_Ctx_SendFile_404
--- PASS: Test_Ctx_SendFile_404 (0.00s)
=== CONT  Test_Ctx_SendFile
=== CONT  Test_Ctx_ClearCookie
--- PASS: Test_Ctx_ClearCookie (0.00s)
=== CONT  Test_Ctx_Subdomains
--- PASS: Test_Ctx_Subdomains (0.00s)
=== CONT  Test_Ctx_Download
=== CONT  Test_Ctx_Stale
--- PASS: Test_Ctx_Stale (0.00s)
=== CONT  Test_Ctx_QueryBool
--- PASS: Test_Ctx_QueryBool (0.00s)
=== CONT  Test_Ctx_Secure
--- PASS: Test_Ctx_Secure (0.00s)
=== CONT  Test_Ctx_SaveFileToStorage
=== CONT  Test_Ctx_SaveFile
=== CONT  Test_Ctx_Route
=== CONT  Test_Ctx_Range
--- PASS: Test_Ctx_Range (0.00s)
=== CONT  Test_Ctx_QueryFloat
--- PASS: Test_Ctx_QueryFloat (0.00s)
=== CONT  Test_Ctx_QueryInt
--- PASS: Test_Ctx_QueryInt (0.00s)
=== CONT  Test_Ctx_Query
--- PASS: Test_Ctx_Query (0.00s)
=== CONT  Test_Ctx_RouteNormalized
=== CONT  Test_Ctx_Protocol_UntrustedProxyRange
--- PASS: Test_Ctx_Protocol_UntrustedProxyRange (0.00s)
=== CONT  Test_Ctx_Protocol_TrustedProxyRange
--- PASS: Test_Ctx_Protocol_TrustedProxyRange (0.00s)
=== CONT  Test_Ctx_Protocol_TrustedProxy
--- PASS: Test_Ctx_Protocol_TrustedProxy (0.00s)
=== CONT  Test_Ctx_Protocol_UnTrustedProxy
--- PASS: Test_Ctx_Protocol_UnTrustedProxy (0.00s)
=== CONT  Test_Ctx_Protocol
--- PASS: Test_Ctx_Protocol (0.00s)
=== CONT  Test_Ctx_AllParams
=== CONT  Test_Ctx_Params_Case_Sensitive
=== CONT  Test_Ctx_Path
--- PASS: Test_Ctx_Path (0.00s)
=== CONT  Test_Ctx_Params
=== CONT  Test_Ctx_OriginalURL
--- PASS: Test_Ctx_OriginalURL (0.00s)
=== CONT  Test_Ctx_MultipartForm
=== PAUSE Test_Utils_ETag/Not_Status_OK
=== RUN   Test_Utils_ETag/No_Body
=== PAUSE Test_Utils_ETag/No_Body
--- PASS: Test_Ctx_Next (0.02s)
--- PASS: Test_Ctx_Next_Error (0.02s)
=== CONT  Test_Ctx_Method
--- PASS: Test_Ctx_Method (0.00s)
--- PASS: Test_Ctx_SaveFileToStorage (0.00s)
=== CONT  Test_Ctx_Is
--- PASS: Test_Ctx_Is (0.00s)
=== CONT  Test_Ctx_InvalidMethod
--- PASS: Test_Ctx_InvalidMethod (0.00s)
--- PASS: Test_Ctx_SaveFile (0.01s)
--- PASS: Test_Ctx_RouteNormalized (0.00s)
--- PASS: Test_Ctx_Params_Case_Sensitive (0.00s)
--- PASS: Test_Ctx_MultipartForm (0.00s)
=== RUN   Test_Utils_ETag/Has_HeaderIfNoneMatch
=== PAUSE Test_Utils_ETag/Has_HeaderIfNoneMatch
=== CONT  Test_Ctx_ClientHelloInfo
=== CONT  Test_Ctx_Locals
--- PASS: Test_Ctx_Locals (0.00s)
=== CONT  Test_Ctx_IP_ProxyHeader
--- PASS: Test_Ctx_IP_ProxyHeader (0.00s)
=== CONT  Test_Client_Agent_Connection_Close
=== CONT  Test_Ctx_IPs
--- PASS: Test_Ctx_IPs (0.00s)
=== CONT  Test_Ctx_PortInHandler
=== CONT  Test_Ctx_IPs_With_IP_Validation
--- PASS: Test_Ctx_IPs_With_IP_Validation (0.00s)
--- PASS: Test_Ctx_Route (0.01s)
=== CONT  Test_Ctx_IP
--- PASS: Test_Ctx_IP (0.00s)
=== CONT  Test_Ctx_Hostname_TrustedProxyRange
--- PASS: Test_Ctx_Hostname_TrustedProxyRange (0.00s)
=== CONT  Test_Ctx_IP_UntrustedProxy
--- PASS: Test_Ctx_IP_UntrustedProxy (0.00s)
=== CONT  Test_Ctx_IP_TrustedProxy
--- PASS: Test_Ctx_IP_TrustedProxy (0.00s)
=== CONT  Test_Ctx_Hostname_UntrustedProxyRange
--- PASS: Test_Ctx_Hostname_UntrustedProxyRange (0.00s)
=== CONT  Test_Ctx_Hostname
--- PASS: Test_Ctx_Hostname (0.00s)
=== CONT  Test_Ctx_IP_ProxyHeader_With_IP_Validation
--- PASS: Test_Ctx_IP_ProxyHeader_With_IP_Validation (0.00s)
=== RUN   Test_Utils_ETag/No_HeaderIfNoneMatch
--- PASS: Test_App_Custom_Middleware_404_Should_Not_SetMethodNotAllowed (0.03s)
=== CONT  Test_Ctx_Port
--- PASS: Test_Ctx_Port (0.00s)
=== CONT  Test_Ctx_Fresh
--- PASS: Test_Ctx_Fresh (0.00s)
=== CONT  Test_Hook_OnRoute
--- PASS: Test_Hook_OnRoute (0.00s)
=== CONT  Test_Ctx_Hostname_TrustedProxy_Multiple
--- PASS: Test_Ctx_Hostname_TrustedProxy_Multiple (0.00s)
=== CONT  Test_Ctx_Format
--- PASS: Test_Ctx_Format (0.00s)
=== CONT  Test_Ctx_Cookies
--- PASS: Test_Ctx_Cookies (0.00s)
=== CONT  Test_Ctx_Cookie
--- PASS: Test_Ctx_Cookie (0.00s)
=== CONT  Test_Ctx_Hostname_TrustedProxy
--- PASS: Test_Ctx_Hostname_TrustedProxy (0.00s)
=== CONT  Test_Ctx_UserContext_Multiple_Requests
=== RUN   Test_Ctx_UserContext_Multiple_Requests/request_1
=== CONT  Test_Ctx_Hostname_UntrustedProxy
--- PASS: Test_Ctx_Hostname_UntrustedProxy (0.00s)
=== CONT  Test_Ctx_IsProxyTrusted
2023/03/17 15:59:43 [Warning] IP range "0.0.0.1/31junk" could not be parsed: invalid CIDR address: 0.0.0.1/31junk
--- PASS: Test_Ctx_IsProxyTrusted (0.00s)
=== PAUSE Test_Utils_ETag/No_HeaderIfNoneMatch
=== CONT  Test_Ctx_Get
--- PASS: Test_Ctx_Get (0.00s)
--- PASS: Test_Ctx_PortInHandler (0.00s)
=== CONT  Test_Ctx_ParamParser
=== CONT  Test_Ctx_FormFile
=== CONT  Test_Ctx_FormValue
--- PASS: Test_Ctx_AllParams (0.01s)
=== CONT  Test_Ctx_SetUserContext
--- PASS: Test_Ctx_SetUserContext (0.00s)
=== CONT  Test_Ctx_Body
--- PASS: Test_Ctx_Body (0.00s)
=== CONT  Test_Ctx_BodyParser_WithSetParserDecoder
--- PASS: Test_Ctx_BodyParser_WithSetParserDecoder (0.00s)
=== CONT  Test_Ctx_Attachment
--- PASS: Test_Ctx_Attachment (0.00s)
=== CONT  Test_Ctx_BaseURL
--- PASS: Test_Ctx_BaseURL (0.00s)
=== CONT  Test_Ctx_Append
--- PASS: Test_Ctx_Append (0.00s)
=== CONT  Test_Ctx_AcceptsLanguages
--- PASS: Test_Ctx_AcceptsLanguages (0.00s)
=== CONT  Test_Ctx_App
--- PASS: Test_Ctx_App (0.00s)
=== CONT  Test_Ctx_Context
--- PASS: Test_Ctx_Context (0.00s)
=== CONT  Test_Ctx_Accepts_Wildcard
--- PASS: Test_Ctx_Accepts_Wildcard (0.00s)
--- PASS: Test_Client_Agent_Connection_Close (0.01s)
=== CONT  Test_Client_Agent_Parse
--- PASS: Test_Client_Agent_Parse (0.00s)
=== CONT  Test_Ctx_Accepts_EmptyAccept
--- PASS: Test_Ctx_Accepts_EmptyAccept (0.00s)
--- PASS: Test_Ctx_FormFile (0.00s)
=== CONT  Test_Client_Agent_TLS
--- PASS: Test_Ctx_FormValue (0.02s)
=== CONT  Test_Client_Agent_MaxRedirectsCount
=== RUN   Test_Client_Agent_MaxRedirectsCount/success
=== PAUSE Test_Client_Agent_MaxRedirectsCount/success
=== RUN   Test_Ctx_UserContext_Multiple_Requests/request_2
=== CONT  Test_Ctx_BodyParser
--- PASS: Test_Ctx_BodyParser (0.00s)
=== CONT  Test_Ctx_Body_With_Compression
--- PASS: Test_Ctx_Body_With_Compression (0.00s)
=== CONT  Test_Client_Agent_Reuse
=== CONT  Test_Ctx_AcceptsEncodings
--- PASS: Test_Ctx_AcceptsEncodings (0.00s)
=== CONT  Test_Ctx_AcceptsCharsets
--- PASS: Test_Ctx_AcceptsCharsets (0.00s)
=== CONT  Test_Client_Agent_SendFile_Error
--- PASS: Test_Client_Agent_SendFile_Error (0.00s)
=== CONT  Test_Ctx_Accepts
--- PASS: Test_Ctx_Accepts (0.00s)
=== CONT  Test_Client_Agent_Multipart_Random_Boundary
--- PASS: Test_Client_Agent_Multipart_Random_Boundary (0.00s)
=== CONT  Test_Client_Agent_Struct
=== RUN   Test_Client_Agent_Struct/success
=== PAUSE Test_Client_Agent_Struct/success
--- PASS: Test_Ctx_ParamParser (0.03s)
=== CONT  Test_Client_Agent_MultipartForm_Errors
--- PASS: Test_Client_Agent_MultipartForm_Errors (0.00s)
=== CONT  Test_Client_Agent_MultipartForm
=== RUN   Test_Client_Agent_MaxRedirectsCount/error
=== CONT  Test_Client_Agent_InsecureSkipVerify
--- PASS: Test_Ctx_Params (0.05s)
=== CONT  Test_Client_Agent_Timeout
=== CONT  Test_Client_Debug
=== CONT  Test_Client_Agent_Multipart_Invalid_Boundary
--- PASS: Test_Client_Agent_Multipart_Invalid_Boundary (0.00s)
=== CONT  Test_Client_Agent_MultipartForm_SendFiles
=== RUN   Test_Client_Agent_Struct/pre_error
=== PAUSE Test_Client_Agent_MaxRedirectsCount/error
=== CONT  Test_Client_Agent_XML_Error
--- PASS: Test_Client_Agent_XML_Error (0.00s)
=== CONT  Test_Client_Agent_XML
--- PASS: Test_Ctx_ClientHelloInfo (0.05s)
=== CONT  Test_Client_Agent_Json_Error
--- PASS: Test_Client_Agent_Json_Error (0.00s)
=== CONT  Test_Client_Agent_Form
=== PAUSE Test_Client_Agent_Struct/pre_error
=== RUN   Test_Client_Agent_Struct/error
=== RUN   Test_Ctx_UserContext_Multiple_Requests/request_3
--- PASS: Test_Client_Debug (0.01s)
--- PASS: Test_Client_Agent_Form (0.01s)
=== PAUSE Test_Client_Agent_Struct/error
=== RUN   Test_Client_Agent_Struct/nil_jsonDecoder
=== CONT  Test_Client_Agent_Json
--- PASS: Test_Client_Agent_Reuse (0.02s)
=== CONT  Test_Client_Agent_RetryIf
=== CONT  Test_Client_Agent_Dest
=== RUN   Test_Client_Agent_Dest/small_dest
=== PAUSE Test_Client_Agent_Dest/small_dest
=== CONT  Test_Client_Agent_Custom_Response
=== PAUSE Test_Client_Agent_Struct/nil_jsonDecoder
--- PASS: Test_Client_Agent_MultipartForm (0.03s)
=== RUN   Test_Ctx_UserContext_Multiple_Requests/request_4
=== RUN   Test_Client_Agent_Dest/enough_dest
=== PAUSE Test_Client_Agent_Dest/enough_dest
=== CONT  Test_Client_Agent_BodyStream
=== CONT  Test_Client_Agent_Body
--- PASS: Test_Client_Agent_Json (0.01s)
=== CONT  Test_Client_Agent_BasicAuth
--- PASS: Test_Client_Agent_RetryIf (0.01s)
--- PASS: Test_Client_Agent_XML (0.02s)
--- PASS: Test_Client_Agent_Body (0.00s)
=== RUN   Test_Ctx_UserContext_Multiple_Requests/request_5
=== RUN   Test_Ctx_UserContext_Multiple_Requests/request_6
=== CONT  Test_Client_Agent_BodyString
=== CONT  Test_Client_Agent_QueryString
=== CONT  Test_Client_Agent_Host
--- PASS: Test_Client_Agent_BodyStream (0.00s)
=== CONT  Test_Client_Agent_ContentType
--- PASS: Test_Client_Agent_BasicAuth (0.00s)
=== CONT  Test_Client_Agent_Cookie
--- PASS: Test_Client_Agent_BodyString (0.00s)
=== CONT  Test_Client_Agent_UserAgent
--- PASS: Test_Client_Agent_QueryString (0.00s)
=== CONT  Test_Client_Agent_Set_Or_Add_Headers
=== CONT  Test_Client_Agent_Referer
=== RUN   Test_Ctx_UserContext_Multiple_Requests/request_7
--- PASS: Test_Client_Agent_Host (0.00s)
--- PASS: Test_Client_Agent_Cookie (0.00s)
=== CONT  Test_Client_Delete
--- PASS: Test_Client_Agent_MultipartForm_SendFiles (0.03s)
--- PASS: Test_Client_Agent_ContentType (0.00s)
=== CONT  Test_Client_UserAgent
=== RUN   Test_Client_UserAgent/default
=== PAUSE Test_Client_UserAgent/default
=== CONT  Test_Client_Patch
=== RUN   Test_Ctx_UserContext_Multiple_Requests/request_8
=== CONT  Test_Client_Put
--- PASS: Test_Client_Agent_Referer (0.00s)
=== RUN   Test_Client_UserAgent/custom
=== PAUSE Test_Client_UserAgent/custom
=== RUN   Test_Ctx_UserContext_Multiple_Requests/request_9
--- PASS: Test_Client_Agent_UserAgent (0.00s)
--- PASS: Test_Client_Agent_Set_Or_Add_Headers (0.00s)
=== CONT  Test_Ctx_RepeatParserWithSameStruct
--- PASS: Test_Ctx_RepeatParserWithSameStruct (0.00s)
=== CONT  Test_Client_Invalid_URL
=== CONT  Test_Client_Head
=== CONT  Test_Client_Get
=== CONT  Test_Client_Unsupported_Protocol
--- PASS: Test_Client_Unsupported_Protocol (0.00s)
=== CONT  Test_Client_Post
=== RUN   Test_Ctx_UserContext_Multiple_Requests/request_10
--- PASS: Test_Client_Agent_Custom_Response (0.01s)
=== CONT  TestApp_GetRoutes
--- PASS: TestApp_GetRoutes (0.00s)
=== CONT  Test_App_AddCustomRequestMethod
--- PASS: Test_App_AddCustomRequestMethod (0.00s)
--- PASS: Test_Ctx_UserContext_Multiple_Requests (0.07s)
    --- PASS: Test_Ctx_UserContext_Multiple_Requests/request_1 (0.00s)
    --- PASS: Test_Ctx_UserContext_Multiple_Requests/request_2 (0.01s)
    --- PASS: Test_Ctx_UserContext_Multiple_Requests/request_3 (0.02s)
    --- PASS: Test_Ctx_UserContext_Multiple_Requests/request_4 (0.00s)
    --- PASS: Test_Ctx_UserContext_Multiple_Requests/request_5 (0.00s)
    --- PASS: Test_Ctx_UserContext_Multiple_Requests/request_6 (0.00s)
    --- PASS: Test_Ctx_UserContext_Multiple_Requests/request_7 (0.00s)
    --- PASS: Test_Ctx_UserContext_Multiple_Requests/request_8 (0.00s)
    --- PASS: Test_Ctx_UserContext_Multiple_Requests/request_9 (0.00s)
    --- PASS: Test_Ctx_UserContext_Multiple_Requests/request_10 (0.00s)
=== CONT  Test_App_SetTLSHandler
--- PASS: Test_App_SetTLSHandler (0.00s)
=== CONT  Test_App_Test_no_timeout_infinitely
--- PASS: Test_Client_Invalid_URL (0.00s)
=== CONT  Test_App_New_Test_Parallel
=== RUN   Test_App_New_Test_Parallel/Test_App_New_Test_Parallel_1
=== PAUSE Test_App_New_Test_Parallel/Test_App_New_Test_Parallel_1
=== RUN   Test_App_New_Test_Parallel/Test_App_New_Test_Parallel_2
=== CONT  Test_App_ReadBodyStream
=== PAUSE Test_App_New_Test_Parallel/Test_App_New_Test_Parallel_2
--- PASS: Test_App_Test_no_timeout_infinitely (0.00s)
=== CONT  Test_App_Server
--- PASS: Test_App_Server (0.00s)
=== CONT  Test_App_SmallReadBuffer
--- PASS: Test_App_ReadBodyStream (0.00s)
=== CONT  Test_App_BadRequest
=== CONT  Test_App_Error_In_Fasthttp_Server
2023/03/17 15:59:43 serverErrorHandler: failed to call ErrorHandler: fake error
--- PASS: Test_App_Error_In_Fasthttp_Server (0.00s)
=== CONT  Test_App_HandlersCount
--- PASS: Test_App_HandlersCount (0.00s)
=== CONT  Test_App_ReadTimeout
--- PASS: Test_Client_Patch (0.01s)
--- PASS: Test_Client_Put (0.01s)
=== CONT  Test_App_Stack
--- PASS: Test_App_Stack (0.00s)
--- PASS: Test_Client_Delete (0.01s)
=== CONT  Test_App_Handler
--- PASS: Test_App_Handler (0.00s)
=== CONT  Test_NewError
--- PASS: Test_NewError (0.00s)
=== CONT  Test_App_Init_Error_View
2023/03/17 15:59:43 [Warning]: failed to load views: invalid view
--- PASS: Test_App_Init_Error_View (0.00s)
=== CONT  Test_Test_DumpError
--- PASS: Test_Test_DumpError (0.00s)
--- PASS: Test_Client_Post (0.01s)
=== CONT  Test_App_Next_Method
=== CONT  Test_Test_Timeout
=== CONT  Test_App_Deep_Group
=== CONT  Test_App_Route
--- PASS: Test_App_Next_Method (0.00s)
=== CONT  Test_App_Group_Invalid
--- PASS: Test_App_Group_Invalid (0.00s)
=== CONT  Test_App_Group
--- PASS: Test_Client_Head (0.01s)
=== CONT  Test_App_Mixed_Routes_WithSameLen
--- PASS: Test_App_Deep_Group (0.00s)
=== CONT  Test_App_Static_Trailing_Slash
--- PASS: Test_Client_Get (0.01s)
=== CONT  Test_App_Static_Next
=== RUN   Test_App_Static_Next/app.Static_is_skipped:_invoking_Get_handler
=== PAUSE Test_App_Static_Next/app.Static_is_skipped:_invoking_Get_handler
=== RUN   Test_App_Static_Next/app.Static_is_not_skipped:_serving_index.html
==================
WARNING: DATA RACE
Read at 0x00c0000b7a10 by goroutine 744:
  runtime.mapaccess1_faststr()
      /usr/lib/go/src/runtime/map_faststr.go:13 +0x0
  github.com/valyala/fasthttp.(*fsHandler).newFSFile()
      /home/efectn/go/pkg/mod/github.com/valyala/fasthttp@v1.45.0/fs.go:1329 +0xec
  github.com/valyala/fasthttp.(*fsHandler).openFSFile()
      /home/efectn/go/pkg/mod/github.com/valyala/fasthttp@v1.45.0/fs.go:1317 +0x7c9
  github.com/valyala/fasthttp.(*fsHandler).openIndexFile()
      /home/efectn/go/pkg/mod/github.com/valyala/fasthttp@v1.45.0/fs.go:1046 +0x15a
  github.com/valyala/fasthttp.(*fsHandler).handleRequest()
      /home/efectn/go/pkg/mod/github.com/valyala/fasthttp@v1.45.0/fs.go:877 +0xc8e
  github.com/valyala/fasthttp.(*fsHandler).handleRequest-fm()
      <autogenerated>:1 +0x44
  github.com/gofiber/fiber/v2.(*App).registerStatic.func3()
      /home/efectn/Devel/fiber-v2/router.go:385 +0x15e
  github.com/gofiber/fiber/v2.(*App).next()
      /home/efectn/Devel/fiber-v2/router.go:134 +0x4b6
  github.com/gofiber/fiber/v2.(*App).handler()
      /home/efectn/Devel/fiber-v2/router.go:160 +0xf2
  github.com/gofiber/fiber/v2.(*App).handler-fm()
      <autogenerated>:1 +0x44
  github.com/valyala/fasthttp.(*Server).serveConn()
      /home/efectn/go/pkg/mod/github.com/valyala/fasthttp@v1.45.0/server.go:2371 +0x1b4a
  github.com/valyala/fasthttp.(*Server).ServeConn()
      /home/efectn/go/pkg/mod/github.com/valyala/fasthttp@v1.45.0/server.go:2041 +0x10f
  github.com/gofiber/fiber/v2.(*App).Test.func1()
      /home/efectn/Devel/fiber-v2/app.go:930 +0xd8

Previous write at 0x00c0000b7a10 by goroutine 43:
  runtime.mapassign_faststr()
      /usr/lib/go/src/runtime/map_faststr.go:203 +0x0
  github.com/valyala/fasthttp.(*FS).initRequestHandler()
      /home/efectn/go/pkg/mod/github.com/valyala/fasthttp@v1.45.0/fs.go:434 +0x2c4
  github.com/valyala/fasthttp.(*FS).initRequestHandler-fm()
      <autogenerated>:1 +0x39
  sync.(*Once).doSlow()
      /usr/lib/go/src/sync/once.go:74 +0x101
  sync.(*Once).Do()
      /usr/lib/go/src/sync/once.go:65 +0x46
  github.com/valyala/fasthttp.(*FS).NewRequestHandler()
      /home/efectn/go/pkg/mod/github.com/valyala/fasthttp@v1.45.0/fs.go:389 +0x9bb
  github.com/gofiber/fiber/v2.(*App).registerStatic()
      /home/efectn/Devel/fiber-v2/router.go:378 +0x984
  github.com/gofiber/fiber/v2.(*App).Static()
      /home/efectn/Devel/fiber-v2/app.go:762 +0xd3
  github.com/gofiber/fiber/v2.Test_App_Static_Next()
      /home/efectn/Devel/fiber-v2/app_test.go:1059 +0x59
  testing.tRunner()
      /usr/lib/go/src/testing/testing.go:1576 +0x216
  testing.(*T).Run.func1()
      /usr/lib/go/src/testing/testing.go:1629 +0x47

Goroutine 744 (running) created at:
  github.com/gofiber/fiber/v2.(*App).Test()
      /home/efectn/Devel/fiber-v2/app.go:922 +0x645
  github.com/gofiber/fiber/v2.Test_App_Static_Trailing_Slash()
      /home/efectn/Devel/fiber-v2/app_test.go:1015 +0xba
  testing.tRunner()
      /usr/lib/go/src/testing/testing.go:1576 +0x216
  testing.(*T).Run.func1()
      /usr/lib/go/src/testing/testing.go:1629 +0x47

Goroutine 43 (running) created at:
  testing.(*T).Run()
      /usr/lib/go/src/testing/testing.go:1629 +0x805
  testing.runTests.func1()
      /usr/lib/go/src/testing/testing.go:2036 +0x8d
  testing.tRunner()
      /usr/lib/go/src/testing/testing.go:1576 +0x216
  testing.runTests()
      /usr/lib/go/src/testing/testing.go:2034 +0x87c
  testing.(*M).Run()
      /usr/lib/go/src/testing/testing.go:1906 +0xb44
  main.main()
      _testmain.go:863 +0x2e9
==================
=== PAUSE Test_App_Static_Next/app.Static_is_not_skipped:_serving_index.html
=== NAME  Test_App_Static_Next
    testing.go:1446: race detected during execution of test
=== CONT  Test_App_Static_Prefix
==================
WARNING: DATA RACE
Write at 0x00c0000b7a10 by goroutine 41:
  runtime.mapassign_faststr()
      /usr/lib/go/src/runtime/map_faststr.go:203 +0x0
  github.com/valyala/fasthttp.(*FS).initRequestHandler()
      /home/efectn/go/pkg/mod/github.com/valyala/fasthttp@v1.45.0/fs.go:434 +0x2c4
  github.com/valyala/fasthttp.(*FS).initRequestHandler-fm()
      <autogenerated>:1 +0x39
  sync.(*Once).doSlow()
      /usr/lib/go/src/sync/once.go:74 +0x101
  sync.(*Once).Do()
      /usr/lib/go/src/sync/once.go:65 +0x46
  github.com/valyala/fasthttp.(*FS).NewRequestHandler()
      /home/efectn/go/pkg/mod/github.com/valyala/fasthttp@v1.45.0/fs.go:389 +0x9bb
  github.com/gofiber/fiber/v2.(*App).registerStatic()
      /home/efectn/Devel/fiber-v2/router.go:378 +0x984
  github.com/gofiber/fiber/v2.(*App).Static()
      /home/efectn/Devel/fiber-v2/app.go:762 +0x84
  github.com/gofiber/fiber/v2.Test_App_Static_Prefix()
      /home/efectn/Devel/fiber-v2/app_test.go:981 +0x59
  testing.tRunner()
      /usr/lib/go/src/testing/testing.go:1576 +0x216
  testing.(*T).Run.func1()
      /usr/lib/go/src/testing/testing.go:1629 +0x47

Previous read at 0x00c0000b7a10 by goroutine 749:
  runtime.mapaccess1_faststr()
      /usr/lib/go/src/runtime/map_faststr.go:13 +0x0
  github.com/valyala/fasthttp.(*fsHandler).newFSFile()
      /home/efectn/go/pkg/mod/github.com/valyala/fasthttp@v1.45.0/fs.go:1329 +0xec
  github.com/valyala/fasthttp.(*fsHandler).openFSFile()
      /home/efectn/go/pkg/mod/github.com/valyala/fasthttp@v1.45.0/fs.go:1317 +0x7c9
  github.com/valyala/fasthttp.(*fsHandler).openIndexFile()
      /home/efectn/go/pkg/mod/github.com/valyala/fasthttp@v1.45.0/fs.go:1046 +0x15a
  github.com/valyala/fasthttp.(*fsHandler).handleRequest()
      /home/efectn/go/pkg/mod/github.com/valyala/fasthttp@v1.45.0/fs.go:877 +0xc8e
  github.com/valyala/fasthttp.(*fsHandler).handleRequest-fm()
      <autogenerated>:1 +0x44
  github.com/gofiber/fiber/v2.(*App).registerStatic.func3()
      /home/efectn/Devel/fiber-v2/router.go:385 +0x15e
  github.com/gofiber/fiber/v2.(*App).next()
      /home/efectn/Devel/fiber-v2/router.go:134 +0x4b6
  github.com/gofiber/fiber/v2.(*Ctx).Next()
      /home/efectn/Devel/fiber-v2/ctx.go:964 +0x171
  github.com/gofiber/fiber/v2.Test_App_Mixed_Routes_WithSameLen.func1()
      /home/efectn/Devel/fiber-v2/app_test.go:1109 +0x78
  github.com/gofiber/fiber/v2.(*App).next()
      /home/efectn/Devel/fiber-v2/router.go:134 +0x4b6
  github.com/gofiber/fiber/v2.(*App).handler()
      /home/efectn/Devel/fiber-v2/router.go:160 +0xf2
  github.com/gofiber/fiber/v2.(*App).handler-fm()
      <autogenerated>:1 +0x44
  github.com/valyala/fasthttp.(*Server).serveConn()
      /home/efectn/go/pkg/mod/github.com/valyala/fasthttp@v1.45.0/server.go:2371 +0x1b4a
  github.com/valyala/fasthttp.(*Server).ServeConn()
      /home/efectn/go/pkg/mod/github.com/valyala/fasthttp@v1.45.0/server.go:2041 +0x10f
  github.com/gofiber/fiber/v2.(*App).Test.func1()
      /home/efectn/Devel/fiber-v2/app.go:930 +0xd8

Goroutine 41 (running) created at:
  testing.(*T).Run()
      /usr/lib/go/src/testing/testing.go:1629 +0x805
  testing.runTests.func1()
      /usr/lib/go/src/testing/testing.go:2036 +0x8d
  testing.tRunner()
      /usr/lib/go/src/testing/testing.go:1576 +0x216
  testing.runTests()
      /usr/lib/go/src/testing/testing.go:2034 +0x87c
  testing.(*M).Run()
      /usr/lib/go/src/testing/testing.go:1906 +0xb44
  main.main()
      _testmain.go:863 +0x2e9

Goroutine 749 (running) created at:
  github.com/gofiber/fiber/v2.(*App).Test()
      /home/efectn/Devel/fiber-v2/app.go:922 +0x645
  github.com/gofiber/fiber/v2.Test_App_Mixed_Routes_WithSameLen()
      /home/efectn/Devel/fiber-v2/app_test.go:1133 +0x4f4
  testing.tRunner()
      /usr/lib/go/src/testing/testing.go:1576 +0x216
  testing.(*T).Run.func1()
      /usr/lib/go/src/testing/testing.go:1629 +0x47
==================
=== NAME  Test_App_Route
    testing.go:1446: race detected during execution of test
--- FAIL: Test_App_Route (0.01s)
=== CONT  Test_App_Static_Prefix_Wildcard
==================
WARNING: DATA RACE
Write at 0x00c0000b7a10 by goroutine 40:
  runtime.mapassign_faststr()
      /usr/lib/go/src/runtime/map_faststr.go:203 +0x0
  github.com/valyala/fasthttp.(*FS).initRequestHandler()
      /home/efectn/go/pkg/mod/github.com/valyala/fasthttp@v1.45.0/fs.go:434 +0x2c4
  github.com/valyala/fasthttp.(*FS).initRequestHandler-fm()
      <autogenerated>:1 +0x39
  sync.(*Once).doSlow()
      /usr/lib/go/src/sync/once.go:74 +0x101
  sync.(*Once).Do()
      /usr/lib/go/src/sync/once.go:65 +0x46
  github.com/valyala/fasthttp.(*FS).NewRequestHandler()
      /home/efectn/go/pkg/mod/github.com/valyala/fasthttp@v1.45.0/fs.go:389 +0x9bb
  github.com/gofiber/fiber/v2.(*App).registerStatic()
      /home/efectn/Devel/fiber-v2/router.go:378 +0x984
  github.com/gofiber/fiber/v2.(*App).Static()
      /home/efectn/Devel/fiber-v2/app.go:762 +0x84
  github.com/gofiber/fiber/v2.Test_App_Static_Prefix_Wildcard()
      /home/efectn/Devel/fiber-v2/app_test.go:956 +0x5c
  testing.tRunner()
      /usr/lib/go/src/testing/testing.go:1576 +0x216
  testing.(*T).Run.func1()
      /usr/lib/go/src/testing/testing.go:1629 +0x47

Previous read at 0x00c0000b7a10 by goroutine 755:
  runtime.mapaccess1_faststr()
      /usr/lib/go/src/runtime/map_faststr.go:13 +0x0
  github.com/valyala/fasthttp.(*fsHandler).newFSFile()
      /home/efectn/go/pkg/mod/github.com/valyala/fasthttp@v1.45.0/fs.go:1329 +0xec
  github.com/valyala/fasthttp.(*fsHandler).openFSFile()
      /home/efectn/go/pkg/mod/github.com/valyala/fasthttp@v1.45.0/fs.go:1317 +0x7c9
  github.com/valyala/fasthttp.(*fsHandler).handleRequest()
      /home/efectn/go/pkg/mod/github.com/valyala/fasthttp@v1.45.0/fs.go:865 +0x846
  github.com/valyala/fasthttp.(*fsHandler).handleRequest-fm()
      <autogenerated>:1 +0x44
  github.com/gofiber/fiber/v2.(*App).registerStatic.func3()
      /home/efectn/Devel/fiber-v2/router.go:385 +0x15e
  github.com/gofiber/fiber/v2.(*App).next()
      /home/efectn/Devel/fiber-v2/router.go:134 +0x4b6
  github.com/gofiber/fiber/v2.(*App).handler()
      /home/efectn/Devel/fiber-v2/router.go:160 +0xf2
  github.com/gofiber/fiber/v2.(*App).handler-fm()
      <autogenerated>:1 +0x44
  github.com/valyala/fasthttp.(*Server).serveConn()
      /home/efectn/go/pkg/mod/github.com/valyala/fasthttp@v1.45.0/server.go:2371 +0x1b4a
  github.com/valyala/fasthttp.(*Server).ServeConn()
      /home/efectn/go/pkg/mod/github.com/valyala/fasthttp@v1.45.0/server.go:2041 +0x10f
  github.com/gofiber/fiber/v2.(*App).Test.func1()
      /home/efectn/Devel/fiber-v2/app.go:930 +0xd8

Goroutine 40 (running) created at:
  testing.(*T).Run()
      /usr/lib/go/src/testing/testing.go:1629 +0x805
  testing.runTests.func1()
      /usr/lib/go/src/testing/testing.go:2036 +0x8d
  testing.tRunner()
      /usr/lib/go/src/testing/testing.go:1576 +0x216
  testing.runTests()
      /usr/lib/go/src/testing/testing.go:2034 +0x87c
  testing.(*M).Run()
      /usr/lib/go/src/testing/testing.go:1906 +0xb44
  main.main()
      _testmain.go:863 +0x2e9

Goroutine 755 (running) created at:
  github.com/gofiber/fiber/v2.(*App).Test()
      /home/efectn/Devel/fiber-v2/app.go:922 +0x645
  github.com/gofiber/fiber/v2.Test_App_Static_Prefix()
      /home/efectn/Devel/fiber-v2/app_test.go:984 +0xba
  testing.tRunner()
      /usr/lib/go/src/testing/testing.go:1576 +0x216
  testing.(*T).Run.func1()
      /usr/lib/go/src/testing/testing.go:1629 +0x47
==================
=== NAME  Test_App_Group
    testing.go:1446: race detected during execution of test
--- FAIL: Test_App_Group (0.01s)
=== CONT  Test_App_Static_Wildcard
==================
WARNING: DATA RACE
Write at 0x00c0000b7a10 by goroutine 39:
  runtime.mapassign_faststr()
      /usr/lib/go/src/runtime/map_faststr.go:203 +0x0
  github.com/valyala/fasthttp.(*FS).initRequestHandler()
      /home/efectn/go/pkg/mod/github.com/valyala/fasthttp@v1.45.0/fs.go:434 +0x2c4
  github.com/valyala/fasthttp.(*FS).initRequestHandler-fm()
      <autogenerated>:1 +0x39
  sync.(*Once).doSlow()
      /usr/lib/go/src/sync/once.go:74 +0x101
  sync.(*Once).Do()
      /usr/lib/go/src/sync/once.go:65 +0x46
  github.com/valyala/fasthttp.(*FS).NewRequestHandler()
      /home/efectn/go/pkg/mod/github.com/valyala/fasthttp@v1.45.0/fs.go:389 +0x9bb
  github.com/gofiber/fiber/v2.(*App).registerStatic()
      /home/efectn/Devel/fiber-v2/router.go:378 +0x984
  github.com/gofiber/fiber/v2.(*App).Static()
      /home/efectn/Devel/fiber-v2/app.go:762 +0x84
  github.com/gofiber/fiber/v2.Test_App_Static_Wildcard()
      /home/efectn/Devel/fiber-v2/app_test.go:938 +0x5c
  testing.tRunner()
      /usr/lib/go/src/testing/testing.go:1576 +0x216
  testing.(*T).Run.func1()
      /usr/lib/go/src/testing/testing.go:1629 +0x47

Previous read at 0x00c0000b7a10 by goroutine 778:
  runtime.mapaccess1_faststr()
      /usr/lib/go/src/runtime/map_faststr.go:13 +0x0
  github.com/valyala/fasthttp.(*fsHandler).newFSFile()
      /home/efectn/go/pkg/mod/github.com/valyala/fasthttp@v1.45.0/fs.go:1329 +0xec
  github.com/valyala/fasthttp.(*fsHandler).openFSFile()
      /home/efectn/go/pkg/mod/github.com/valyala/fasthttp@v1.45.0/fs.go:1317 +0x7c9
  github.com/valyala/fasthttp.(*fsHandler).handleRequest()
      /home/efectn/go/pkg/mod/github.com/valyala/fasthttp@v1.45.0/fs.go:865 +0x846
  github.com/valyala/fasthttp.(*fsHandler).handleRequest-fm()
      <autogenerated>:1 +0x44
  github.com/gofiber/fiber/v2.(*App).registerStatic.func3()
      /home/efectn/Devel/fiber-v2/router.go:385 +0x15e
  github.com/gofiber/fiber/v2.(*App).next()
      /home/efectn/Devel/fiber-v2/router.go:134 +0x4b6
  github.com/gofiber/fiber/v2.(*App).handler()
      /home/efectn/Devel/fiber-v2/router.go:160 +0xf2
  github.com/gofiber/fiber/v2.(*App).handler-fm()
      <autogenerated>:1 +0x44
  github.com/valyala/fasthttp.(*Server).serveConn()
      /home/efectn/go/pkg/mod/github.com/valyala/fasthttp@v1.45.0/server.go:2371 +0x1b4a
  github.com/valyala/fasthttp.(*Server).ServeConn()
      /home/efectn/go/pkg/mod/github.com/valyala/fasthttp@v1.45.0/server.go:2041 +0x10f
  github.com/gofiber/fiber/v2.(*App).Test.func1()
      /home/efectn/Devel/fiber-v2/app.go:930 +0xd8

Goroutine 39 (running) created at:
  testing.(*T).Run()
      /usr/lib/go/src/testing/testing.go:1629 +0x805
  testing.runTests.func1()
      /usr/lib/go/src/testing/testing.go:2036 +0x8d
  testing.tRunner()
      /usr/lib/go/src/testing/testing.go:1576 +0x216
  testing.runTests()
      /usr/lib/go/src/testing/testing.go:2034 +0x87c
  testing.(*M).Run()
      /usr/lib/go/src/testing/testing.go:1906 +0xb44
  main.main()
      _testmain.go:863 +0x2e9

Goroutine 778 (running) created at:
  github.com/gofiber/fiber/v2.(*App).Test()
      /home/efectn/Devel/fiber-v2/app.go:922 +0x645
  github.com/gofiber/fiber/v2.Test_App_Static_Prefix_Wildcard()
      /home/efectn/Devel/fiber-v2/app_test.go:959 +0xbd
  testing.tRunner()
      /usr/lib/go/src/testing/testing.go:1576 +0x216
  testing.(*T).Run.func1()
      /usr/lib/go/src/testing/testing.go:1629 +0x47
==================
=== NAME  Test_Ctx_SendFile
    testing.go:1446: race detected during execution of test
--- FAIL: Test_Ctx_SendFile (0.12s)
=== CONT  Test_App_Static_Download
==================
WARNING: DATA RACE
Write at 0x00c0000b7a10 by goroutine 37:
  runtime.mapassign_faststr()
      /usr/lib/go/src/runtime/map_faststr.go:203 +0x0
  github.com/valyala/fasthttp.(*FS).initRequestHandler()
      /home/efectn/go/pkg/mod/github.com/valyala/fasthttp@v1.45.0/fs.go:434 +0x2c4
  github.com/valyala/fasthttp.(*FS).initRequestHandler-fm()
      <autogenerated>:1 +0x39
  sync.(*Once).doSlow()
      /usr/lib/go/src/sync/once.go:74 +0x101
  sync.(*Once).Do()
      /usr/lib/go/src/sync/once.go:65 +0x46
  github.com/valyala/fasthttp.(*FS).NewRequestHandler()
      /home/efectn/go/pkg/mod/github.com/valyala/fasthttp@v1.45.0/fs.go:389 +0x9bb
  github.com/gofiber/fiber/v2.(*App).registerStatic()
      /home/efectn/Devel/fiber-v2/router.go:378 +0x984
  github.com/gofiber/fiber/v2.(*App).Static()
      /home/efectn/Devel/fiber-v2/app.go:762 +0x184
  github.com/gofiber/fiber/v2.Test_App_Static_Download()
      /home/efectn/Devel/fiber-v2/app_test.go:893 +0x128
  testing.tRunner()
      /usr/lib/go/src/testing/testing.go:1576 +0x216
  testing.(*T).Run.func1()
      /usr/lib/go/src/testing/testing.go:1629 +0x47

Previous read at 0x00c0000b7a10 by goroutine 783:
  runtime.mapaccess1_faststr()
      /usr/lib/go/src/runtime/map_faststr.go:13 +0x0
  github.com/valyala/fasthttp.(*fsHandler).newFSFile()
      /home/efectn/go/pkg/mod/github.com/valyala/fasthttp@v1.45.0/fs.go:1329 +0xec
  github.com/valyala/fasthttp.(*fsHandler).openFSFile()
      /home/efectn/go/pkg/mod/github.com/valyala/fasthttp@v1.45.0/fs.go:1317 +0x7c9
  github.com/valyala/fasthttp.(*fsHandler).handleRequest()
      /home/efectn/go/pkg/mod/github.com/valyala/fasthttp@v1.45.0/fs.go:865 +0x846
  github.com/valyala/fasthttp.(*fsHandler).handleRequest-fm()
      <autogenerated>:1 +0x44
  github.com/gofiber/fiber/v2.(*App).registerStatic.func3()
      /home/efectn/Devel/fiber-v2/router.go:385 +0x15e
  github.com/gofiber/fiber/v2.(*App).next()
      /home/efectn/Devel/fiber-v2/router.go:134 +0x4b6
  github.com/gofiber/fiber/v2.(*App).handler()
      /home/efectn/Devel/fiber-v2/router.go:160 +0xf2
  github.com/gofiber/fiber/v2.(*App).handler-fm()
      <autogenerated>:1 +0x44
  github.com/valyala/fasthttp.(*Server).serveConn()
      /home/efectn/go/pkg/mod/github.com/valyala/fasthttp@v1.45.0/server.go:2371 +0x1b4a
  github.com/valyala/fasthttp.(*Server).ServeConn()
      /home/efectn/go/pkg/mod/github.com/valyala/fasthttp@v1.45.0/server.go:2041 +0x10f
  github.com/gofiber/fiber/v2.(*App).Test.func1()
      /home/efectn/Devel/fiber-v2/app.go:930 +0xd8

Goroutine 37 (running) created at:
  testing.(*T).Run()
      /usr/lib/go/src/testing/testing.go:1629 +0x805
  testing.runTests.func1()
      /usr/lib/go/src/testing/testing.go:2036 +0x8d
  testing.tRunner()
      /usr/lib/go/src/testing/testing.go:1576 +0x216
  testing.runTests()
      /usr/lib/go/src/testing/testing.go:2034 +0x87c
  testing.(*M).Run()
      /usr/lib/go/src/testing/testing.go:1906 +0xb44
  main.main()
      _testmain.go:863 +0x2e9

Goroutine 783 (running) created at:
  github.com/gofiber/fiber/v2.(*App).Test()
      /home/efectn/Devel/fiber-v2/app.go:922 +0x645
  github.com/gofiber/fiber/v2.Test_App_Static_Wildcard()
      /home/efectn/Devel/fiber-v2/app_test.go:941 +0xbd
  testing.tRunner()
      /usr/lib/go/src/testing/testing.go:1576 +0x216
  testing.(*T).Run.func1()
      /usr/lib/go/src/testing/testing.go:1629 +0x47
==================
=== NAME  Test_Ctx_SendFile_RestoreOriginalURL
    testing.go:1446: race detected during execution of test
--- FAIL: Test_Ctx_SendFile_RestoreOriginalURL (0.14s)
=== NAME  Test_Test_Timeout
    testing.go:1446: race detected during execution of test
--- FAIL: Test_Test_Timeout (0.03s)
=== NAME  Test_Ctx_Download
    testing.go:1446: race detected during execution of test
--- FAIL: Test_Ctx_Download (0.13s)
=== CONT  Test_App_Static_Group
==================
WARNING: DATA RACE
Write at 0x00c0000b7a10 by goroutine 38:
  runtime.mapassign_faststr()
      /usr/lib/go/src/runtime/map_faststr.go:203 +0x0
  github.com/valyala/fasthttp.(*FS).initRequestHandler()
      /home/efectn/go/pkg/mod/github.com/valyala/fasthttp@v1.45.0/fs.go:434 +0x2c4
  github.com/valyala/fasthttp.(*FS).initRequestHandler-fm()
      <autogenerated>:1 +0x39
  sync.(*Once).doSlow()
      /usr/lib/go/src/sync/once.go:74 +0x101
  sync.(*Once).Do()
      /usr/lib/go/src/sync/once.go:65 +0x46
  github.com/valyala/fasthttp.(*FS).NewRequestHandler()
      /home/efectn/go/pkg/mod/github.com/valyala/fasthttp@v1.45.0/fs.go:389 +0x9bb
  github.com/gofiber/fiber/v2.(*App).registerStatic()
      /home/efectn/Devel/fiber-v2/router.go:378 +0x984
  github.com/gofiber/fiber/v2.(*Group).Static()
      /home/efectn/Devel/fiber-v2/group.go:143 +0x146
  github.com/gofiber/fiber/v2.Test_App_Static_Group()
      /home/efectn/Devel/fiber-v2/app_test.go:913 +0xf1
  testing.tRunner()
      /usr/lib/go/src/testing/testing.go:1576 +0x216
  testing.(*T).Run.func1()
      /usr/lib/go/src/testing/testing.go:1629 +0x47

Previous read at 0x00c0000b7a10 by goroutine 785:
  runtime.mapaccess1_faststr()
      /usr/lib/go/src/runtime/map_faststr.go:13 +0x0
  github.com/valyala/fasthttp.(*fsHandler).newFSFile()
      /home/efectn/go/pkg/mod/github.com/valyala/fasthttp@v1.45.0/fs.go:1329 +0xec
  github.com/valyala/fasthttp.(*fsHandler).openFSFile()
      /home/efectn/go/pkg/mod/github.com/valyala/fasthttp@v1.45.0/fs.go:1317 +0x7c9
  github.com/valyala/fasthttp.(*fsHandler).handleRequest()
      /home/efectn/go/pkg/mod/github.com/valyala/fasthttp@v1.45.0/fs.go:865 +0x846
  github.com/valyala/fasthttp.(*fsHandler).handleRequest-fm()
      <autogenerated>:1 +0x44
  github.com/gofiber/fiber/v2.(*App).registerStatic.func3()
      /home/efectn/Devel/fiber-v2/router.go:385 +0x15e
  github.com/gofiber/fiber/v2.(*App).next()
      /home/efectn/Devel/fiber-v2/router.go:134 +0x4b6
  github.com/gofiber/fiber/v2.(*App).handler()
      /home/efectn/Devel/fiber-v2/router.go:160 +0xf2
  github.com/gofiber/fiber/v2.(*App).handler-fm()
      <autogenerated>:1 +0x44
  github.com/valyala/fasthttp.(*Server).serveConn()
      /home/efectn/go/pkg/mod/github.com/valyala/fasthttp@v1.45.0/server.go:2371 +0x1b4a
  github.com/valyala/fasthttp.(*Server).ServeConn()
      /home/efectn/go/pkg/mod/github.com/valyala/fasthttp@v1.45.0/server.go:2041 +0x10f
  github.com/gofiber/fiber/v2.(*App).Test.func1()
      /home/efectn/Devel/fiber-v2/app.go:930 +0xd8

Goroutine 38 (running) created at:
  testing.(*T).Run()
      /usr/lib/go/src/testing/testing.go:1629 +0x805
  testing.runTests.func1()
      /usr/lib/go/src/testing/testing.go:2036 +0x8d
  testing.tRunner()
      /usr/lib/go/src/testing/testing.go:1576 +0x216
  testing.runTests()
      /usr/lib/go/src/testing/testing.go:2034 +0x87c
  testing.(*M).Run()
      /usr/lib/go/src/testing/testing.go:1906 +0xb44
  main.main()
      _testmain.go:863 +0x2e9

Goroutine 785 (finished) created at:
  github.com/gofiber/fiber/v2.(*App).Test()
      /home/efectn/Devel/fiber-v2/app.go:922 +0x645
  github.com/gofiber/fiber/v2.Test_App_Static_Download()
      /home/efectn/Devel/fiber-v2/app_test.go:895 +0x1bd
  testing.tRunner()
      /usr/lib/go/src/testing/testing.go:1576 +0x216
  testing.(*T).Run.func1()
      /usr/lib/go/src/testing/testing.go:1629 +0x47
==================
=== CONT  Test_App_Static_MaxAge
--- PASS: Test_App_Static_MaxAge (0.00s)
=== CONT  Test_App_Static_Custom_CacheControl
==================
WARNING: DATA RACE
Write at 0x00c0000b7a10 by goroutine 40:
  runtime.mapassign_faststr()
      /usr/lib/go/src/runtime/map_faststr.go:203 +0x0
  github.com/valyala/fasthttp.(*FS).initRequestHandler()
      /home/efectn/go/pkg/mod/github.com/valyala/fasthttp@v1.45.0/fs.go:434 +0x2c4
  github.com/valyala/fasthttp.(*FS).initRequestHandler-fm()
      <autogenerated>:1 +0x39
  sync.(*Once).doSlow()
      /usr/lib/go/src/sync/once.go:74 +0x101
  sync.(*Once).Do()
      /usr/lib/go/src/sync/once.go:65 +0x46
  github.com/valyala/fasthttp.(*FS).NewRequestHandler()
      /home/efectn/go/pkg/mod/github.com/valyala/fasthttp@v1.45.0/fs.go:389 +0x9bb
  github.com/gofiber/fiber/v2.(*App).registerStatic()
      /home/efectn/Devel/fiber-v2/router.go:378 +0x984
  github.com/gofiber/fiber/v2.(*App).Static()
      /home/efectn/Devel/fiber-v2/app.go:762 +0x2c9
  github.com/gofiber/fiber/v2.Test_App_Static_Prefix_Wildcard()
      /home/efectn/Devel/fiber-v2/app_test.go:965 +0x29b
  testing.tRunner()
      /usr/lib/go/src/testing/testing.go:1576 +0x216
  testing.(*T).Run.func1()
      /usr/lib/go/src/testing/testing.go:1629 +0x47

Previous read at 0x00c0000b7a10 by goroutine 792:
  runtime.mapaccess1_faststr()
      /usr/lib/go/src/runtime/map_faststr.go:13 +0x0
  github.com/valyala/fasthttp.(*fsHandler).newFSFile()
      /home/efectn/go/pkg/mod/github.com/valyala/fasthttp@v1.45.0/fs.go:1329 +0xec
  github.com/valyala/fasthttp.(*fsHandler).openFSFile()
      /home/efectn/go/pkg/mod/github.com/valyala/fasthttp@v1.45.0/fs.go:1317 +0x7c9
  github.com/valyala/fasthttp.(*fsHandler).handleRequest()
      /home/efectn/go/pkg/mod/github.com/valyala/fasthttp@v1.45.0/fs.go:865 +0x846
  github.com/valyala/fasthttp.(*fsHandler).handleRequest-fm()
      <autogenerated>:1 +0x44
  github.com/gofiber/fiber/v2.(*App).registerStatic.func3()
      /home/efectn/Devel/fiber-v2/router.go:385 +0x15e
  github.com/gofiber/fiber/v2.(*App).next()
      /home/efectn/Devel/fiber-v2/router.go:134 +0x4b6
  github.com/gofiber/fiber/v2.(*App).handler()
      /home/efectn/Devel/fiber-v2/router.go:160 +0xf2
  github.com/gofiber/fiber/v2.(*App).handler-fm()
      <autogenerated>:1 +0x44
  github.com/valyala/fasthttp.(*Server).serveConn()
      /home/efectn/go/pkg/mod/github.com/valyala/fasthttp@v1.45.0/server.go:2371 +0x1b4a
  github.com/valyala/fasthttp.(*Server).ServeConn()
      /home/efectn/go/pkg/mod/github.com/valyala/fasthttp@v1.45.0/server.go:2041 +0x10f
  github.com/gofiber/fiber/v2.(*App).Test.func1()
      /home/efectn/Devel/fiber-v2/app.go:930 +0xd8

Goroutine 40 (running) created at:
  testing.(*T).Run()
      /usr/lib/go/src/testing/testing.go:1629 +0x805
  testing.runTests.func1()
      /usr/lib/go/src/testing/testing.go:2036 +0x8d
  testing.tRunner()
      /usr/lib/go/src/testing/testing.go:1576 +0x216
  testing.runTests()
      /usr/lib/go/src/testing/testing.go:2034 +0x87c
  testing.(*M).Run()
      /usr/lib/go/src/testing/testing.go:1906 +0xb44
  main.main()
      _testmain.go:863 +0x2e9

Goroutine 792 (finished) created at:
  github.com/gofiber/fiber/v2.(*App).Test()
      /home/efectn/Devel/fiber-v2/app.go:922 +0x645
  github.com/gofiber/fiber/v2.Test_App_Static_Custom_CacheControl()
      /home/efectn/Devel/fiber-v2/app_test.go:877 +0x11c
  testing.tRunner()
      /usr/lib/go/src/testing/testing.go:1576 +0x216
  testing.(*T).Run.func1()
      /usr/lib/go/src/testing/testing.go:1629 +0x47
==================
=== NAME  Test_Ctx_SendFile_Immutable//relativeWithDot
    testing.go:1446: race detected during execution of test
=== NAME  Test_App_Static_Download
    testing.go:1446: race detected during execution of test
--- FAIL: Test_App_Static_Download (0.00s)
=== CONT  Test_App_Static_Index_Default
==================
WARNING: DATA RACE
Write at 0x00c0000b7a10 by goroutine 33:
  runtime.mapassign_faststr()
      /usr/lib/go/src/runtime/map_faststr.go:203 +0x0
  github.com/valyala/fasthttp.(*FS).initRequestHandler()
      /home/efectn/go/pkg/mod/github.com/valyala/fasthttp@v1.45.0/fs.go:434 +0x2c4
  github.com/valyala/fasthttp.(*FS).initRequestHandler-fm()
      <autogenerated>:1 +0x39
  sync.(*Once).doSlow()
      /usr/lib/go/src/sync/once.go:74 +0x101
  sync.(*Once).Do()
      /usr/lib/go/src/sync/once.go:65 +0x46
  github.com/valyala/fasthttp.(*FS).NewRequestHandler()
      /home/efectn/go/pkg/mod/github.com/valyala/fasthttp@v1.45.0/fs.go:389 +0x9bb
  github.com/gofiber/fiber/v2.(*App).registerStatic()
      /home/efectn/Devel/fiber-v2/router.go:378 +0x984
  github.com/gofiber/fiber/v2.(*App).Static()
      /home/efectn/Devel/fiber-v2/app.go:762 +0x84
  github.com/gofiber/fiber/v2.Test_App_Static_Index_Default()
      /home/efectn/Devel/fiber-v2/app_test.go:796 +0x5c
  testing.tRunner()
      /usr/lib/go/src/testing/testing.go:1576 +0x216
  testing.(*T).Run.func1()
      /usr/lib/go/src/testing/testing.go:1629 +0x47

Previous read at 0x00c0000b7a10 by goroutine 795:
  runtime.mapaccess1_faststr()
      /usr/lib/go/src/runtime/map_faststr.go:13 +0x0
  github.com/valyala/fasthttp.(*fsHandler).newFSFile()
      /home/efectn/go/pkg/mod/github.com/valyala/fasthttp@v1.45.0/fs.go:1329 +0xec
  github.com/valyala/fasthttp.(*fsHandler).openFSFile()
      /home/efectn/go/pkg/mod/github.com/valyala/fasthttp@v1.45.0/fs.go:1317 +0x7c9
  github.com/valyala/fasthttp.(*fsHandler).handleRequest()
      /home/efectn/go/pkg/mod/github.com/valyala/fasthttp@v1.45.0/fs.go:865 +0x846
  github.com/valyala/fasthttp.(*fsHandler).handleRequest-fm()
      <autogenerated>:1 +0x44
  github.com/gofiber/fiber/v2.(*App).registerStatic.func3()
      /home/efectn/Devel/fiber-v2/router.go:385 +0x15e
  github.com/gofiber/fiber/v2.(*App).next()
      /home/efectn/Devel/fiber-v2/router.go:134 +0x4b6
  github.com/gofiber/fiber/v2.(*App).handler()
      /home/efectn/Devel/fiber-v2/router.go:160 +0xf2
  github.com/gofiber/fiber/v2.(*App).handler-fm()
      <autogenerated>:1 +0x44
  github.com/valyala/fasthttp.(*Server).serveConn()
      /home/efectn/go/pkg/mod/github.com/valyala/fasthttp@v1.45.0/server.go:2371 +0x1b4a
  github.com/valyala/fasthttp.(*Server).ServeConn()
      /home/efectn/go/pkg/mod/github.com/valyala/fasthttp@v1.45.0/server.go:2041 +0x10f
  github.com/gofiber/fiber/v2.(*App).Test.func1()
      /home/efectn/Devel/fiber-v2/app.go:930 +0xd8

Goroutine 33 (running) created at:
  testing.(*T).Run()
      /usr/lib/go/src/testing/testing.go:1629 +0x805
  testing.runTests.func1()
      /usr/lib/go/src/testing/testing.go:2036 +0x8d
  testing.tRunner()
      /usr/lib/go/src/testing/testing.go:1576 +0x216
  testing.runTests()
      /usr/lib/go/src/testing/testing.go:2034 +0x87c
  testing.(*M).Run()
      /usr/lib/go/src/testing/testing.go:1906 +0xb44
  main.main()
      _testmain.go:863 +0x2e9

Goroutine 795 (finished) created at:
  github.com/gofiber/fiber/v2.(*App).Test()
      /home/efectn/Devel/fiber-v2/app.go:922 +0x645
  github.com/gofiber/fiber/v2.Test_App_Static_Prefix_Wildcard()
      /home/efectn/Devel/fiber-v2/app_test.go:967 +0x304
  testing.tRunner()
      /usr/lib/go/src/testing/testing.go:1576 +0x216
  testing.(*T).Run.func1()
      /usr/lib/go/src/testing/testing.go:1629 +0x47
==================
==================
WARNING: DATA RACE
Read at 0x00c0000b7a10 by goroutine 788:
  runtime.mapaccess1_faststr()
      /usr/lib/go/src/runtime/map_faststr.go:13 +0x0
  github.com/valyala/fasthttp.(*fsHandler).newFSFile()
      /home/efectn/go/pkg/mod/github.com/valyala/fasthttp@v1.45.0/fs.go:1329 +0xec
  github.com/valyala/fasthttp.(*fsHandler).openFSFile()
      /home/efectn/go/pkg/mod/github.com/valyala/fasthttp@v1.45.0/fs.go:1317 +0x7c9
  github.com/valyala/fasthttp.(*fsHandler).handleRequest()
      /home/efectn/go/pkg/mod/github.com/valyala/fasthttp@v1.45.0/fs.go:865 +0x846
  github.com/valyala/fasthttp.(*fsHandler).handleRequest-fm()
      <autogenerated>:1 +0x44
  github.com/gofiber/fiber/v2.(*App).registerStatic.func3()
      /home/efectn/Devel/fiber-v2/router.go:385 +0x15e
  github.com/gofiber/fiber/v2.(*App).next()
      /home/efectn/Devel/fiber-v2/router.go:134 +0x4b6
  github.com/gofiber/fiber/v2.(*Ctx).Next()
      /home/efectn/Devel/fiber-v2/ctx.go:964 +0x171
  github.com/gofiber/fiber/v2.Test_App_Static_Group.func1()
      /home/efectn/Devel/fiber-v2/app_test.go:910 +0x78
  github.com/gofiber/fiber/v2.(*App).next()
      /home/efectn/Devel/fiber-v2/router.go:134 +0x4b6
  github.com/gofiber/fiber/v2.(*App).handler()
      /home/efectn/Devel/fiber-v2/router.go:160 +0xf2
  github.com/gofiber/fiber/v2.(*App).handler-fm()
      <autogenerated>:1 +0x44
  github.com/valyala/fasthttp.(*Server).serveConn()
      /home/efectn/go/pkg/mod/github.com/valyala/fasthttp@v1.45.0/server.go:2371 +0x1b4a
  github.com/valyala/fasthttp.(*Server).ServeConn()
      /home/efectn/go/pkg/mod/github.com/valyala/fasthttp@v1.45.0/server.go:2041 +0x10f
  github.com/gofiber/fiber/v2.(*App).Test.func1()
      /home/efectn/Devel/fiber-v2/app.go:930 +0xd8

Previous write at 0x00c0000b7a10 by goroutine 33:
  runtime.mapassign_faststr()
      /usr/lib/go/src/runtime/map_faststr.go:203 +0x0
  github.com/valyala/fasthttp.(*FS).initRequestHandler()
      /home/efectn/go/pkg/mod/github.com/valyala/fasthttp@v1.45.0/fs.go:434 +0x2c4
  github.com/valyala/fasthttp.(*FS).initRequestHandler-fm()
      <autogenerated>:1 +0x39
  sync.(*Once).doSlow()
      /usr/lib/go/src/sync/once.go:74 +0x101
  sync.(*Once).Do()
      /usr/lib/go/src/sync/once.go:65 +0x46
  github.com/valyala/fasthttp.(*FS).NewRequestHandler()
      /home/efectn/go/pkg/mod/github.com/valyala/fasthttp@v1.45.0/fs.go:389 +0x9bb
  github.com/gofiber/fiber/v2.(*App).registerStatic()
      /home/efectn/Devel/fiber-v2/router.go:378 +0x984
  github.com/gofiber/fiber/v2.(*App).Static()
      /home/efectn/Devel/fiber-v2/app.go:762 +0x133
  github.com/gofiber/fiber/v2.Test_App_Static_Index_Default()
      /home/efectn/Devel/fiber-v2/app_test.go:798 +0xac
  testing.tRunner()
      /usr/lib/go/src/testing/testing.go:1576 +0x216
  testing.(*T).Run.func1()
      /usr/lib/go/src/testing/testing.go:1629 +0x47

Goroutine 788 (running) created at:
  github.com/gofiber/fiber/v2.(*App).Test()
      /home/efectn/Devel/fiber-v2/app.go:922 +0x645
  github.com/gofiber/fiber/v2.Test_App_Static_Group()
      /home/efectn/Devel/fiber-v2/app_test.go:916 +0x127
  testing.tRunner()
      /usr/lib/go/src/testing/testing.go:1576 +0x216
  testing.(*T).Run.func1()
      /usr/lib/go/src/testing/testing.go:1629 +0x47

Goroutine 33 (running) created at:
  testing.(*T).Run()
      /usr/lib/go/src/testing/testing.go:1629 +0x805
  testing.runTests.func1()
      /usr/lib/go/src/testing/testing.go:2036 +0x8d
  testing.tRunner()
      /usr/lib/go/src/testing/testing.go:1576 +0x216
  testing.runTests()
      /usr/lib/go/src/testing/testing.go:2034 +0x87c
  testing.(*M).Run()
      /usr/lib/go/src/testing/testing.go:1906 +0xb44
  main.main()
      _testmain.go:863 +0x2e9
==================
==================
WARNING: DATA RACE
Write at 0x00c0000e63e8 by goroutine 38:
  github.com/valyala/fasthttp.(*FS).initRequestHandler()
      /home/efectn/go/pkg/mod/github.com/valyala/fasthttp@v1.45.0/fs.go:434 +0x2d3
  github.com/valyala/fasthttp.(*FS).initRequestHandler-fm()
      <autogenerated>:1 +0x39
  sync.(*Once).doSlow()
      /usr/lib/go/src/sync/once.go:74 +0x101
  sync.(*Once).Do()
      /usr/lib/go/src/sync/once.go:65 +0x46
  github.com/valyala/fasthttp.(*FS).NewRequestHandler()
      /home/efectn/go/pkg/mod/github.com/valyala/fasthttp@v1.45.0/fs.go:389 +0x9bb
  github.com/gofiber/fiber/v2.(*App).registerStatic()
      /home/efectn/Devel/fiber-v2/router.go:378 +0x984
  github.com/gofiber/fiber/v2.(*Group).Static()
      /home/efectn/Devel/fiber-v2/group.go:143 +0x146
  github.com/gofiber/fiber/v2.Test_App_Static_Group()
      /home/efectn/Devel/fiber-v2/app_test.go:924 +0x3a1
  testing.tRunner()
      /usr/lib/go/src/testing/testing.go:1576 +0x216
  testing.(*T).Run.func1()
      /usr/lib/go/src/testing/testing.go:1629 +0x47

Previous write at 0x00c0000e63e8 by goroutine 33:
  github.com/valyala/fasthttp.(*FS).initRequestHandler()
      /home/efectn/go/pkg/mod/github.com/valyala/fasthttp@v1.45.0/fs.go:434 +0x2d3
  github.com/valyala/fasthttp.(*FS).initRequestHandler-fm()
      <autogenerated>:1 +0x39
  sync.(*Once).doSlow()
      /usr/lib/go/src/sync/once.go:74 +0x101
  sync.(*Once).Do()
      /usr/lib/go/src/sync/once.go:65 +0x46
  github.com/valyala/fasthttp.(*FS).NewRequestHandler()
      /home/efectn/go/pkg/mod/github.com/valyala/fasthttp@v1.45.0/fs.go:389 +0x9bb
  github.com/gofiber/fiber/v2.(*App).registerStatic()
      /home/efectn/Devel/fiber-v2/router.go:378 +0x984
  github.com/gofiber/fiber/v2.(*App).Static()
      /home/efectn/Devel/fiber-v2/app.go:762 +0x133
  github.com/gofiber/fiber/v2.Test_App_Static_Index_Default()
      /home/efectn/Devel/fiber-v2/app_test.go:798 +0xac
  testing.tRunner()
      /usr/lib/go/src/testing/testing.go:1576 +0x216
  testing.(*T).Run.func1()
      /usr/lib/go/src/testing/testing.go:1629 +0x47

Goroutine 38 (running) created at:
  testing.(*T).Run()
      /usr/lib/go/src/testing/testing.go:1629 +0x805
  testing.runTests.func1()
      /usr/lib/go/src/testing/testing.go:2036 +0x8d
  testing.tRunner()
      /usr/lib/go/src/testing/testing.go:1576 +0x216
  testing.runTests()
      /usr/lib/go/src/testing/testing.go:2034 +0x87c
  testing.(*M).Run()
      /usr/lib/go/src/testing/testing.go:1906 +0xb44
  main.main()
      _testmain.go:863 +0x2e9

Goroutine 33 (running) created at:
  testing.(*T).Run()
      /usr/lib/go/src/testing/testing.go:1629 +0x805
  testing.runTests.func1()
      /usr/lib/go/src/testing/testing.go:2036 +0x8d
  testing.tRunner()
      /usr/lib/go/src/testing/testing.go:1576 +0x216
  testing.runTests()
      /usr/lib/go/src/testing/testing.go:2034 +0x87c
  testing.(*M).Run()
      /usr/lib/go/src/testing/testing.go:1906 +0xb44
  main.main()
      _testmain.go:863 +0x2e9
==================
==================
WARNING: DATA RACE
Read at 0x00c0000e63f8 by goroutine 38:
  github.com/valyala/fasthttp.(*FS).initRequestHandler()
      /home/efectn/go/pkg/mod/github.com/valyala/fasthttp@v1.45.0/fs.go:435 +0x344
  github.com/valyala/fasthttp.(*FS).initRequestHandler-fm()
      <autogenerated>:1 +0x39
  sync.(*Once).doSlow()
      /usr/lib/go/src/sync/once.go:74 +0x101
  sync.(*Once).Do()
      /usr/lib/go/src/sync/once.go:65 +0x46
  github.com/valyala/fasthttp.(*FS).NewRequestHandler()
      /home/efectn/go/pkg/mod/github.com/valyala/fasthttp@v1.45.0/fs.go:389 +0x9bb
  github.com/gofiber/fiber/v2.(*App).registerStatic()
      /home/efectn/Devel/fiber-v2/router.go:378 +0x984
  github.com/gofiber/fiber/v2.(*Group).Static()
      /home/efectn/Devel/fiber-v2/group.go:143 +0x146
  github.com/gofiber/fiber/v2.Test_App_Static_Group()
      /home/efectn/Devel/fiber-v2/app_test.go:924 +0x3a1
  testing.tRunner()
      /usr/lib/go/src/testing/testing.go:1576 +0x216
  testing.(*T).Run.func1()
      /usr/lib/go/src/testing/testing.go:1629 +0x47

Previous write at 0x00c0000e63f8 by goroutine 33:
  github.com/valyala/fasthttp.(*FS).initRequestHandler()
      /home/efectn/go/pkg/mod/github.com/valyala/fasthttp@v1.45.0/fs.go:435 +0x38c
  github.com/valyala/fasthttp.(*FS).initRequestHandler-fm()
      <autogenerated>:1 +0x39
  sync.(*Once).doSlow()
      /usr/lib/go/src/sync/once.go:74 +0x101
  sync.(*Once).Do()
      /usr/lib/go/src/sync/once.go:65 +0x46
  github.com/valyala/fasthttp.(*FS).NewRequestHandler()
      /home/efectn/go/pkg/mod/github.com/valyala/fasthttp@v1.45.0/fs.go:389 +0x9bb
  github.com/gofiber/fiber/v2.(*App).registerStatic()
      /home/efectn/Devel/fiber-v2/router.go:378 +0x984
  github.com/gofiber/fiber/v2.(*App).Static()
      /home/efectn/Devel/fiber-v2/app.go:762 +0x133
  github.com/gofiber/fiber/v2.Test_App_Static_Index_Default()
      /home/efectn/Devel/fiber-v2/app_test.go:798 +0xac
  testing.tRunner()
      /usr/lib/go/src/testing/testing.go:1576 +0x216
  testing.(*T).Run.func1()
      /usr/lib/go/src/testing/testing.go:1629 +0x47

Goroutine 38 (running) created at:
  testing.(*T).Run()
      /usr/lib/go/src/testing/testing.go:1629 +0x805
  testing.runTests.func1()
      /usr/lib/go/src/testing/testing.go:2036 +0x8d
  testing.tRunner()
      /usr/lib/go/src/testing/testing.go:1576 +0x216
  testing.runTests()
      /usr/lib/go/src/testing/testing.go:2034 +0x87c
  testing.(*M).Run()
      /usr/lib/go/src/testing/testing.go:1906 +0xb44
  main.main()
      _testmain.go:863 +0x2e9

Goroutine 33 (running) created at:
  testing.(*T).Run()
      /usr/lib/go/src/testing/testing.go:1629 +0x805
  testing.runTests.func1()
      /usr/lib/go/src/testing/testing.go:2036 +0x8d
  testing.tRunner()
      /usr/lib/go/src/testing/testing.go:1576 +0x216
  testing.runTests()
      /usr/lib/go/src/testing/testing.go:2034 +0x87c
  testing.(*M).Run()
      /usr/lib/go/src/testing/testing.go:1906 +0xb44
  main.main()
      _testmain.go:863 +0x2e9
==================
=== CONT  Test_App_Static_Direct
==================
WARNING: DATA RACE
Write at 0x00c0000b7a10 by goroutine 34:
  runtime.mapassign_faststr()
      /usr/lib/go/src/runtime/map_faststr.go:203 +0x0
  github.com/valyala/fasthttp.(*FS).initRequestHandler()
      /home/efectn/go/pkg/mod/github.com/valyala/fasthttp@v1.45.0/fs.go:434 +0x2c4
  github.com/valyala/fasthttp.(*FS).initRequestHandler-fm()
      <autogenerated>:1 +0x39
  sync.(*Once).doSlow()
      /usr/lib/go/src/sync/once.go:74 +0x101
  sync.(*Once).Do()
      /usr/lib/go/src/sync/once.go:65 +0x46
  github.com/valyala/fasthttp.(*FS).NewRequestHandler()
      /home/efectn/go/pkg/mod/github.com/valyala/fasthttp@v1.45.0/fs.go:389 +0x9bb
  github.com/gofiber/fiber/v2.(*App).registerStatic()
      /home/efectn/Devel/fiber-v2/router.go:378 +0x984
  github.com/gofiber/fiber/v2.(*App).Static()
      /home/efectn/Devel/fiber-v2/app.go:762 +0x85
  github.com/gofiber/fiber/v2.Test_App_Static_Direct()
      /home/efectn/Devel/fiber-v2/app_test.go:826 +0x5f
  testing.tRunner()
      /usr/lib/go/src/testing/testing.go:1576 +0x216
  testing.(*T).Run.func1()
      /usr/lib/go/src/testing/testing.go:1629 +0x47

Previous write at 0x00c0000b7a10 by goroutine 38:
  runtime.mapassign_faststr()
      /usr/lib/go/src/runtime/map_faststr.go:203 +0x0
  github.com/valyala/fasthttp.(*FS).initRequestHandler()
      /home/efectn/go/pkg/mod/github.com/valyala/fasthttp@v1.45.0/fs.go:434 +0x2c4
  github.com/valyala/fasthttp.(*FS).initRequestHandler-fm()
      <autogenerated>:1 +0x39
  sync.(*Once).doSlow()
      /usr/lib/go/src/sync/once.go:74 +0x101
  sync.(*Once).Do()
      /usr/lib/go/src/sync/once.go:65 +0x46
  github.com/valyala/fasthttp.(*FS).NewRequestHandler()
      /home/efectn/go/pkg/mod/github.com/valyala/fasthttp@v1.45.0/fs.go:389 +0x9bb
  github.com/gofiber/fiber/v2.(*App).registerStatic()
      /home/efectn/Devel/fiber-v2/router.go:378 +0x984
  github.com/gofiber/fiber/v2.(*Group).Static()
      /home/efectn/Devel/fiber-v2/group.go:143 +0x146
  github.com/gofiber/fiber/v2.Test_App_Static_Group()
      /home/efectn/Devel/fiber-v2/app_test.go:924 +0x3a1
  testing.tRunner()
      /usr/lib/go/src/testing/testing.go:1576 +0x216
  testing.(*T).Run.func1()
      /usr/lib/go/src/testing/testing.go:1629 +0x47

Goroutine 34 (running) created at:
  testing.(*T).Run()
      /usr/lib/go/src/testing/testing.go:1629 +0x805
  testing.runTests.func1()
      /usr/lib/go/src/testing/testing.go:2036 +0x8d
  testing.tRunner()
      /usr/lib/go/src/testing/testing.go:1576 +0x216
  testing.runTests()
      /usr/lib/go/src/testing/testing.go:2034 +0x87c
  testing.(*M).Run()
      /usr/lib/go/src/testing/testing.go:1906 +0xb44
  main.main()
      _testmain.go:863 +0x2e9

Goroutine 38 (running) created at:
  testing.(*T).Run()
      /usr/lib/go/src/testing/testing.go:1629 +0x805
  testing.runTests.func1()
      /usr/lib/go/src/testing/testing.go:2036 +0x8d
  testing.tRunner()
      /usr/lib/go/src/testing/testing.go:1576 +0x216
  testing.runTests()
      /usr/lib/go/src/testing/testing.go:2034 +0x87c
  testing.(*M).Run()
      /usr/lib/go/src/testing/testing.go:1906 +0xb44
  main.main()
      _testmain.go:863 +0x2e9
==================
==================
WARNING: DATA RACE
Read at 0x00c0000e63f8 by goroutine 34:
  github.com/valyala/fasthttp.(*FS).initRequestHandler()
      /home/efectn/go/pkg/mod/github.com/valyala/fasthttp@v1.45.0/fs.go:435 +0x344
  github.com/valyala/fasthttp.(*FS).initRequestHandler-fm()
      <autogenerated>:1 +0x39
  sync.(*Once).doSlow()
      /usr/lib/go/src/sync/once.go:74 +0x101
  sync.(*Once).Do()
      /usr/lib/go/src/sync/once.go:65 +0x46
  github.com/valyala/fasthttp.(*FS).NewRequestHandler()
      /home/efectn/go/pkg/mod/github.com/valyala/fasthttp@v1.45.0/fs.go:389 +0x9bb
  github.com/gofiber/fiber/v2.(*App).registerStatic()
      /home/efectn/Devel/fiber-v2/router.go:378 +0x984
  github.com/gofiber/fiber/v2.(*App).Static()
      /home/efectn/Devel/fiber-v2/app.go:762 +0x85
  github.com/gofiber/fiber/v2.Test_App_Static_Direct()
      /home/efectn/Devel/fiber-v2/app_test.go:826 +0x5f
  testing.tRunner()
      /usr/lib/go/src/testing/testing.go:1576 +0x216
  testing.(*T).Run.func1()
      /usr/lib/go/src/testing/testing.go:1629 +0x47

Previous write at 0x00c0000e63f8 by goroutine 38:
  github.com/valyala/fasthttp.(*FS).initRequestHandler()
      /home/efectn/go/pkg/mod/github.com/valyala/fasthttp@v1.45.0/fs.go:435 +0x38c
  github.com/valyala/fasthttp.(*FS).initRequestHandler-fm()
      <autogenerated>:1 +0x39
  sync.(*Once).doSlow()
      /usr/lib/go/src/sync/once.go:74 +0x101
  sync.(*Once).Do()
      /usr/lib/go/src/sync/once.go:65 +0x46
  github.com/valyala/fasthttp.(*FS).NewRequestHandler()
      /home/efectn/go/pkg/mod/github.com/valyala/fasthttp@v1.45.0/fs.go:389 +0x9bb
  github.com/gofiber/fiber/v2.(*App).registerStatic()
      /home/efectn/Devel/fiber-v2/router.go:378 +0x984
  github.com/gofiber/fiber/v2.(*Group).Static()
      /home/efectn/Devel/fiber-v2/group.go:143 +0x146
  github.com/gofiber/fiber/v2.Test_App_Static_Group()
      /home/efectn/Devel/fiber-v2/app_test.go:924 +0x3a1
  testing.tRunner()
      /usr/lib/go/src/testing/testing.go:1576 +0x216
  testing.(*T).Run.func1()
      /usr/lib/go/src/testing/testing.go:1629 +0x47

Goroutine 34 (running) created at:
  testing.(*T).Run()
      /usr/lib/go/src/testing/testing.go:1629 +0x805
  testing.runTests.func1()
      /usr/lib/go/src/testing/testing.go:2036 +0x8d
  testing.tRunner()
      /usr/lib/go/src/testing/testing.go:1576 +0x216
  testing.runTests()
      /usr/lib/go/src/testing/testing.go:2034 +0x87c
  testing.(*M).Run()
      /usr/lib/go/src/testing/testing.go:1906 +0xb44
  main.main()
      _testmain.go:863 +0x2e9

Goroutine 38 (running) created at:
  testing.(*T).Run()
      /usr/lib/go/src/testing/testing.go:1629 +0x805
  testing.runTests.func1()
      /usr/lib/go/src/testing/testing.go:2036 +0x8d
  testing.tRunner()
      /usr/lib/go/src/testing/testing.go:1576 +0x216
  testing.runTests()
      /usr/lib/go/src/testing/testing.go:2034 +0x87c
  testing.(*M).Run()
      /usr/lib/go/src/testing/testing.go:1906 +0xb44
  main.main()
      _testmain.go:863 +0x2e9
==================
==================
WARNING: DATA RACE
Read at 0x00c0000b7a10 by goroutine 793:
  runtime.mapaccess1_faststr()
      /usr/lib/go/src/runtime/map_faststr.go:13 +0x0
  github.com/valyala/fasthttp.(*fsHandler).newFSFile()
      /home/efectn/go/pkg/mod/github.com/valyala/fasthttp@v1.45.0/fs.go:1329 +0xec
  github.com/valyala/fasthttp.(*fsHandler).openFSFile()
      /home/efectn/go/pkg/mod/github.com/valyala/fasthttp@v1.45.0/fs.go:1317 +0x7c9
  github.com/valyala/fasthttp.(*fsHandler).handleRequest()
      /home/efectn/go/pkg/mod/github.com/valyala/fasthttp@v1.45.0/fs.go:865 +0x846
  github.com/valyala/fasthttp.(*fsHandler).handleRequest-fm()
      <autogenerated>:1 +0x44
  github.com/gofiber/fiber/v2.(*App).registerStatic.func3()
      /home/efectn/Devel/fiber-v2/router.go:385 +0x15e
  github.com/gofiber/fiber/v2.(*App).next()
      /home/efectn/Devel/fiber-v2/router.go:134 +0x4b6
  github.com/gofiber/fiber/v2.(*App).handler()
      /home/efectn/Devel/fiber-v2/router.go:160 +0xf2
  github.com/gofiber/fiber/v2.(*App).handler-fm()
      <autogenerated>:1 +0x44
  github.com/valyala/fasthttp.(*Server).serveConn()
      /home/efectn/go/pkg/mod/github.com/valyala/fasthttp@v1.45.0/server.go:2371 +0x1b4a
  github.com/valyala/fasthttp.(*Server).ServeConn()
      /home/efectn/go/pkg/mod/github.com/valyala/fasthttp@v1.45.0/server.go:2041 +0x10f
  github.com/gofiber/fiber/v2.(*App).Test.func1()
      /home/efectn/Devel/fiber-v2/app.go:930 +0xd8

Previous write at 0x00c0000b7a10 by goroutine 34:
  runtime.mapassign_faststr()
      /usr/lib/go/src/runtime/map_faststr.go:203 +0x0
  github.com/valyala/fasthttp.(*FS).initRequestHandler()
      /home/efectn/go/pkg/mod/github.com/valyala/fasthttp@v1.45.0/fs.go:435 +0x37d
  github.com/valyala/fasthttp.(*FS).initRequestHandler-fm()
      <autogenerated>:1 +0x39
  sync.(*Once).doSlow()
      /usr/lib/go/src/sync/once.go:74 +0x101
  sync.(*Once).Do()
      /usr/lib/go/src/sync/once.go:65 +0x46
  github.com/valyala/fasthttp.(*FS).NewRequestHandler()
      /home/efectn/go/pkg/mod/github.com/valyala/fasthttp@v1.45.0/fs.go:389 +0x9bb
  github.com/gofiber/fiber/v2.(*App).registerStatic()
      /home/efectn/Devel/fiber-v2/router.go:378 +0x984
  github.com/gofiber/fiber/v2.(*App).Static()
      /home/efectn/Devel/fiber-v2/app.go:762 +0x85
  github.com/gofiber/fiber/v2.Test_App_Static_Direct()
      /home/efectn/Devel/fiber-v2/app_test.go:826 +0x5f
  testing.tRunner()
      /usr/lib/go/src/testing/testing.go:1576 +0x216
  testing.(*T).Run.func1()
      /usr/lib/go/src/testing/testing.go:1629 +0x47

Goroutine 793 (running) created at:
  github.com/gofiber/fiber/v2.(*App).Test()
      /home/efectn/Devel/fiber-v2/app.go:922 +0x645
  github.com/gofiber/fiber/v2.Test_App_Static_Custom_CacheControl()
      /home/efectn/Devel/fiber-v2/app_test.go:881 +0x264
  testing.tRunner()
      /usr/lib/go/src/testing/testing.go:1576 +0x216
  testing.(*T).Run.func1()
      /usr/lib/go/src/testing/testing.go:1629 +0x47

Goroutine 34 (running) created at:
  testing.(*T).Run()
      /usr/lib/go/src/testing/testing.go:1629 +0x805
  testing.runTests.func1()
      /usr/lib/go/src/testing/testing.go:2036 +0x8d
  testing.tRunner()
      /usr/lib/go/src/testing/testing.go:1576 +0x216
  testing.runTests()
      /usr/lib/go/src/testing/testing.go:2034 +0x87c
  testing.(*M).Run()
      /usr/lib/go/src/testing/testing.go:1906 +0xb44
  main.main()
      _testmain.go:863 +0x2e9
==================
=== NAME  Test_App_Static_Custom_CacheControl
    testing.go:1446: race detected during execution of test
--- FAIL: Test_App_Static_Custom_CacheControl (0.00s)
=== CONT  Test_App_Shutdown
=== RUN   Test_App_Shutdown/success
=== PAUSE Test_App_Shutdown/success
==================
WARNING: DATA RACE
Write at 0x00c0000e63e8 by goroutine 42:
  github.com/valyala/fasthttp.(*FS).initRequestHandler()
      /home/efectn/go/pkg/mod/github.com/valyala/fasthttp@v1.45.0/fs.go:434 +0x2d3
  github.com/valyala/fasthttp.(*FS).initRequestHandler-fm()
      <autogenerated>:1 +0x39
  sync.(*Once).doSlow()
      /usr/lib/go/src/sync/once.go:74 +0x101
  sync.(*Once).Do()
      /usr/lib/go/src/sync/once.go:65 +0x46
  github.com/valyala/fasthttp.(*FS).NewRequestHandler()
      /home/efectn/go/pkg/mod/github.com/valyala/fasthttp@v1.45.0/fs.go:389 +0x9bb
  github.com/gofiber/fiber/v2.(*App).registerStatic()
      /home/efectn/Devel/fiber-v2/router.go:378 +0x984
  github.com/gofiber/fiber/v2.(*App).Static()
      /home/efectn/Devel/fiber-v2/app.go:762 +0x2c6
  github.com/gofiber/fiber/v2.Test_App_Static_Trailing_Slash()
      /home/efectn/Devel/fiber-v2/app_test.go:1021 +0x29b
  testing.tRunner()
      /usr/lib/go/src/testing/testing.go:1576 +0x216
  testing.(*T).Run.func1()
      /usr/lib/go/src/testing/testing.go:1629 +0x47

Previous write at 0x00c0000e63e8 by goroutine 34:
  github.com/valyala/fasthttp.(*FS).initRequestHandler()
      /home/efectn/go/pkg/mod/github.com/valyala/fasthttp@v1.45.0/fs.go:434 +0x2d3
  github.com/valyala/fasthttp.(*FS).initRequestHandler-fm()
      <autogenerated>:1 +0x39
  sync.(*Once).doSlow()
      /usr/lib/go/src/sync/once.go:74 +0x101
  sync.(*Once).Do()
      /usr/lib/go/src/sync/once.go:65 +0x46
  github.com/valyala/fasthttp.(*FS).NewRequestHandler()
      /home/efectn/go/pkg/mod/github.com/valyala/fasthttp@v1.45.0/fs.go:389 +0x9bb
  github.com/gofiber/fiber/v2.(*App).registerStatic()
      /home/efectn/Devel/fiber-v2/router.go:378 +0x984
  github.com/gofiber/fiber/v2.(*App).Static()
      /home/efectn/Devel/fiber-v2/app.go:762 +0x85
  github.com/gofiber/fiber/v2.Test_App_Static_Direct()
      /home/efectn/Devel/fiber-v2/app_test.go:826 +0x5f
  testing.tRunner()
      /usr/lib/go/src/testing/testing.go:1576 +0x216
  testing.(*T).Run.func1()
      /usr/lib/go/src/testing/testing.go:1629 +0x47

Goroutine 42 (running) created at:
  testing.(*T).Run()
      /usr/lib/go/src/testing/testing.go:1629 +0x805
  testing.runTests.func1()
      /usr/lib/go/src/testing/testing.go:2036 +0x8d
  testing.tRunner()
      /usr/lib/go/src/testing/testing.go:1576 +0x216
  testing.runTests()
      /usr/lib/go/src/testing/testing.go:2034 +0x87c
  testing.(*M).Run()
      /usr/lib/go/src/testing/testing.go:1906 +0xb44
  main.main()
      _testmain.go:863 +0x2e9

Goroutine 34 (running) created at:
  testing.(*T).Run()
      /usr/lib/go/src/testing/testing.go:1629 +0x805
  testing.runTests.func1()
      /usr/lib/go/src/testing/testing.go:2036 +0x8d
  testing.tRunner()
      /usr/lib/go/src/testing/testing.go:1576 +0x216
  testing.runTests()
      /usr/lib/go/src/testing/testing.go:2034 +0x87c
  testing.(*M).Run()
      /usr/lib/go/src/testing/testing.go:1906 +0xb44
  main.main()
      _testmain.go:863 +0x2e9
==================
==================
WARNING: DATA RACE
Read at 0x00c0000e63f8 by goroutine 42:
  github.com/valyala/fasthttp.(*FS).initRequestHandler()
      /home/efectn/go/pkg/mod/github.com/valyala/fasthttp@v1.45.0/fs.go:435 +0x344
  github.com/valyala/fasthttp.(*FS).initRequestHandler-fm()
      <autogenerated>:1 +0x39
  sync.(*Once).doSlow()
      /usr/lib/go/src/sync/once.go:74 +0x101
  sync.(*Once).Do()
      /usr/lib/go/src/sync/once.go:65 +0x46
  github.com/valyala/fasthttp.(*FS).NewRequestHandler()
      /home/efectn/go/pkg/mod/github.com/valyala/fasthttp@v1.45.0/fs.go:389 +0x9bb
  github.com/gofiber/fiber/v2.(*App).registerStatic()
      /home/efectn/Devel/fiber-v2/router.go:378 +0x984
  github.com/gofiber/fiber/v2.(*App).Static()
      /home/efectn/Devel/fiber-v2/app.go:762 +0x2c6
  github.com/gofiber/fiber/v2.Test_App_Static_Trailing_Slash()
      /home/efectn/Devel/fiber-v2/app_test.go:1021 +0x29b
  testing.tRunner()
      /usr/lib/go/src/testing/testing.go:1576 +0x216
  testing.(*T).Run.func1()
      /usr/lib/go/src/testing/testing.go:1629 +0x47

Previous write at 0x00c0000e63f8 by goroutine 34:
  github.com/valyala/fasthttp.(*FS).initRequestHandler()
      /home/efectn/go/pkg/mod/github.com/valyala/fasthttp@v1.45.0/fs.go:435 +0x38c
  github.com/valyala/fasthttp.(*FS).initRequestHandler-fm()
      <autogenerated>:1 +0x39
  sync.(*Once).doSlow()
      /usr/lib/go/src/sync/once.go:74 +0x101
  sync.(*Once).Do()
      /usr/lib/go/src/sync/once.go:65 +0x46
  github.com/valyala/fasthttp.(*FS).NewRequestHandler()
      /home/efectn/go/pkg/mod/github.com/valyala/fasthttp@v1.45.0/fs.go:389 +0x9bb
  github.com/gofiber/fiber/v2.(*App).registerStatic()
      /home/efectn/Devel/fiber-v2/router.go:378 +0x984
  github.com/gofiber/fiber/v2.(*App).Static()
      /home/efectn/Devel/fiber-v2/app.go:762 +0x85
  github.com/gofiber/fiber/v2.Test_App_Static_Direct()
      /home/efectn/Devel/fiber-v2/app_test.go:826 +0x5f
  testing.tRunner()
      /usr/lib/go/src/testing/testing.go:1576 +0x216
  testing.(*T).Run.func1()
      /usr/lib/go/src/testing/testing.go:1629 +0x47

Goroutine 42 (running) created at:
  testing.(*T).Run()
      /usr/lib/go/src/testing/testing.go:1629 +0x805
  testing.runTests.func1()
      /usr/lib/go/src/testing/testing.go:2036 +0x8d
  testing.tRunner()
      /usr/lib/go/src/testing/testing.go:1576 +0x216
  testing.runTests()
      /usr/lib/go/src/testing/testing.go:2034 +0x87c
  testing.(*M).Run()
      /usr/lib/go/src/testing/testing.go:1906 +0xb44
  main.main()
      _testmain.go:863 +0x2e9

Goroutine 34 (running) created at:
  testing.(*T).Run()
      /usr/lib/go/src/testing/testing.go:1629 +0x805
  testing.runTests.func1()
      /usr/lib/go/src/testing/testing.go:2036 +0x8d
  testing.tRunner()
      /usr/lib/go/src/testing/testing.go:1576 +0x216
  testing.runTests()
      /usr/lib/go/src/testing/testing.go:2034 +0x87c
  testing.(*M).Run()
      /usr/lib/go/src/testing/testing.go:1906 +0xb44
  main.main()
      _testmain.go:863 +0x2e9
==================
=== NAME  Test_App_Mixed_Routes_WithSameLen
    testing.go:1446: race detected during execution of test
--- FAIL: Test_App_Mixed_Routes_WithSameLen (0.03s)
=== CONT  Test_App_Config
--- PASS: Test_App_Config (0.00s)
=== CONT  Test_App_ShutdownWithTimeout
==================
WARNING: DATA RACE
Write at 0x00c0000b7a10 by goroutine 41:
  runtime.mapassign_faststr()
      /usr/lib/go/src/runtime/map_faststr.go:203 +0x0
  github.com/valyala/fasthttp.(*FS).initRequestHandler()
      /home/efectn/go/pkg/mod/github.com/valyala/fasthttp@v1.45.0/fs.go:434 +0x2c4
  github.com/valyala/fasthttp.(*FS).initRequestHandler-fm()
      <autogenerated>:1 +0x39
  sync.(*Once).doSlow()
      /usr/lib/go/src/sync/once.go:74 +0x101
  sync.(*Once).Do()
      /usr/lib/go/src/sync/once.go:65 +0x46
  github.com/valyala/fasthttp.(*FS).NewRequestHandler()
      /home/efectn/go/pkg/mod/github.com/valyala/fasthttp@v1.45.0/fs.go:389 +0x9bb
  github.com/gofiber/fiber/v2.(*App).registerStatic()
      /home/efectn/Devel/fiber-v2/router.go:378 +0x984
  github.com/gofiber/fiber/v2.(*App).Static()
      /home/efectn/Devel/fiber-v2/app.go:762 +0x2c6
  github.com/gofiber/fiber/v2.Test_App_Static_Prefix()
      /home/efectn/Devel/fiber-v2/app_test.go:990 +0x29b
  testing.tRunner()
      /usr/lib/go/src/testing/testing.go:1576 +0x216
  testing.(*T).Run.func1()
      /usr/lib/go/src/testing/testing.go:1629 +0x47

Previous write at 0x00c0000b7a10 by goroutine 42:
  runtime.mapassign_faststr()
      /usr/lib/go/src/runtime/map_faststr.go:203 +0x0
  github.com/valyala/fasthttp.(*FS).initRequestHandler()
      /home/efectn/go/pkg/mod/github.com/valyala/fasthttp@v1.45.0/fs.go:434 +0x2c4
  github.com/valyala/fasthttp.(*FS).initRequestHandler-fm()
      <autogenerated>:1 +0x39
  sync.(*Once).doSlow()
      /usr/lib/go/src/sync/once.go:74 +0x101
  sync.(*Once).Do()
      /usr/lib/go/src/sync/once.go:65 +0x46
  github.com/valyala/fasthttp.(*FS).NewRequestHandler()
      /home/efectn/go/pkg/mod/github.com/valyala/fasthttp@v1.45.0/fs.go:389 +0x9bb
  github.com/gofiber/fiber/v2.(*App).registerStatic()
      /home/efectn/Devel/fiber-v2/router.go:378 +0x984
  github.com/gofiber/fiber/v2.(*App).Static()
      /home/efectn/Devel/fiber-v2/app.go:762 +0x2c6
  github.com/gofiber/fiber/v2.Test_App_Static_Trailing_Slash()
      /home/efectn/Devel/fiber-v2/app_test.go:1021 +0x29b
  testing.tRunner()
      /usr/lib/go/src/testing/testing.go:1576 +0x216
  testing.(*T).Run.func1()
      /usr/lib/go/src/testing/testing.go:1629 +0x47

Goroutine 41 (running) created at:
  testing.(*T).Run()
      /usr/lib/go/src/testing/testing.go:1629 +0x805
  testing.runTests.func1()
      /usr/lib/go/src/testing/testing.go:2036 +0x8d
  testing.tRunner()
      /usr/lib/go/src/testing/testing.go:1576 +0x216
  testing.runTests()
      /usr/lib/go/src/testing/testing.go:2034 +0x87c
  testing.(*M).Run()
      /usr/lib/go/src/testing/testing.go:1906 +0xb44
  main.main()
      _testmain.go:863 +0x2e9

Goroutine 42 (running) created at:
  testing.(*T).Run()
      /usr/lib/go/src/testing/testing.go:1629 +0x805
  testing.runTests.func1()
      /usr/lib/go/src/testing/testing.go:2036 +0x8d
  testing.tRunner()
      /usr/lib/go/src/testing/testing.go:1576 +0x216
  testing.runTests()
      /usr/lib/go/src/testing/testing.go:2034 +0x87c
  testing.(*M).Run()
      /usr/lib/go/src/testing/testing.go:1906 +0xb44
  main.main()
      _testmain.go:863 +0x2e9
==================
==================
WARNING: DATA RACE
Read at 0x00c0000e63f8 by goroutine 41:
  github.com/valyala/fasthttp.(*FS).initRequestHandler()
      /home/efectn/go/pkg/mod/github.com/valyala/fasthttp@v1.45.0/fs.go:435 +0x344
  github.com/valyala/fasthttp.(*FS).initRequestHandler-fm()
      <autogenerated>:1 +0x39
  sync.(*Once).doSlow()
      /usr/lib/go/src/sync/once.go:74 +0x101
  sync.(*Once).Do()
      /usr/lib/go/src/sync/once.go:65 +0x46
  github.com/valyala/fasthttp.(*FS).NewRequestHandler()
      /home/efectn/go/pkg/mod/github.com/valyala/fasthttp@v1.45.0/fs.go:389 +0x9bb
  github.com/gofiber/fiber/v2.(*App).registerStatic()
      /home/efectn/Devel/fiber-v2/router.go:378 +0x984
  github.com/gofiber/fiber/v2.(*App).Static()
      /home/efectn/Devel/fiber-v2/app.go:762 +0x2c6
  github.com/gofiber/fiber/v2.Test_App_Static_Prefix()
      /home/efectn/Devel/fiber-v2/app_test.go:990 +0x29b
  testing.tRunner()
      /usr/lib/go/src/testing/testing.go:1576 +0x216
  testing.(*T).Run.func1()
      /usr/lib/go/src/testing/testing.go:1629 +0x47

Previous write at 0x00c0000e63f8 by goroutine 42:
  github.com/valyala/fasthttp.(*FS).initRequestHandler()
      /home/efectn/go/pkg/mod/github.com/valyala/fasthttp@v1.45.0/fs.go:435 +0x38c
  github.com/valyala/fasthttp.(*FS).initRequestHandler-fm()
      <autogenerated>:1 +0x39
  sync.(*Once).doSlow()
      /usr/lib/go/src/sync/once.go:74 +0x101
  sync.(*Once).Do()
      /usr/lib/go/src/sync/once.go:65 +0x46
  github.com/valyala/fasthttp.(*FS).NewRequestHandler()
      /home/efectn/go/pkg/mod/github.com/valyala/fasthttp@v1.45.0/fs.go:389 +0x9bb
  github.com/gofiber/fiber/v2.(*App).registerStatic()
      /home/efectn/Devel/fiber-v2/router.go:378 +0x984
  github.com/gofiber/fiber/v2.(*App).Static()
      /home/efectn/Devel/fiber-v2/app.go:762 +0x2c6
  github.com/gofiber/fiber/v2.Test_App_Static_Trailing_Slash()
      /home/efectn/Devel/fiber-v2/app_test.go:1021 +0x29b
  testing.tRunner()
      /usr/lib/go/src/testing/testing.go:1576 +0x216
  testing.(*T).Run.func1()
      /usr/lib/go/src/testing/testing.go:1629 +0x47

Goroutine 41 (running) created at:
  testing.(*T).Run()
      /usr/lib/go/src/testing/testing.go:1629 +0x805
  testing.runTests.func1()
      /usr/lib/go/src/testing/testing.go:2036 +0x8d
  testing.tRunner()
      /usr/lib/go/src/testing/testing.go:1576 +0x216
  testing.runTests()
      /usr/lib/go/src/testing/testing.go:2034 +0x87c
  testing.(*M).Run()
      /usr/lib/go/src/testing/testing.go:1906 +0xb44
  main.main()
      _testmain.go:863 +0x2e9

Goroutine 42 (running) created at:
  testing.(*T).Run()
      /usr/lib/go/src/testing/testing.go:1629 +0x805
  testing.runTests.func1()
      /usr/lib/go/src/testing/testing.go:2036 +0x8d
  testing.tRunner()
      /usr/lib/go/src/testing/testing.go:1576 +0x216
  testing.runTests()
      /usr/lib/go/src/testing/testing.go:2034 +0x87c
  testing.(*M).Run()
      /usr/lib/go/src/testing/testing.go:1906 +0xb44
  main.main()
      _testmain.go:863 +0x2e9
==================
=== NAME  Test_App_Static_Prefix_Wildcard
    testing.go:1446: race detected during execution of test
--- FAIL: Test_App_Static_Prefix_Wildcard (0.03s)
=== CONT  Test_App_New
--- PASS: Test_App_New (0.00s)
=== RUN   Test_Ctx_SendFile_Immutable//relativeOSWithDot
=== RUN   Test_App_Shutdown/no_server
=== PAUSE Test_App_Shutdown/no_server
==================
WARNING: DATA RACE
Write at 0x00c0000b7a10 by goroutine 42:
  runtime.mapassign_faststr()
      /usr/lib/go/src/runtime/map_faststr.go:203 +0x0
  github.com/valyala/fasthttp.(*FS).initRequestHandler()
      /home/efectn/go/pkg/mod/github.com/valyala/fasthttp@v1.45.0/fs.go:434 +0x2c4
  github.com/valyala/fasthttp.(*FS).initRequestHandler-fm()
      <autogenerated>:1 +0x39
  sync.(*Once).doSlow()
      /usr/lib/go/src/sync/once.go:74 +0x101
  sync.(*Once).Do()
      /usr/lib/go/src/sync/once.go:65 +0x46
  github.com/valyala/fasthttp.(*FS).NewRequestHandler()
      /home/efectn/go/pkg/mod/github.com/valyala/fasthttp@v1.45.0/fs.go:389 +0x9bb
  github.com/gofiber/fiber/v2.(*App).registerStatic()
      /home/efectn/Devel/fiber-v2/router.go:378 +0x984
  github.com/gofiber/fiber/v2.(*App).Static()
      /home/efectn/Devel/fiber-v2/app.go:762 +0x506
  github.com/gofiber/fiber/v2.Test_App_Static_Trailing_Slash()
      /home/efectn/Devel/fiber-v2/app_test.go:1030 +0x4db
  testing.tRunner()
      /usr/lib/go/src/testing/testing.go:1576 +0x216
  testing.(*T).Run.func1()
      /usr/lib/go/src/testing/testing.go:1629 +0x47

Previous read at 0x00c0000b7a10 by goroutine 804:
  runtime.mapaccess1_faststr()
      /usr/lib/go/src/runtime/map_faststr.go:13 +0x0
  github.com/valyala/fasthttp.(*fsHandler).newFSFile()
      /home/efectn/go/pkg/mod/github.com/valyala/fasthttp@v1.45.0/fs.go:1329 +0xec
  github.com/valyala/fasthttp.(*fsHandler).openFSFile()
      /home/efectn/go/pkg/mod/github.com/valyala/fasthttp@v1.45.0/fs.go:1317 +0x7c9
  github.com/valyala/fasthttp.(*fsHandler).handleRequest()
      /home/efectn/go/pkg/mod/github.com/valyala/fasthttp@v1.45.0/fs.go:865 +0x846
  github.com/valyala/fasthttp.(*fsHandler).handleRequest-fm()
      <autogenerated>:1 +0x44
  github.com/gofiber/fiber/v2.(*App).registerStatic.func3()
      /home/efectn/Devel/fiber-v2/router.go:385 +0x15e
  github.com/gofiber/fiber/v2.(*App).next()
      /home/efectn/Devel/fiber-v2/router.go:134 +0x4b6
  github.com/gofiber/fiber/v2.(*App).handler()
      /home/efectn/Devel/fiber-v2/router.go:160 +0xf2
  github.com/gofiber/fiber/v2.(*App).handler-fm()
      <autogenerated>:1 +0x44
  github.com/valyala/fasthttp.(*Server).serveConn()
      /home/efectn/go/pkg/mod/github.com/valyala/fasthttp@v1.45.0/server.go:2371 +0x1b4a
  github.com/valyala/fasthttp.(*Server).ServeConn()
      /home/efectn/go/pkg/mod/github.com/valyala/fasthttp@v1.45.0/server.go:2041 +0x10f
  github.com/gofiber/fiber/v2.(*App).Test.func1()
      /home/efectn/Devel/fiber-v2/app.go:930 +0xd8

Goroutine 42 (running) created at:
  testing.(*T).Run()
      /usr/lib/go/src/testing/testing.go:1629 +0x805
  testing.runTests.func1()
      /usr/lib/go/src/testing/testing.go:2036 +0x8d
  testing.tRunner()
      /usr/lib/go/src/testing/testing.go:1576 +0x216
  testing.runTests()
      /usr/lib/go/src/testing/testing.go:2034 +0x87c
  testing.(*M).Run()
      /usr/lib/go/src/testing/testing.go:1906 +0xb44
  main.main()
      _testmain.go:863 +0x2e9

Goroutine 804 (finished) created at:
  github.com/gofiber/fiber/v2.(*App).Test()
      /home/efectn/Devel/fiber-v2/app.go:922 +0x645
  github.com/gofiber/fiber/v2.Test_App_Static_Direct()
      /home/efectn/Devel/fiber-v2/app_test.go:828 +0xbe
  testing.tRunner()
      /usr/lib/go/src/testing/testing.go:1576 +0x216
  testing.(*T).Run.func1()
      /usr/lib/go/src/testing/testing.go:1629 +0x47
==================

 ┌───────────────────────────────────────────────────┐ 
 │                   Fiber v2.42.0                   │ 
 │             http://InmemoryListener:              │ 
 │                                                   │ 
 │ Handlers ............. 2  Processes ........... 1 │ 
 │ Prefork ....... Disabled  PID ............ 155173 │ 
 └───────────────────────────────────────────────────┘ 

=== NAME  Test_App_Static_Wildcard
    testing.go:1446: race detected during execution of test
--- FAIL: Test_App_Static_Wildcard (0.03s)
=== CONT  Test_App_Methods
=== NAME  Test_App_Static_Index_Default
    testing.go:1446: race detected during execution of test
--- FAIL: Test_App_Static_Index_Default (0.01s)
=== CONT  Test_App_Route_Naming
--- PASS: Test_App_Route_Naming (0.00s)
=== CONT  Test_App_Chaining
=== NAME  Test_App_Static_Group
    testing.go:1446: race detected during execution of test
--- FAIL: Test_App_Static_Group (0.01s)
=== CONT  Test_App_Use_Params_Group
=== NAME  Test_App_Static_Direct
    testing.go:1446: race detected during execution of test
--- FAIL: Test_App_Static_Direct (0.01s)
=== NAME  Test_App_Shutdown
    testing.go:1446: race detected during execution of test
=== NAME  Test_App_Static_Trailing_Slash
    testing.go:1446: race detected during execution of test
--- FAIL: Test_App_Static_Trailing_Slash (0.04s)
=== CONT  Test_App_Use_StrictRouting
=== CONT  Test_App_Order
--- PASS: Test_App_Use_Params_Group (0.01s)
=== CONT  Test_App_Use_MultiplePrefix
=== CONT  Test_App_GETOnly
--- PASS: Test_App_GETOnly (0.00s)
=== CONT  Test_App_Not_Use_StrictRouting
=== CONT  Test_App_Add_Method_Test
=== NAME  Test_App_Static_Prefix
    testing.go:1446: race detected during execution of test
--- FAIL: Test_App_Static_Prefix (0.04s)
=== CONT  Test_App_Use_UnescapedPath
--- PASS: Test_App_Chaining (0.01s)
=== CONT  Test_App_Use_Params
--- PASS: Test_App_Use_UnescapedPath (0.00s)
--- PASS: Test_App_Order (0.00s)
=== RUN   Test_Ctx_SendFile_Immutable//relative
--- PASS: Test_App_Use_StrictRouting (0.01s)
=== CONT  Test_App_ErrorHandler_RouteStack
=== CONT  Test_App_Nested_Params
=== CONT  Test_App_serverErrorHandler_Internal_Error
--- PASS: Test_App_serverErrorHandler_Internal_Error (0.00s)
=== CONT  Test_App_ErrorHandler_HandlerStack
--- PASS: Test_App_Nested_Params (0.00s)
--- PASS: Test_App_ErrorHandler_HandlerStack (0.00s)
=== RUN   Test_Ctx_SendFile_Immutable//relativeOS
--- PASS: Test_App_Add_Method_Test (0.01s)
--- PASS: Test_App_ErrorHandler_RouteStack (0.00s)
=== CONT  Test_Ctx_RedirectBack
--- PASS: Test_Ctx_RedirectBack (0.00s)
=== CONT  Test_App_ServerErrorHandler_SmallReadBuffer
=== CONT  Test_App_ErrorHandler_Custom
--- PASS: Test_App_Use_Params (0.01s)
=== CONT  Test_App_MethodNotAllowed
--- PASS: Test_App_Not_Use_StrictRouting (0.01s)
=== CONT  Test_Hook_OnGroup_Mount
--- PASS: Test_Hook_OnGroup_Mount (0.00s)
=== CONT  Test_Utils_ETag/No_Body
=== CONT  Test_App_Errors
=== CONT  Test_App_Use_CaseSensitive
--- PASS: Test_App_ServerErrorHandler_SmallReadBuffer (0.01s)
--- PASS: Test_App_ErrorHandler_Custom (0.00s)
=== CONT  Test_Utils_ETag/Not_Status_OK
--- PASS: Test_App_Use_MultiplePrefix (0.02s)
=== CONT  Test_Utils_ETag/No_HeaderIfNoneMatch
=== CONT  Test_Client_Agent_MaxRedirectsCount/error
--- PASS: Test_App_Errors (0.00s)
=== CONT  Test_Client_Agent_Struct/success
=== CONT  Test_Utils_ETag/Has_HeaderIfNoneMatch
--- FAIL: Test_Utils_ETag (0.03s)
    --- PASS: Test_Utils_ETag/No_Body (0.00s)
    --- PASS: Test_Utils_ETag/Not_Status_OK (0.00s)
    --- PASS: Test_Utils_ETag/No_HeaderIfNoneMatch (0.00s)
    --- PASS: Test_Utils_ETag/Has_HeaderIfNoneMatch (0.00s)
=== CONT  Test_Hook_OnShutdown
--- PASS: Test_Hook_OnShutdown (0.00s)
=== CONT  Test_Client_Agent_Struct/pre_error
=== CONT  Test_Client_Agent_MaxRedirectsCount/success
=== CONT  Test_Client_Agent_Struct/error
=== CONT  Test_Client_Agent_Struct/nil_jsonDecoder
=== CONT  Test_Client_Agent_Dest/small_dest
--- PASS: Test_App_Use_CaseSensitive (0.01s)
=== CONT  Test_App_Listener

 ┌───────────────────────────────────────────────────┐ 
 │                   Fiber v2.42.0                   │ 
 │             http://InmemoryListener:              │ 
 │                                                   │ 
 │ Handlers ............. 0  Processes ........... 1 │ 
 │ Prefork ....... Disabled  PID ............ 155173 │ 
 └───────────────────────────────────────────────────┘ 

=== RUN   Test_Ctx_SendFile_Immutable//absolute
=== CONT  Test_Client_UserAgent/custom
=== CONT  Test_Client_Agent_Dest/enough_dest
--- PASS: Test_App_Methods (0.03s)
=== CONT  Test_Client_UserAgent/default
=== CONT  TestConversionError
--- PASS: TestConversionError (0.00s)
--- FAIL: Test_Client_Agent_MaxRedirectsCount (0.02s)
    --- PASS: Test_Client_Agent_MaxRedirectsCount/error (0.00s)
    --- PASS: Test_Client_Agent_MaxRedirectsCount/success (0.00s)
=== CONT  Test_Hook_OnGroupName
--- PASS: Test_Hook_OnGroupName (0.00s)
=== CONT  Test_App_New_Test_Parallel/Test_App_New_Test_Parallel_2
--- PASS: Test_App_MethodNotAllowed (0.01s)
=== CONT  Test_App_New_Test_Parallel/Test_App_New_Test_Parallel_1
=== CONT  Test_Ctx_BodyStreamWriter
=== RUN   Test_Ctx_SendFile_Immutable//absoluteOS
=== CONT  Test_Route_Match_SameLength
--- PASS: Test_Ctx_BodyStreamWriter (0.02s)
=== CONT  Test_App_Static_Next/app.Static_is_skipped:_invoking_Get_handler
=== CONT  Test_App_Static_Next/app.Static_is_not_skipped:_serving_index.html
--- FAIL: Test_Client_Agent_Dest (0.01s)
    --- PASS: Test_Client_Agent_Dest/small_dest (0.00s)
    --- PASS: Test_Client_Agent_Dest/enough_dest (0.02s)
--- FAIL: Test_App_New_Test_Parallel (0.00s)
    --- PASS: Test_App_New_Test_Parallel/Test_App_New_Test_Parallel_1 (0.02s)
    --- PASS: Test_App_New_Test_Parallel/Test_App_New_Test_Parallel_2 (0.02s)
--- PASS: Test_Route_Match_SameLength (0.00s)
=== CONT  Test_Ctx_Get_Location_From_Route_name_Optional_greedy
--- PASS: Test_Ctx_Get_Location_From_Route_name_Optional_greedy (0.00s)
=== CONT  Test_RoutePatternMatch
--- PASS: Test_RoutePatternMatch (0.00s)
--- FAIL: Test_Client_Agent_Struct (0.03s)
    --- PASS: Test_Client_Agent_Struct/pre_error (0.00s)
    --- PASS: Test_Client_Agent_Struct/success (0.01s)
    --- PASS: Test_Client_Agent_Struct/error (0.00s)
    --- PASS: Test_Client_Agent_Struct/nil_jsonDecoder (0.02s)
=== CONT  TestCtx_ParamsInt
=== CONT  Test_Ctx_Set
--- PASS: Test_Ctx_Set (0.00s)
=== CONT  Test_Ctx_SendStatus
--- PASS: Test_Ctx_SendStatus (0.00s)
=== CONT  Test_Utils_GetOffset
--- PASS: Test_Utils_GetOffset (0.00s)
=== CONT  Test_Hook_OnName_Error
--- PASS: Test_Hook_OnName_Error (0.00s)
=== CONT  Test_Ctx_GetReqHeaders
--- PASS: Test_Ctx_GetReqHeaders (0.00s)
=== CONT  Test_Ctx_String
--- PASS: Test_Ctx_String (0.00s)
=== CONT  Test_Ctx_Render_Mount_ParentOrSubHasViews
=== CONT  Test_Ctx_EqualFieldType
--- PASS: Test_Ctx_EqualFieldType (0.00s)
=== CONT  Test_App_UseParentErrorHandler
--- FAIL: Test_App_Static_Next (0.00s)
    --- PASS: Test_App_Static_Next/app.Static_is_not_skipped:_serving_index.html (0.00s)
    --- PASS: Test_App_Static_Next/app.Static_is_skipped:_invoking_Get_handler (0.01s)
=== CONT  Test_Ctx_RenderWithoutLocals
--- PASS: Test_Ctx_RenderWithoutLocals (0.00s)
=== CONT  Test_Ctx_GetRespHeaders
--- PASS: Test_Ctx_GetRespHeaders (0.00s)
=== CONT  Test_App_MountPath
--- PASS: Test_App_MountPath (0.00s)
=== CONT  Test_Ctx_ReqHeaderParser
--- PASS: Test_Ctx_ReqHeaderParser (0.00s)
=== CONT  Test_Path_parseRoute
--- PASS: Test_Path_parseRoute (0.00s)
=== CONT  Test_App_Master_Process_Show_Startup_MessageWithAppNameNonAscii
=== NAME  Test_Ctx_SendFile_Immutable
    testing.go:1446: race detected during execution of test
--- FAIL: Test_Ctx_SendFile_Immutable (0.19s)
    --- FAIL: Test_Ctx_SendFile_Immutable//relativeWithDot (0.12s)
    --- PASS: Test_Ctx_SendFile_Immutable//relativeOSWithDot (0.01s)
    --- PASS: Test_Ctx_SendFile_Immutable//relative (0.00s)
    --- PASS: Test_Ctx_SendFile_Immutable//relativeOS (0.01s)
    --- PASS: Test_Ctx_SendFile_Immutable//absolute (0.00s)
    --- PASS: Test_Ctx_SendFile_Immutable//absoluteOS (0.01s)
=== CONT  Test_Ctx_Redirect
--- PASS: Test_Ctx_Redirect (0.00s)
--- PASS: Test_App_UseParentErrorHandler (0.00s)
=== CONT  Test_Ctx_RenderWithLocals
--- PASS: Test_Ctx_RenderWithLocals (0.00s)
=== CONT  Test_Hook_OnName
--- PASS: Test_Hook_OnName (0.00s)
=== CONT  Test_Ctx_RenderWithOverwrittenBind
--- PASS: Test_Ctx_RenderWithOverwrittenBind (0.00s)
=== CONT  Test_Utils_TestConn_Deadline
--- PASS: Test_Utils_TestConn_Deadline (0.00s)
=== CONT  Test_Hook_OnGroupName_Error
--- PASS: Test_Hook_OnGroupName_Error (0.00s)
=== CONT  Test_Ctx_RedirectToRouteWithQueries
--- PASS: Test_Ctx_RedirectToRouteWithQueries (0.00s)
=== CONT  Test_Ctx_RedirectBackWithReferer
--- PASS: Test_Ctx_RedirectBackWithReferer (0.00s)
=== CONT  Test_Utils_ETag_Weak
=== RUN   Test_Utils_ETag_Weak/Set_Weak
=== CONT  Test_Ctx_QueryParser
--- PASS: Test_Ctx_QueryParser (0.00s)
=== CONT  Test_Route_Match_Middleware_Root
=== CONT  Test_App_Master_Process_Show_Startup_Message
=== PAUSE Test_Utils_ETag_Weak/Set_Weak
=== RUN   Test_Utils_ETag_Weak/Match_Weak_ETag
--- PASS: TestCtx_ParamsInt (0.01s)
=== CONT  Test_App_ErrorHandler_GroupMount
--- PASS: Test_Route_Match_Middleware_Root (0.00s)
=== CONT  Test_Ctx_Render_Mount
=== PAUSE Test_Utils_ETag_Weak/Match_Weak_ETag
=== RUN   Test_Utils_ETag_Weak/Not_Match_Weak_ETag
=== PAUSE Test_Utils_ETag_Weak/Not_Match_Weak_ETag
--- PASS: Test_Ctx_Render_Mount_ParentOrSubHasViews (0.01s)
=== CONT  TestMultiError
--- PASS: TestMultiError (0.00s)
=== CONT  Test_App_print_Route
--- PASS: Test_App_ErrorHandler_GroupMount (0.00s)
=== CONT  Test_App_ListenTLSWithCertificate
==================
WARNING: DATA RACE
Read at 0x000001348d20 by goroutine 369:
  github.com/mattn/go-colorable.NewColorableStdout()
      /home/efectn/go/pkg/mod/github.com/mattn/go-colorable@v0.1.13/colorable_others.go:24 +0x16b3
  github.com/gofiber/fiber/v2.(*App).startupMessage()
      /home/efectn/Devel/fiber-v2/listen.go:413 +0x16a7
  github.com/gofiber/fiber/v2.(*App).ListenTLSWithCertificate()
      /home/efectn/Devel/fiber-v2/listen.go:135 +0x4bb
  github.com/gofiber/fiber/v2.Test_App_ListenTLSWithCertificate()
      /home/efectn/Devel/fiber-v2/listen_test.go:167 +0x30b
  testing.tRunner()
      /usr/lib/go/src/testing/testing.go:1576 +0x216
  testing.(*T).Run.func1()
      /usr/lib/go/src/testing/testing.go:1629 +0x47

Previous write at 0x000001348d20 by goroutine 408:
  github.com/gofiber/fiber/v2.captureOutput()
      /home/efectn/Devel/fiber-v2/listen_test.go:251 +0xf3
  github.com/gofiber/fiber/v2.Test_App_print_Route()
      /home/efectn/Devel/fiber-v2/listen_test.go:312 +0x127
  testing.tRunner()
      /usr/lib/go/src/testing/testing.go:1576 +0x216
  testing.(*T).Run.func1()
      /usr/lib/go/src/testing/testing.go:1629 +0x47

Goroutine 369 (running) created at:
  testing.(*T).Run()
      /usr/lib/go/src/testing/testing.go:1629 +0x805
  testing.runTests.func1()
      /usr/lib/go/src/testing/testing.go:2036 +0x8d
  testing.tRunner()
      /usr/lib/go/src/testing/testing.go:1576 +0x216
  testing.runTests()
      /usr/lib/go/src/testing/testing.go:2034 +0x87c
  testing.(*M).Run()
      /usr/lib/go/src/testing/testing.go:1906 +0xb44
  main.main()
      _testmain.go:863 +0x2e9

Goroutine 408 (running) created at:
  testing.(*T).Run()
      /usr/lib/go/src/testing/testing.go:1629 +0x805
  testing.runTests.func1()
      /usr/lib/go/src/testing/testing.go:2036 +0x8d
  testing.tRunner()
      /usr/lib/go/src/testing/testing.go:1576 +0x216
  testing.runTests()
      /usr/lib/go/src/testing/testing.go:2034 +0x87c
  testing.(*M).Run()
      /usr/lib/go/src/testing/testing.go:1906 +0xb44
  main.main()
      _testmain.go:863 +0x2e9
==================
==================
WARNING: DATA RACE
Read at 0x00c000d49a60 by goroutine 369:
  os.(*File).Fd()
      /usr/lib/go/src/os/file_unix.go:85 +0x1749
  github.com/gofiber/fiber/v2.(*App).startupMessage()
      /home/efectn/Devel/fiber-v2/listen.go:414 +0x16c3
  github.com/gofiber/fiber/v2.(*App).ListenTLSWithCertificate()
      /home/efectn/Devel/fiber-v2/listen.go:135 +0x4bb
  github.com/gofiber/fiber/v2.Test_App_ListenTLSWithCertificate()
      /home/efectn/Devel/fiber-v2/listen_test.go:167 +0x30b
  testing.tRunner()
      /usr/lib/go/src/testing/testing.go:1576 +0x216
  testing.(*T).Run.func1()
      /usr/lib/go/src/testing/testing.go:1629 +0x47

Previous write at 0x00c000d49a60 by goroutine 408:
  os.newFile()
      /usr/lib/go/src/os/file_unix.go:127 +0x19b
  os.Pipe()
      /usr/lib/go/src/os/pipe2_unix.go:21 +0x147
  github.com/gofiber/fiber/v2.captureOutput()
      /home/efectn/Devel/fiber-v2/listen_test.go:240 +0x48
  github.com/gofiber/fiber/v2.Test_App_print_Route()
      /home/efectn/Devel/fiber-v2/listen_test.go:312 +0x127
  testing.tRunner()
      /usr/lib/go/src/testing/testing.go:1576 +0x216
  testing.(*T).Run.func1()
      /usr/lib/go/src/testing/testing.go:1629 +0x47

Goroutine 369 (running) created at:
  testing.(*T).Run()
      /usr/lib/go/src/testing/testing.go:1629 +0x805
  testing.runTests.func1()
      /usr/lib/go/src/testing/testing.go:2036 +0x8d
  testing.tRunner()
      /usr/lib/go/src/testing/testing.go:1576 +0x216
  testing.runTests()
      /usr/lib/go/src/testing/testing.go:2034 +0x87c
  testing.(*M).Run()
      /usr/lib/go/src/testing/testing.go:1906 +0xb44
  main.main()
      _testmain.go:863 +0x2e9

Goroutine 408 (running) created at:
  testing.(*T).Run()
      /usr/lib/go/src/testing/testing.go:1629 +0x805
  testing.runTests.func1()
      /usr/lib/go/src/testing/testing.go:2036 +0x8d
  testing.tRunner()
      /usr/lib/go/src/testing/testing.go:1576 +0x216
  testing.runTests()
      /usr/lib/go/src/testing/testing.go:2034 +0x87c
  testing.(*M).Run()
      /usr/lib/go/src/testing/testing.go:1906 +0xb44
  main.main()
      _testmain.go:863 +0x2e9
==================
==================
WARNING: DATA RACE
Read at 0x00c0003e5910 by goroutine 369:
  os.(*File).Fd()
      /usr/lib/go/src/os/file_unix.go:85 +0x176a
  github.com/gofiber/fiber/v2.(*App).startupMessage()
      /home/efectn/Devel/fiber-v2/listen.go:414 +0x16c3
  github.com/gofiber/fiber/v2.(*App).ListenTLSWithCertificate()
      /home/efectn/Devel/fiber-v2/listen.go:135 +0x4bb
  github.com/gofiber/fiber/v2.Test_App_ListenTLSWithCertificate()
      /home/efectn/Devel/fiber-v2/listen_test.go:167 +0x30b
  testing.tRunner()
      /usr/lib/go/src/testing/testing.go:1576 +0x216
  testing.(*T).Run.func1()
      /usr/lib/go/src/testing/testing.go:1629 +0x47

Previous write at 0x00c0003e5910 by goroutine 408:
  os.newFile()
      /usr/lib/go/src/os/file_unix.go:127 +0x8c
  os.Pipe()
      /usr/lib/go/src/os/pipe2_unix.go:21 +0x147
  github.com/gofiber/fiber/v2.captureOutput()
      /home/efectn/Devel/fiber-v2/listen_test.go:240 +0x48
  github.com/gofiber/fiber/v2.Test_App_print_Route()
      /home/efectn/Devel/fiber-v2/listen_test.go:312 +0x127
  testing.tRunner()
      /usr/lib/go/src/testing/testing.go:1576 +0x216
  testing.(*T).Run.func1()
      /usr/lib/go/src/testing/testing.go:1629 +0x47

Goroutine 369 (running) created at:
  testing.(*T).Run()
      /usr/lib/go/src/testing/testing.go:1629 +0x805
  testing.runTests.func1()
      /usr/lib/go/src/testing/testing.go:2036 +0x8d
  testing.tRunner()
      /usr/lib/go/src/testing/testing.go:1576 +0x216
  testing.runTests()
      /usr/lib/go/src/testing/testing.go:2034 +0x87c
  testing.(*M).Run()
      /usr/lib/go/src/testing/testing.go:1906 +0xb44
  main.main()
      _testmain.go:863 +0x2e9

Goroutine 408 (running) created at:
  testing.(*T).Run()
      /usr/lib/go/src/testing/testing.go:1629 +0x805
  testing.runTests.func1()
      /usr/lib/go/src/testing/testing.go:2036 +0x8d
  testing.tRunner()
      /usr/lib/go/src/testing/testing.go:1576 +0x216
  testing.runTests()
      /usr/lib/go/src/testing/testing.go:2034 +0x87c
  testing.(*M).Run()
      /usr/lib/go/src/testing/testing.go:1906 +0xb44
  main.main()
      _testmain.go:863 +0x2e9
==================
==================
WARNING: DATA RACE
Read at 0x00c0003e58c0 by goroutine 369:
  sync/atomic.LoadInt64()
      /usr/lib/go/src/runtime/race_amd64.s:208 +0xb
  sync/atomic.LoadUint64()
      <autogenerated>:1 +0x16
  internal/poll.(*FD).incref()
      /usr/lib/go/src/internal/poll/fd_mutex.go:202 +0x44
  internal/poll.(*FD).SetBlocking()
      /usr/lib/go/src/internal/poll/fd_unix.go:124 +0x55
  os.(*File).Fd()
      /usr/lib/go/src/os/file_unix.go:86 +0x1797
  github.com/gofiber/fiber/v2.(*App).startupMessage()
      /home/efectn/Devel/fiber-v2/listen.go:414 +0x16c3
  github.com/gofiber/fiber/v2.(*App).ListenTLSWithCertificate()
      /home/efectn/Devel/fiber-v2/listen.go:135 +0x4bb
  github.com/gofiber/fiber/v2.Test_App_ListenTLSWithCertificate()
      /home/efectn/Devel/fiber-v2/listen_test.go:167 +0x30b
  testing.tRunner()
      /usr/lib/go/src/testing/testing.go:1576 +0x216
  testing.(*T).Run.func1()
      /usr/lib/go/src/testing/testing.go:1629 +0x47

Previous write at 0x00c0003e58c0 by goroutine 408:
  os.newFile()
      /usr/lib/go/src/os/file_unix.go:127 +0x8c
  os.Pipe()
      /usr/lib/go/src/os/pipe2_unix.go:21 +0x147
  github.com/gofiber/fiber/v2.captureOutput()
      /home/efectn/Devel/fiber-v2/listen_test.go:240 +0x48
  github.com/gofiber/fiber/v2.Test_App_print_Route()
      /home/efectn/Devel/fiber-v2/listen_test.go:312 +0x127
  testing.tRunner()
      /usr/lib/go/src/testing/testing.go:1576 +0x216
  testing.(*T).Run.func1()
      /usr/lib/go/src/testing/testing.go:1629 +0x47

Goroutine 369 (running) created at:
  testing.(*T).Run()
      /usr/lib/go/src/testing/testing.go:1629 +0x805
  testing.runTests.func1()
      /usr/lib/go/src/testing/testing.go:2036 +0x8d
  testing.tRunner()
      /usr/lib/go/src/testing/testing.go:1576 +0x216
  testing.runTests()
      /usr/lib/go/src/testing/testing.go:2034 +0x87c
  testing.(*M).Run()
      /usr/lib/go/src/testing/testing.go:1906 +0xb44
  main.main()
      _testmain.go:863 +0x2e9

Goroutine 408 (running) created at:
  testing.(*T).Run()
      /usr/lib/go/src/testing/testing.go:1629 +0x805
  testing.runTests.func1()
      /usr/lib/go/src/testing/testing.go:2036 +0x8d
  testing.tRunner()
      /usr/lib/go/src/testing/testing.go:1576 +0x216
  testing.runTests()
      /usr/lib/go/src/testing/testing.go:2034 +0x87c
  testing.(*M).Run()
      /usr/lib/go/src/testing/testing.go:1906 +0xb44
  main.main()
      _testmain.go:863 +0x2e9
==================
==================
WARNING: DATA RACE
Write at 0x00c0003e58ec by goroutine 369:
  sync/atomic.StoreInt32()
      /usr/lib/go/src/runtime/race_amd64.s:231 +0xb
  sync/atomic.StoreUint32()
      <autogenerated>:1 +0x1a
  os.(*File).Fd()
      /usr/lib/go/src/os/file_unix.go:86 +0x1797
  github.com/gofiber/fiber/v2.(*App).startupMessage()
      /home/efectn/Devel/fiber-v2/listen.go:414 +0x16c3
  github.com/gofiber/fiber/v2.(*App).ListenTLSWithCertificate()
      /home/efectn/Devel/fiber-v2/listen.go:135 +0x4bb
  github.com/gofiber/fiber/v2.Test_App_ListenTLSWithCertificate()
      /home/efectn/Devel/fiber-v2/listen_test.go:167 +0x30b
  testing.tRunner()
      /usr/lib/go/src/testing/testing.go:1576 +0x216
  testing.(*T).Run.func1()
      /usr/lib/go/src/testing/testing.go:1629 +0x47

Previous write at 0x00c0003e58e8 by goroutine 408:
  os.newFile()
      /usr/lib/go/src/os/file_unix.go:127 +0x8c
  os.Pipe()
      /usr/lib/go/src/os/pipe2_unix.go:21 +0x147
  github.com/gofiber/fiber/v2.captureOutput()
      /home/efectn/Devel/fiber-v2/listen_test.go:240 +0x48
  github.com/gofiber/fiber/v2.Test_App_print_Route()
      /home/efectn/Devel/fiber-v2/listen_test.go:312 +0x127
  testing.tRunner()
      /usr/lib/go/src/testing/testing.go:1576 +0x216
  testing.(*T).Run.func1()
      /usr/lib/go/src/testing/testing.go:1629 +0x47

Goroutine 369 (running) created at:
  testing.(*T).Run()
      /usr/lib/go/src/testing/testing.go:1629 +0x805
  testing.runTests.func1()
      /usr/lib/go/src/testing/testing.go:2036 +0x8d
  testing.tRunner()
      /usr/lib/go/src/testing/testing.go:1576 +0x216
  testing.runTests()
      /usr/lib/go/src/testing/testing.go:2034 +0x87c
  testing.(*M).Run()
      /usr/lib/go/src/testing/testing.go:1906 +0xb44
  main.main()
      _testmain.go:863 +0x2e9

Goroutine 408 (running) created at:
  testing.(*T).Run()
      /usr/lib/go/src/testing/testing.go:1629 +0x805
  testing.runTests.func1()
      /usr/lib/go/src/testing/testing.go:2036 +0x8d
  testing.tRunner()
      /usr/lib/go/src/testing/testing.go:1576 +0x216
  testing.runTests()
      /usr/lib/go/src/testing/testing.go:2034 +0x87c
  testing.(*M).Run()
      /usr/lib/go/src/testing/testing.go:1906 +0xb44
  main.main()
      _testmain.go:863 +0x2e9
==================
==================
WARNING: DATA RACE
Read at 0x00c0003e58d0 by goroutine 369:
  internal/poll.(*FD).SetBlocking()
      /usr/lib/go/src/internal/poll/fd_unix.go:132 +0x118
  os.(*File).Fd()
      /usr/lib/go/src/os/file_unix.go:86 +0x1797
  github.com/gofiber/fiber/v2.(*App).startupMessage()
      /home/efectn/Devel/fiber-v2/listen.go:414 +0x16c3
  github.com/gofiber/fiber/v2.(*App).ListenTLSWithCertificate()
      /home/efectn/Devel/fiber-v2/listen.go:135 +0x4bb
  github.com/gofiber/fiber/v2.Test_App_ListenTLSWithCertificate()
      /home/efectn/Devel/fiber-v2/listen_test.go:167 +0x30b
  testing.tRunner()
      /usr/lib/go/src/testing/testing.go:1576 +0x216
  testing.(*T).Run.func1()
      /usr/lib/go/src/testing/testing.go:1629 +0x47

Previous write at 0x00c0003e58d0 by goroutine 408:
  os.newFile()
      /usr/lib/go/src/os/file_unix.go:127 +0x8c
  os.Pipe()
      /usr/lib/go/src/os/pipe2_unix.go:21 +0x147
  github.com/gofiber/fiber/v2.captureOutput()
      /home/efectn/Devel/fiber-v2/listen_test.go:240 +0x48
  github.com/gofiber/fiber/v2.Test_App_print_Route()
      /home/efectn/Devel/fiber-v2/listen_test.go:312 +0x127
  testing.tRunner()
      /usr/lib/go/src/testing/testing.go:1576 +0x216
  testing.(*T).Run.func1()
      /usr/lib/go/src/testing/testing.go:1629 +0x47

Goroutine 369 (running) created at:
  testing.(*T).Run()
      /usr/lib/go/src/testing/testing.go:1629 +0x805
  testing.runTests.func1()
      /usr/lib/go/src/testing/testing.go:2036 +0x8d
  testing.tRunner()
      /usr/lib/go/src/testing/testing.go:1576 +0x216
  testing.runTests()
      /usr/lib/go/src/testing/testing.go:2034 +0x87c
  testing.(*M).Run()
      /usr/lib/go/src/testing/testing.go:1906 +0xb44
  main.main()
      _testmain.go:863 +0x2e9

Goroutine 408 (running) created at:
  testing.(*T).Run()
      /usr/lib/go/src/testing/testing.go:1629 +0x805
  testing.runTests.func1()
      /usr/lib/go/src/testing/testing.go:2036 +0x8d
  testing.tRunner()
      /usr/lib/go/src/testing/testing.go:1576 +0x216
  testing.runTests()
      /usr/lib/go/src/testing/testing.go:2034 +0x87c
  testing.(*M).Run()
      /usr/lib/go/src/testing/testing.go:1906 +0xb44
  main.main()
      _testmain.go:863 +0x2e9
==================
==================
WARNING: DATA RACE
Read at 0x00c0003e58f2 by goroutine 369:
  internal/poll.(*FD).Write()
      /usr/lib/go/src/internal/poll/fd_unix.go:374 +0x148
  os.(*File).write()
      /usr/lib/go/src/os/file_posix.go:48 +0xc7
  os.(*File).Write()
      /usr/lib/go/src/os/file.go:175 +0x98
  bytes.(*Buffer).WriteTo()
      /usr/lib/go/src/bytes/buffer.go:252 +0x107
  github.com/mattn/go-colorable.(*NonColorable).Write()
      /home/efectn/go/pkg/mod/github.com/mattn/go-colorable@v0.1.13/noncolorable.go:33 +0x1ef
  fmt.Fprintln()
      /usr/lib/go/src/fmt/print.go:305 +0x90
  github.com/gofiber/fiber/v2.(*App).startupMessage()
      /home/efectn/Devel/fiber-v2/listen.go:418 +0x1990
  github.com/gofiber/fiber/v2.(*App).ListenTLSWithCertificate()
      /home/efectn/Devel/fiber-v2/listen.go:135 +0x4bb
  github.com/gofiber/fiber/v2.Test_App_ListenTLSWithCertificate()
      /home/efectn/Devel/fiber-v2/listen_test.go:167 +0x30b
  testing.tRunner()
      /usr/lib/go/src/testing/testing.go:1576 +0x216
  testing.(*T).Run.func1()
      /usr/lib/go/src/testing/testing.go:1629 +0x47

Previous write at 0x00c0003e58f0 by goroutine 408:
  os.newFile()
      /usr/lib/go/src/os/file_unix.go:127 +0x8c
  os.Pipe()
      /usr/lib/go/src/os/pipe2_unix.go:21 +0x147
  github.com/gofiber/fiber/v2.captureOutput()
      /home/efectn/Devel/fiber-v2/listen_test.go:240 +0x48
  github.com/gofiber/fiber/v2.Test_App_print_Route()
      /home/efectn/Devel/fiber-v2/listen_test.go:312 +0x127
  testing.tRunner()
      /usr/lib/go/src/testing/testing.go:1576 +0x216
  testing.(*T).Run.func1()
      /usr/lib/go/src/testing/testing.go:1629 +0x47

Goroutine 369 (running) created at:
  testing.(*T).Run()
      /usr/lib/go/src/testing/testing.go:1629 +0x805
  testing.runTests.func1()
      /usr/lib/go/src/testing/testing.go:2036 +0x8d
  testing.tRunner()
      /usr/lib/go/src/testing/testing.go:1576 +0x216
  testing.runTests()
      /usr/lib/go/src/testing/testing.go:2034 +0x87c
  testing.(*M).Run()
      /usr/lib/go/src/testing/testing.go:1906 +0xb44
  main.main()
      _testmain.go:863 +0x2e9

Goroutine 408 (running) created at:
  testing.(*T).Run()
      /usr/lib/go/src/testing/testing.go:1629 +0x805
  testing.runTests.func1()
      /usr/lib/go/src/testing/testing.go:2036 +0x8d
  testing.tRunner()
      /usr/lib/go/src/testing/testing.go:1576 +0x216
  testing.runTests()
      /usr/lib/go/src/testing/testing.go:2034 +0x87c
  testing.(*M).Run()
      /usr/lib/go/src/testing/testing.go:1906 +0xb44
  main.main()
      _testmain.go:863 +0x2e9
==================
==================
WARNING: DATA RACE
Read at 0x00c0003e58d8 by goroutine 369:
  internal/poll.(*pollDesc).prepare()
      /usr/lib/go/src/internal/poll/fd_poll_runtime.go:65 +0x3b
  internal/poll.(*pollDesc).prepareWrite()
      /usr/lib/go/src/internal/poll/fd_poll_runtime.go:77 +0x16f
  internal/poll.(*FD).Write()
      /usr/lib/go/src/internal/poll/fd_unix.go:374 +0x12d
  os.(*File).write()
      /usr/lib/go/src/os/file_posix.go:48 +0xc7
  os.(*File).Write()
      /usr/lib/go/src/os/file.go:175 +0x98
  bytes.(*Buffer).WriteTo()
      /usr/lib/go/src/bytes/buffer.go:252 +0x107
  github.com/mattn/go-colorable.(*NonColorable).Write()
      /home/efectn/go/pkg/mod/github.com/mattn/go-colorable@v0.1.13/noncolorable.go:33 +0x1ef
  fmt.Fprintln()
      /usr/lib/go/src/fmt/print.go:305 +0x90
  github.com/gofiber/fiber/v2.(*App).startupMessage()
      /home/efectn/Devel/fiber-v2/listen.go:418 +0x1990
  github.com/gofiber/fiber/v2.(*App).ListenTLSWithCertificate()
      /home/efectn/Devel/fiber-v2/listen.go:135 +0x4bb
  github.com/gofiber/fiber/v2.Test_App_ListenTLSWithCertificate()
      /home/efectn/Devel/fiber-v2/listen_test.go:167 +0x30b
  testing.tRunner()
      /usr/lib/go/src/testing/testing.go:1576 +0x216
  testing.(*T).Run.func1()
      /usr/lib/go/src/testing/testing.go:1629 +0x47

Previous write at 0x00c0003e58d8 by goroutine 408:
  os.newFile()
      /usr/lib/go/src/os/file_unix.go:127 +0x8c
  os.Pipe()
      /usr/lib/go/src/os/pipe2_unix.go:21 +0x147
  github.com/gofiber/fiber/v2.captureOutput()
      /home/efectn/Devel/fiber-v2/listen_test.go:240 +0x48
  github.com/gofiber/fiber/v2.Test_App_print_Route()
      /home/efectn/Devel/fiber-v2/listen_test.go:312 +0x127
  testing.tRunner()
      /usr/lib/go/src/testing/testing.go:1576 +0x216
  testing.(*T).Run.func1()
      /usr/lib/go/src/testing/testing.go:1629 +0x47

Goroutine 369 (running) created at:
  testing.(*T).Run()
      /usr/lib/go/src/testing/testing.go:1629 +0x805
  testing.runTests.func1()
      /usr/lib/go/src/testing/testing.go:2036 +0x8d
  testing.tRunner()
      /usr/lib/go/src/testing/testing.go:1576 +0x216
  testing.runTests()
      /usr/lib/go/src/testing/testing.go:2034 +0x87c
  testing.(*M).Run()
      /usr/lib/go/src/testing/testing.go:1906 +0xb44
  main.main()
      _testmain.go:863 +0x2e9

Goroutine 408 (running) created at:
  testing.(*T).Run()
      /usr/lib/go/src/testing/testing.go:1629 +0x805
  testing.runTests.func1()
      /usr/lib/go/src/testing/testing.go:2036 +0x8d
  testing.tRunner()
      /usr/lib/go/src/testing/testing.go:1576 +0x216
  testing.runTests()
      /usr/lib/go/src/testing/testing.go:2034 +0x87c
  testing.(*M).Run()
      /usr/lib/go/src/testing/testing.go:1906 +0xb44
  main.main()
      _testmain.go:863 +0x2e9
==================
=== NAME  Test_Ctx_Render_Mount
    testing.go:1446: race detected during execution of test
--- FAIL: Test_Ctx_Render_Mount (0.01s)
=== NAME  Test_Utils_ETag_Weak
    testing.go:1446: race detected during execution of test
=== CONT  Test_Ctx_Write
--- PASS: Test_Ctx_Write (0.00s)
=== CONT  Test_Ctx_SendStream
--- PASS: Test_Ctx_SendStream (0.00s)
=== CONT  Test_Ctx_RedirectToRouteWithOptionalParams
--- PASS: Test_Ctx_RedirectToRouteWithOptionalParams (0.00s)
=== CONT  Test_Ctx_RestartRoutingWithChangedPath
=== CONT  Test_Hook_OnRoute_Mount
--- PASS: Test_Hook_OnRoute_Mount (0.00s)
--- PASS: Test_Ctx_RestartRoutingWithChangedPath (0.00s)
=== CONT  Test_Ctx_Render
--- PASS: Test_Ctx_Render (0.00s)
=== CONT  Test_App_ListenMutualTLS
==================
WARNING: DATA RACE
Read at 0x00c0003e58d0 by goroutine 349:
  os.(*File).Fd()
      /usr/lib/go/src/os/file_unix.go:89 +0x17c5
  github.com/gofiber/fiber/v2.(*App).startupMessage()
      /home/efectn/Devel/fiber-v2/listen.go:414 +0x16c3
  github.com/gofiber/fiber/v2.(*App).ListenMutualTLSWithCertificate()
      /home/efectn/Devel/fiber-v2/listen.go:207 +0x473
  github.com/gofiber/fiber/v2.(*App).ListenMutualTLS()
      /home/efectn/Devel/fiber-v2/listen.go:172 +0x55a
  github.com/gofiber/fiber/v2.Test_App_ListenMutualTLS()
      /home/efectn/Devel/fiber-v2/listen_test.go:94 +0x21d
  testing.tRunner()
      /usr/lib/go/src/testing/testing.go:1576 +0x216
  testing.(*T).Run.func1()
      /usr/lib/go/src/testing/testing.go:1629 +0x47

Previous write at 0x00c0003e58d0 by goroutine 408:
  internal/poll.(*FD).destroy()
      /usr/lib/go/src/internal/poll/fd_unix.go:86 +0xcb
  internal/poll.(*FD).decref()
      /usr/lib/go/src/internal/poll/fd_mutex.go:213 +0x3e
  internal/poll.(*FD).Close()
      /usr/lib/go/src/internal/poll/fd_unix.go:107 +0x84
  os.(*file).close()
      /usr/lib/go/src/os/file_unix.go:262 +0x124
  os.(*File).Close()
      /usr/lib/go/src/os/file_posix.go:25 +0x2f8
  github.com/gofiber/fiber/v2.captureOutput()
      /home/efectn/Devel/fiber-v2/listen_test.go:268 +0x2f9
  github.com/gofiber/fiber/v2.Test_App_print_Route()
      /home/efectn/Devel/fiber-v2/listen_test.go:312 +0x127
  testing.tRunner()
      /usr/lib/go/src/testing/testing.go:1576 +0x216
  testing.(*T).Run.func1()
      /usr/lib/go/src/testing/testing.go:1629 +0x47

Goroutine 349 (running) created at:
  testing.(*T).Run()
      /usr/lib/go/src/testing/testing.go:1629 +0x805
  testing.runTests.func1()
      /usr/lib/go/src/testing/testing.go:2036 +0x8d
  testing.tRunner()
      /usr/lib/go/src/testing/testing.go:1576 +0x216
  testing.runTests()
      /usr/lib/go/src/testing/testing.go:2034 +0x87c
  testing.(*M).Run()
      /usr/lib/go/src/testing/testing.go:1906 +0xb44
  main.main()
      _testmain.go:863 +0x2e9

Goroutine 408 (running) created at:
  testing.(*T).Run()
      /usr/lib/go/src/testing/testing.go:1629 +0x805
  testing.runTests.func1()
      /usr/lib/go/src/testing/testing.go:2036 +0x8d
  testing.tRunner()
      /usr/lib/go/src/testing/testing.go:1576 +0x216
  testing.runTests()
      /usr/lib/go/src/testing/testing.go:2034 +0x87c
  testing.(*M).Run()
      /usr/lib/go/src/testing/testing.go:1906 +0xb44
  main.main()
      _testmain.go:863 +0x2e9
==================
=== CONT  Test_App_Listener_TLS_Listener
=== NAME  Test_Client_UserAgent/custom
    testing.go:1446: race detected during execution of test
=== NAME  Test_Client_UserAgent/default
    testing.go:1446: race detected during execution of test
=== CONT  Test_Ctx_Send
--- PASS: Test_Ctx_Send (0.00s)
=== CONT  Test_App_Mount
--- FAIL: Test_Client_UserAgent (0.00s)
    --- FAIL: Test_Client_UserAgent/custom (0.05s)
    --- FAIL: Test_Client_UserAgent/default (0.05s)
=== CONT  Test_Ctx_Writef
--- PASS: Test_Ctx_Writef (0.00s)
=== CONT  Test_Utils_IsNoCache
--- PASS: Test_Utils_IsNoCache (0.00s)
--- PASS: Test_App_Mount (0.00s)
=== CONT  Test_Ctx_SendString
--- PASS: Test_Ctx_SendString (0.00s)
=== CONT  TestInvalidUnmarshalError
--- PASS: TestInvalidUnmarshalError (0.00s)
=== CONT  Test_Route_Match_WithEscapeChar
=== CONT  Test_App_ErrorHandler_GroupMountRootLevel
--- PASS: Test_App_ErrorHandler_GroupMountRootLevel (0.00s)
=== CONT  Test_App_ListenTLS
--- PASS: Test_Route_Match_WithEscapeChar (0.01s)
=== CONT  Test_Ctx_ReqHeaderParser_WithSetParserDecoder
--- PASS: Test_Ctx_ReqHeaderParser_WithSetParserDecoder (0.00s)
=== CONT  Test_Utils_RemoveEscapeChar
--- PASS: Test_Utils_RemoveEscapeChar (0.00s)
=== CONT  Test_Route_Static_HasPrefix
--- PASS: Test_Route_Static_HasPrefix (0.00s)
=== CONT  Test_App_Master_Process_Show_Startup_MessageWithAppName
=== NAME  Test_App_print_Route
    testing.go:1446: race detected during execution of test
--- FAIL: Test_App_print_Route (0.05s)
=== NAME  Test_App_Master_Process_Show_Startup_Message
    testing.go:1446: race detected during execution of test
--- FAIL: Test_App_Master_Process_Show_Startup_Message (0.05s)
=== CONT  Test_Ctx_Status
--- PASS: Test_Ctx_Status (0.00s)
=== CONT  Test_Ctx_Set_Splitter
--- PASS: Test_Ctx_Set_Splitter (0.00s)
=== NAME  Test_Client_Agent_InsecureSkipVerify
    testing.go:1446: race detected during execution of test
--- FAIL: Test_Client_Agent_InsecureSkipVerify (0.20s)
=== NAME  Test_App_Master_Process_Show_Startup_MessageWithAppNameNonAscii
    testing.go:1446: race detected during execution of test
--- FAIL: Test_App_Master_Process_Show_Startup_MessageWithAppNameNonAscii (0.05s)
=== CONT  Test_Ctx_RestartRoutingWithChangedPathAndCatchAll
=== CONT  Test_Router_Register_Missing_Handler
--- PASS: Test_Router_Register_Missing_Handler (0.00s)
=== CONT  Test_Ctx_Vary
--- PASS: Test_Ctx_Vary (0.00s)
=== CONT  TestSyntaxError
--- PASS: TestSyntaxError (0.00s)
=== CONT  Test_Ctx_Render_MountGroup
=== CONT  Test_App_print_Route_with_group
=== CONT  Test_Route_Match_UnescapedPath
--- PASS: Test_Ctx_RestartRoutingWithChangedPathAndCatchAll (0.00s)
--- PASS: Test_Ctx_Render_MountGroup (0.00s)
=== CONT  Test_Ctx_Render_Engine_Error
--- PASS: Test_Ctx_Render_Engine_Error (0.00s)
=== CONT  Test_Route_Match_Root
=== CONT  Test_App_UseMountedErrorHandler
--- PASS: Test_Route_Match_Root (0.00s)
=== CONT  Test_Router_Handler_Catch_Error
--- PASS: Test_Router_Handler_Catch_Error (0.00s)
=== CONT  Test_Utils_Parse_Address
--- PASS: Test_Utils_Parse_Address (0.00s)
--- PASS: Test_App_UseMountedErrorHandler (0.00s)
--- PASS: Test_Route_Match_UnescapedPath (0.00s)
=== CONT  Test_Ctx_Render_Engine_With_View_Layout
--- PASS: Test_Ctx_Render_Engine_With_View_Layout (0.00s)
=== CONT  Test_Ctx_QueryParser_Schema
--- PASS: Test_Ctx_QueryParser_Schema (0.00s)
=== CONT  Test_Hook_OnGroup
--- PASS: Test_Hook_OnGroup (0.00s)
=== CONT  Test_Route_Static_Root
=== CONT  Test_Hook_OnListen
=== CONT  Test_Ctx_Render_Go_Template
--- PASS: Test_Ctx_Render_Go_Template (0.00s)
=== CONT  Test_Ctx_Type
--- PASS: Test_Ctx_Type (0.00s)
=== CONT  Test_Route_Match_Middleware
--- PASS: Test_Route_Static_Root (0.00s)
--- PASS: Test_Route_Match_Middleware (0.00s)
=== CONT  Test_App_ListenMutualTLSWithCertificate
==================
WARNING: DATA RACE
Read at 0x00c000cd03d0 by goroutine 387:
  os.(*File).Fd()
      /usr/lib/go/src/os/file_unix.go:89 +0x17c5
  github.com/gofiber/fiber/v2.(*App).startupMessage()
      /home/efectn/Devel/fiber-v2/listen.go:414 +0x16c3
  github.com/gofiber/fiber/v2.(*App).ListenMutualTLSWithCertificate()
      /home/efectn/Devel/fiber-v2/listen.go:207 +0x473
  github.com/gofiber/fiber/v2.Test_App_ListenMutualTLSWithCertificate()
      /home/efectn/Devel/fiber-v2/listen_test.go:213 +0x4d3
  testing.tRunner()
      /usr/lib/go/src/testing/testing.go:1576 +0x216
  testing.(*T).Run.func1()
      /usr/lib/go/src/testing/testing.go:1629 +0x47

Previous write at 0x00c000cd03d0 by goroutine 409:
  internal/poll.(*FD).destroy()
      /usr/lib/go/src/internal/poll/fd_unix.go:86 +0xcb
  internal/poll.(*FD).decref()
      /usr/lib/go/src/internal/poll/fd_mutex.go:213 +0x3e
  internal/poll.(*FD).Close()
      /usr/lib/go/src/internal/poll/fd_unix.go:107 +0x84
  os.(*file).close()
      /usr/lib/go/src/os/file_unix.go:262 +0x124
  os.(*File).Close()
      /usr/lib/go/src/os/file_posix.go:25 +0x2f8
  github.com/gofiber/fiber/v2.captureOutput()
      /home/efectn/Devel/fiber-v2/listen_test.go:268 +0x2f9
  github.com/gofiber/fiber/v2.Test_App_print_Route_with_group()
      /home/efectn/Devel/fiber-v2/listen_test.go:331 +0x2a5
  testing.tRunner()
      /usr/lib/go/src/testing/testing.go:1576 +0x216
  testing.(*T).Run.func1()
      /usr/lib/go/src/testing/testing.go:1629 +0x47

Goroutine 387 (running) created at:
  testing.(*T).Run()
      /usr/lib/go/src/testing/testing.go:1629 +0x805
  testing.runTests.func1()
      /usr/lib/go/src/testing/testing.go:2036 +0x8d
  testing.tRunner()
      /usr/lib/go/src/testing/testing.go:1576 +0x216
  testing.runTests()
      /usr/lib/go/src/testing/testing.go:2034 +0x87c
  testing.(*M).Run()
      /usr/lib/go/src/testing/testing.go:1906 +0xb44
  main.main()
      _testmain.go:863 +0x2e9

Goroutine 409 (running) created at:
  testing.(*T).Run()
      /usr/lib/go/src/testing/testing.go:1629 +0x805
  testing.runTests.func1()
      /usr/lib/go/src/testing/testing.go:2036 +0x8d
  testing.tRunner()
      /usr/lib/go/src/testing/testing.go:1576 +0x216
  testing.runTests()
      /usr/lib/go/src/testing/testing.go:2034 +0x87c
  testing.(*M).Run()
      /usr/lib/go/src/testing/testing.go:1906 +0xb44
  main.main()
      _testmain.go:863 +0x2e9
==================
=== CONT  Test_Route_Match_Star
--- PASS: Test_Route_Match_Star (0.00s)
=== CONT  Test_Utils_getGroupPath
--- PASS: Test_Utils_getGroupPath (0.00s)
=== CONT  Test_App_UseMountedErrorHandlerForBestPrefixMatch
--- PASS: Test_App_UseMountedErrorHandlerForBestPrefixMatch (0.00s)
=== CONT  Test_Ctx_Render_Engine
--- PASS: Test_Ctx_Render_Engine (0.00s)
=== CONT  Test_Ctx_RedirectToRouteWithParams
--- PASS: Test_Ctx_RedirectToRouteWithParams (0.00s)
=== CONT  Test_Ctx_Get_Location_From_Route_name
=== RUN   Test_Ctx_Get_Location_From_Route_name/case_insensitive
=== PAUSE Test_Ctx_Get_Location_From_Route_name/case_insensitive
=== RUN   Test_Ctx_Get_Location_From_Route_name/case_sensitive
=== PAUSE Test_Ctx_Get_Location_From_Route_name/case_sensitive
=== CONT  Test_App_Listen
=== NAME  Test_App_Master_Process_Show_Startup_MessageWithAppName
    testing.go:1446: race detected during execution of test
--- FAIL: Test_App_Master_Process_Show_Startup_MessageWithAppName (0.03s)
=== CONT  TestUnknownKeyError
--- PASS: TestUnknownKeyError (0.00s)
=== NAME  Test_App_print_Route_with_group
    testing.go:1446: race detected during execution of test
--- FAIL: Test_App_print_Route_with_group (0.03s)
=== CONT  Test_Router_Handler_SetETag
--- PASS: Test_Router_Handler_SetETag (0.00s)
=== CONT  Test_App_UseMountedErrorHandlerRootLevel
=== CONT  Test_Utils_UniqueRouteStack
--- PASS: Test_Utils_UniqueRouteStack (0.00s)
=== CONT  Test_Ctx_RenderWithBindLocals
--- PASS: Test_Ctx_RenderWithBindLocals (0.00s)
--- PASS: Test_App_UseMountedErrorHandlerRootLevel (0.00s)
=== CONT  Test_Path_matchParams
--- PASS: Test_Path_matchParams (0.00s)
=== CONT  Test_Ensure_Router_Interface_Implementation
--- PASS: Test_Ensure_Router_Interface_Implementation (0.00s)
=== CONT  Test_Ctx_RenderWithBind
--- PASS: Test_Ctx_RenderWithBind (0.00s)
=== CONT  Test_App_DisablePreParseMultipartForm
=== CONT  Test_App_Mount_RootPath_Nested
--- PASS: Test_App_DisablePreParseMultipartForm (0.00s)
--- PASS: Test_App_Mount_RootPath_Nested (0.00s)
=== CONT  Test_Ctx_RedirectToRouteWithGreedyParameters
--- PASS: Test_Ctx_RedirectToRouteWithGreedyParameters (0.00s)
=== CONT  TestUnsupportedTypeError
--- PASS: TestUnsupportedTypeError (0.00s)
=== CONT  Test_Ctx_ReqHeaderParser_Schema
--- PASS: Test_Ctx_ReqHeaderParser_Schema (0.00s)
=== CONT  Test_Ctx_IsFromLocal
--- PASS: Test_Ctx_IsFromLocal (0.00s)
=== CONT  Test_Utils_GetTrimmedParam
--- PASS: Test_Utils_GetTrimmedParam (0.00s)
=== CONT  Test_Route_Match_Middleware_HasPrefix
=== CONT  Test_App_Group_Mount
--- PASS: Test_Route_Match_Middleware_HasPrefix (0.00s)
--- PASS: Test_App_Group_Mount (0.00s)
=== CONT  TestUnmarshalTypeError
--- PASS: TestUnmarshalTypeError (0.00s)
=== CONT  TestMarshalerError
--- PASS: TestMarshalerError (0.00s)
=== CONT  Test_Ctx_RenderWithLocalsAndBinding
--- PASS: Test_Ctx_RenderWithLocalsAndBinding (0.00s)
=== CONT  TestUnsupportedValeError
--- PASS: TestUnsupportedValeError (0.00s)
=== CONT  Test_Hook_OnMount
--- PASS: Test_Hook_OnMount (0.00s)
=== CONT  Test_App_Mount_Nested
=== CONT  Test_Ctx_RestartRouting
--- PASS: Test_Ctx_RestartRouting (0.00s)
=== CONT  Test_Ctx_XHR
--- PASS: Test_Ctx_XHR (0.00s)
=== CONT  Test_Ctx_Get_Location_From_Route_name_Optional_greedy_one_param
--- PASS: Test_Ctx_Get_Location_From_Route_name_Optional_greedy_one_param (0.00s)
=== CONT  Test_Ctx_WriteString
--- PASS: Test_Ctx_WriteString (0.00s)
--- PASS: Test_App_Mount_Nested (0.00s)
=== CONT  Test_Ctx_GetRespHeader
--- PASS: Test_Ctx_GetRespHeader (0.00s)
=== CONT  Test_Route_Match_Parser
=== CONT  TestEmptyFieldError
--- PASS: TestEmptyFieldError (0.00s)
=== CONT  Test_Ctx_RedirectToRouteWithOptionalParamsWithoutValue
--- PASS: Test_Ctx_RedirectToRouteWithOptionalParamsWithoutValue (0.00s)
=== CONT  Test_Ctx_QueryParser_WithSetParserDecoder
--- PASS: Test_Ctx_QueryParser_WithSetParserDecoder (0.00s)
=== CONT  Test_App_Shutdown/success
--- PASS: Test_Route_Match_Parser (0.00s)
=== CONT  Test_Utils_ETag_Weak/Match_Weak_ETag
=== CONT  Test_App_Shutdown/no_server
=== CONT  Test_Utils_ETag_Weak/Set_Weak
--- FAIL: Test_App_Shutdown (0.01s)
    --- PASS: Test_App_Shutdown/success (0.00s)
    --- PASS: Test_App_Shutdown/no_server (0.00s)
=== CONT  Test_Utils_ETag_Weak/Not_Match_Weak_ETag
=== CONT  Test_Ctx_Get_Location_From_Route_name/case_sensitive
--- FAIL: Test_Utils_ETag_Weak (0.01s)
    --- PASS: Test_Utils_ETag_Weak/Match_Weak_ETag (0.00s)
    --- PASS: Test_Utils_ETag_Weak/Set_Weak (0.00s)
    --- PASS: Test_Utils_ETag_Weak/Not_Match_Weak_ETag (0.00s)
=== CONT  Test_Ctx_Get_Location_From_Route_name/case_insensitive
--- PASS: Test_Ctx_Get_Location_From_Route_name (0.00s)
    --- PASS: Test_Ctx_Get_Location_From_Route_name/case_sensitive (0.00s)
    --- PASS: Test_Ctx_Get_Location_From_Route_name/case_insensitive (0.00s)
=== NAME  Test_Client_Agent_Timeout
    testing.go:1446: race detected during execution of test
--- FAIL: Test_Client_Agent_Timeout (0.28s)
=== NAME  Test_App_BadRequest
    testing.go:1446: race detected during execution of test
--- FAIL: Test_App_BadRequest (0.56s)
=== NAME  Test_App_ReadTimeout
    testing.go:1446: race detected during execution of test
--- FAIL: Test_App_ReadTimeout (0.58s)
=== NAME  Test_App_Listener
    testing.go:1446: race detected during execution of test
--- FAIL: Test_App_Listener (0.51s)
=== NAME  Test_App_SmallReadBuffer
    testing.go:1446: race detected during execution of test
--- FAIL: Test_App_SmallReadBuffer (0.58s)
=== NAME  Test_App_Listener_TLS_Listener
    testing.go:1446: race detected during execution of test
--- FAIL: Test_App_Listener_TLS_Listener (0.51s)
=== NAME  Test_App_ListenTLSWithCertificate
    testing.go:1446: race detected during execution of test
--- FAIL: Test_App_ListenTLSWithCertificate (1.01s)
=== NAME  Test_App_ListenMutualTLS
    testing.go:1446: race detected during execution of test
--- FAIL: Test_App_ListenMutualTLS (1.02s)
=== NAME  Test_App_ListenTLS
    testing.go:1446: race detected during execution of test
--- FAIL: Test_App_ListenTLS (1.02s)
--- PASS: Test_App_Listen (1.01s)
=== NAME  Test_Hook_OnListen
    testing.go:1446: race detected during execution of test
--- FAIL: Test_Hook_OnListen (1.01s)
=== NAME  Test_App_ListenMutualTLSWithCertificate
    testing.go:1446: race detected during execution of test
--- FAIL: Test_App_ListenMutualTLSWithCertificate (1.01s)
=== NAME  Test_App_ShutdownWithTimeout
    testing.go:1446: race detected during execution of test
--- FAIL: Test_App_ShutdownWithTimeout (3.03s)
=== NAME  Test_Client_Agent_TLS
    testing.go:1446: race detected during execution of test
--- FAIL: Test_Client_Agent_TLS (4.50s)
FAIL
FAIL	github.com/gofiber/fiber/v2	6.826s
=== RUN   Test_Memory
=== PAUSE Test_Memory
=== CONT  Test_Memory
--- PASS: Test_Memory (1.10s)
PASS
ok  	github.com/gofiber/fiber/v2/internal/memory	(cached)
=== RUN   Test_Storage_Memory_Set
=== PAUSE Test_Storage_Memory_Set
=== RUN   Test_Storage_Memory_Set_Override
=== PAUSE Test_Storage_Memory_Set_Override
=== RUN   Test_Storage_Memory_Get
=== PAUSE Test_Storage_Memory_Get
=== RUN   Test_Storage_Memory_Set_Expiration
=== PAUSE Test_Storage_Memory_Set_Expiration
=== RUN   Test_Storage_Memory_Get_Expired
--- PASS: Test_Storage_Memory_Get_Expired (0.00s)
=== RUN   Test_Storage_Memory_Get_NotExist
=== PAUSE Test_Storage_Memory_Get_NotExist
=== RUN   Test_Storage_Memory_Delete
=== PAUSE Test_Storage_Memory_Delete
=== RUN   Test_Storage_Memory_Reset
=== PAUSE Test_Storage_Memory_Reset
=== RUN   Test_Storage_Memory_Close
=== PAUSE Test_Storage_Memory_Close
=== RUN   Test_Storage_Memory_Conn
=== PAUSE Test_Storage_Memory_Conn
=== CONT  Test_Storage_Memory_Delete
--- PASS: Test_Storage_Memory_Delete (0.00s)
=== CONT  Test_Storage_Memory_Close
--- PASS: Test_Storage_Memory_Close (0.00s)
=== CONT  Test_Storage_Memory_Conn
--- PASS: Test_Storage_Memory_Conn (0.00s)
=== CONT  Test_Storage_Memory_Reset
=== CONT  Test_Storage_Memory_Get
--- PASS: Test_Storage_Memory_Reset (0.00s)
--- PASS: Test_Storage_Memory_Get (0.00s)
=== CONT  Test_Storage_Memory_Set_Override
--- PASS: Test_Storage_Memory_Set_Override (0.00s)
=== CONT  Test_Storage_Memory_Set
--- PASS: Test_Storage_Memory_Set (0.00s)
=== CONT  Test_Storage_Memory_Get_NotExist
--- PASS: Test_Storage_Memory_Get_NotExist (0.00s)
=== CONT  Test_Storage_Memory_Set_Expiration
--- PASS: Test_Storage_Memory_Set_Expiration (1.10s)
PASS
ok  	github.com/gofiber/fiber/v2/internal/storage/memory	(cached)
=== RUN   Test_BasicAuth_Next
=== PAUSE Test_BasicAuth_Next
=== RUN   Test_Middleware_BasicAuth
=== PAUSE Test_Middleware_BasicAuth
=== CONT  Test_Middleware_BasicAuth
=== CONT  Test_BasicAuth_Next
--- PASS: Test_BasicAuth_Next (0.00s)
--- PASS: Test_Middleware_BasicAuth (0.00s)
PASS
ok  	github.com/gofiber/fiber/v2/middleware/basicauth	(cached)
=== RUN   Test_Cache_CacheControl
=== PAUSE Test_Cache_CacheControl
=== RUN   Test_Cache_Expired
=== PAUSE Test_Cache_Expired
=== RUN   Test_Cache
=== PAUSE Test_Cache
=== RUN   Test_Cache_WithNoCacheRequestDirective
=== PAUSE Test_Cache_WithNoCacheRequestDirective
=== RUN   Test_Cache_WithETagAndNoCacheRequestDirective
=== PAUSE Test_Cache_WithETagAndNoCacheRequestDirective
=== RUN   Test_Cache_WithNoStoreRequestDirective
=== PAUSE Test_Cache_WithNoStoreRequestDirective
=== RUN   Test_Cache_WithSeveralRequests
=== PAUSE Test_Cache_WithSeveralRequests
=== RUN   Test_Cache_Invalid_Expiration
=== PAUSE Test_Cache_Invalid_Expiration
=== RUN   Test_Cache_Get
=== PAUSE Test_Cache_Get
=== RUN   Test_Cache_Post
=== PAUSE Test_Cache_Post
=== RUN   Test_Cache_NothingToCache
=== PAUSE Test_Cache_NothingToCache
=== RUN   Test_Cache_CustomNext
=== PAUSE Test_Cache_CustomNext
=== RUN   Test_CustomKey
=== PAUSE Test_CustomKey
=== RUN   Test_CustomExpiration
=== PAUSE Test_CustomExpiration
=== RUN   Test_AdditionalE2EResponseHeaders
=== PAUSE Test_AdditionalE2EResponseHeaders
=== RUN   Test_CacheHeader
=== PAUSE Test_CacheHeader
=== RUN   Test_Cache_WithHead
=== PAUSE Test_Cache_WithHead
=== RUN   Test_Cache_WithHeadThenGet
=== PAUSE Test_Cache_WithHeadThenGet
=== RUN   Test_CustomCacheHeader
=== PAUSE Test_CustomCacheHeader
=== RUN   Test_Cache_MaxBytesOrder
=== PAUSE Test_Cache_MaxBytesOrder
=== RUN   Test_Cache_MaxBytesSizes
=== PAUSE Test_Cache_MaxBytesSizes
=== CONT  Test_Cache
=== CONT  Test_Cache_CustomNext
=== CONT  Test_Cache_WithETagAndNoCacheRequestDirective
=== CONT  Test_CacheHeader
=== CONT  Test_Cache_MaxBytesSizes
=== CONT  Test_AdditionalE2EResponseHeaders
=== CONT  Test_Cache_MaxBytesOrder
=== CONT  Test_Cache_Get
=== CONT  Test_Cache_WithNoCacheRequestDirective
=== CONT  Test_Cache_Expired
=== CONT  Test_CustomKey
=== CONT  Test_Cache_WithNoStoreRequestDirective
=== CONT  Test_Cache_WithSeveralRequests
--- PASS: Test_Cache (0.01s)
=== CONT  Test_Cache_WithHeadThenGet
=== CONT  Test_CustomCacheHeader
=== CONT  Test_Cache_WithHead
=== CONT  Test_Cache_CacheControl
=== CONT  Test_CustomExpiration
--- PASS: Test_CustomCacheHeader (0.00s)
--- PASS: Test_Cache_WithETagAndNoCacheRequestDirective (0.01s)
=== CONT  Test_Cache_NothingToCache
--- PASS: Test_Cache_WithNoStoreRequestDirective (0.01s)
=== CONT  Test_Cache_Post
--- PASS: Test_AdditionalE2EResponseHeaders (0.01s)
=== CONT  Test_Cache_Invalid_Expiration
--- PASS: Test_CustomKey (0.01s)
--- PASS: Test_Cache_Get (0.01s)
--- PASS: Test_Cache_CacheControl (0.01s)
--- PASS: Test_CacheHeader (0.01s)
--- PASS: Test_Cache_WithHead (0.01s)
--- PASS: Test_Cache_WithNoCacheRequestDirective (0.01s)
--- PASS: Test_Cache_CustomNext (0.02s)
--- PASS: Test_Cache_Invalid_Expiration (0.00s)
--- PASS: Test_Cache_Post (0.00s)
--- PASS: Test_Cache_MaxBytesSizes (0.01s)
--- PASS: Test_Cache_WithHeadThenGet (0.01s)
--- PASS: Test_Cache_MaxBytesOrder (0.01s)
--- PASS: Test_Cache_WithSeveralRequests (0.03s)
--- PASS: Test_Cache_NothingToCache (0.50s)
--- PASS: Test_CustomExpiration (1.01s)
--- PASS: Test_Cache_Expired (3.00s)
PASS
ok  	github.com/gofiber/fiber/v2/middleware/cache	(cached)
=== RUN   Test_Compress_Gzip
=== PAUSE Test_Compress_Gzip
=== RUN   Test_Compress_Different_Level
=== PAUSE Test_Compress_Different_Level
=== RUN   Test_Compress_Deflate
=== PAUSE Test_Compress_Deflate
=== RUN   Test_Compress_Brotli
=== PAUSE Test_Compress_Brotli
=== RUN   Test_Compress_Disabled
=== PAUSE Test_Compress_Disabled
=== RUN   Test_Compress_Next_Error
=== PAUSE Test_Compress_Next_Error
=== RUN   Test_Compress_Next
=== PAUSE Test_Compress_Next
=== CONT  Test_Compress_Gzip
=== CONT  Test_Compress_Brotli
=== CONT  Test_Compress_Next
=== CONT  Test_Compress_Different_Level
=== RUN   Test_Compress_Different_Level/level_1
=== CONT  Test_Compress_Disabled
=== PAUSE Test_Compress_Different_Level/level_1
=== RUN   Test_Compress_Different_Level/level_2
=== PAUSE Test_Compress_Different_Level/level_2
=== CONT  Test_Compress_Next_Error
=== CONT  Test_Compress_Different_Level/level_2
--- PASS: Test_Compress_Next (0.00s)
=== CONT  Test_Compress_Different_Level/level_1
=== CONT  Test_Compress_Deflate
--- PASS: Test_Compress_Next_Error (0.00s)
--- PASS: Test_Compress_Disabled (0.01s)
--- PASS: Test_Compress_Deflate (0.03s)
--- PASS: Test_Compress_Gzip (0.04s)
--- PASS: Test_Compress_Brotli (0.06s)
--- PASS: Test_Compress_Different_Level (0.00s)
    --- PASS: Test_Compress_Different_Level/level_2 (0.08s)
    --- PASS: Test_Compress_Different_Level/level_1 (0.08s)
PASS
ok  	github.com/gofiber/fiber/v2/middleware/compress	(cached)
=== RUN   Test_CORS_Defaults
=== PAUSE Test_CORS_Defaults
=== RUN   Test_CORS_Empty_Config
=== PAUSE Test_CORS_Empty_Config
=== RUN   Test_CORS_Wildcard
=== PAUSE Test_CORS_Wildcard
=== RUN   Test_CORS_Subdomain
=== PAUSE Test_CORS_Subdomain
=== RUN   Test_CORS_AllowOriginScheme
=== PAUSE Test_CORS_AllowOriginScheme
=== RUN   Test_CORS_Next
=== PAUSE Test_CORS_Next
=== CONT  Test_CORS_Empty_Config
=== CONT  Test_CORS_AllowOriginScheme
=== CONT  Test_CORS_Wildcard
--- PASS: Test_CORS_Wildcard (0.00s)
=== CONT  Test_CORS_Defaults
--- PASS: Test_CORS_Defaults (0.00s)
=== CONT  Test_CORS_Next
=== CONT  Test_CORS_Subdomain
--- PASS: Test_CORS_Subdomain (0.00s)
--- PASS: Test_CORS_Empty_Config (0.00s)
--- PASS: Test_CORS_Next (0.00s)
--- PASS: Test_CORS_AllowOriginScheme (0.00s)
PASS
ok  	github.com/gofiber/fiber/v2/middleware/cors	(cached)
=== RUN   Test_CSRF
=== PAUSE Test_CSRF
=== RUN   Test_CSRF_Next
=== PAUSE Test_CSRF_Next
=== RUN   Test_CSRF_Invalid_KeyLookup
=== PAUSE Test_CSRF_Invalid_KeyLookup
=== RUN   Test_CSRF_From_Form
=== PAUSE Test_CSRF_From_Form
=== RUN   Test_CSRF_From_Query
=== PAUSE Test_CSRF_From_Query
=== RUN   Test_CSRF_From_Param
=== PAUSE Test_CSRF_From_Param
=== RUN   Test_CSRF_From_Cookie
=== PAUSE Test_CSRF_From_Cookie
=== RUN   Test_CSRF_From_Custom
=== PAUSE Test_CSRF_From_Custom
=== RUN   Test_CSRF_ErrorHandler_InvalidToken
=== PAUSE Test_CSRF_ErrorHandler_InvalidToken
=== RUN   Test_CSRF_ErrorHandler_EmptyToken
=== PAUSE Test_CSRF_ErrorHandler_EmptyToken
=== CONT  Test_CSRF_Invalid_KeyLookup
=== CONT  Test_CSRF_From_Custom
=== CONT  Test_CSRF_Next
=== CONT  Test_CSRF_From_Query
--- PASS: Test_CSRF_Invalid_KeyLookup (0.00s)
=== CONT  Test_CSRF_From_Form
=== CONT  Test_CSRF
--- PASS: Test_CSRF_From_Form (0.00s)
--- PASS: Test_CSRF_From_Query (0.00s)
--- PASS: Test_CSRF_From_Custom (0.00s)
=== CONT  Test_CSRF_ErrorHandler_InvalidToken
=== CONT  Test_CSRF_ErrorHandler_EmptyToken
=== CONT  Test_CSRF_From_Cookie
=== CONT  Test_CSRF_From_Param
--- PASS: Test_CSRF_ErrorHandler_InvalidToken (0.00s)
--- PASS: Test_CSRF (0.00s)
--- PASS: Test_CSRF_Next (0.00s)
--- PASS: Test_CSRF_From_Cookie (0.00s)
--- PASS: Test_CSRF_ErrorHandler_EmptyToken (0.00s)
--- PASS: Test_CSRF_From_Param (0.00s)
PASS
ok  	github.com/gofiber/fiber/v2/middleware/csrf	(cached)
=== RUN   Test_EarlyData
=== PAUSE Test_EarlyData
=== CONT  Test_EarlyData
=== RUN   Test_EarlyData/empty_config
=== PAUSE Test_EarlyData/empty_config
=== RUN   Test_EarlyData/default_config
=== PAUSE Test_EarlyData/default_config
=== RUN   Test_EarlyData/config_with_EnableTrustedProxyCheck
=== PAUSE Test_EarlyData/config_with_EnableTrustedProxyCheck
=== RUN   Test_EarlyData/config_with_EnableTrustedProxyCheck_and_trusted_TrustedProxies
=== PAUSE Test_EarlyData/config_with_EnableTrustedProxyCheck_and_trusted_TrustedProxies
=== CONT  Test_EarlyData/empty_config
=== CONT  Test_EarlyData/config_with_EnableTrustedProxyCheck_and_trusted_TrustedProxies
=== CONT  Test_EarlyData/config_with_EnableTrustedProxyCheck
=== CONT  Test_EarlyData/default_config
--- PASS: Test_EarlyData (0.00s)
    --- PASS: Test_EarlyData/default_config (0.00s)
    --- PASS: Test_EarlyData/config_with_EnableTrustedProxyCheck (0.00s)
    --- PASS: Test_EarlyData/config_with_EnableTrustedProxyCheck_and_trusted_TrustedProxies (0.00s)
    --- PASS: Test_EarlyData/empty_config (0.01s)
PASS
ok  	github.com/gofiber/fiber/v2/middleware/earlydata	(cached)
=== RUN   Test_Middleware_Encrypt_Cookie
=== PAUSE Test_Middleware_Encrypt_Cookie
=== RUN   Test_Encrypt_Cookie_Next
=== PAUSE Test_Encrypt_Cookie_Next
=== RUN   Test_Encrypt_Cookie_Except
=== PAUSE Test_Encrypt_Cookie_Except
=== RUN   Test_Encrypt_Cookie_Custom_Encryptor
=== PAUSE Test_Encrypt_Cookie_Custom_Encryptor
=== CONT  Test_Middleware_Encrypt_Cookie
=== CONT  Test_Encrypt_Cookie_Next
=== CONT  Test_Encrypt_Cookie_Custom_Encryptor
--- PASS: Test_Encrypt_Cookie_Next (0.00s)
=== CONT  Test_Encrypt_Cookie_Except
--- PASS: Test_Encrypt_Cookie_Custom_Encryptor (0.00s)
--- PASS: Test_Encrypt_Cookie_Except (0.00s)
--- PASS: Test_Middleware_Encrypt_Cookie (0.00s)
PASS
ok  	github.com/gofiber/fiber/v2/middleware/encryptcookie	(cached)
=== RUN   TestEnvVarStructWithExportVarsExcludeVars
--- PASS: TestEnvVarStructWithExportVarsExcludeVars (0.00s)
=== RUN   TestEnvVarHandler
--- PASS: TestEnvVarHandler (0.00s)
=== RUN   TestEnvVarHandlerNotMatched
--- PASS: TestEnvVarHandlerNotMatched (0.00s)
=== RUN   TestEnvVarHandlerDefaultConfig
--- PASS: TestEnvVarHandlerDefaultConfig (0.00s)
=== RUN   TestEnvVarHandlerMethod
--- PASS: TestEnvVarHandlerMethod (0.00s)
=== RUN   TestEnvVarHandlerSpecialValue
--- PASS: TestEnvVarHandlerSpecialValue (0.00s)
PASS
ok  	github.com/gofiber/fiber/v2/middleware/envvar	(cached)
=== RUN   Test_ETag_Next
=== PAUSE Test_ETag_Next
=== RUN   Test_ETag_SkipError
=== PAUSE Test_ETag_SkipError
=== RUN   Test_ETag_NotStatusOK
=== PAUSE Test_ETag_NotStatusOK
=== RUN   Test_ETag_NoBody
=== PAUSE Test_ETag_NoBody
=== RUN   Test_ETag_NewEtag
=== PAUSE Test_ETag_NewEtag
=== RUN   Test_ETag_WeakEtag
=== PAUSE Test_ETag_WeakEtag
=== RUN   Test_ETag_CustomEtag
=== PAUSE Test_ETag_CustomEtag
=== RUN   Test_ETag_CustomEtagPut
=== PAUSE Test_ETag_CustomEtagPut
=== CONT  Test_ETag_Next
=== CONT  Test_ETag_WeakEtag
=== RUN   Test_ETag_WeakEtag/without_HeaderIfNoneMatch
=== CONT  Test_ETag_NewEtag
=== RUN   Test_ETag_NewEtag/without_HeaderIfNoneMatch
=== PAUSE Test_ETag_NewEtag/without_HeaderIfNoneMatch
=== CONT  Test_ETag_SkipError
--- PASS: Test_ETag_Next (0.00s)
=== RUN   Test_ETag_NewEtag/with_HeaderIfNoneMatch_and_not_matched
=== PAUSE Test_ETag_NewEtag/with_HeaderIfNoneMatch_and_not_matched
=== RUN   Test_ETag_NewEtag/with_HeaderIfNoneMatch_and_matched
=== PAUSE Test_ETag_NewEtag/with_HeaderIfNoneMatch_and_matched
=== CONT  Test_ETag_NewEtag/without_HeaderIfNoneMatch
=== CONT  Test_ETag_NoBody
=== CONT  Test_ETag_NewEtag/with_HeaderIfNoneMatch_and_not_matched
=== CONT  Test_ETag_NotStatusOK
=== CONT  Test_ETag_NewEtag/with_HeaderIfNoneMatch_and_matched
--- PASS: Test_ETag_SkipError (0.00s)
--- PASS: Test_ETag_NoBody (0.00s)
=== CONT  Test_ETag_CustomEtagPut
=== PAUSE Test_ETag_WeakEtag/without_HeaderIfNoneMatch
=== CONT  Test_ETag_CustomEtag
=== RUN   Test_ETag_WeakEtag/with_HeaderIfNoneMatch_and_not_matched
--- PASS: Test_ETag_NotStatusOK (0.00s)
=== PAUSE Test_ETag_WeakEtag/with_HeaderIfNoneMatch_and_not_matched
=== RUN   Test_ETag_CustomEtag/without_HeaderIfNoneMatch
=== RUN   Test_ETag_WeakEtag/with_HeaderIfNoneMatch_and_matched
=== PAUSE Test_ETag_CustomEtag/without_HeaderIfNoneMatch
=== PAUSE Test_ETag_WeakEtag/with_HeaderIfNoneMatch_and_matched
=== RUN   Test_ETag_CustomEtag/with_HeaderIfNoneMatch_and_not_matched
=== CONT  Test_ETag_WeakEtag/with_HeaderIfNoneMatch_and_matched
=== CONT  Test_ETag_WeakEtag/without_HeaderIfNoneMatch
=== PAUSE Test_ETag_CustomEtag/with_HeaderIfNoneMatch_and_not_matched
=== RUN   Test_ETag_CustomEtag/with_HeaderIfNoneMatch_and_matched
=== CONT  Test_ETag_WeakEtag/with_HeaderIfNoneMatch_and_not_matched
=== PAUSE Test_ETag_CustomEtag/with_HeaderIfNoneMatch_and_matched
=== CONT  Test_ETag_CustomEtag/with_HeaderIfNoneMatch_and_matched
=== CONT  Test_ETag_CustomEtag/with_HeaderIfNoneMatch_and_not_matched
--- PASS: Test_ETag_NewEtag (0.00s)
    --- PASS: Test_ETag_NewEtag/without_HeaderIfNoneMatch (0.00s)
    --- PASS: Test_ETag_NewEtag/with_HeaderIfNoneMatch_and_not_matched (0.00s)
    --- PASS: Test_ETag_NewEtag/with_HeaderIfNoneMatch_and_matched (0.00s)
--- PASS: Test_ETag_CustomEtagPut (0.00s)
=== CONT  Test_ETag_CustomEtag/without_HeaderIfNoneMatch
--- PASS: Test_ETag_WeakEtag (0.00s)
    --- PASS: Test_ETag_WeakEtag/with_HeaderIfNoneMatch_and_matched (0.00s)
    --- PASS: Test_ETag_WeakEtag/without_HeaderIfNoneMatch (0.00s)
    --- PASS: Test_ETag_WeakEtag/with_HeaderIfNoneMatch_and_not_matched (0.00s)
--- PASS: Test_ETag_CustomEtag (0.00s)
    --- PASS: Test_ETag_CustomEtag/without_HeaderIfNoneMatch (0.00s)
    --- PASS: Test_ETag_CustomEtag/with_HeaderIfNoneMatch_and_not_matched (0.00s)
    --- PASS: Test_ETag_CustomEtag/with_HeaderIfNoneMatch_and_matched (0.00s)
PASS
ok  	github.com/gofiber/fiber/v2/middleware/etag	(cached)
=== RUN   Test_Non_Expvar_Path
=== PAUSE Test_Non_Expvar_Path
=== RUN   Test_Expvar_Index
=== PAUSE Test_Expvar_Index
=== RUN   Test_Expvar_Filter
=== PAUSE Test_Expvar_Filter
=== RUN   Test_Expvar_Other_Path
=== PAUSE Test_Expvar_Other_Path
=== RUN   Test_Expvar_Next
=== PAUSE Test_Expvar_Next
=== CONT  Test_Expvar_Next
=== CONT  Test_Expvar_Filter
=== CONT  Test_Expvar_Index
=== CONT  Test_Non_Expvar_Path
--- PASS: Test_Expvar_Next (0.00s)
=== CONT  Test_Expvar_Other_Path
--- PASS: Test_Expvar_Filter (0.00s)
--- PASS: Test_Non_Expvar_Path (0.00s)
--- PASS: Test_Expvar_Other_Path (0.00s)
--- PASS: Test_Expvar_Index (0.00s)
PASS
ok  	github.com/gofiber/fiber/v2/middleware/expvar	(cached)
=== RUN   Test_Middleware_Favicon
=== PAUSE Test_Middleware_Favicon
=== RUN   Test_Middleware_Favicon_Not_Found
=== PAUSE Test_Middleware_Favicon_Not_Found
=== RUN   Test_Middleware_Favicon_Found
=== PAUSE Test_Middleware_Favicon_Found
=== RUN   Test_Custom_Favicon_Url
--- PASS: Test_Custom_Favicon_Url (0.00s)
=== RUN   Test_Middleware_Favicon_FileSystem
=== PAUSE Test_Middleware_Favicon_FileSystem
=== RUN   Test_Middleware_Favicon_CacheControl
=== PAUSE Test_Middleware_Favicon_CacheControl
=== RUN   Test_Favicon_Next
=== PAUSE Test_Favicon_Next
=== CONT  Test_Middleware_Favicon_Not_Found
=== CONT  Test_Middleware_Favicon_FileSystem
--- PASS: Test_Middleware_Favicon_Not_Found (0.00s)
=== CONT  Test_Middleware_Favicon_Found
=== CONT  Test_Favicon_Next
--- PASS: Test_Middleware_Favicon_Found (0.00s)
=== CONT  Test_Middleware_Favicon
--- PASS: Test_Middleware_Favicon_FileSystem (0.00s)
=== CONT  Test_Middleware_Favicon_CacheControl
--- PASS: Test_Favicon_Next (0.00s)
--- PASS: Test_Middleware_Favicon_CacheControl (0.00s)
--- PASS: Test_Middleware_Favicon (0.00s)
PASS
ok  	github.com/gofiber/fiber/v2/middleware/favicon	(cached)
=== RUN   Test_FileSystem
=== PAUSE Test_FileSystem
=== RUN   Test_FileSystem_Next
=== PAUSE Test_FileSystem_Next
=== RUN   Test_FileSystem_NonGetAndHead
=== PAUSE Test_FileSystem_NonGetAndHead
=== RUN   Test_FileSystem_Head
=== PAUSE Test_FileSystem_Head
=== RUN   Test_FileSystem_NoRoot
=== PAUSE Test_FileSystem_NoRoot
=== RUN   Test_FileSystem_UsingParam
=== PAUSE Test_FileSystem_UsingParam
=== RUN   Test_FileSystem_UsingParam_NonFile
=== PAUSE Test_FileSystem_UsingParam_NonFile
=== CONT  Test_FileSystem_NonGetAndHead
=== CONT  Test_FileSystem_NoRoot
=== CONT  Test_FileSystem_Next
--- PASS: Test_FileSystem_NoRoot (0.00s)
=== CONT  Test_FileSystem
=== CONT  Test_FileSystem_UsingParam
=== CONT  Test_FileSystem_Head
=== CONT  Test_FileSystem_UsingParam_NonFile
=== RUN   Test_FileSystem/Should_be_returns_status_200_with_suitable_content-type
--- PASS: Test_FileSystem_NonGetAndHead (0.00s)
=== PAUSE Test_FileSystem/Should_be_returns_status_200_with_suitable_content-type
=== RUN   Test_FileSystem/Should_be_returns_status_200_with_suitable_content-type#01
--- PASS: Test_FileSystem_Next (0.00s)
=== PAUSE Test_FileSystem/Should_be_returns_status_200_with_suitable_content-type#01
=== RUN   Test_FileSystem/Should_be_returns_status_200_with_suitable_content-type#02
--- PASS: Test_FileSystem_Head (0.00s)
=== PAUSE Test_FileSystem/Should_be_returns_status_200_with_suitable_content-type#02
=== RUN   Test_FileSystem/Should_be_returns_status_404
=== PAUSE Test_FileSystem/Should_be_returns_status_404
=== RUN   Test_FileSystem/Should_be_returns_status_404#01
=== PAUSE Test_FileSystem/Should_be_returns_status_404#01
=== RUN   Test_FileSystem/Should_be_returns_status_200
=== PAUSE Test_FileSystem/Should_be_returns_status_200
=== RUN   Test_FileSystem/Should_be_returns_status_403
--- PASS: Test_FileSystem_UsingParam_NonFile (0.00s)
=== PAUSE Test_FileSystem/Should_be_returns_status_403
--- PASS: Test_FileSystem_UsingParam (0.00s)
=== RUN   Test_FileSystem/Should_list_the_directory_contents
=== PAUSE Test_FileSystem/Should_list_the_directory_contents
=== RUN   Test_FileSystem/Should_list_the_directory_contents#01
=== PAUSE Test_FileSystem/Should_list_the_directory_contents#01
=== RUN   Test_FileSystem/Should_be_returns_status_200#01
=== PAUSE Test_FileSystem/Should_be_returns_status_200#01
=== RUN   Test_FileSystem/Should_be_return_status_200
=== PAUSE Test_FileSystem/Should_be_return_status_200
=== RUN   Test_FileSystem/PathPrefix_should_be_applied
=== PAUSE Test_FileSystem/PathPrefix_should_be_applied
=== CONT  Test_FileSystem/Should_be_returns_status_200_with_suitable_content-type#02
=== CONT  Test_FileSystem/PathPrefix_should_be_applied
=== CONT  Test_FileSystem/Should_be_return_status_200
=== CONT  Test_FileSystem/Should_list_the_directory_contents#01
=== CONT  Test_FileSystem/Should_list_the_directory_contents
=== CONT  Test_FileSystem/Should_be_returns_status_403
=== CONT  Test_FileSystem/Should_be_returns_status_200
=== CONT  Test_FileSystem/Should_be_returns_status_404#01
=== CONT  Test_FileSystem/Should_be_returns_status_200#01
=== CONT  Test_FileSystem/Should_be_returns_status_404
=== CONT  Test_FileSystem/Should_be_returns_status_200_with_suitable_content-type#01
=== CONT  Test_FileSystem/Should_be_returns_status_200_with_suitable_content-type
--- PASS: Test_FileSystem (0.00s)
    --- PASS: Test_FileSystem/Should_be_returns_status_200_with_suitable_content-type#02 (0.00s)
    --- PASS: Test_FileSystem/Should_be_returns_status_403 (0.00s)
    --- PASS: Test_FileSystem/Should_be_returns_status_200_with_suitable_content-type#01 (0.00s)
    --- PASS: Test_FileSystem/PathPrefix_should_be_applied (0.00s)
    --- PASS: Test_FileSystem/Should_be_return_status_200 (0.00s)
    --- PASS: Test_FileSystem/Should_list_the_directory_contents#01 (0.00s)
    --- PASS: Test_FileSystem/Should_be_returns_status_404#01 (0.00s)
    --- PASS: Test_FileSystem/Should_be_returns_status_404 (0.00s)
    --- PASS: Test_FileSystem/Should_be_returns_status_200_with_suitable_content-type (0.00s)
    --- PASS: Test_FileSystem/Should_list_the_directory_contents (0.00s)
    --- PASS: Test_FileSystem/Should_be_returns_status_200 (0.00s)
    --- PASS: Test_FileSystem/Should_be_returns_status_200#01 (0.00s)
PASS
ok  	github.com/gofiber/fiber/v2/middleware/filesystem	(cached)
=== RUN   TestMarshalUnmarshalresponse
--- PASS: TestMarshalUnmarshalresponse (0.00s)
=== RUN   Test_Idempotency
=== PAUSE Test_Idempotency
=== RUN   Test_MemoryLock
=== PAUSE Test_MemoryLock
=== CONT  Test_MemoryLock
=== CONT  Test_Idempotency
--- PASS: Test_MemoryLock (1.00s)
--- PASS: Test_Idempotency (8.01s)
PASS
ok  	github.com/gofiber/fiber/v2/middleware/idempotency	(cached)
=== RUN   Test_Limiter_Concurrency_Store
=== PAUSE Test_Limiter_Concurrency_Store
=== RUN   Test_Limiter_Concurrency
=== PAUSE Test_Limiter_Concurrency
=== RUN   Test_Limiter_No_Skip_Choices
=== PAUSE Test_Limiter_No_Skip_Choices
=== RUN   Test_Limiter_Skip_Failed_Requests
=== PAUSE Test_Limiter_Skip_Failed_Requests
=== RUN   Test_Limiter_Skip_Successful_Requests
=== PAUSE Test_Limiter_Skip_Successful_Requests
=== RUN   Test_Limiter_Next
=== PAUSE Test_Limiter_Next
=== RUN   Test_Limiter_Headers
=== PAUSE Test_Limiter_Headers
=== RUN   Test_Sliding_Window
=== PAUSE Test_Sliding_Window
=== CONT  Test_Limiter_Skip_Successful_Requests
=== CONT  Test_Limiter_Concurrency_Store
=== CONT  Test_Limiter_Concurrency
=== CONT  Test_Limiter_Skip_Failed_Requests
=== CONT  Test_Limiter_Headers
--- PASS: Test_Limiter_Headers (0.00s)
=== CONT  Test_Limiter_Next
=== CONT  Test_Sliding_Window
=== CONT  Test_Limiter_No_Skip_Choices
--- PASS: Test_Limiter_Next (0.00s)
--- PASS: Test_Limiter_No_Skip_Choices (0.01s)
--- PASS: Test_Limiter_Skip_Failed_Requests (3.01s)
--- PASS: Test_Limiter_Skip_Successful_Requests (3.01s)
--- PASS: Test_Limiter_Concurrency (3.01s)
--- PASS: Test_Limiter_Concurrency_Store (3.01s)
--- PASS: Test_Sliding_Window (9.01s)
PASS
ok  	github.com/gofiber/fiber/v2/middleware/limiter	(cached)
=== RUN   Test_Logger
=== PAUSE Test_Logger
=== RUN   Test_Logger_locals
=== PAUSE Test_Logger_locals
=== RUN   Test_Logger_Next
=== PAUSE Test_Logger_Next
=== RUN   Test_Logger_Done
=== PAUSE Test_Logger_Done
=== RUN   Test_Logger_ErrorTimeZone
=== PAUSE Test_Logger_ErrorTimeZone
=== RUN   Test_Logger_ErrorOutput
=== PAUSE Test_Logger_ErrorOutput
=== RUN   Test_Logger_All
=== PAUSE Test_Logger_All
=== RUN   Test_Query_Params
=== PAUSE Test_Query_Params
=== RUN   Test_Response_Body
=== PAUSE Test_Response_Body
=== RUN   Test_Logger_AppendUint
=== PAUSE Test_Logger_AppendUint
=== RUN   Test_Logger_Data_Race
=== PAUSE Test_Logger_Data_Race
=== RUN   Test_Response_Header
=== PAUSE Test_Response_Header
=== RUN   Test_Req_Header
=== PAUSE Test_Req_Header
=== RUN   Test_ReqHeader_Header
=== PAUSE Test_ReqHeader_Header
=== RUN   Test_CustomTags
=== PAUSE Test_CustomTags
=== RUN   Test_Logger_ByteSent_Streaming
=== PAUSE Test_Logger_ByteSent_Streaming
=== CONT  Test_Logger
=== CONT  Test_ReqHeader_Header
=== CONT  Test_Response_Body
=== CONT  Test_Req_Header
=== CONT  Test_Logger_Done
=== CONT  Test_Query_Params
=== CONT  Test_Logger_ErrorOutput
--- PASS: Test_Logger (0.00s)
=== CONT  Test_Logger_ErrorTimeZone
--- PASS: Test_Query_Params (0.00s)
Failed to write to log, fake output
=== CONT  Test_Logger_locals
=== CONT  Test_Logger_Next
--- PASS: Test_ReqHeader_Header (0.00s)
=== CONT  Test_Response_Header
--- PASS: Test_Logger_locals (0.00s)
=== CONT  Test_Logger_Data_Race
15:58:54 | 200 |      0s |         0.0.0.0 | GET     | /               
=== CONT  Test_Logger_ByteSent_Streaming
--- PASS: Test_Logger_ErrorOutput (0.01s)
--- PASS: Test_Response_Header (0.00s)
=== CONT  Test_Logger_All
--- PASS: Test_Req_Header (0.01s)
=== CONT  Test_Logger_AppendUint
=== CONT  Test_CustomTags
15:58:54 | 200 |      0s |         0.0.0.0 | GET     | /logging        
--- PASS: Test_Logger_Next (0.01s)
15:58:54 | 200 |      0s |         0.0.0.0 | GET     | /               
--- PASS: Test_Logger_Done (0.01s)
15:58:54 | 404 |      0s |         0.0.0.0 | GET     | /                | Cannot GET /
--- PASS: Test_Logger_AppendUint (0.00s)
--- PASS: Test_Logger_Data_Race (0.01s)
--- PASS: Test_CustomTags (0.00s)
--- PASS: Test_Response_Body (0.01s)
--- PASS: Test_Logger_All (0.00s)
--- PASS: Test_Logger_ByteSent_Streaming (0.00s)
--- PASS: Test_Logger_ErrorTimeZone (0.01s)
PASS
ok  	github.com/gofiber/fiber/v2/middleware/logger	(cached)
=== RUN   Test_Config_Default
=== PAUSE Test_Config_Default
=== RUN   Test_Monitor_405
=== PAUSE Test_Monitor_405
=== RUN   Test_Monitor_Html
=== PAUSE Test_Monitor_Html
=== RUN   Test_Monitor_Html_CustomCodes
=== PAUSE Test_Monitor_Html_CustomCodes
=== RUN   Test_Monitor_JSON
=== PAUSE Test_Monitor_JSON
=== RUN   Test_Monitor_Next
=== PAUSE Test_Monitor_Next
=== RUN   Test_Monitor_APIOnly
--- PASS: Test_Monitor_APIOnly (0.08s)
=== CONT  Test_Config_Default
=== CONT  Test_Monitor_Html
=== CONT  Test_Monitor_405
=== CONT  Test_Monitor_JSON
=== CONT  Test_Monitor_Next
=== RUN   Test_Config_Default/use_default
=== CONT  Test_Monitor_Html_CustomCodes
=== PAUSE Test_Config_Default/use_default
--- PASS: Test_Monitor_405 (0.00s)
=== RUN   Test_Config_Default/set_title
--- PASS: Test_Monitor_JSON (0.00s)
=== PAUSE Test_Config_Default/set_title
=== RUN   Test_Config_Default/set_refresh_less_than_default
=== PAUSE Test_Config_Default/set_refresh_less_than_default
=== RUN   Test_Config_Default/set_refresh
=== PAUSE Test_Config_Default/set_refresh
=== RUN   Test_Config_Default/set_font_url
=== PAUSE Test_Config_Default/set_font_url
=== RUN   Test_Config_Default/set_chart_js_url
=== PAUSE Test_Config_Default/set_chart_js_url
--- PASS: Test_Monitor_Next (0.00s)
=== RUN   Test_Config_Default/set_custom_head
=== PAUSE Test_Config_Default/set_custom_head
=== RUN   Test_Config_Default/set_api_only
=== PAUSE Test_Config_Default/set_api_only
=== RUN   Test_Config_Default/set_next
=== PAUSE Test_Config_Default/set_next
=== CONT  Test_Config_Default/set_chart_js_url
=== CONT  Test_Config_Default/set_api_only
=== CONT  Test_Config_Default/set_next
=== CONT  Test_Config_Default/use_default
=== CONT  Test_Config_Default/set_custom_head
--- PASS: Test_Monitor_Html (0.00s)
=== CONT  Test_Config_Default/set_font_url
=== CONT  Test_Config_Default/set_refresh
=== CONT  Test_Config_Default/set_refresh_less_than_default
--- PASS: Test_Monitor_Html_CustomCodes (0.00s)
=== CONT  Test_Config_Default/set_title
--- PASS: Test_Config_Default (0.00s)
    --- PASS: Test_Config_Default/use_default (0.00s)
    --- PASS: Test_Config_Default/set_api_only (0.00s)
    --- PASS: Test_Config_Default/set_chart_js_url (0.00s)
    --- PASS: Test_Config_Default/set_refresh (0.00s)
    --- PASS: Test_Config_Default/set_font_url (0.00s)
    --- PASS: Test_Config_Default/set_custom_head (0.00s)
    --- PASS: Test_Config_Default/set_next (0.00s)
    --- PASS: Test_Config_Default/set_refresh_less_than_default (0.00s)
    --- PASS: Test_Config_Default/set_title (0.00s)
PASS
ok  	github.com/gofiber/fiber/v2/middleware/monitor	(cached)
=== RUN   Test_Non_Pprof_Path
=== PAUSE Test_Non_Pprof_Path
=== RUN   Test_Non_Pprof_Path_WithPrefix
=== PAUSE Test_Non_Pprof_Path_WithPrefix
=== RUN   Test_Pprof_Index
=== PAUSE Test_Pprof_Index
=== RUN   Test_Pprof_Index_WithPrefix
=== PAUSE Test_Pprof_Index_WithPrefix
=== RUN   Test_Pprof_Subs
=== PAUSE Test_Pprof_Subs
=== RUN   Test_Pprof_Subs_WithPrefix
=== PAUSE Test_Pprof_Subs_WithPrefix
=== RUN   Test_Pprof_Other
=== PAUSE Test_Pprof_Other
=== RUN   Test_Pprof_Other_WithPrefix
=== PAUSE Test_Pprof_Other_WithPrefix
=== RUN   Test_Pprof_Next
=== PAUSE Test_Pprof_Next
=== RUN   Test_Pprof_Next_WithPrefix
=== PAUSE Test_Pprof_Next_WithPrefix
=== CONT  Test_Pprof_Index_WithPrefix
=== CONT  Test_Pprof_Subs
=== CONT  Test_Pprof_Other_WithPrefix
=== CONT  Test_Pprof_Next
=== RUN   Test_Pprof_Subs/cmdline
=== CONT  Test_Pprof_Other
=== CONT  Test_Pprof_Index
=== PAUSE Test_Pprof_Subs/cmdline
=== CONT  Test_Non_Pprof_Path_WithPrefix
=== CONT  Test_Non_Pprof_Path
--- PASS: Test_Pprof_Other_WithPrefix (0.00s)
=== CONT  Test_Pprof_Next_WithPrefix
=== CONT  Test_Pprof_Subs_WithPrefix
=== RUN   Test_Pprof_Subs_WithPrefix/cmdline
--- PASS: Test_Pprof_Other (0.00s)
=== PAUSE Test_Pprof_Subs_WithPrefix/cmdline
=== RUN   Test_Pprof_Subs_WithPrefix/profile
=== RUN   Test_Pprof_Subs/profile
=== PAUSE Test_Pprof_Subs/profile
=== RUN   Test_Pprof_Subs/symbol
=== PAUSE Test_Pprof_Subs/symbol
=== RUN   Test_Pprof_Subs/trace
=== PAUSE Test_Pprof_Subs_WithPrefix/profile
=== PAUSE Test_Pprof_Subs/trace
=== RUN   Test_Pprof_Subs/allocs
=== RUN   Test_Pprof_Subs_WithPrefix/symbol
--- PASS: Test_Pprof_Next_WithPrefix (0.00s)
=== PAUSE Test_Pprof_Subs_WithPrefix/symbol
=== PAUSE Test_Pprof_Subs/allocs
=== RUN   Test_Pprof_Subs_WithPrefix/trace
--- PASS: Test_Non_Pprof_Path (0.00s)
=== RUN   Test_Pprof_Subs/block
--- PASS: Test_Pprof_Next (0.00s)
=== PAUSE Test_Pprof_Subs/block
=== PAUSE Test_Pprof_Subs_WithPrefix/trace
--- PASS: Test_Non_Pprof_Path_WithPrefix (0.00s)
=== RUN   Test_Pprof_Subs/goroutine
=== RUN   Test_Pprof_Subs_WithPrefix/allocs
=== PAUSE Test_Pprof_Subs/goroutine
=== PAUSE Test_Pprof_Subs_WithPrefix/allocs
=== RUN   Test_Pprof_Subs_WithPrefix/block
=== RUN   Test_Pprof_Subs/heap
=== PAUSE Test_Pprof_Subs_WithPrefix/block
=== PAUSE Test_Pprof_Subs/heap
=== RUN   Test_Pprof_Subs_WithPrefix/goroutine
=== RUN   Test_Pprof_Subs/mutex
=== PAUSE Test_Pprof_Subs/mutex
--- PASS: Test_Pprof_Index (0.00s)
=== PAUSE Test_Pprof_Subs_WithPrefix/goroutine
=== RUN   Test_Pprof_Subs/threadcreate
=== RUN   Test_Pprof_Subs_WithPrefix/heap
=== PAUSE Test_Pprof_Subs/threadcreate
=== PAUSE Test_Pprof_Subs_WithPrefix/heap
=== CONT  Test_Pprof_Subs/cmdline
=== CONT  Test_Pprof_Subs/heap
=== RUN   Test_Pprof_Subs_WithPrefix/mutex
=== CONT  Test_Pprof_Subs/threadcreate
=== CONT  Test_Pprof_Subs/trace
=== CONT  Test_Pprof_Subs/allocs
=== CONT  Test_Pprof_Subs/block
=== CONT  Test_Pprof_Subs/symbol
=== CONT  Test_Pprof_Subs/profile
=== PAUSE Test_Pprof_Subs_WithPrefix/mutex
=== CONT  Test_Pprof_Subs/goroutine
=== CONT  Test_Pprof_Subs/mutex
--- PASS: Test_Pprof_Index_WithPrefix (0.01s)
=== RUN   Test_Pprof_Subs_WithPrefix/threadcreate
=== PAUSE Test_Pprof_Subs_WithPrefix/threadcreate
=== CONT  Test_Pprof_Subs_WithPrefix/symbol
=== CONT  Test_Pprof_Subs_WithPrefix/allocs
=== CONT  Test_Pprof_Subs_WithPrefix/mutex
=== CONT  Test_Pprof_Subs_WithPrefix/block
=== CONT  Test_Pprof_Subs_WithPrefix/cmdline
=== CONT  Test_Pprof_Subs_WithPrefix/profile
=== CONT  Test_Pprof_Subs_WithPrefix/goroutine
=== CONT  Test_Pprof_Subs_WithPrefix/threadcreate
=== CONT  Test_Pprof_Subs_WithPrefix/trace
=== CONT  Test_Pprof_Subs_WithPrefix/heap
--- PASS: Test_Pprof_Subs (0.00s)
    --- PASS: Test_Pprof_Subs/block (0.02s)
    --- PASS: Test_Pprof_Subs/trace (0.02s)
    --- PASS: Test_Pprof_Subs/heap (0.02s)
    --- PASS: Test_Pprof_Subs/profile (0.02s)
    --- PASS: Test_Pprof_Subs/allocs (0.03s)
    --- PASS: Test_Pprof_Subs/symbol (0.02s)
    --- PASS: Test_Pprof_Subs/cmdline (0.03s)
    --- PASS: Test_Pprof_Subs/goroutine (0.03s)
    --- PASS: Test_Pprof_Subs/threadcreate (0.03s)
    --- PASS: Test_Pprof_Subs/mutex (0.03s)
--- PASS: Test_Pprof_Subs_WithPrefix (0.01s)
    --- PASS: Test_Pprof_Subs_WithPrefix/mutex (0.02s)
    --- PASS: Test_Pprof_Subs_WithPrefix/allocs (0.02s)
    --- PASS: Test_Pprof_Subs_WithPrefix/symbol (0.02s)
    --- PASS: Test_Pprof_Subs_WithPrefix/block (0.02s)
    --- PASS: Test_Pprof_Subs_WithPrefix/threadcreate (0.01s)
    --- PASS: Test_Pprof_Subs_WithPrefix/trace (0.01s)
    --- PASS: Test_Pprof_Subs_WithPrefix/goroutine (0.02s)
    --- PASS: Test_Pprof_Subs_WithPrefix/cmdline (0.02s)
    --- PASS: Test_Pprof_Subs_WithPrefix/profile (0.02s)
    --- PASS: Test_Pprof_Subs_WithPrefix/heap (0.01s)
PASS
ok  	github.com/gofiber/fiber/v2/middleware/pprof	(cached)
=== RUN   Test_Proxy_Empty_Upstream_Servers
=== PAUSE Test_Proxy_Empty_Upstream_Servers
=== RUN   Test_Proxy_Empty_Config
=== PAUSE Test_Proxy_Empty_Config
=== RUN   Test_Proxy_Next
=== PAUSE Test_Proxy_Next
=== RUN   Test_Proxy
=== PAUSE Test_Proxy
=== RUN   Test_Proxy_Balancer_WithTlsConfig
=== PAUSE Test_Proxy_Balancer_WithTlsConfig
=== RUN   Test_Proxy_Forward_WithTlsConfig_To_Http
=== PAUSE Test_Proxy_Forward_WithTlsConfig_To_Http
=== RUN   Test_Proxy_Forward
=== PAUSE Test_Proxy_Forward
=== RUN   Test_Proxy_Forward_WithTlsConfig
=== PAUSE Test_Proxy_Forward_WithTlsConfig
=== RUN   Test_Proxy_Modify_Response
=== PAUSE Test_Proxy_Modify_Response
=== RUN   Test_Proxy_Modify_Request
=== PAUSE Test_Proxy_Modify_Request
=== RUN   Test_Proxy_Timeout_Slow_Server
=== PAUSE Test_Proxy_Timeout_Slow_Server
=== RUN   Test_Proxy_With_Timeout
=== PAUSE Test_Proxy_With_Timeout
=== RUN   Test_Proxy_Buffer_Size_Response
=== PAUSE Test_Proxy_Buffer_Size_Response
=== RUN   Test_Proxy_Do_RestoreOriginalURL
=== PAUSE Test_Proxy_Do_RestoreOriginalURL
=== RUN   Test_Proxy_Do_WithRealURL
=== PAUSE Test_Proxy_Do_WithRealURL
=== RUN   Test_Proxy_Do_WithRedirect
=== PAUSE Test_Proxy_Do_WithRedirect
=== RUN   Test_Proxy_DoRedirects_RestoreOriginalURL
=== PAUSE Test_Proxy_DoRedirects_RestoreOriginalURL
=== RUN   Test_Proxy_DoRedirects_TooManyRedirects
=== PAUSE Test_Proxy_DoRedirects_TooManyRedirects
=== RUN   Test_Proxy_DoTimeout_RestoreOriginalURL
=== PAUSE Test_Proxy_DoTimeout_RestoreOriginalURL
=== RUN   Test_Proxy_DoTimeout_Timeout
=== PAUSE Test_Proxy_DoTimeout_Timeout
=== RUN   Test_Proxy_DoDeadline_RestoreOriginalURL
=== PAUSE Test_Proxy_DoDeadline_RestoreOriginalURL
=== RUN   Test_Proxy_DoDeadline_PastDeadline
=== PAUSE Test_Proxy_DoDeadline_PastDeadline
=== RUN   Test_Proxy_Do_HTTP_Prefix_URL
=== PAUSE Test_Proxy_Do_HTTP_Prefix_URL
=== RUN   Test_Proxy_Forward_Global_Client
=== PAUSE Test_Proxy_Forward_Global_Client
=== RUN   Test_Proxy_Forward_Local_Client
=== PAUSE Test_Proxy_Forward_Local_Client
=== RUN   Test_ProxyBalancer_Custom_Client
=== PAUSE Test_ProxyBalancer_Custom_Client
=== RUN   Test_Proxy_Domain_Forward_Local
=== PAUSE Test_Proxy_Domain_Forward_Local
=== RUN   Test_Proxy_Balancer_Forward_Local
=== PAUSE Test_Proxy_Balancer_Forward_Local
=== CONT  Test_Proxy_Empty_Upstream_Servers
--- PASS: Test_Proxy_Empty_Upstream_Servers (0.00s)
=== CONT  Test_Proxy_Domain_Forward_Local
=== CONT  Test_Proxy_DoRedirects_RestoreOriginalURL
=== CONT  Test_ProxyBalancer_Custom_Client
=== CONT  Test_Proxy_Forward_Local_Client
=== CONT  Test_Proxy_Forward_Global_Client
=== CONT  Test_Proxy_Balancer_Forward_Local
=== CONT  Test_Proxy_DoDeadline_PastDeadline
=== CONT  Test_Proxy_DoDeadline_RestoreOriginalURL
=== CONT  Test_Proxy_Do_HTTP_Prefix_URL
=== CONT  Test_Proxy_DoTimeout_RestoreOriginalURL
=== CONT  Test_Proxy_Do_RestoreOriginalURL
=== CONT  Test_Proxy_DoTimeout_Timeout
=== CONT  Test_Proxy_With_Timeout
=== CONT  Test_Proxy_DoRedirects_TooManyRedirects
=== CONT  Test_Proxy_Timeout_Slow_Server
=== CONT  Test_Proxy_Buffer_Size_Response
--- PASS: Test_Proxy_Forward_Local_Client (0.01s)
--- PASS: Test_Proxy_Domain_Forward_Local (0.01s)
=== CONT  Test_Proxy_Do_WithRedirect
=== CONT  Test_Proxy_Do_WithRealURL
=== CONT  Test_Proxy_Empty_Config
--- PASS: Test_Proxy_Forward_Global_Client (0.01s)
2023/03/17 15:58:54 proxy.New is deprecated, please use proxy.Balancer instead
--- PASS: Test_Proxy_Empty_Config (0.00s)
=== CONT  Test_Proxy_Modify_Request
--- PASS: Test_Proxy_DoRedirects_TooManyRedirects (0.25s)
=== CONT  Test_Proxy_Modify_Response
--- PASS: Test_Proxy_Do_WithRedirect (0.58s)
=== CONT  Test_Proxy_Forward
--- PASS: Test_Proxy_DoRedirects_RestoreOriginalURL (0.62s)
=== CONT  Test_Proxy_Forward_WithTlsConfig
--- PASS: Test_Proxy_Do_WithRealURL (0.71s)
=== CONT  Test_Proxy_Balancer_WithTlsConfig
--- PASS: Test_Proxy_Do_HTTP_Prefix_URL (2.00s)
=== CONT  Test_Proxy_Forward_WithTlsConfig_To_Http
--- PASS: Test_Proxy_DoDeadline_RestoreOriginalURL (2.00s)
--- PASS: Test_Proxy_DoTimeout_RestoreOriginalURL (2.00s)
=== CONT  Test_Proxy
=== CONT  Test_Proxy_Next
--- PASS: Test_Proxy_Do_RestoreOriginalURL (2.00s)
--- PASS: Test_Proxy_Next (0.00s)
--- PASS: Test_ProxyBalancer_Custom_Client (2.00s)
--- PASS: Test_Proxy_Balancer_Forward_Local (2.00s)
--- PASS: Test_Proxy_Modify_Request (2.00s)
--- PASS: Test_Proxy_Buffer_Size_Response (2.01s)
--- PASS: Test_Proxy_Modify_Response (2.00s)
--- PASS: Test_Proxy_With_Timeout (2.50s)
--- PASS: Test_Proxy_Forward (2.00s)
--- PASS: Test_Proxy_DoTimeout_Timeout (3.00s)
--- PASS: Test_Proxy_DoDeadline_PastDeadline (3.00s)
--- PASS: Test_Proxy_Timeout_Slow_Server (4.00s)
--- PASS: Test_Proxy (2.00s)
--- PASS: Test_Proxy_Forward_WithTlsConfig (5.56s)
--- PASS: Test_Proxy_Balancer_WithTlsConfig (6.82s)
--- PASS: Test_Proxy_Forward_WithTlsConfig_To_Http (7.56s)
PASS
ok  	github.com/gofiber/fiber/v2/middleware/proxy	(cached)
=== RUN   Test_Recover
=== PAUSE Test_Recover
=== RUN   Test_Recover_Next
=== PAUSE Test_Recover_Next
=== RUN   Test_Recover_EnableStackTrace
=== PAUSE Test_Recover_EnableStackTrace
=== CONT  Test_Recover_Next
=== CONT  Test_Recover
=== CONT  Test_Recover_EnableStackTrace
panic: Hi, I'm an error!
goroutine 5 [running]:
runtime/debug.Stack()
	/usr/lib/go/src/runtime/debug/stack.go:24 +0x72
github.com/gofiber/fiber/v2/middleware/recover.defaultStackTraceHandler(0x7c4f25?, {0x81f180, 0x901528})
	/home/efectn/Devel/fiber-v2/middleware/recover/recover.go:12 +0x34
github.com/gofiber/fiber/v2/middleware/recover.New.func1.1()
	/home/efectn/Devel/fiber-v2/middleware/recover/recover.go:31 +0x9a
panic({0x81f180, 0x901528})
	/usr/lib/go/src/runtime/panic.go:890 +0x263
github.com/gofiber/fiber/v2/middleware/recover.Test_Recover_EnableStackTrace.func1(0xc0000009c0?)
	/home/efectn/Devel/fiber-v2/middleware/recover/recover_test.go:55 +0x31
github.com/gofiber/fiber/v2.(*App).next(0xc0000a2000, 0xc0000be000)
	/home/efectn/Devel/fiber-v2/router.go:134 +0x4b7
github.com/gofiber/fiber/v2.(*Ctx).Next(0xc0000be000)
	/home/efectn/Devel/fiber-v2/ctx.go:964 +0x172
github.com/gofiber/fiber/v2/middleware/recover.New.func1(0xc0000be000)
	/home/efectn/Devel/fiber-v2/middleware/recover/recover.go:43 +0x106
github.com/gofiber/fiber/v2.(*App).next(0xc0000a2000, 0xc0000be000)
	/home/efectn/Devel/fiber-v2/router.go:134 +0x4b7
github.com/gofiber/fiber/v2.(*App).handler(0xc0000a2000, 0x510b1d?)
	/home/efectn/Devel/fiber-v2/router.go:160 +0xf3
github.com/valyala/fasthttp.(*Server).serveConn(0xc0000a8000, {0x905058?, 0xc0000160a0})
	/home/efectn/go/pkg/mod/github.com/valyala/fasthttp@v1.45.0/server.go:2371 +0x1b4b
github.com/valyala/fasthttp.(*Server).ServeConn(0xc0000a8000, {0x905058, 0xc0000160a0})
	/home/efectn/go/pkg/mod/github.com/valyala/fasthttp@v1.45.0/server.go:2041 +0x110
github.com/gofiber/fiber/v2.(*App).Test.func1()
	/home/efectn/Devel/fiber-v2/app.go:930 +0xd9
created by github.com/gofiber/fiber/v2.(*App).Test
	/home/efectn/Devel/fiber-v2/app.go:922 +0x646

--- PASS: Test_Recover_Next (0.00s)
--- PASS: Test_Recover_EnableStackTrace (0.00s)
--- PASS: Test_Recover (0.00s)
PASS
ok  	github.com/gofiber/fiber/v2/middleware/recover	(cached)
=== RUN   Test_RequestID
=== PAUSE Test_RequestID
=== RUN   Test_RequestID_Next
=== PAUSE Test_RequestID_Next
=== RUN   Test_RequestID_Locals
=== PAUSE Test_RequestID_Locals
=== CONT  Test_RequestID
=== CONT  Test_RequestID_Next
=== CONT  Test_RequestID_Locals
--- PASS: Test_RequestID_Next (0.00s)
--- PASS: Test_RequestID (0.00s)
--- PASS: Test_RequestID_Locals (0.00s)
PASS
ok  	github.com/gofiber/fiber/v2/middleware/requestid	(cached)
=== RUN   Test_Session
=== PAUSE Test_Session
=== RUN   Test_Session_Types
=== PAUSE Test_Session_Types
=== RUN   Test_Session_Store_Reset
=== PAUSE Test_Session_Store_Reset
=== RUN   Test_Session_Save
=== PAUSE Test_Session_Save
=== RUN   Test_Session_Save_Expiration
=== PAUSE Test_Session_Save_Expiration
=== RUN   Test_Session_Reset
=== PAUSE Test_Session_Reset
=== RUN   Test_Session_Custom_Config
=== PAUSE Test_Session_Custom_Config
=== RUN   Test_Session_Cookie
=== PAUSE Test_Session_Cookie
=== RUN   Test_Session_Cookie_In_Response
=== PAUSE Test_Session_Cookie_In_Response
=== RUN   Test_Session_Deletes_Single_Key
=== PAUSE Test_Session_Deletes_Single_Key
=== RUN   Test_Session_Regenerate
=== PAUSE Test_Session_Regenerate
=== RUN   TestStore_getSessionID
=== PAUSE TestStore_getSessionID
=== RUN   TestStore_Get
=== PAUSE TestStore_Get
=== CONT  Test_Session_Store_Reset
=== CONT  Test_Session_Types
=== CONT  Test_Session_Reset
=== RUN   Test_Session_Reset/reset_from_cookie
=== CONT  TestStore_Get
=== RUN   TestStore_Get/session_should_persisted_even_session_is_invalid
=== CONT  TestStore_getSessionID
=== RUN   TestStore_getSessionID/from_cookie
=== CONT  Test_Session_Deletes_Single_Key
=== CONT  Test_Session_Cookie_In_Response
=== CONT  Test_Session_Save
=== RUN   Test_Session_Save/save_to_cookie
=== CONT  Test_Session_Cookie
=== CONT  Test_Session_Save_Expiration
=== CONT  Test_Session_Regenerate
=== RUN   Test_Session_Save_Expiration/save_to_cookie
=== RUN   Test_Session_Regenerate/set_fresh_to_be_true_when_regenerating_a_session
=== PAUSE Test_Session_Save_Expiration/save_to_cookie
=== PAUSE Test_Session_Reset/reset_from_cookie
=== CONT  Test_Session_Save_Expiration/save_to_cookie
=== RUN   Test_Session_Reset/reset_from_header
=== CONT  Test_Session
--- PASS: Test_Session_Store_Reset (0.00s)
=== PAUSE TestStore_Get/session_should_persisted_even_session_is_invalid
=== CONT  Test_Session_Custom_Config
=== PAUSE Test_Session_Reset/reset_from_header
=== CONT  TestStore_Get/session_should_persisted_even_session_is_invalid
=== CONT  Test_Session_Reset/reset_from_cookie
=== PAUSE TestStore_getSessionID/from_cookie
=== RUN   TestStore_getSessionID/from_header
=== CONT  Test_Session_Reset/reset_from_header
--- PASS: Test_Session_Custom_Config (0.00s)
=== RUN   Test_Session_Save/save_to_header
--- PASS: TestStore_Get (0.00s)
    --- PASS: TestStore_Get/session_should_persisted_even_session_is_invalid (0.00s)
=== PAUSE TestStore_getSessionID/from_header
=== RUN   TestStore_getSessionID/from_url_query
=== PAUSE TestStore_getSessionID/from_url_query
=== CONT  TestStore_getSessionID/from_cookie
=== CONT  TestStore_getSessionID/from_url_query
=== CONT  TestStore_getSessionID/from_header
--- PASS: TestStore_getSessionID (0.00s)
    --- PASS: TestStore_getSessionID/from_cookie (0.00s)
    --- PASS: TestStore_getSessionID/from_header (0.00s)
    --- PASS: TestStore_getSessionID/from_url_query (0.00s)
--- PASS: Test_Session_Cookie (0.00s)
--- PASS: Test_Session_Save (0.01s)
    --- PASS: Test_Session_Save/save_to_cookie (0.00s)
    --- PASS: Test_Session_Save/save_to_header (0.00s)
--- PASS: Test_Session_Types (0.01s)
--- PASS: Test_Session_Deletes_Single_Key (0.01s)
--- PASS: Test_Session_Cookie_In_Response (0.01s)
--- PASS: Test_Session (0.01s)
--- PASS: Test_Session_Regenerate (0.01s)
    --- PASS: Test_Session_Regenerate/set_fresh_to_be_true_when_regenerating_a_session (0.01s)
--- PASS: Test_Session_Reset (0.00s)
    --- PASS: Test_Session_Reset/reset_from_cookie (0.00s)
    --- PASS: Test_Session_Reset/reset_from_header (0.00s)
--- PASS: Test_Session_Save_Expiration (0.00s)
    --- PASS: Test_Session_Save_Expiration/save_to_cookie (5.01s)
PASS
ok  	github.com/gofiber/fiber/v2/middleware/session	(cached)
=== RUN   Test_Skip
=== PAUSE Test_Skip
=== RUN   Test_SkipFalse
=== PAUSE Test_SkipFalse
=== RUN   Test_SkipNilFunc
=== PAUSE Test_SkipNilFunc
=== CONT  Test_Skip
=== CONT  Test_SkipNilFunc
=== CONT  Test_SkipFalse
--- PASS: Test_SkipNilFunc (0.00s)
--- PASS: Test_Skip (0.00s)
--- PASS: Test_SkipFalse (0.00s)
PASS
ok  	github.com/gofiber/fiber/v2/middleware/skip	(cached)
=== RUN   Test_Timeout
=== PAUSE Test_Timeout
=== RUN   Test_TimeoutWithCustomError
=== PAUSE Test_TimeoutWithCustomError
=== CONT  Test_TimeoutWithCustomError
=== CONT  Test_Timeout
--- PASS: Test_Timeout (0.28s)
--- PASS: Test_TimeoutWithCustomError (0.28s)
PASS
ok  	github.com/gofiber/fiber/v2/middleware/timeout	(cached)
=== RUN   Test_AssertEqual
=== PAUSE Test_AssertEqual
=== RUN   Test_ToLowerBytes
=== PAUSE Test_ToLowerBytes
=== RUN   Test_ToUpperBytes
=== PAUSE Test_ToUpperBytes
=== RUN   Test_TrimRightBytes
=== PAUSE Test_TrimRightBytes
=== RUN   Test_TrimLeftBytes
=== PAUSE Test_TrimLeftBytes
=== RUN   Test_TrimBytes
=== PAUSE Test_TrimBytes
=== RUN   Test_EqualFoldBytes
=== PAUSE Test_EqualFoldBytes
=== RUN   Test_FunctionName
=== PAUSE Test_FunctionName
=== RUN   Test_UUID
=== PAUSE Test_UUID
=== RUN   Test_UUID_Concurrency
=== PAUSE Test_UUID_Concurrency
=== RUN   Test_UUIDv4
=== PAUSE Test_UUIDv4
=== RUN   Test_UUIDv4_Concurrency
=== PAUSE Test_UUIDv4_Concurrency
=== RUN   Test_ConvertToBytes
=== PAUSE Test_ConvertToBytes
=== RUN   Test_UnsafeString
=== PAUSE Test_UnsafeString
=== RUN   Test_UnsafeBytes
=== PAUSE Test_UnsafeBytes
=== RUN   Test_CopyString
=== PAUSE Test_CopyString
=== RUN   Test_ToString
=== PAUSE Test_ToString
=== RUN   Test_GetMIME
=== PAUSE Test_GetMIME
=== RUN   Test_ParseVendorSpecificContentType
=== PAUSE Test_ParseVendorSpecificContentType
=== RUN   Test_StatusMessage
=== PAUSE Test_StatusMessage
=== RUN   Test_IsIPv4
=== PAUSE Test_IsIPv4
=== RUN   Test_IsIPv6
=== PAUSE Test_IsIPv6
=== RUN   Test_GolangJSONEncoder
=== PAUSE Test_GolangJSONEncoder
=== RUN   Test_DefaultJSONEncoder
=== PAUSE Test_DefaultJSONEncoder
=== RUN   Test_DefaultJSONDecoder
=== PAUSE Test_DefaultJSONDecoder
=== RUN   Test_ToUpper
=== PAUSE Test_ToUpper
=== RUN   Test_ToLower
=== PAUSE Test_ToLower
=== RUN   Test_TrimRight
=== PAUSE Test_TrimRight
=== RUN   Test_TrimLeft
=== PAUSE Test_TrimLeft
=== RUN   Test_Trim
=== PAUSE Test_Trim
=== RUN   Test_EqualFold
=== PAUSE Test_EqualFold
=== RUN   Test_TimeStampUpdater
=== PAUSE Test_TimeStampUpdater
=== RUN   Test_GolangXMLEncoder
=== PAUSE Test_GolangXMLEncoder
=== RUN   Test_DefaultXMLEncoder
=== PAUSE Test_DefaultXMLEncoder
=== CONT  Test_AssertEqual
--- PASS: Test_AssertEqual (0.00s)
=== CONT  Test_DefaultXMLEncoder
--- PASS: Test_DefaultXMLEncoder (0.00s)
=== CONT  Test_GolangXMLEncoder
--- PASS: Test_GolangXMLEncoder (0.00s)
=== CONT  Test_TimeStampUpdater
=== CONT  Test_Trim
--- PASS: Test_Trim (0.00s)
=== CONT  Test_TrimLeft
--- PASS: Test_TrimLeft (0.00s)
=== CONT  Test_TrimRight
--- PASS: Test_TrimRight (0.00s)
=== CONT  Test_ToLower
--- PASS: Test_ToLower (0.00s)
=== CONT  Test_EqualFold
--- PASS: Test_EqualFold (0.00s)
=== CONT  Test_ToUpper
--- PASS: Test_ToUpper (0.00s)
=== CONT  Test_UUIDv4_Concurrency
=== CONT  Test_GetMIME
--- PASS: Test_GetMIME (0.00s)
=== CONT  Test_CopyString
--- PASS: Test_CopyString (0.00s)
=== CONT  Test_ParseVendorSpecificContentType
--- PASS: Test_ParseVendorSpecificContentType (0.00s)
=== CONT  Test_IsIPv6
--- PASS: Test_IsIPv6 (0.00s)
=== CONT  Test_ToUpperBytes
--- PASS: Test_ToUpperBytes (0.00s)
=== CONT  Test_UUID_Concurrency
=== CONT  Test_EqualFoldBytes
--- PASS: Test_EqualFoldBytes (0.00s)
=== CONT  Test_TrimLeftBytes
--- PASS: Test_TrimLeftBytes (0.00s)
=== CONT  Test_StatusMessage
--- PASS: Test_StatusMessage (0.00s)
=== CONT  Test_GolangJSONEncoder
--- PASS: Test_GolangJSONEncoder (0.00s)
=== CONT  Test_UnsafeBytes
--- PASS: Test_UnsafeBytes (0.00s)
=== CONT  Test_UUIDv4
--- PASS: Test_UUIDv4 (0.00s)
=== CONT  Test_FunctionName
--- PASS: Test_FunctionName (0.00s)
=== CONT  Test_DefaultJSONDecoder
--- PASS: Test_DefaultJSONDecoder (0.00s)
=== CONT  Test_UnsafeString
--- PASS: Test_UnsafeString (0.00s)
=== CONT  Test_IsIPv4
--- PASS: Test_IsIPv4 (0.00s)
=== CONT  Test_TrimBytes
--- PASS: Test_TrimBytes (0.00s)
=== CONT  Test_ToString
--- PASS: Test_ToString (0.00s)
=== CONT  Test_DefaultJSONEncoder
--- PASS: Test_DefaultJSONEncoder (0.00s)
=== CONT  Test_ConvertToBytes
--- PASS: Test_ConvertToBytes (0.00s)
=== CONT  Test_UUID
--- PASS: Test_UUID (0.00s)
=== CONT  Test_TrimRightBytes
--- PASS: Test_TrimRightBytes (0.00s)
=== CONT  Test_ToLowerBytes
--- PASS: Test_ToLowerBytes (0.00s)
--- PASS: Test_UUIDv4_Concurrency (0.02s)
--- PASS: Test_UUID_Concurrency (0.01s)
--- PASS: Test_TimeStampUpdater (2.00s)
PASS
ok  	github.com/gofiber/fiber/v2/utils	(cached)
FAIL
